[0.023s] Invoking command in '/home/mushfiqul/AIS_OBS_Project/ros2_ws/build/obs3_navigation': CMAKE_PREFIX_PATH=${CMAKE_PREFIX_PATH}:/opt/ros/jazzy DEBUGINFOD_URLS=https://debuginfod.ubuntu.com /usr/bin/cmake /home/mushfiqul/AIS_OBS_Project/ros2_ws/src/obs3_navigation -DAMENT_CMAKE_SYMLINK_INSTALL=1 -DCMAKE_INSTALL_PREFIX=/home/mushfiqul/AIS_OBS_Project/ros2_ws/install/obs3_navigation
[0.244s] -- The C compiler identification is GNU 13.3.0
[0.482s] -- The CXX compiler identification is GNU 13.3.0
[0.525s] -- Detecting C compiler ABI info
[0.712s] -- Detecting C compiler ABI info - done
[0.731s] -- Check for working C compiler: /usr/bin/cc - skipped
[0.803s] -- Detecting C compile features
[0.806s] -- Detecting C compile features - done
[0.835s] -- Detecting CXX compiler ABI info
[1.080s] -- Detecting CXX compiler ABI info - done
[1.103s] -- Check for working CXX compiler: /usr/bin/c++ - skipped
[1.103s] -- Detecting CXX compile features
[1.104s] -- Detecting CXX compile features - done
[1.184s] -- Found ament_cmake: 2.5.5 (/opt/ros/jazzy/share/ament_cmake/cmake)
[1.513s] -- Found Python3: /usr/bin/python3 (found version "3.12.3") found components: Interpreter 
[1.699s] -- Override CMake install command with custom implementation using symlinks instead of copying resources
[2.322s] -- Configuring done (2.2s)
[2.333s] -- Generating done (0.0s)
[2.336s] -- Build files have been written to: /home/mushfiqul/AIS_OBS_Project/ros2_ws/build/obs3_navigation
[2.346s] Invoked command in '/home/mushfiqul/AIS_OBS_Project/ros2_ws/build/obs3_navigation' returned '0': CMAKE_PREFIX_PATH=${CMAKE_PREFIX_PATH}:/opt/ros/jazzy DEBUGINFOD_URLS=https://debuginfod.ubuntu.com /usr/bin/cmake /home/mushfiqul/AIS_OBS_Project/ros2_ws/src/obs3_navigation -DAMENT_CMAKE_SYMLINK_INSTALL=1 -DCMAKE_INSTALL_PREFIX=/home/mushfiqul/AIS_OBS_Project/ros2_ws/install/obs3_navigation
[2.349s] Invoking command in '/home/mushfiqul/AIS_OBS_Project/ros2_ws/build/obs3_navigation': CMAKE_PREFIX_PATH=${CMAKE_PREFIX_PATH}:/opt/ros/jazzy DEBUGINFOD_URLS=https://debuginfod.ubuntu.com /usr/bin/cmake --build /home/mushfiqul/AIS_OBS_Project/ros2_ws/build/obs3_navigation -- -j8 -l8
[2.433s] Invoked command in '/home/mushfiqul/AIS_OBS_Project/ros2_ws/build/obs3_navigation' returned '0': CMAKE_PREFIX_PATH=${CMAKE_PREFIX_PATH}:/opt/ros/jazzy DEBUGINFOD_URLS=https://debuginfod.ubuntu.com /usr/bin/cmake --build /home/mushfiqul/AIS_OBS_Project/ros2_ws/build/obs3_navigation -- -j8 -l8
[2.453s] Invoking command in '/home/mushfiqul/AIS_OBS_Project/ros2_ws/build/obs3_navigation': CMAKE_PREFIX_PATH=${CMAKE_PREFIX_PATH}:/opt/ros/jazzy DEBUGINFOD_URLS=https://debuginfod.ubuntu.com /usr/bin/cmake --install /home/mushfiqul/AIS_OBS_Project/ros2_ws/build/obs3_navigation
[2.470s] -- Install configuration: ""
[2.471s] -- Execute custom install script
[2.520s] -- Symlinking: /home/mushfiqul/AIS_OBS_Project/ros2_ws/install/obs3_navigation/share/obs3_navigation/config/nav2_params.yaml
[2.545s] -- Symlinking: /home/mushfiqul/AIS_OBS_Project/ros2_ws/install/obs3_navigation/share/obs3_navigation/launch/navigation.launch.py
[2.563s] -- Symlinking: /home/mushfiqul/AIS_OBS_Project/ros2_ws/install/obs3_navigation/share/ament_index/resource_index/package_run_dependencies/obs3_navigation
[2.583s] -- Symlinking: /home/mushfiqul/AIS_OBS_Project/ros2_ws/install/obs3_navigation/share/ament_index/resource_index/parent_prefix_path/obs3_navigation
[2.605s] -- Symlinking: /home/mushfiqul/AIS_OBS_Project/ros2_ws/install/obs3_navigation/share/obs3_navigation/environment/ament_prefix_path.sh
[2.619s] -- Symlinking: /home/mushfiqul/AIS_OBS_Project/ros2_ws/install/obs3_navigation/share/obs3_navigation/environment/ament_prefix_path.dsv
[2.634s] -- Symlinking: /home/mushfiqul/AIS_OBS_Project/ros2_ws/install/obs3_navigation/share/obs3_navigation/environment/path.sh
[2.649s] -- Symlinking: /home/mushfiqul/AIS_OBS_Project/ros2_ws/install/obs3_navigation/share/obs3_navigation/environment/path.dsv
[2.671s] -- Symlinking: /home/mushfiqul/AIS_OBS_Project/ros2_ws/install/obs3_navigation/share/obs3_navigation/local_setup.bash
[2.692s] -- Symlinking: /home/mushfiqul/AIS_OBS_Project/ros2_ws/install/obs3_navigation/share/obs3_navigation/local_setup.sh
[2.705s] -- Symlinking: /home/mushfiqul/AIS_OBS_Project/ros2_ws/install/obs3_navigation/share/obs3_navigation/local_setup.zsh
[2.719s] -- Symlinking: /home/mushfiqul/AIS_OBS_Project/ros2_ws/install/obs3_navigation/share/obs3_navigation/local_setup.dsv
[2.734s] -- Symlinking: /home/mushfiqul/AIS_OBS_Project/ros2_ws/install/obs3_navigation/share/obs3_navigation/package.dsv
[2.747s] -- Symlinking: /home/mushfiqul/AIS_OBS_Project/ros2_ws/install/obs3_navigation/share/ament_index/resource_index/packages/obs3_navigation
[2.768s] -- Symlinking: /home/mushfiqul/AIS_OBS_Project/ros2_ws/install/obs3_navigation/share/obs3_navigation/cmake/obs3_navigationConfig.cmake
[2.786s] -- Symlinking: /home/mushfiqul/AIS_OBS_Project/ros2_ws/install/obs3_navigation/share/obs3_navigation/cmake/obs3_navigationConfig-version.cmake
[2.800s] -- Symlinking: /home/mushfiqul/AIS_OBS_Project/ros2_ws/install/obs3_navigation/share/obs3_navigation/package.xml
[2.816s] Invoked command in '/home/mushfiqul/AIS_OBS_Project/ros2_ws/build/obs3_navigation' returned '0': CMAKE_PREFIX_PATH=${CMAKE_PREFIX_PATH}:/opt/ros/jazzy DEBUGINFOD_URLS=https://debuginfod.ubuntu.com /usr/bin/cmake --install /home/mushfiqul/AIS_OBS_Project/ros2_ws/build/obs3_navigation
