-- The C compiler identification is GNU 13.3.0
-- The CXX compiler identification is GNU 13.3.0
-- Detecting C compiler ABI info
-- Detecting C compiler ABI info - done
-- Check for working C compiler: /usr/bin/cc - skipped
-- Detecting C compile features
-- Detecting C compile features - done
-- Detecting CXX compiler ABI info
-- Detecting CXX compiler ABI info - done
-- Check for working CXX compiler: /usr/bin/c++ - skipped
-- Detecting CXX compile features
-- Detecting CXX compile features - done
-- Found ament_cmake: 2.5.5 (/opt/ros/jazzy/share/ament_cmake/cmake)
-- Found Python3: /usr/bin/python3 (found version "3.12.3") found components: Interpreter 
-- Override CMake install command with custom implementation using symlinks instead of copying resources
-- Found costmap_converter: 0.1.2 (/home/mushfiqul/AIS_OBS_Project/ros2_ws/install/costmap_converter/share/costmap_converter/cmake)
-- Found rosidl_generator_c: 4.6.7 (/opt/ros/jazzy/share/rosidl_generator_c/cmake)
-- Found rosidl_generator_cpp: 4.6.7 (/opt/ros/jazzy/share/rosidl_generator_cpp/cmake)
-- Using all available rosidl_typesupport_c: rosidl_typesupport_fastrtps_c;rosidl_typesupport_introspection_c
-- Using all available rosidl_typesupport_cpp: rosidl_typesupport_fastrtps_cpp;rosidl_typesupport_introspection_cpp
-- Found rmw_implementation_cmake: 7.3.3 (/opt/ros/jazzy/share/rmw_implementation_cmake/cmake)
-- Found rmw_fastrtps_cpp: 8.4.3 (/opt/ros/jazzy/share/rmw_fastrtps_cpp/cmake)
-- Found OpenSSL: /usr/lib/x86_64-linux-gnu/libcrypto.so (found version "3.0.13")  
-- Found FastRTPS: /opt/ros/jazzy/include (Required is at least version "2.13") 
-- Using RMW implementation 'rmw_fastrtps_cpp' as default
-- Found eigen3_cmake_module: 0.3.0 (/opt/ros/jazzy/share/eigen3_cmake_module/cmake)
-- Found Eigen3: TRUE (found version "3.4.0") 
-- Ensuring Eigen3 include directory is part of orocos-kdl CMake target
-- Found dwb_critics: 1.3.10 (/opt/ros/jazzy/share/dwb_critics/cmake)
-- Found teb_msgs: 0.0.1 (/home/mushfiqul/AIS_OBS_Project/ros2_ws/install/teb_msgs/share/teb_msgs/cmake)
-- Found tf2_eigen: 0.36.19 (/opt/ros/jazzy/share/tf2_eigen/cmake)
-- System: Linux-6.17.0-14-generic
-- /opt/ros/jazzy/share/tinyxml2_vendor/cmake/Modules;/opt/ros/jazzy/share/eigen3_cmake_module/cmake/Modules;/opt/ros/jazzy/share/fastrtps_cmake_module/cmake/Modules;/home/mushfiqul/AIS_OBS_Project/ros2_ws/src/teb_local_planner/teb_local_planner/cmake_modules
-- Found SuiteSparse
-- Searching for g2o ...
-- Found g2o headers in: /opt/ros/jazzy/include/g2o
-- Found libg2o: /opt/ros/jazzy/lib/x86_64-linux-gnu/libg2o_csparse_extension.so;/opt/ros/jazzy/lib/x86_64-linux-gnu/libg2o_core.so;/opt/ros/jazzy/lib/x86_64-linux-gnu/libg2o_stuff.so;/opt/ros/jazzy/lib/x86_64-linux-gnu/libg2o_types_slam2d.so;/opt/ros/jazzy/lib/x86_64-linux-gnu/libg2o_types_slam3d.so;/opt/ros/jazzy/lib/x86_64-linux-gnu/libg2o_solver_cholmod.so;/opt/ros/jazzy/lib/x86_64-linux-gnu/libg2o_solver_pcg.so;/opt/ros/jazzy/lib/x86_64-linux-gnu/libg2o_solver_csparse.so;/opt/ros/jazzy/lib/x86_64-linux-gnu/libg2o_incremental.so
-- Found Boost: /usr/lib/x86_64-linux-gnu/cmake/Boost-1.83.0/BoostConfig.cmake (found version "1.83.0")  
-- Found ament_cmake_gtest: 2.5.5 (/opt/ros/jazzy/share/ament_cmake_gtest/cmake)
-- Configuring done (5.5s)
-- Generating done (0.2s)
-- Build files have been written to: /home/mushfiqul/AIS_OBS_Project/ros2_ws/build/teb_local_planner
[ 30%] Building CXX object CMakeFiles/teb_local_planner.dir/src/optimal_planner.cpp.o
[ 30%] Building CXX object CMakeFiles/teb_local_planner.dir/src/visualization.cpp.o
[ 30%] Building CXX object CMakeFiles/teb_local_planner.dir/src/timed_elastic_band.cpp.o
[ 40%] Building CXX object CMakeFiles/teb_local_planner.dir/src/obstacles.cpp.o
[ 50%] Building CXX object CMakeFiles/teb_local_planner.dir/src/teb_config.cpp.o
[ 60%] Building CXX object CMakeFiles/teb_local_planner.dir/src/teb_local_planner_ros.cpp.o
[ 70%] Building CXX object CMakeFiles/teb_local_planner.dir/src/recovery_behaviors.cpp.o
[ 80%] Building CXX object CMakeFiles/teb_local_planner.dir/src/homotopy_class_planner.cpp.o
[ 90%] Building CXX object CMakeFiles/teb_local_planner.dir/src/graph_search.cpp.o
