[0.032s] Invoking command in '/home/mushfiqul/AIS_OBS_Project/ros2_ws/build/teb_local_planner': AMENT_PREFIX_PATH=/home/mushfiqul/AIS_OBS_Project/ros2_ws/install/teb_msgs:/home/mushfiqul/AIS_OBS_Project/ros2_ws/install/costmap_converter:/home/mushfiqul/AIS_OBS_Project/ros2_ws/install/costmap_converter_msgs:${AMENT_PREFIX_PATH} CMAKE_PREFIX_PATH=/home/mushfiqul/AIS_OBS_Project/ros2_ws/install/teb_msgs:/home/mushfiqul/AIS_OBS_Project/ros2_ws/install/costmap_converter:/home/mushfiqul/AIS_OBS_Project/ros2_ws/install/costmap_converter_msgs:/opt/ros/jazzy/opt/gz_sim_vendor:/opt/ros/jazzy/opt/gz_sensors_vendor:/opt/ros/jazzy/opt/gz_physics_vendor:/opt/ros/jazzy/opt/sdformat_vendor:/opt/ros/jazzy/opt/gz_gui_vendor:/opt/ros/jazzy/opt/gz_transport_vendor:/opt/ros/jazzy/opt/gz_rendering_vendor:/opt/ros/jazzy/opt/gz_plugin_vendor:/opt/ros/jazzy/opt/gz_fuel_tools_vendor:/opt/ros/jazzy/opt/gz_msgs_vendor:/opt/ros/jazzy/opt/gz_common_vendor:/opt/ros/jazzy/opt/gz_math_vendor:/opt/ros/jazzy/opt/gz_utils_vendor:/opt/ros/jazzy/opt/gz_tools_vendor:/opt/ros/jazzy/opt/gz_ogre_next_vendor:/opt/ros/jazzy/opt/gz_dartsim_vendor:/opt/ros/jazzy/opt/gz_cmake_vendor:/opt/ros/jazzy DEBUGINFOD_URLS=https://debuginfod.ubuntu.com LD_LIBRARY_PATH=/home/mushfiqul/AIS_OBS_Project/ros2_ws/install/teb_msgs/lib:/home/mushfiqul/AIS_OBS_Project/ros2_ws/install/costmap_converter/lib:/home/mushfiqul/AIS_OBS_Project/ros2_ws/install/costmap_converter_msgs/lib:${LD_LIBRARY_PATH} PATH=/home/mushfiqul/AIS_OBS_Project/ros2_ws/install/costmap_converter/bin:${PATH} PYTHONPATH=/home/mushfiqul/AIS_OBS_Project/ros2_ws/install/teb_msgs/lib/python3.12/site-packages:/home/mushfiqul/AIS_OBS_Project/ros2_ws/install/costmap_converter_msgs/lib/python3.12/site-packages:${PYTHONPATH} /usr/bin/cmake /home/mushfiqul/AIS_OBS_Project/ros2_ws/src/teb_local_planner/teb_local_planner -DAMENT_CMAKE_SYMLINK_INSTALL=1 -DCMAKE_INSTALL_PREFIX=/home/mushfiqul/AIS_OBS_Project/ros2_ws/install/teb_local_planner
[0.149s] -- The C compiler identification is GNU 13.3.0
[0.243s] -- The CXX compiler identification is GNU 13.3.0
[0.278s] -- Detecting C compiler ABI info
[0.438s] -- Detecting C compiler ABI info - done
[0.453s] -- Check for working C compiler: /usr/bin/cc - skipped
[0.455s] -- Detecting C compile features
[0.456s] -- Detecting C compile features - done
[0.475s] -- Detecting CXX compiler ABI info
[0.640s] -- Detecting CXX compiler ABI info - done
[0.655s] -- Check for working CXX compiler: /usr/bin/c++ - skipped
[0.655s] -- Detecting CXX compile features
[0.656s] -- Detecting CXX compile features - done
[0.729s] -- Found ament_cmake: 2.5.5 (/opt/ros/jazzy/share/ament_cmake/cmake)
[1.017s] -- Found Python3: /usr/bin/python3 (found version "3.12.3") found components: Interpreter 
[1.130s] -- Override CMake install command with custom implementation using symlinks instead of copying resources
[1.239s] -- Found costmap_converter: 0.1.2 (/home/mushfiqul/AIS_OBS_Project/ros2_ws/install/costmap_converter/share/costmap_converter/cmake)
[1.394s] -- Found rosidl_generator_c: 4.6.7 (/opt/ros/jazzy/share/rosidl_generator_c/cmake)
[1.431s] -- Found rosidl_generator_cpp: 4.6.7 (/opt/ros/jazzy/share/rosidl_generator_cpp/cmake)
[1.476s] -- Using all available rosidl_typesupport_c: rosidl_typesupport_fastrtps_c;rosidl_typesupport_introspection_c
[1.509s] -- Using all available rosidl_typesupport_cpp: rosidl_typesupport_fastrtps_cpp;rosidl_typesupport_introspection_cpp
[1.903s] -- Found rmw_implementation_cmake: 7.3.3 (/opt/ros/jazzy/share/rmw_implementation_cmake/cmake)
[1.916s] -- Found rmw_fastrtps_cpp: 8.4.3 (/opt/ros/jazzy/share/rmw_fastrtps_cpp/cmake)
[2.103s] -- Found OpenSSL: /usr/lib/x86_64-linux-gnu/libcrypto.so (found version "3.0.13")  
[2.136s] -- Found FastRTPS: /opt/ros/jazzy/include (Required is at least version "2.13") 
[2.171s] -- Using RMW implementation 'rmw_fastrtps_cpp' as default
[3.113s] -- Found eigen3_cmake_module: 0.3.0 (/opt/ros/jazzy/share/eigen3_cmake_module/cmake)
[3.117s] -- Found Eigen3: TRUE (found version "3.4.0") 
[3.117s] -- Ensuring Eigen3 include directory is part of orocos-kdl CMake target
[3.625s] -- Found dwb_critics: 1.3.10 (/opt/ros/jazzy/share/dwb_critics/cmake)
[4.079s] -- Found teb_msgs: 0.0.1 (/home/mushfiqul/AIS_OBS_Project/ros2_ws/install/teb_msgs/share/teb_msgs/cmake)
[4.137s] -- Found tf2_eigen: 0.36.19 (/opt/ros/jazzy/share/tf2_eigen/cmake)
[4.147s] -- System: Linux-6.17.0-14-generic
[4.147s] -- /opt/ros/jazzy/share/tinyxml2_vendor/cmake/Modules;/opt/ros/jazzy/share/eigen3_cmake_module/cmake/Modules;/opt/ros/jazzy/share/fastrtps_cmake_module/cmake/Modules;/home/mushfiqul/AIS_OBS_Project/ros2_ws/src/teb_local_planner/teb_local_planner/cmake_modules
[4.156s] -- Found SuiteSparse
[4.159s] -- Searching for g2o ...
[4.160s] -- Found g2o headers in: /opt/ros/jazzy/include/g2o
[4.168s] -- Found libg2o: /opt/ros/jazzy/lib/x86_64-linux-gnu/libg2o_csparse_extension.so;/opt/ros/jazzy/lib/x86_64-linux-gnu/libg2o_core.so;/opt/ros/jazzy/lib/x86_64-linux-gnu/libg2o_stuff.so;/opt/ros/jazzy/lib/x86_64-linux-gnu/libg2o_types_slam2d.so;/opt/ros/jazzy/lib/x86_64-linux-gnu/libg2o_types_slam3d.so;/opt/ros/jazzy/lib/x86_64-linux-gnu/libg2o_solver_cholmod.so;/opt/ros/jazzy/lib/x86_64-linux-gnu/libg2o_solver_pcg.so;/opt/ros/jazzy/lib/x86_64-linux-gnu/libg2o_solver_csparse.so;/opt/ros/jazzy/lib/x86_64-linux-gnu/libg2o_incremental.so
[4.195s] -- Found Boost: /usr/lib/x86_64-linux-gnu/cmake/Boost-1.83.0/BoostConfig.cmake (found version "1.83.0")  
[5.429s] -- Found ament_cmake_gtest: 2.5.5 (/opt/ros/jazzy/share/ament_cmake_gtest/cmake)
[5.572s] -- Configuring done (5.5s)
[5.838s] -- Generating done (0.2s)
[5.848s] -- Build files have been written to: /home/mushfiqul/AIS_OBS_Project/ros2_ws/build/teb_local_planner
[5.869s] Invoked command in '/home/mushfiqul/AIS_OBS_Project/ros2_ws/build/teb_local_planner' returned '0': AMENT_PREFIX_PATH=/home/mushfiqul/AIS_OBS_Project/ros2_ws/install/teb_msgs:/home/mushfiqul/AIS_OBS_Project/ros2_ws/install/costmap_converter:/home/mushfiqul/AIS_OBS_Project/ros2_ws/install/costmap_converter_msgs:${AMENT_PREFIX_PATH} CMAKE_PREFIX_PATH=/home/mushfiqul/AIS_OBS_Project/ros2_ws/install/teb_msgs:/home/mushfiqul/AIS_OBS_Project/ros2_ws/install/costmap_converter:/home/mushfiqul/AIS_OBS_Project/ros2_ws/install/costmap_converter_msgs:/opt/ros/jazzy/opt/gz_sim_vendor:/opt/ros/jazzy/opt/gz_sensors_vendor:/opt/ros/jazzy/opt/gz_physics_vendor:/opt/ros/jazzy/opt/sdformat_vendor:/opt/ros/jazzy/opt/gz_gui_vendor:/opt/ros/jazzy/opt/gz_transport_vendor:/opt/ros/jazzy/opt/gz_rendering_vendor:/opt/ros/jazzy/opt/gz_plugin_vendor:/opt/ros/jazzy/opt/gz_fuel_tools_vendor:/opt/ros/jazzy/opt/gz_msgs_vendor:/opt/ros/jazzy/opt/gz_common_vendor:/opt/ros/jazzy/opt/gz_math_vendor:/opt/ros/jazzy/opt/gz_utils_vendor:/opt/ros/jazzy/opt/gz_tools_vendor:/opt/ros/jazzy/opt/gz_ogre_next_vendor:/opt/ros/jazzy/opt/gz_dartsim_vendor:/opt/ros/jazzy/opt/gz_cmake_vendor:/opt/ros/jazzy DEBUGINFOD_URLS=https://debuginfod.ubuntu.com LD_LIBRARY_PATH=/home/mushfiqul/AIS_OBS_Project/ros2_ws/install/teb_msgs/lib:/home/mushfiqul/AIS_OBS_Project/ros2_ws/install/costmap_converter/lib:/home/mushfiqul/AIS_OBS_Project/ros2_ws/install/costmap_converter_msgs/lib:${LD_LIBRARY_PATH} PATH=/home/mushfiqul/AIS_OBS_Project/ros2_ws/install/costmap_converter/bin:${PATH} PYTHONPATH=/home/mushfiqul/AIS_OBS_Project/ros2_ws/install/teb_msgs/lib/python3.12/site-packages:/home/mushfiqul/AIS_OBS_Project/ros2_ws/install/costmap_converter_msgs/lib/python3.12/site-packages:${PYTHONPATH} /usr/bin/cmake /home/mushfiqul/AIS_OBS_Project/ros2_ws/src/teb_local_planner/teb_local_planner -DAMENT_CMAKE_SYMLINK_INSTALL=1 -DCMAKE_INSTALL_PREFIX=/home/mushfiqul/AIS_OBS_Project/ros2_ws/install/teb_local_planner
[5.872s] Invoking command in '/home/mushfiqul/AIS_OBS_Project/ros2_ws/build/teb_local_planner': AMENT_PREFIX_PATH=/home/mushfiqul/AIS_OBS_Project/ros2_ws/install/teb_msgs:/home/mushfiqul/AIS_OBS_Project/ros2_ws/install/costmap_converter:/home/mushfiqul/AIS_OBS_Project/ros2_ws/install/costmap_converter_msgs:${AMENT_PREFIX_PATH} CMAKE_PREFIX_PATH=/home/mushfiqul/AIS_OBS_Project/ros2_ws/install/teb_msgs:/home/mushfiqul/AIS_OBS_Project/ros2_ws/install/costmap_converter:/home/mushfiqul/AIS_OBS_Project/ros2_ws/install/costmap_converter_msgs:/opt/ros/jazzy/opt/gz_sim_vendor:/opt/ros/jazzy/opt/gz_sensors_vendor:/opt/ros/jazzy/opt/gz_physics_vendor:/opt/ros/jazzy/opt/sdformat_vendor:/opt/ros/jazzy/opt/gz_gui_vendor:/opt/ros/jazzy/opt/gz_transport_vendor:/opt/ros/jazzy/opt/gz_rendering_vendor:/opt/ros/jazzy/opt/gz_plugin_vendor:/opt/ros/jazzy/opt/gz_fuel_tools_vendor:/opt/ros/jazzy/opt/gz_msgs_vendor:/opt/ros/jazzy/opt/gz_common_vendor:/opt/ros/jazzy/opt/gz_math_vendor:/opt/ros/jazzy/opt/gz_utils_vendor:/opt/ros/jazzy/opt/gz_tools_vendor:/opt/ros/jazzy/opt/gz_ogre_next_vendor:/opt/ros/jazzy/opt/gz_dartsim_vendor:/opt/ros/jazzy/opt/gz_cmake_vendor:/opt/ros/jazzy DEBUGINFOD_URLS=https://debuginfod.ubuntu.com LD_LIBRARY_PATH=/home/mushfiqul/AIS_OBS_Project/ros2_ws/install/teb_msgs/lib:/home/mushfiqul/AIS_OBS_Project/ros2_ws/install/costmap_converter/lib:/home/mushfiqul/AIS_OBS_Project/ros2_ws/install/costmap_converter_msgs/lib:${LD_LIBRARY_PATH} PATH=/home/mushfiqul/AIS_OBS_Project/ros2_ws/install/costmap_converter/bin:${PATH} PYTHONPATH=/home/mushfiqul/AIS_OBS_Project/ros2_ws/install/teb_msgs/lib/python3.12/site-packages:/home/mushfiqul/AIS_OBS_Project/ros2_ws/install/costmap_converter_msgs/lib/python3.12/site-packages:${PYTHONPATH} /usr/bin/cmake --build /home/mushfiqul/AIS_OBS_Project/ros2_ws/build/teb_local_planner -- -j8 -l8
[5.976s] [ 30%] Building CXX object CMakeFiles/teb_local_planner.dir/src/optimal_planner.cpp.o
[5.976s] [ 30%] Building CXX object CMakeFiles/teb_local_planner.dir/src/visualization.cpp.o
[5.976s] [ 30%] Building CXX object CMakeFiles/teb_local_planner.dir/src/timed_elastic_band.cpp.o
[5.976s] [ 40%] Building CXX object CMakeFiles/teb_local_planner.dir/src/obstacles.cpp.o
[5.980s] [ 50%] Building CXX object CMakeFiles/teb_local_planner.dir/src/teb_config.cpp.o
[5.980s] [ 60%] Building CXX object CMakeFiles/teb_local_planner.dir/src/teb_local_planner_ros.cpp.o
[5.981s] [ 70%] Building CXX object CMakeFiles/teb_local_planner.dir/src/recovery_behaviors.cpp.o
[5.984s] [ 80%] Building CXX object CMakeFiles/teb_local_planner.dir/src/homotopy_class_planner.cpp.o
[15.211s] [ 90%] Building CXX object CMakeFiles/teb_local_planner.dir/src/graph_search.cpp.o
[127.557s] In file included from /opt/ros/jazzy/include/pluginlib/pluginlib/class_loader_imp.hpp:57,
[127.565s]                  from /opt/ros/jazzy/include/pluginlib/pluginlib/class_loader.hpp:334,
[127.567s]                  from /home/mushfiqul/AIS_OBS_Project/ros2_ws/src/teb_local_planner/teb_local_planner/include/teb_local_planner/teb_local_planner_ros.h:42,
[127.568s]                  from /home/mushfiqul/AIS_OBS_Project/ros2_ws/src/teb_local_planner/teb_local_planner/src/teb_local_planner_ros.cpp:39:
[127.570s] /home/mushfiqul/AIS_OBS_Project/ros2_ws/install/costmap_converter/include/costmap_converter/costmap_converter_interface.h: In member function ‘void costmap_converter::BaseCostmapToPolygons::startWorker(rclcpp::Rate::SharedPtr, nav2_costmap_2d::Costmap2D*, bool)’:
[127.570s] /home/mushfiqul/AIS_OBS_Project/ros2_ws/install/costmap_converter/include/costmap_converter/costmap_converter_interface.h:197:41: warning: too many arguments for format [-Wformat-extra-args]
[127.571s]   197 |         RCLCPP_DEBUG(nh_->get_logger(), "costmap_converter", "Spinning up a thread for the CostmapToPolygons plugin");
[127.571s]       |                                         ^~~~~~~~~~~~~~~~~~~
[129.047s] /home/mushfiqul/AIS_OBS_Project/ros2_ws/install/costmap_converter/include/costmap_converter/costmap_converter_interface.h: In member function ‘void costmap_converter::BaseCostmapToDynamicObstacles::loadStaticCostmapConverterPlugin(const std::string&, rclcpp::Node::SharedPtr)’:
[129.052s] /home/mushfiqul/AIS_OBS_Project/ros2_ws/install/costmap_converter/include/costmap_converter/costmap_converter_interface.h:313:32: warning: format ‘%s’ expects argument of type ‘char*’, but argument 5 has type ‘const std::string’ {aka ‘const std::__cxx11::basic_string<char>’} [-Wformat=]
[129.054s]   313 |       RCLCPP_INFO(getLogger(), "CostmapToDynamicObstacles: underlying costmap conversion plugin for static obstacles %s loaded.", plugin_name);
[129.082s]       |                                ^~~~~~~~~~~~~~~~~~~~~~~~~~~~~~~~~~~~~~~~~~~~~~~~~~~~~~~~~~~~~~~~~~~~~~~~~~~~~~~~~~~~~~~~~~~~~~~~~
[129.083s] In file included from /home/mushfiqul/AIS_OBS_Project/ros2_ws/src/teb_local_planner/teb_local_planner/include/teb_local_planner/teb_local_planner_ros.h:68:
[129.083s] /home/mushfiqul/AIS_OBS_Project/ros2_ws/install/costmap_converter/include/costmap_converter/costmap_converter_interface.h:313:119: note: format string is defined here
[129.083s]   313 |       RCLCPP_INFO(getLogger(), "CostmapToDynamicObstacles: underlying costmap conversion plugin for static obstacles %s loaded.", plugin_name);
[129.084s]       |                                                                                                                      ~^
[129.084s]       |                                                                                                                       |
[129.085s]       |                                                                                                                       char*
