[0.057s] Invoking command in '/home/mushfiqul/AIS_OBS_Project/ros2_ws/build/teb_msgs': CMAKE_PREFIX_PATH=/home/mushfiqul/AIS_OBS_Project/ros2_ws/install/costmap_converter_msgs:/home/mushfiqul/AIS_OBS_Project/ros2_ws/install/teb_obstacle_avoidance:/home/mushfiqul/AIS_OBS_Project/ros2_ws/install/teb_local_planner:/home/mushfiqul/AIS_OBS_Project/ros2_ws/install/teb_msgs:/home/mushfiqul/AIS_OBS_Project/ros2_ws/install/costmap_converter:/opt/ros/jazzy/opt/gz_sim_vendor:/opt/ros/jazzy/opt/gz_sensors_vendor:/opt/ros/jazzy/opt/gz_physics_vendor:/opt/ros/jazzy/opt/sdformat_vendor:/opt/ros/jazzy/opt/gz_gui_vendor:/opt/ros/jazzy/opt/gz_transport_vendor:/opt/ros/jazzy/opt/gz_rendering_vendor:/opt/ros/jazzy/opt/gz_plugin_vendor:/opt/ros/jazzy/opt/gz_fuel_tools_vendor:/opt/ros/jazzy/opt/gz_msgs_vendor:/opt/ros/jazzy/opt/gz_common_vendor:/opt/ros/jazzy/opt/gz_math_vendor:/opt/ros/jazzy/opt/gz_utils_vendor:/opt/ros/jazzy/opt/gz_tools_vendor:/opt/ros/jazzy/opt/gz_ogre_next_vendor:/opt/ros/jazzy/opt/gz_dartsim_vendor:/opt/ros/jazzy/opt/gz_cmake_vendor:/opt/ros/jazzy DEBUGINFOD_URLS=https://debuginfod.ubuntu.com LD_LIBRARY_PATH=/home/mushfiqul/AIS_OBS_Project/ros2_ws/install/costmap_converter_msgs/lib:/home/mushfiqul/AIS_OBS_Project/ros2_ws/install/teb_local_planner/lib:/home/mushfiqul/AIS_OBS_Project/ros2_ws/install/teb_msgs/lib:/home/mushfiqul/AIS_OBS_Project/ros2_ws/install/costmap_converter/lib:/opt/ros/jazzy/opt/gz_sim_vendor/lib:/opt/ros/jazzy/opt/gz_sensors_vendor/lib:/opt/ros/jazzy/opt/gz_physics_vendor/lib:/opt/ros/jazzy/opt/sdformat_vendor/lib:/opt/ros/jazzy/opt/rviz_ogre_vendor/lib:/opt/ros/jazzy/lib/x86_64-linux-gnu:/opt/ros/jazzy/opt/gz_gui_vendor/lib:/opt/ros/jazzy/opt/gz_transport_vendor/lib:/opt/ros/jazzy/opt/gz_rendering_vendor/lib:/opt/ros/jazzy/opt/gz_plugin_vendor/lib:/opt/ros/jazzy/opt/gz_fuel_tools_vendor/lib:/opt/ros/jazzy/opt/gz_msgs_vendor/lib:/opt/ros/jazzy/opt/gz_common_vendor/lib:/opt/ros/jazzy/opt/gz_math_vendor/lib:/opt/ros/jazzy/opt/gz_utils_vendor/lib:/opt/ros/jazzy/opt/gz_tools_vendor/lib:/opt/ros/jazzy/opt/gz_ogre_next_vendor/lib:/opt/ros/jazzy/opt/gz_dartsim_vendor/lib:/opt/ros/jazzy/opt/gz_cmake_vendor/lib:/opt/ros/jazzy/lib PYTHONPATH=/home/mushfiqul/AIS_OBS_Project/ros2_ws/install/costmap_converter_msgs/lib/python3.12/site-packages:/home/mushfiqul/AIS_OBS_Project/ros2_ws/install/teb_obstacle_avoidance/lib/python3.12/site-packages:/home/mushfiqul/AIS_OBS_Project/ros2_ws/install/teb_msgs/lib/python3.12/site-packages:/opt/ros/jazzy/lib/python3.12/site-packages /usr/bin/cmake --build /home/mushfiqul/AIS_OBS_Project/ros2_ws/build/teb_msgs -- -j8 -l8
[0.251s] [  1%] Built target teb_msgs__rosidl_generator_type_description
[0.300s] [  1%] Built target ament_cmake_python_symlink_teb_msgs
[0.346s] [ 22%] Built target teb_msgs__rosidl_generator_c
[0.355s] [ 24%] Built target teb_msgs__cpp
[0.472s] [ 33%] Built target teb_msgs__rosidl_typesupport_fastrtps_c
[0.478s] [ 42%] Built target teb_msgs__rosidl_typesupport_introspection_c
[0.499s] [ 51%] Built target teb_msgs__rosidl_typesupport_cpp
[0.502s] [ 61%] Built target teb_msgs__rosidl_typesupport_c
[0.512s] [ 70%] Built target teb_msgs__rosidl_typesupport_introspection_cpp
[0.526s] [ 79%] Built target teb_msgs__rosidl_typesupport_fastrtps_cpp
[0.657s] [ 79%] Built target teb_msgs
[0.796s] [ 81%] Built target teb_msgs__py
[0.950s] [ 88%] Built target teb_msgs__rosidl_generator_py
[1.090s] [ 92%] Built target teb_msgs_s__rosidl_typesupport_c
[1.095s] [ 96%] Built target teb_msgs_s__rosidl_typesupport_fastrtps_c
[1.114s] [100%] Built target teb_msgs_s__rosidl_typesupport_introspection_c
[1.309s] running egg_info
[1.432s] writing teb_msgs.egg-info/PKG-INFO
[1.432s] writing dependency_links to teb_msgs.egg-info/dependency_links.txt
[1.439s] writing top-level names to teb_msgs.egg-info/top_level.txt
[1.734s] reading manifest file 'teb_msgs.egg-info/SOURCES.txt'
[1.736s] writing manifest file 'teb_msgs.egg-info/SOURCES.txt'
[1.870s] [100%] Built target ament_cmake_python_build_teb_msgs_egg
[1.953s] Invoked command in '/home/mushfiqul/AIS_OBS_Project/ros2_ws/build/teb_msgs' returned '0': CMAKE_PREFIX_PATH=/home/mushfiqul/AIS_OBS_Project/ros2_ws/install/costmap_converter_msgs:/home/mushfiqul/AIS_OBS_Project/ros2_ws/install/teb_obstacle_avoidance:/home/mushfiqul/AIS_OBS_Project/ros2_ws/install/teb_local_planner:/home/mushfiqul/AIS_OBS_Project/ros2_ws/install/teb_msgs:/home/mushfiqul/AIS_OBS_Project/ros2_ws/install/costmap_converter:/opt/ros/jazzy/opt/gz_sim_vendor:/opt/ros/jazzy/opt/gz_sensors_vendor:/opt/ros/jazzy/opt/gz_physics_vendor:/opt/ros/jazzy/opt/sdformat_vendor:/opt/ros/jazzy/opt/gz_gui_vendor:/opt/ros/jazzy/opt/gz_transport_vendor:/opt/ros/jazzy/opt/gz_rendering_vendor:/opt/ros/jazzy/opt/gz_plugin_vendor:/opt/ros/jazzy/opt/gz_fuel_tools_vendor:/opt/ros/jazzy/opt/gz_msgs_vendor:/opt/ros/jazzy/opt/gz_common_vendor:/opt/ros/jazzy/opt/gz_math_vendor:/opt/ros/jazzy/opt/gz_utils_vendor:/opt/ros/jazzy/opt/gz_tools_vendor:/opt/ros/jazzy/opt/gz_ogre_next_vendor:/opt/ros/jazzy/opt/gz_dartsim_vendor:/opt/ros/jazzy/opt/gz_cmake_vendor:/opt/ros/jazzy DEBUGINFOD_URLS=https://debuginfod.ubuntu.com LD_LIBRARY_PATH=/home/mushfiqul/AIS_OBS_Project/ros2_ws/install/costmap_converter_msgs/lib:/home/mushfiqul/AIS_OBS_Project/ros2_ws/install/teb_local_planner/lib:/home/mushfiqul/AIS_OBS_Project/ros2_ws/install/teb_msgs/lib:/home/mushfiqul/AIS_OBS_Project/ros2_ws/install/costmap_converter/lib:/opt/ros/jazzy/opt/gz_sim_vendor/lib:/opt/ros/jazzy/opt/gz_sensors_vendor/lib:/opt/ros/jazzy/opt/gz_physics_vendor/lib:/opt/ros/jazzy/opt/sdformat_vendor/lib:/opt/ros/jazzy/opt/rviz_ogre_vendor/lib:/opt/ros/jazzy/lib/x86_64-linux-gnu:/opt/ros/jazzy/opt/gz_gui_vendor/lib:/opt/ros/jazzy/opt/gz_transport_vendor/lib:/opt/ros/jazzy/opt/gz_rendering_vendor/lib:/opt/ros/jazzy/opt/gz_plugin_vendor/lib:/opt/ros/jazzy/opt/gz_fuel_tools_vendor/lib:/opt/ros/jazzy/opt/gz_msgs_vendor/lib:/opt/ros/jazzy/opt/gz_common_vendor/lib:/opt/ros/jazzy/opt/gz_math_vendor/lib:/opt/ros/jazzy/opt/gz_utils_vendor/lib:/opt/ros/jazzy/opt/gz_tools_vendor/lib:/opt/ros/jazzy/opt/gz_ogre_next_vendor/lib:/opt/ros/jazzy/opt/gz_dartsim_vendor/lib:/opt/ros/jazzy/opt/gz_cmake_vendor/lib:/opt/ros/jazzy/lib PYTHONPATH=/home/mushfiqul/AIS_OBS_Project/ros2_ws/install/costmap_converter_msgs/lib/python3.12/site-packages:/home/mushfiqul/AIS_OBS_Project/ros2_ws/install/teb_obstacle_avoidance/lib/python3.12/site-packages:/home/mushfiqul/AIS_OBS_Project/ros2_ws/install/teb_msgs/lib/python3.12/site-packages:/opt/ros/jazzy/lib/python3.12/site-packages /usr/bin/cmake --build /home/mushfiqul/AIS_OBS_Project/ros2_ws/build/teb_msgs -- -j8 -l8
[1.958s] Invoking command in '/home/mushfiqul/AIS_OBS_Project/ros2_ws/build/teb_msgs': CMAKE_PREFIX_PATH=/home/mushfiqul/AIS_OBS_Project/ros2_ws/install/costmap_converter_msgs:/home/mushfiqul/AIS_OBS_Project/ros2_ws/install/teb_obstacle_avoidance:/home/mushfiqul/AIS_OBS_Project/ros2_ws/install/teb_local_planner:/home/mushfiqul/AIS_OBS_Project/ros2_ws/install/teb_msgs:/home/mushfiqul/AIS_OBS_Project/ros2_ws/install/costmap_converter:/opt/ros/jazzy/opt/gz_sim_vendor:/opt/ros/jazzy/opt/gz_sensors_vendor:/opt/ros/jazzy/opt/gz_physics_vendor:/opt/ros/jazzy/opt/sdformat_vendor:/opt/ros/jazzy/opt/gz_gui_vendor:/opt/ros/jazzy/opt/gz_transport_vendor:/opt/ros/jazzy/opt/gz_rendering_vendor:/opt/ros/jazzy/opt/gz_plugin_vendor:/opt/ros/jazzy/opt/gz_fuel_tools_vendor:/opt/ros/jazzy/opt/gz_msgs_vendor:/opt/ros/jazzy/opt/gz_common_vendor:/opt/ros/jazzy/opt/gz_math_vendor:/opt/ros/jazzy/opt/gz_utils_vendor:/opt/ros/jazzy/opt/gz_tools_vendor:/opt/ros/jazzy/opt/gz_ogre_next_vendor:/opt/ros/jazzy/opt/gz_dartsim_vendor:/opt/ros/jazzy/opt/gz_cmake_vendor:/opt/ros/jazzy DEBUGINFOD_URLS=https://debuginfod.ubuntu.com LD_LIBRARY_PATH=/home/mushfiqul/AIS_OBS_Project/ros2_ws/install/costmap_converter_msgs/lib:/home/mushfiqul/AIS_OBS_Project/ros2_ws/install/teb_local_planner/lib:/home/mushfiqul/AIS_OBS_Project/ros2_ws/install/teb_msgs/lib:/home/mushfiqul/AIS_OBS_Project/ros2_ws/install/costmap_converter/lib:/opt/ros/jazzy/opt/gz_sim_vendor/lib:/opt/ros/jazzy/opt/gz_sensors_vendor/lib:/opt/ros/jazzy/opt/gz_physics_vendor/lib:/opt/ros/jazzy/opt/sdformat_vendor/lib:/opt/ros/jazzy/opt/rviz_ogre_vendor/lib:/opt/ros/jazzy/lib/x86_64-linux-gnu:/opt/ros/jazzy/opt/gz_gui_vendor/lib:/opt/ros/jazzy/opt/gz_transport_vendor/lib:/opt/ros/jazzy/opt/gz_rendering_vendor/lib:/opt/ros/jazzy/opt/gz_plugin_vendor/lib:/opt/ros/jazzy/opt/gz_fuel_tools_vendor/lib:/opt/ros/jazzy/opt/gz_msgs_vendor/lib:/opt/ros/jazzy/opt/gz_common_vendor/lib:/opt/ros/jazzy/opt/gz_math_vendor/lib:/opt/ros/jazzy/opt/gz_utils_vendor/lib:/opt/ros/jazzy/opt/gz_tools_vendor/lib:/opt/ros/jazzy/opt/gz_ogre_next_vendor/lib:/opt/ros/jazzy/opt/gz_dartsim_vendor/lib:/opt/ros/jazzy/opt/gz_cmake_vendor/lib:/opt/ros/jazzy/lib PYTHONPATH=/home/mushfiqul/AIS_OBS_Project/ros2_ws/install/costmap_converter_msgs/lib/python3.12/site-packages:/home/mushfiqul/AIS_OBS_Project/ros2_ws/install/teb_obstacle_avoidance/lib/python3.12/site-packages:/home/mushfiqul/AIS_OBS_Project/ros2_ws/install/teb_msgs/lib/python3.12/site-packages:/opt/ros/jazzy/lib/python3.12/site-packages /usr/bin/cmake --install /home/mushfiqul/AIS_OBS_Project/ros2_ws/build/teb_msgs
[2.019s] -- Install configuration: ""
[2.020s] -- Execute custom install script
[2.020s] -- Up-to-date symlink: /home/mushfiqul/AIS_OBS_Project/ros2_ws/install/teb_msgs/share/ament_index/resource_index/rosidl_interfaces/teb_msgs
[2.021s] -- Up-to-date symlink: /home/mushfiqul/AIS_OBS_Project/ros2_ws/install/teb_msgs/share/teb_msgs/msg/FeedbackMsg.json
[2.022s] -- Up-to-date symlink: /home/mushfiqul/AIS_OBS_Project/ros2_ws/install/teb_msgs/share/teb_msgs/msg/TrajectoryMsg.json
[2.023s] -- Up-to-date symlink: /home/mushfiqul/AIS_OBS_Project/ros2_ws/install/teb_msgs/share/teb_msgs/msg/TrajectoryPointMsg.json
[2.026s] -- Up-to-date symlink: /home/mushfiqul/AIS_OBS_Project/ros2_ws/install/teb_msgs/include/teb_msgs/teb_msgs/msg/detail/feedback_msg__functions.h
[2.026s] -- Up-to-date symlink: /home/mushfiqul/AIS_OBS_Project/ros2_ws/install/teb_msgs/include/teb_msgs/teb_msgs/msg/detail/feedback_msg__struct.h
[2.028s] -- Up-to-date symlink: /home/mushfiqul/AIS_OBS_Project/ros2_ws/install/teb_msgs/include/teb_msgs/teb_msgs/msg/detail/feedback_msg__type_support.h
[2.029s] -- Up-to-date symlink: /home/mushfiqul/AIS_OBS_Project/ros2_ws/install/teb_msgs/include/teb_msgs/teb_msgs/msg/detail/trajectory_msg__functions.h
[2.030s] -- Up-to-date symlink: /home/mushfiqul/AIS_OBS_Project/ros2_ws/install/teb_msgs/include/teb_msgs/teb_msgs/msg/detail/trajectory_msg__struct.h
[2.032s] -- Up-to-date symlink: /home/mushfiqul/AIS_OBS_Project/ros2_ws/install/teb_msgs/include/teb_msgs/teb_msgs/msg/detail/trajectory_msg__type_support.h
[2.032s] -- Up-to-date symlink: /home/mushfiqul/AIS_OBS_Project/ros2_ws/install/teb_msgs/include/teb_msgs/teb_msgs/msg/detail/trajectory_point_msg__functions.h
[2.033s] -- Up-to-date symlink: /home/mushfiqul/AIS_OBS_Project/ros2_ws/install/teb_msgs/include/teb_msgs/teb_msgs/msg/detail/trajectory_point_msg__struct.h
[2.039s] -- Up-to-date symlink: /home/mushfiqul/AIS_OBS_Project/ros2_ws/install/teb_msgs/include/teb_msgs/teb_msgs/msg/detail/trajectory_point_msg__type_support.h
[2.040s] -- Up-to-date symlink: /home/mushfiqul/AIS_OBS_Project/ros2_ws/install/teb_msgs/include/teb_msgs/teb_msgs/msg/feedback_msg.h
[2.041s] -- Up-to-date symlink: /home/mushfiqul/AIS_OBS_Project/ros2_ws/install/teb_msgs/include/teb_msgs/teb_msgs/msg/rosidl_generator_c__visibility_control.h
[2.042s] -- Up-to-date symlink: /home/mushfiqul/AIS_OBS_Project/ros2_ws/install/teb_msgs/include/teb_msgs/teb_msgs/msg/trajectory_msg.h
[2.042s] -- Up-to-date symlink: /home/mushfiqul/AIS_OBS_Project/ros2_ws/install/teb_msgs/include/teb_msgs/teb_msgs/msg/trajectory_point_msg.h
[2.042s] -- Up-to-date symlink: /home/mushfiqul/AIS_OBS_Project/ros2_ws/install/teb_msgs/share/teb_msgs/environment/library_path.sh
[2.043s] -- Up-to-date symlink: /home/mushfiqul/AIS_OBS_Project/ros2_ws/install/teb_msgs/share/teb_msgs/environment/library_path.dsv
[2.043s] -- Up-to-date symlink: /home/mushfiqul/AIS_OBS_Project/ros2_ws/install/teb_msgs/include/teb_msgs/teb_msgs/msg/detail/feedback_msg__rosidl_typesupport_fastrtps_c.h
[2.044s] -- Up-to-date symlink: /home/mushfiqul/AIS_OBS_Project/ros2_ws/install/teb_msgs/include/teb_msgs/teb_msgs/msg/detail/trajectory_msg__rosidl_typesupport_fastrtps_c.h
[2.046s] -- Up-to-date symlink: /home/mushfiqul/AIS_OBS_Project/ros2_ws/install/teb_msgs/include/teb_msgs/teb_msgs/msg/detail/trajectory_point_msg__rosidl_typesupport_fastrtps_c.h
[2.046s] -- Up-to-date symlink: /home/mushfiqul/AIS_OBS_Project/ros2_ws/install/teb_msgs/include/teb_msgs/teb_msgs/msg/rosidl_typesupport_fastrtps_c__visibility_control.h
[2.047s] -- Up-to-date symlink: /home/mushfiqul/AIS_OBS_Project/ros2_ws/install/teb_msgs/include/teb_msgs/teb_msgs/msg/detail/feedback_msg__builder.hpp
[2.047s] -- Up-to-date symlink: /home/mushfiqul/AIS_OBS_Project/ros2_ws/install/teb_msgs/include/teb_msgs/teb_msgs/msg/detail/feedback_msg__struct.hpp
[2.047s] -- Up-to-date symlink: /home/mushfiqul/AIS_OBS_Project/ros2_ws/install/teb_msgs/include/teb_msgs/teb_msgs/msg/detail/feedback_msg__traits.hpp
[2.049s] -- Up-to-date symlink: /home/mushfiqul/AIS_OBS_Project/ros2_ws/install/teb_msgs/include/teb_msgs/teb_msgs/msg/detail/feedback_msg__type_support.hpp
[2.050s] -- Up-to-date symlink: /home/mushfiqul/AIS_OBS_Project/ros2_ws/install/teb_msgs/include/teb_msgs/teb_msgs/msg/detail/trajectory_msg__builder.hpp
[2.050s] -- Up-to-date symlink: /home/mushfiqul/AIS_OBS_Project/ros2_ws/install/teb_msgs/include/teb_msgs/teb_msgs/msg/detail/trajectory_msg__struct.hpp
[2.053s] -- Up-to-date symlink: /home/mushfiqul/AIS_OBS_Project/ros2_ws/install/teb_msgs/include/teb_msgs/teb_msgs/msg/detail/trajectory_msg__traits.hpp
[2.053s] -- Up-to-date symlink: /home/mushfiqul/AIS_OBS_Project/ros2_ws/install/teb_msgs/include/teb_msgs/teb_msgs/msg/detail/trajectory_msg__type_support.hpp
[2.054s] -- Up-to-date symlink: /home/mushfiqul/AIS_OBS_Project/ros2_ws/install/teb_msgs/include/teb_msgs/teb_msgs/msg/detail/trajectory_point_msg__builder.hpp
[2.055s] -- Up-to-date symlink: /home/mushfiqul/AIS_OBS_Project/ros2_ws/install/teb_msgs/include/teb_msgs/teb_msgs/msg/detail/trajectory_point_msg__struct.hpp
[2.055s] -- Up-to-date symlink: /home/mushfiqul/AIS_OBS_Project/ros2_ws/install/teb_msgs/include/teb_msgs/teb_msgs/msg/detail/trajectory_point_msg__traits.hpp
[2.055s] -- Up-to-date symlink: /home/mushfiqul/AIS_OBS_Project/ros2_ws/install/teb_msgs/include/teb_msgs/teb_msgs/msg/detail/trajectory_point_msg__type_support.hpp
[2.055s] -- Up-to-date symlink: /home/mushfiqul/AIS_OBS_Project/ros2_ws/install/teb_msgs/include/teb_msgs/teb_msgs/msg/feedback_msg.hpp
[2.056s] -- Up-to-date symlink: /home/mushfiqul/AIS_OBS_Project/ros2_ws/install/teb_msgs/include/teb_msgs/teb_msgs/msg/rosidl_generator_cpp__visibility_control.hpp
[2.056s] -- Up-to-date symlink: /home/mushfiqul/AIS_OBS_Project/ros2_ws/install/teb_msgs/include/teb_msgs/teb_msgs/msg/trajectory_msg.hpp
[2.056s] -- Up-to-date symlink: /home/mushfiqul/AIS_OBS_Project/ros2_ws/install/teb_msgs/include/teb_msgs/teb_msgs/msg/trajectory_point_msg.hpp
[2.057s] -- Up-to-date symlink: /home/mushfiqul/AIS_OBS_Project/ros2_ws/install/teb_msgs/include/teb_msgs/teb_msgs/msg/detail/feedback_msg__rosidl_typesupport_fastrtps_cpp.hpp
[2.058s] -- Up-to-date symlink: /home/mushfiqul/AIS_OBS_Project/ros2_ws/install/teb_msgs/include/teb_msgs/teb_msgs/msg/detail/trajectory_msg__rosidl_typesupport_fastrtps_cpp.hpp
[2.058s] -- Up-to-date symlink: /home/mushfiqul/AIS_OBS_Project/ros2_ws/install/teb_msgs/include/teb_msgs/teb_msgs/msg/detail/trajectory_point_msg__rosidl_typesupport_fastrtps_cpp.hpp
[2.058s] -- Up-to-date symlink: /home/mushfiqul/AIS_OBS_Project/ros2_ws/install/teb_msgs/include/teb_msgs/teb_msgs/msg/rosidl_typesupport_fastrtps_cpp__visibility_control.h
[2.060s] -- Up-to-date symlink: /home/mushfiqul/AIS_OBS_Project/ros2_ws/install/teb_msgs/include/teb_msgs/teb_msgs/msg/detail/feedback_msg__rosidl_typesupport_introspection_c.h
[2.060s] -- Up-to-date symlink: /home/mushfiqul/AIS_OBS_Project/ros2_ws/install/teb_msgs/include/teb_msgs/teb_msgs/msg/detail/trajectory_msg__rosidl_typesupport_introspection_c.h
[2.065s] -- Up-to-date symlink: /home/mushfiqul/AIS_OBS_Project/ros2_ws/install/teb_msgs/include/teb_msgs/teb_msgs/msg/detail/trajectory_point_msg__rosidl_typesupport_introspection_c.h
[2.066s] -- Up-to-date symlink: /home/mushfiqul/AIS_OBS_Project/ros2_ws/install/teb_msgs/include/teb_msgs/teb_msgs/msg/rosidl_typesupport_introspection_c__visibility_control.h
[2.075s] -- Up-to-date symlink: /home/mushfiqul/AIS_OBS_Project/ros2_ws/install/teb_msgs/include/teb_msgs/teb_msgs/msg/detail/feedback_msg__rosidl_typesupport_introspection_cpp.hpp
[2.075s] -- Up-to-date symlink: /home/mushfiqul/AIS_OBS_Project/ros2_ws/install/teb_msgs/include/teb_msgs/teb_msgs/msg/detail/trajectory_msg__rosidl_typesupport_introspection_cpp.hpp
[2.076s] -- Up-to-date symlink: /home/mushfiqul/AIS_OBS_Project/ros2_ws/install/teb_msgs/include/teb_msgs/teb_msgs/msg/detail/trajectory_point_msg__rosidl_typesupport_introspection_cpp.hpp
[2.076s] -- Up-to-date symlink: /home/mushfiqul/AIS_OBS_Project/ros2_ws/install/teb_msgs/share/teb_msgs/environment/pythonpath.sh
[2.076s] -- Up-to-date symlink: /home/mushfiqul/AIS_OBS_Project/ros2_ws/install/teb_msgs/share/teb_msgs/environment/pythonpath.dsv
[2.077s] -- Up-to-date symlink: /home/mushfiqul/AIS_OBS_Project/ros2_ws/install/teb_msgs/lib/python3.12/site-packages/teb_msgs-0.0.1-py3.12.egg-info/PKG-INFO
[2.078s] -- Up-to-date symlink: /home/mushfiqul/AIS_OBS_Project/ros2_ws/install/teb_msgs/lib/python3.12/site-packages/teb_msgs-0.0.1-py3.12.egg-info/SOURCES.txt
[2.078s] -- Up-to-date symlink: /home/mushfiqul/AIS_OBS_Project/ros2_ws/install/teb_msgs/lib/python3.12/site-packages/teb_msgs-0.0.1-py3.12.egg-info/dependency_links.txt
[2.079s] -- Up-to-date symlink: /home/mushfiqul/AIS_OBS_Project/ros2_ws/install/teb_msgs/lib/python3.12/site-packages/teb_msgs-0.0.1-py3.12.egg-info/top_level.txt
[2.080s] -- Up-to-date symlink: /home/mushfiqul/AIS_OBS_Project/ros2_ws/install/teb_msgs/lib/python3.12/site-packages/teb_msgs/__init__.py
[2.080s] -- Up-to-date symlink: /home/mushfiqul/AIS_OBS_Project/ros2_ws/install/teb_msgs/lib/python3.12/site-packages/teb_msgs/_teb_msgs_s.ep.rosidl_typesupport_c.c
[2.081s] -- Up-to-date symlink: /home/mushfiqul/AIS_OBS_Project/ros2_ws/install/teb_msgs/lib/python3.12/site-packages/teb_msgs/_teb_msgs_s.ep.rosidl_typesupport_fastrtps_c.c
[2.081s] -- Up-to-date symlink: /home/mushfiqul/AIS_OBS_Project/ros2_ws/install/teb_msgs/lib/python3.12/site-packages/teb_msgs/_teb_msgs_s.ep.rosidl_typesupport_introspection_c.c
[2.081s] -- Up-to-date symlink: /home/mushfiqul/AIS_OBS_Project/ros2_ws/install/teb_msgs/lib/python3.12/site-packages/teb_msgs/msg/__init__.py
[2.082s] -- Up-to-date symlink: /home/mushfiqul/AIS_OBS_Project/ros2_ws/install/teb_msgs/lib/python3.12/site-packages/teb_msgs/msg/_feedback_msg.py
[2.083s] -- Up-to-date symlink: /home/mushfiqul/AIS_OBS_Project/ros2_ws/install/teb_msgs/lib/python3.12/site-packages/teb_msgs/msg/_feedback_msg_s.c
[2.084s] -- Up-to-date symlink: /home/mushfiqul/AIS_OBS_Project/ros2_ws/install/teb_msgs/lib/python3.12/site-packages/teb_msgs/msg/_trajectory_msg.py
[2.084s] -- Up-to-date symlink: /home/mushfiqul/AIS_OBS_Project/ros2_ws/install/teb_msgs/lib/python3.12/site-packages/teb_msgs/msg/_trajectory_msg_s.c
[2.085s] -- Up-to-date symlink: /home/mushfiqul/AIS_OBS_Project/ros2_ws/install/teb_msgs/lib/python3.12/site-packages/teb_msgs/msg/_trajectory_point_msg.py
[2.085s] -- Up-to-date symlink: /home/mushfiqul/AIS_OBS_Project/ros2_ws/install/teb_msgs/lib/python3.12/site-packages/teb_msgs/msg/_trajectory_point_msg_s.c
[2.085s] -- Up-to-date symlink: /home/mushfiqul/AIS_OBS_Project/ros2_ws/install/teb_msgs/lib/python3.12/site-packages/teb_msgs/teb_msgs_s__rosidl_typesupport_c.so
[2.086s] -- Up-to-date symlink: /home/mushfiqul/AIS_OBS_Project/ros2_ws/install/teb_msgs/lib/python3.12/site-packages/teb_msgs/teb_msgs_s__rosidl_typesupport_fastrtps_c.so
[2.086s] -- Up-to-date symlink: /home/mushfiqul/AIS_OBS_Project/ros2_ws/install/teb_msgs/lib/python3.12/site-packages/teb_msgs/teb_msgs_s__rosidl_typesupport_introspection_c.so
[2.087s] -- Up-to-date symlink: /home/mushfiqul/AIS_OBS_Project/ros2_ws/install/teb_msgs/lib/python3.12/site-packages/teb_msgs/teb_msgs_s__rosidl_typesupport_fastrtps_c.so
[2.087s] -- Up-to-date symlink: /home/mushfiqul/AIS_OBS_Project/ros2_ws/install/teb_msgs/lib/python3.12/site-packages/teb_msgs/teb_msgs_s__rosidl_typesupport_introspection_c.so
[2.088s] -- Up-to-date symlink: /home/mushfiqul/AIS_OBS_Project/ros2_ws/install/teb_msgs/lib/python3.12/site-packages/teb_msgs/teb_msgs_s__rosidl_typesupport_c.so
[2.088s] -- Up-to-date symlink: /home/mushfiqul/AIS_OBS_Project/ros2_ws/install/teb_msgs/share/teb_msgs/msg/FeedbackMsg.idl
[2.089s] -- Up-to-date symlink: /home/mushfiqul/AIS_OBS_Project/ros2_ws/install/teb_msgs/share/teb_msgs/msg/TrajectoryMsg.idl
[2.089s] -- Up-to-date symlink: /home/mushfiqul/AIS_OBS_Project/ros2_ws/install/teb_msgs/share/teb_msgs/msg/TrajectoryPointMsg.idl
[2.090s] -- Up-to-date symlink: /home/mushfiqul/AIS_OBS_Project/ros2_ws/install/teb_msgs/share/teb_msgs/msg/FeedbackMsg.msg
[2.091s] -- Up-to-date symlink: /home/mushfiqul/AIS_OBS_Project/ros2_ws/install/teb_msgs/share/teb_msgs/msg/TrajectoryMsg.msg
[2.092s] -- Up-to-date symlink: /home/mushfiqul/AIS_OBS_Project/ros2_ws/install/teb_msgs/share/teb_msgs/msg/TrajectoryPointMsg.msg
[2.093s] -- Up-to-date symlink: /home/mushfiqul/AIS_OBS_Project/ros2_ws/install/teb_msgs/share/ament_index/resource_index/package_run_dependencies/teb_msgs
[2.093s] -- Up-to-date symlink: /home/mushfiqul/AIS_OBS_Project/ros2_ws/install/teb_msgs/share/ament_index/resource_index/parent_prefix_path/teb_msgs
[2.094s] -- Up-to-date symlink: /home/mushfiqul/AIS_OBS_Project/ros2_ws/install/teb_msgs/share/teb_msgs/environment/ament_prefix_path.sh
[2.094s] -- Up-to-date symlink: /home/mushfiqul/AIS_OBS_Project/ros2_ws/install/teb_msgs/share/teb_msgs/environment/ament_prefix_path.dsv
[2.094s] -- Up-to-date symlink: /home/mushfiqul/AIS_OBS_Project/ros2_ws/install/teb_msgs/share/teb_msgs/environment/path.sh
[2.095s] -- Up-to-date symlink: /home/mushfiqul/AIS_OBS_Project/ros2_ws/install/teb_msgs/share/teb_msgs/environment/path.dsv
[2.095s] -- Up-to-date symlink: /home/mushfiqul/AIS_OBS_Project/ros2_ws/install/teb_msgs/share/teb_msgs/local_setup.bash
[2.095s] -- Up-to-date symlink: /home/mushfiqul/AIS_OBS_Project/ros2_ws/install/teb_msgs/share/teb_msgs/local_setup.sh
[2.095s] -- Up-to-date symlink: /home/mushfiqul/AIS_OBS_Project/ros2_ws/install/teb_msgs/share/teb_msgs/local_setup.zsh
[2.096s] -- Up-to-date symlink: /home/mushfiqul/AIS_OBS_Project/ros2_ws/install/teb_msgs/share/teb_msgs/local_setup.dsv
[2.099s] -- Symlinking: /home/mushfiqul/AIS_OBS_Project/ros2_ws/install/teb_msgs/share/teb_msgs/package.dsv
[2.124s] -- Up-to-date symlink: /home/mushfiqul/AIS_OBS_Project/ros2_ws/install/teb_msgs/share/ament_index/resource_index/packages/teb_msgs
[2.124s] -- Up-to-date symlink: /home/mushfiqul/AIS_OBS_Project/ros2_ws/install/teb_msgs/share/teb_msgs/cmake/rosidl_cmake-extras.cmake
[2.130s] -- Up-to-date symlink: /home/mushfiqul/AIS_OBS_Project/ros2_ws/install/teb_msgs/share/teb_msgs/cmake/ament_cmake_export_dependencies-extras.cmake
[2.132s] -- Up-to-date symlink: /home/mushfiqul/AIS_OBS_Project/ros2_ws/install/teb_msgs/share/teb_msgs/cmake/ament_cmake_export_include_directories-extras.cmake
[2.142s] -- Up-to-date symlink: /home/mushfiqul/AIS_OBS_Project/ros2_ws/install/teb_msgs/share/teb_msgs/cmake/ament_cmake_export_libraries-extras.cmake
[2.142s] -- Up-to-date symlink: /home/mushfiqul/AIS_OBS_Project/ros2_ws/install/teb_msgs/share/teb_msgs/cmake/ament_cmake_export_targets-extras.cmake
[2.143s] -- Up-to-date symlink: /home/mushfiqul/AIS_OBS_Project/ros2_ws/install/teb_msgs/share/teb_msgs/cmake/rosidl_cmake_export_typesupport_targets-extras.cmake
[2.143s] -- Up-to-date symlink: /home/mushfiqul/AIS_OBS_Project/ros2_ws/install/teb_msgs/share/teb_msgs/cmake/rosidl_cmake_export_typesupport_libraries-extras.cmake
[2.143s] -- Up-to-date symlink: /home/mushfiqul/AIS_OBS_Project/ros2_ws/install/teb_msgs/share/teb_msgs/cmake/teb_msgsConfig.cmake
[2.144s] -- Up-to-date symlink: /home/mushfiqul/AIS_OBS_Project/ros2_ws/install/teb_msgs/share/teb_msgs/cmake/teb_msgsConfig-version.cmake
[2.144s] -- Up-to-date symlink: /home/mushfiqul/AIS_OBS_Project/ros2_ws/install/teb_msgs/share/teb_msgs/package.xml
[2.144s] -- Up-to-date: /home/mushfiqul/AIS_OBS_Project/ros2_ws/install/teb_msgs/lib/libteb_msgs__rosidl_generator_c.so
[2.144s] -- Up-to-date: /home/mushfiqul/AIS_OBS_Project/ros2_ws/install/teb_msgs/lib/libteb_msgs__rosidl_typesupport_fastrtps_c.so
[2.145s] -- Up-to-date: /home/mushfiqul/AIS_OBS_Project/ros2_ws/install/teb_msgs/lib/libteb_msgs__rosidl_typesupport_fastrtps_cpp.so
[2.145s] -- Up-to-date: /home/mushfiqul/AIS_OBS_Project/ros2_ws/install/teb_msgs/lib/libteb_msgs__rosidl_typesupport_introspection_c.so
[2.145s] -- Up-to-date: /home/mushfiqul/AIS_OBS_Project/ros2_ws/install/teb_msgs/lib/libteb_msgs__rosidl_typesupport_c.so
[2.145s] -- Up-to-date: /home/mushfiqul/AIS_OBS_Project/ros2_ws/install/teb_msgs/lib/libteb_msgs__rosidl_typesupport_introspection_cpp.so
[2.149s] -- Up-to-date: /home/mushfiqul/AIS_OBS_Project/ros2_ws/install/teb_msgs/lib/libteb_msgs__rosidl_typesupport_cpp.so
[2.262s] Listing '/home/mushfiqul/AIS_OBS_Project/ros2_ws/install/teb_msgs/lib/python3.12/site-packages/teb_msgs'...
[2.262s] Listing '/home/mushfiqul/AIS_OBS_Project/ros2_ws/install/teb_msgs/lib/python3.12/site-packages/teb_msgs/msg'...
[2.279s] -- Up-to-date: /home/mushfiqul/AIS_OBS_Project/ros2_ws/install/teb_msgs/lib/libteb_msgs__rosidl_generator_py.so
[2.279s] -- Up-to-date: /home/mushfiqul/AIS_OBS_Project/ros2_ws/install/teb_msgs/share/teb_msgs/cmake/export_teb_msgs__rosidl_generator_cExport.cmake
[2.280s] -- Up-to-date: /home/mushfiqul/AIS_OBS_Project/ros2_ws/install/teb_msgs/share/teb_msgs/cmake/export_teb_msgs__rosidl_generator_cExport-noconfig.cmake
[2.280s] -- Up-to-date: /home/mushfiqul/AIS_OBS_Project/ros2_ws/install/teb_msgs/share/teb_msgs/cmake/export_teb_msgs__rosidl_typesupport_fastrtps_cExport.cmake
[2.281s] -- Up-to-date: /home/mushfiqul/AIS_OBS_Project/ros2_ws/install/teb_msgs/share/teb_msgs/cmake/export_teb_msgs__rosidl_typesupport_fastrtps_cExport-noconfig.cmake
[2.284s] -- Up-to-date: /home/mushfiqul/AIS_OBS_Project/ros2_ws/install/teb_msgs/share/teb_msgs/cmake/export_teb_msgs__rosidl_generator_cppExport.cmake
[2.285s] -- Up-to-date: /home/mushfiqul/AIS_OBS_Project/ros2_ws/install/teb_msgs/share/teb_msgs/cmake/export_teb_msgs__rosidl_typesupport_fastrtps_cppExport.cmake
[2.285s] -- Up-to-date: /home/mushfiqul/AIS_OBS_Project/ros2_ws/install/teb_msgs/share/teb_msgs/cmake/export_teb_msgs__rosidl_typesupport_fastrtps_cppExport-noconfig.cmake
[2.292s] -- Up-to-date: /home/mushfiqul/AIS_OBS_Project/ros2_ws/install/teb_msgs/share/teb_msgs/cmake/teb_msgs__rosidl_typesupport_introspection_cExport.cmake
[2.293s] -- Up-to-date: /home/mushfiqul/AIS_OBS_Project/ros2_ws/install/teb_msgs/share/teb_msgs/cmake/teb_msgs__rosidl_typesupport_introspection_cExport-noconfig.cmake
[2.293s] -- Up-to-date: /home/mushfiqul/AIS_OBS_Project/ros2_ws/install/teb_msgs/share/teb_msgs/cmake/teb_msgs__rosidl_typesupport_cExport.cmake
[2.293s] -- Up-to-date: /home/mushfiqul/AIS_OBS_Project/ros2_ws/install/teb_msgs/share/teb_msgs/cmake/teb_msgs__rosidl_typesupport_cExport-noconfig.cmake
[2.293s] -- Up-to-date: /home/mushfiqul/AIS_OBS_Project/ros2_ws/install/teb_msgs/share/teb_msgs/cmake/teb_msgs__rosidl_typesupport_introspection_cppExport.cmake
[2.294s] -- Up-to-date: /home/mushfiqul/AIS_OBS_Project/ros2_ws/install/teb_msgs/share/teb_msgs/cmake/teb_msgs__rosidl_typesupport_introspection_cppExport-noconfig.cmake
[2.294s] -- Up-to-date: /home/mushfiqul/AIS_OBS_Project/ros2_ws/install/teb_msgs/share/teb_msgs/cmake/teb_msgs__rosidl_typesupport_cppExport.cmake
[2.294s] -- Up-to-date: /home/mushfiqul/AIS_OBS_Project/ros2_ws/install/teb_msgs/share/teb_msgs/cmake/teb_msgs__rosidl_typesupport_cppExport-noconfig.cmake
[2.295s] -- Up-to-date: /home/mushfiqul/AIS_OBS_Project/ros2_ws/install/teb_msgs/share/teb_msgs/cmake/export_teb_msgs__rosidl_generator_pyExport.cmake
[2.295s] -- Up-to-date: /home/mushfiqul/AIS_OBS_Project/ros2_ws/install/teb_msgs/share/teb_msgs/cmake/export_teb_msgs__rosidl_generator_pyExport-noconfig.cmake
[2.301s] Invoked command in '/home/mushfiqul/AIS_OBS_Project/ros2_ws/build/teb_msgs' returned '0': CMAKE_PREFIX_PATH=/home/mushfiqul/AIS_OBS_Project/ros2_ws/install/costmap_converter_msgs:/home/mushfiqul/AIS_OBS_Project/ros2_ws/install/teb_obstacle_avoidance:/home/mushfiqul/AIS_OBS_Project/ros2_ws/install/teb_local_planner:/home/mushfiqul/AIS_OBS_Project/ros2_ws/install/teb_msgs:/home/mushfiqul/AIS_OBS_Project/ros2_ws/install/costmap_converter:/opt/ros/jazzy/opt/gz_sim_vendor:/opt/ros/jazzy/opt/gz_sensors_vendor:/opt/ros/jazzy/opt/gz_physics_vendor:/opt/ros/jazzy/opt/sdformat_vendor:/opt/ros/jazzy/opt/gz_gui_vendor:/opt/ros/jazzy/opt/gz_transport_vendor:/opt/ros/jazzy/opt/gz_rendering_vendor:/opt/ros/jazzy/opt/gz_plugin_vendor:/opt/ros/jazzy/opt/gz_fuel_tools_vendor:/opt/ros/jazzy/opt/gz_msgs_vendor:/opt/ros/jazzy/opt/gz_common_vendor:/opt/ros/jazzy/opt/gz_math_vendor:/opt/ros/jazzy/opt/gz_utils_vendor:/opt/ros/jazzy/opt/gz_tools_vendor:/opt/ros/jazzy/opt/gz_ogre_next_vendor:/opt/ros/jazzy/opt/gz_dartsim_vendor:/opt/ros/jazzy/opt/gz_cmake_vendor:/opt/ros/jazzy DEBUGINFOD_URLS=https://debuginfod.ubuntu.com LD_LIBRARY_PATH=/home/mushfiqul/AIS_OBS_Project/ros2_ws/install/costmap_converter_msgs/lib:/home/mushfiqul/AIS_OBS_Project/ros2_ws/install/teb_local_planner/lib:/home/mushfiqul/AIS_OBS_Project/ros2_ws/install/teb_msgs/lib:/home/mushfiqul/AIS_OBS_Project/ros2_ws/install/costmap_converter/lib:/opt/ros/jazzy/opt/gz_sim_vendor/lib:/opt/ros/jazzy/opt/gz_sensors_vendor/lib:/opt/ros/jazzy/opt/gz_physics_vendor/lib:/opt/ros/jazzy/opt/sdformat_vendor/lib:/opt/ros/jazzy/opt/rviz_ogre_vendor/lib:/opt/ros/jazzy/lib/x86_64-linux-gnu:/opt/ros/jazzy/opt/gz_gui_vendor/lib:/opt/ros/jazzy/opt/gz_transport_vendor/lib:/opt/ros/jazzy/opt/gz_rendering_vendor/lib:/opt/ros/jazzy/opt/gz_plugin_vendor/lib:/opt/ros/jazzy/opt/gz_fuel_tools_vendor/lib:/opt/ros/jazzy/opt/gz_msgs_vendor/lib:/opt/ros/jazzy/opt/gz_common_vendor/lib:/opt/ros/jazzy/opt/gz_math_vendor/lib:/opt/ros/jazzy/opt/gz_utils_vendor/lib:/opt/ros/jazzy/opt/gz_tools_vendor/lib:/opt/ros/jazzy/opt/gz_ogre_next_vendor/lib:/opt/ros/jazzy/opt/gz_dartsim_vendor/lib:/opt/ros/jazzy/opt/gz_cmake_vendor/lib:/opt/ros/jazzy/lib PYTHONPATH=/home/mushfiqul/AIS_OBS_Project/ros2_ws/install/costmap_converter_msgs/lib/python3.12/site-packages:/home/mushfiqul/AIS_OBS_Project/ros2_ws/install/teb_obstacle_avoidance/lib/python3.12/site-packages:/home/mushfiqul/AIS_OBS_Project/ros2_ws/install/teb_msgs/lib/python3.12/site-packages:/opt/ros/jazzy/lib/python3.12/site-packages /usr/bin/cmake --install /home/mushfiqul/AIS_OBS_Project/ros2_ws/build/teb_msgs
