[0.164s] DEBUG:colcon:Command line arguments: ['/usr/bin/colcon', 'build', '--symlink-install']
[0.165s] DEBUG:colcon:Parsed command line arguments: Namespace(log_base=None, log_level=None, verb_name='build', build_base='build', install_base='install', merge_install=False, symlink_install=True, test_result_base=None, continue_on_error=False, executor='parallel', parallel_workers=8, event_handlers=None, ignore_user_meta=False, metas=['./colcon.meta'], base_paths=['.'], packages_ignore=None, packages_ignore_regex=None, paths=None, packages_up_to=None, packages_up_to_regex=None, packages_above=None, packages_above_and_dependencies=None, packages_above_depth=None, packages_select_by_dep=None, packages_skip_by_dep=None, packages_skip_up_to=None, packages_select_build_failed=False, packages_skip_build_finished=False, packages_select_test_failures=False, packages_skip_test_passed=False, packages_select=None, packages_skip=None, packages_select_regex=None, packages_skip_regex=None, packages_start=None, packages_end=None, allow_overriding=[], cmake_args=None, cmake_target=None, cmake_target_skip_unavailable=False, cmake_clean_cache=False, cmake_clean_first=False, cmake_force_configure=False, ament_cmake_args=None, catkin_cmake_args=None, catkin_skip_building_tests=False, verb_parser=<colcon_defaults.argument_parser.defaults.DefaultArgumentsDecorator object at 0x74fdd6d76030>, verb_extension=<colcon_core.verb.build.BuildVerb object at 0x74fdd6d75d00>, main=<bound method BuildVerb.main of <colcon_core.verb.build.BuildVerb object at 0x74fdd6d75d00>>)
[0.220s] Level 1:colcon.colcon_core.package_discovery:discover_packages(colcon_meta) check parameters
[0.220s] Level 1:colcon.colcon_core.package_discovery:discover_packages(recursive) check parameters
[0.220s] Level 1:colcon.colcon_core.package_discovery:discover_packages(ignore) check parameters
[0.221s] Level 1:colcon.colcon_core.package_discovery:discover_packages(path) check parameters
[0.221s] Level 1:colcon.colcon_core.package_discovery:discover_packages(colcon_meta) discover
[0.221s] Level 1:colcon.colcon_core.package_discovery:discover_packages(recursive) discover
[0.221s] INFO:colcon.colcon_core.package_discovery:Crawling recursively for packages in '/home/mushfiqul/AIS_OBS_Project/ros2_ws'
[0.221s] Level 1:colcon.colcon_core.package_identification:_identify(.) by extensions ['ignore', 'ignore_ament_install']
[0.221s] Level 1:colcon.colcon_core.package_identification:_identify(.) by extension 'ignore'
[0.221s] Level 1:colcon.colcon_core.package_identification:_identify(.) by extension 'ignore_ament_install'
[0.221s] Level 1:colcon.colcon_core.package_identification:_identify(.) by extensions ['colcon_pkg']
[0.221s] Level 1:colcon.colcon_core.package_identification:_identify(.) by extension 'colcon_pkg'
[0.221s] Level 1:colcon.colcon_core.package_identification:_identify(.) by extensions ['colcon_meta']
[0.221s] Level 1:colcon.colcon_core.package_identification:_identify(.) by extension 'colcon_meta'
[0.221s] Level 1:colcon.colcon_core.package_identification:_identify(.) by extensions ['ros']
[0.222s] Level 1:colcon.colcon_core.package_identification:_identify(.) by extension 'ros'
[0.255s] Level 1:colcon.colcon_core.package_identification:_identify(.) by extensions ['cmake', 'python']
[0.255s] Level 1:colcon.colcon_core.package_identification:_identify(.) by extension 'cmake'
[0.256s] Level 1:colcon.colcon_core.package_identification:_identify(.) by extension 'python'
[0.256s] Level 1:colcon.colcon_core.package_identification:_identify(.) by extensions ['python_setup_py']
[0.256s] Level 1:colcon.colcon_core.package_identification:_identify(.) by extension 'python_setup_py'
[0.256s] Level 1:colcon.colcon_core.package_identification:_identify(build) by extensions ['ignore', 'ignore_ament_install']
[0.256s] Level 1:colcon.colcon_core.package_identification:_identify(build) by extension 'ignore'
[0.256s] Level 1:colcon.colcon_core.package_identification:_identify(build) ignored
[0.256s] Level 1:colcon.colcon_core.package_identification:_identify(install) by extensions ['ignore', 'ignore_ament_install']
[0.256s] Level 1:colcon.colcon_core.package_identification:_identify(install) by extension 'ignore'
[0.256s] Level 1:colcon.colcon_core.package_identification:_identify(install) ignored
[0.257s] Level 1:colcon.colcon_core.package_identification:_identify(log) by extensions ['ignore', 'ignore_ament_install']
[0.257s] Level 1:colcon.colcon_core.package_identification:_identify(log) by extension 'ignore'
[0.257s] Level 1:colcon.colcon_core.package_identification:_identify(log) ignored
[0.257s] Level 1:colcon.colcon_core.package_identification:_identify(src) by extensions ['ignore', 'ignore_ament_install']
[0.257s] Level 1:colcon.colcon_core.package_identification:_identify(src) by extension 'ignore'
[0.257s] Level 1:colcon.colcon_core.package_identification:_identify(src) by extension 'ignore_ament_install'
[0.257s] Level 1:colcon.colcon_core.package_identification:_identify(src) by extensions ['colcon_pkg']
[0.257s] Level 1:colcon.colcon_core.package_identification:_identify(src) by extension 'colcon_pkg'
[0.257s] Level 1:colcon.colcon_core.package_identification:_identify(src) by extensions ['colcon_meta']
[0.257s] Level 1:colcon.colcon_core.package_identification:_identify(src) by extension 'colcon_meta'
[0.257s] Level 1:colcon.colcon_core.package_identification:_identify(src) by extensions ['ros']
[0.257s] Level 1:colcon.colcon_core.package_identification:_identify(src) by extension 'ros'
[0.258s] Level 1:colcon.colcon_core.package_identification:_identify(src) by extensions ['cmake', 'python']
[0.258s] Level 1:colcon.colcon_core.package_identification:_identify(src) by extension 'cmake'
[0.258s] Level 1:colcon.colcon_core.package_identification:_identify(src) by extension 'python'
[0.258s] Level 1:colcon.colcon_core.package_identification:_identify(src) by extensions ['python_setup_py']
[0.258s] Level 1:colcon.colcon_core.package_identification:_identify(src) by extension 'python_setup_py'
[0.258s] Level 1:colcon.colcon_core.package_identification:_identify(src/costmap_converter) by extensions ['ignore', 'ignore_ament_install']
[0.258s] Level 1:colcon.colcon_core.package_identification:_identify(src/costmap_converter) by extension 'ignore'
[0.258s] Level 1:colcon.colcon_core.package_identification:_identify(src/costmap_converter) by extension 'ignore_ament_install'
[0.258s] Level 1:colcon.colcon_core.package_identification:_identify(src/costmap_converter) by extensions ['colcon_pkg']
[0.258s] Level 1:colcon.colcon_core.package_identification:_identify(src/costmap_converter) by extension 'colcon_pkg'
[0.258s] Level 1:colcon.colcon_core.package_identification:_identify(src/costmap_converter) by extensions ['colcon_meta']
[0.258s] Level 1:colcon.colcon_core.package_identification:_identify(src/costmap_converter) by extension 'colcon_meta'
[0.258s] Level 1:colcon.colcon_core.package_identification:_identify(src/costmap_converter) by extensions ['ros']
[0.258s] Level 1:colcon.colcon_core.package_identification:_identify(src/costmap_converter) by extension 'ros'
[0.258s] Level 1:colcon.colcon_core.package_identification:_identify(src/costmap_converter) by extensions ['cmake', 'python']
[0.259s] Level 1:colcon.colcon_core.package_identification:_identify(src/costmap_converter) by extension 'cmake'
[0.259s] Level 1:colcon.colcon_core.package_identification:_identify(src/costmap_converter) by extension 'python'
[0.259s] Level 1:colcon.colcon_core.package_identification:_identify(src/costmap_converter) by extensions ['python_setup_py']
[0.259s] Level 1:colcon.colcon_core.package_identification:_identify(src/costmap_converter) by extension 'python_setup_py'
[0.259s] Level 1:colcon.colcon_core.package_identification:_identify(src/costmap_converter/costmap_converter) by extensions ['ignore', 'ignore_ament_install']
[0.259s] Level 1:colcon.colcon_core.package_identification:_identify(src/costmap_converter/costmap_converter) by extension 'ignore'
[0.259s] Level 1:colcon.colcon_core.package_identification:_identify(src/costmap_converter/costmap_converter) by extension 'ignore_ament_install'
[0.259s] Level 1:colcon.colcon_core.package_identification:_identify(src/costmap_converter/costmap_converter) by extensions ['colcon_pkg']
[0.259s] Level 1:colcon.colcon_core.package_identification:_identify(src/costmap_converter/costmap_converter) by extension 'colcon_pkg'
[0.259s] Level 1:colcon.colcon_core.package_identification:_identify(src/costmap_converter/costmap_converter) by extensions ['colcon_meta']
[0.259s] Level 1:colcon.colcon_core.package_identification:_identify(src/costmap_converter/costmap_converter) by extension 'colcon_meta'
[0.259s] Level 1:colcon.colcon_core.package_identification:_identify(src/costmap_converter/costmap_converter) by extensions ['ros']
[0.259s] Level 1:colcon.colcon_core.package_identification:_identify(src/costmap_converter/costmap_converter) by extension 'ros'
[0.264s] DEBUG:colcon.colcon_core.package_identification:Package 'src/costmap_converter/costmap_converter' with type 'ros.ament_cmake' and name 'costmap_converter'
[0.264s] Level 1:colcon.colcon_core.package_identification:_identify(src/costmap_converter/costmap_converter_msgs) by extensions ['ignore', 'ignore_ament_install']
[0.264s] Level 1:colcon.colcon_core.package_identification:_identify(src/costmap_converter/costmap_converter_msgs) by extension 'ignore'
[0.265s] Level 1:colcon.colcon_core.package_identification:_identify(src/costmap_converter/costmap_converter_msgs) by extension 'ignore_ament_install'
[0.265s] Level 1:colcon.colcon_core.package_identification:_identify(src/costmap_converter/costmap_converter_msgs) by extensions ['colcon_pkg']
[0.265s] Level 1:colcon.colcon_core.package_identification:_identify(src/costmap_converter/costmap_converter_msgs) by extension 'colcon_pkg'
[0.265s] Level 1:colcon.colcon_core.package_identification:_identify(src/costmap_converter/costmap_converter_msgs) by extensions ['colcon_meta']
[0.265s] Level 1:colcon.colcon_core.package_identification:_identify(src/costmap_converter/costmap_converter_msgs) by extension 'colcon_meta'
[0.265s] Level 1:colcon.colcon_core.package_identification:_identify(src/costmap_converter/costmap_converter_msgs) by extensions ['ros']
[0.265s] Level 1:colcon.colcon_core.package_identification:_identify(src/costmap_converter/costmap_converter_msgs) by extension 'ros'
[0.266s] DEBUG:colcon.colcon_core.package_identification:Package 'src/costmap_converter/costmap_converter_msgs' with type 'ros.ament_cmake' and name 'costmap_converter_msgs'
[0.266s] Level 1:colcon.colcon_core.package_identification:_identify(src/teb_local_planner) by extensions ['ignore', 'ignore_ament_install']
[0.266s] Level 1:colcon.colcon_core.package_identification:_identify(src/teb_local_planner) by extension 'ignore'
[0.266s] Level 1:colcon.colcon_core.package_identification:_identify(src/teb_local_planner) by extension 'ignore_ament_install'
[0.266s] Level 1:colcon.colcon_core.package_identification:_identify(src/teb_local_planner) by extensions ['colcon_pkg']
[0.266s] Level 1:colcon.colcon_core.package_identification:_identify(src/teb_local_planner) by extension 'colcon_pkg'
[0.266s] Level 1:colcon.colcon_core.package_identification:_identify(src/teb_local_planner) by extensions ['colcon_meta']
[0.267s] Level 1:colcon.colcon_core.package_identification:_identify(src/teb_local_planner) by extension 'colcon_meta'
[0.267s] Level 1:colcon.colcon_core.package_identification:_identify(src/teb_local_planner) by extensions ['ros']
[0.267s] Level 1:colcon.colcon_core.package_identification:_identify(src/teb_local_planner) by extension 'ros'
[0.267s] Level 1:colcon.colcon_core.package_identification:_identify(src/teb_local_planner) by extensions ['cmake', 'python']
[0.267s] Level 1:colcon.colcon_core.package_identification:_identify(src/teb_local_planner) by extension 'cmake'
[0.267s] Level 1:colcon.colcon_core.package_identification:_identify(src/teb_local_planner) by extension 'python'
[0.267s] Level 1:colcon.colcon_core.package_identification:_identify(src/teb_local_planner) by extensions ['python_setup_py']
[0.267s] Level 1:colcon.colcon_core.package_identification:_identify(src/teb_local_planner) by extension 'python_setup_py'
[0.267s] Level 1:colcon.colcon_core.package_identification:_identify(src/teb_local_planner/teb_local_planner) by extensions ['ignore', 'ignore_ament_install']
[0.267s] Level 1:colcon.colcon_core.package_identification:_identify(src/teb_local_planner/teb_local_planner) by extension 'ignore'
[0.267s] Level 1:colcon.colcon_core.package_identification:_identify(src/teb_local_planner/teb_local_planner) by extension 'ignore_ament_install'
[0.267s] Level 1:colcon.colcon_core.package_identification:_identify(src/teb_local_planner/teb_local_planner) by extensions ['colcon_pkg']
[0.267s] Level 1:colcon.colcon_core.package_identification:_identify(src/teb_local_planner/teb_local_planner) by extension 'colcon_pkg'
[0.267s] Level 1:colcon.colcon_core.package_identification:_identify(src/teb_local_planner/teb_local_planner) by extensions ['colcon_meta']
[0.268s] Level 1:colcon.colcon_core.package_identification:_identify(src/teb_local_planner/teb_local_planner) by extension 'colcon_meta'
[0.268s] Level 1:colcon.colcon_core.package_identification:_identify(src/teb_local_planner/teb_local_planner) by extensions ['ros']
[0.268s] Level 1:colcon.colcon_core.package_identification:_identify(src/teb_local_planner/teb_local_planner) by extension 'ros'
[0.270s] DEBUG:colcon.colcon_core.package_identification:Package 'src/teb_local_planner/teb_local_planner' with type 'ros.ament_cmake' and name 'teb_local_planner'
[0.270s] Level 1:colcon.colcon_core.package_identification:_identify(src/teb_local_planner/teb_msgs) by extensions ['ignore', 'ignore_ament_install']
[0.270s] Level 1:colcon.colcon_core.package_identification:_identify(src/teb_local_planner/teb_msgs) by extension 'ignore'
[0.270s] Level 1:colcon.colcon_core.package_identification:_identify(src/teb_local_planner/teb_msgs) by extension 'ignore_ament_install'
[0.270s] Level 1:colcon.colcon_core.package_identification:_identify(src/teb_local_planner/teb_msgs) by extensions ['colcon_pkg']
[0.270s] Level 1:colcon.colcon_core.package_identification:_identify(src/teb_local_planner/teb_msgs) by extension 'colcon_pkg'
[0.270s] Level 1:colcon.colcon_core.package_identification:_identify(src/teb_local_planner/teb_msgs) by extensions ['colcon_meta']
[0.270s] Level 1:colcon.colcon_core.package_identification:_identify(src/teb_local_planner/teb_msgs) by extension 'colcon_meta'
[0.270s] Level 1:colcon.colcon_core.package_identification:_identify(src/teb_local_planner/teb_msgs) by extensions ['ros']
[0.270s] Level 1:colcon.colcon_core.package_identification:_identify(src/teb_local_planner/teb_msgs) by extension 'ros'
[0.271s] DEBUG:colcon.colcon_core.package_identification:Package 'src/teb_local_planner/teb_msgs' with type 'ros.ament_cmake' and name 'teb_msgs'
[0.271s] Level 1:colcon.colcon_core.package_identification:_identify(src/teb_obstacle_avoidance) by extensions ['ignore', 'ignore_ament_install']
[0.271s] Level 1:colcon.colcon_core.package_identification:_identify(src/teb_obstacle_avoidance) by extension 'ignore'
[0.271s] Level 1:colcon.colcon_core.package_identification:_identify(src/teb_obstacle_avoidance) by extension 'ignore_ament_install'
[0.272s] Level 1:colcon.colcon_core.package_identification:_identify(src/teb_obstacle_avoidance) by extensions ['colcon_pkg']
[0.272s] Level 1:colcon.colcon_core.package_identification:_identify(src/teb_obstacle_avoidance) by extension 'colcon_pkg'
[0.272s] Level 1:colcon.colcon_core.package_identification:_identify(src/teb_obstacle_avoidance) by extensions ['colcon_meta']
[0.272s] Level 1:colcon.colcon_core.package_identification:_identify(src/teb_obstacle_avoidance) by extension 'colcon_meta'
[0.272s] Level 1:colcon.colcon_core.package_identification:_identify(src/teb_obstacle_avoidance) by extensions ['ros']
[0.272s] Level 1:colcon.colcon_core.package_identification:_identify(src/teb_obstacle_avoidance) by extension 'ros'
[0.272s] Level 1:colcon.colcon_core.package_identification:_identify(src/teb_obstacle_avoidance) by extensions ['cmake', 'python']
[0.272s] Level 1:colcon.colcon_core.package_identification:_identify(src/teb_obstacle_avoidance) by extension 'cmake'
[0.272s] Level 1:colcon.colcon_core.package_identification:_identify(src/teb_obstacle_avoidance) by extension 'python'
[0.272s] Level 1:colcon.colcon_core.package_identification:_identify(src/teb_obstacle_avoidance) by extensions ['python_setup_py']
[0.272s] Level 1:colcon.colcon_core.package_identification:_identify(src/teb_obstacle_avoidance) by extension 'python_setup_py'
[0.272s] Level 1:colcon.colcon_core.package_identification:_identify(src/teb_obstacle_avoidance/config) by extensions ['ignore', 'ignore_ament_install']
[0.272s] Level 1:colcon.colcon_core.package_identification:_identify(src/teb_obstacle_avoidance/config) by extension 'ignore'
[0.272s] Level 1:colcon.colcon_core.package_identification:_identify(src/teb_obstacle_avoidance/config) by extension 'ignore_ament_install'
[0.273s] Level 1:colcon.colcon_core.package_identification:_identify(src/teb_obstacle_avoidance/config) by extensions ['colcon_pkg']
[0.273s] Level 1:colcon.colcon_core.package_identification:_identify(src/teb_obstacle_avoidance/config) by extension 'colcon_pkg'
[0.273s] Level 1:colcon.colcon_core.package_identification:_identify(src/teb_obstacle_avoidance/config) by extensions ['colcon_meta']
[0.273s] Level 1:colcon.colcon_core.package_identification:_identify(src/teb_obstacle_avoidance/config) by extension 'colcon_meta'
[0.273s] Level 1:colcon.colcon_core.package_identification:_identify(src/teb_obstacle_avoidance/config) by extensions ['ros']
[0.273s] Level 1:colcon.colcon_core.package_identification:_identify(src/teb_obstacle_avoidance/config) by extension 'ros'
[0.273s] Level 1:colcon.colcon_core.package_identification:_identify(src/teb_obstacle_avoidance/config) by extensions ['cmake', 'python']
[0.273s] Level 1:colcon.colcon_core.package_identification:_identify(src/teb_obstacle_avoidance/config) by extension 'cmake'
[0.273s] Level 1:colcon.colcon_core.package_identification:_identify(src/teb_obstacle_avoidance/config) by extension 'python'
[0.273s] Level 1:colcon.colcon_core.package_identification:_identify(src/teb_obstacle_avoidance/config) by extensions ['python_setup_py']
[0.273s] Level 1:colcon.colcon_core.package_identification:_identify(src/teb_obstacle_avoidance/config) by extension 'python_setup_py'
[0.273s] Level 1:colcon.colcon_core.package_identification:_identify(src/teb_obstacle_avoidance/launch) by extensions ['ignore', 'ignore_ament_install']
[0.273s] Level 1:colcon.colcon_core.package_identification:_identify(src/teb_obstacle_avoidance/launch) by extension 'ignore'
[0.273s] Level 1:colcon.colcon_core.package_identification:_identify(src/teb_obstacle_avoidance/launch) by extension 'ignore_ament_install'
[0.274s] Level 1:colcon.colcon_core.package_identification:_identify(src/teb_obstacle_avoidance/launch) by extensions ['colcon_pkg']
[0.274s] Level 1:colcon.colcon_core.package_identification:_identify(src/teb_obstacle_avoidance/launch) by extension 'colcon_pkg'
[0.274s] Level 1:colcon.colcon_core.package_identification:_identify(src/teb_obstacle_avoidance/launch) by extensions ['colcon_meta']
[0.274s] Level 1:colcon.colcon_core.package_identification:_identify(src/teb_obstacle_avoidance/launch) by extension 'colcon_meta'
[0.274s] Level 1:colcon.colcon_core.package_identification:_identify(src/teb_obstacle_avoidance/launch) by extensions ['ros']
[0.274s] Level 1:colcon.colcon_core.package_identification:_identify(src/teb_obstacle_avoidance/launch) by extension 'ros'
[0.274s] Level 1:colcon.colcon_core.package_identification:_identify(src/teb_obstacle_avoidance/launch) by extensions ['cmake', 'python']
[0.274s] Level 1:colcon.colcon_core.package_identification:_identify(src/teb_obstacle_avoidance/launch) by extension 'cmake'
[0.274s] Level 1:colcon.colcon_core.package_identification:_identify(src/teb_obstacle_avoidance/launch) by extension 'python'
[0.274s] Level 1:colcon.colcon_core.package_identification:_identify(src/teb_obstacle_avoidance/launch) by extensions ['python_setup_py']
[0.274s] Level 1:colcon.colcon_core.package_identification:_identify(src/teb_obstacle_avoidance/launch) by extension 'python_setup_py'
[0.274s] Level 1:colcon.colcon_core.package_identification:_identify(src/teb_obstacle_avoidance/maps) by extensions ['ignore', 'ignore_ament_install']
[0.274s] Level 1:colcon.colcon_core.package_identification:_identify(src/teb_obstacle_avoidance/maps) by extension 'ignore'
[0.274s] Level 1:colcon.colcon_core.package_identification:_identify(src/teb_obstacle_avoidance/maps) by extension 'ignore_ament_install'
[0.274s] Level 1:colcon.colcon_core.package_identification:_identify(src/teb_obstacle_avoidance/maps) by extensions ['colcon_pkg']
[0.275s] Level 1:colcon.colcon_core.package_identification:_identify(src/teb_obstacle_avoidance/maps) by extension 'colcon_pkg'
[0.275s] Level 1:colcon.colcon_core.package_identification:_identify(src/teb_obstacle_avoidance/maps) by extensions ['colcon_meta']
[0.275s] Level 1:colcon.colcon_core.package_identification:_identify(src/teb_obstacle_avoidance/maps) by extension 'colcon_meta'
[0.275s] Level 1:colcon.colcon_core.package_identification:_identify(src/teb_obstacle_avoidance/maps) by extensions ['ros']
[0.275s] Level 1:colcon.colcon_core.package_identification:_identify(src/teb_obstacle_avoidance/maps) by extension 'ros'
[0.275s] Level 1:colcon.colcon_core.package_identification:_identify(src/teb_obstacle_avoidance/maps) by extensions ['cmake', 'python']
[0.275s] Level 1:colcon.colcon_core.package_identification:_identify(src/teb_obstacle_avoidance/maps) by extension 'cmake'
[0.275s] Level 1:colcon.colcon_core.package_identification:_identify(src/teb_obstacle_avoidance/maps) by extension 'python'
[0.275s] Level 1:colcon.colcon_core.package_identification:_identify(src/teb_obstacle_avoidance/maps) by extensions ['python_setup_py']
[0.275s] Level 1:colcon.colcon_core.package_identification:_identify(src/teb_obstacle_avoidance/maps) by extension 'python_setup_py'
[0.275s] Level 1:colcon.colcon_core.package_identification:_identify(src/teb_obstacle_avoidance/scripts) by extensions ['ignore', 'ignore_ament_install']
[0.275s] Level 1:colcon.colcon_core.package_identification:_identify(src/teb_obstacle_avoidance/scripts) by extension 'ignore'
[0.275s] Level 1:colcon.colcon_core.package_identification:_identify(src/teb_obstacle_avoidance/scripts) by extension 'ignore_ament_install'
[0.275s] Level 1:colcon.colcon_core.package_identification:_identify(src/teb_obstacle_avoidance/scripts) by extensions ['colcon_pkg']
[0.276s] Level 1:colcon.colcon_core.package_identification:_identify(src/teb_obstacle_avoidance/scripts) by extension 'colcon_pkg'
[0.276s] Level 1:colcon.colcon_core.package_identification:_identify(src/teb_obstacle_avoidance/scripts) by extensions ['colcon_meta']
[0.276s] Level 1:colcon.colcon_core.package_identification:_identify(src/teb_obstacle_avoidance/scripts) by extension 'colcon_meta'
[0.276s] Level 1:colcon.colcon_core.package_identification:_identify(src/teb_obstacle_avoidance/scripts) by extensions ['ros']
[0.276s] Level 1:colcon.colcon_core.package_identification:_identify(src/teb_obstacle_avoidance/scripts) by extension 'ros'
[0.276s] Level 1:colcon.colcon_core.package_identification:_identify(src/teb_obstacle_avoidance/scripts) by extensions ['cmake', 'python']
[0.276s] Level 1:colcon.colcon_core.package_identification:_identify(src/teb_obstacle_avoidance/scripts) by extension 'cmake'
[0.276s] Level 1:colcon.colcon_core.package_identification:_identify(src/teb_obstacle_avoidance/scripts) by extension 'python'
[0.276s] Level 1:colcon.colcon_core.package_identification:_identify(src/teb_obstacle_avoidance/scripts) by extensions ['python_setup_py']
[0.276s] Level 1:colcon.colcon_core.package_identification:_identify(src/teb_obstacle_avoidance/scripts) by extension 'python_setup_py'
[0.276s] Level 1:colcon.colcon_core.package_identification:_identify(src/teb_obstacle_avoidance/teb_obstacle_avoidance) by extensions ['ignore', 'ignore_ament_install']
[0.276s] Level 1:colcon.colcon_core.package_identification:_identify(src/teb_obstacle_avoidance/teb_obstacle_avoidance) by extension 'ignore'
[0.276s] Level 1:colcon.colcon_core.package_identification:_identify(src/teb_obstacle_avoidance/teb_obstacle_avoidance) by extension 'ignore_ament_install'
[0.276s] Level 1:colcon.colcon_core.package_identification:_identify(src/teb_obstacle_avoidance/teb_obstacle_avoidance) by extensions ['colcon_pkg']
[0.277s] Level 1:colcon.colcon_core.package_identification:_identify(src/teb_obstacle_avoidance/teb_obstacle_avoidance) by extension 'colcon_pkg'
[0.277s] Level 1:colcon.colcon_core.package_identification:_identify(src/teb_obstacle_avoidance/teb_obstacle_avoidance) by extensions ['colcon_meta']
[0.277s] Level 1:colcon.colcon_core.package_identification:_identify(src/teb_obstacle_avoidance/teb_obstacle_avoidance) by extension 'colcon_meta'
[0.277s] Level 1:colcon.colcon_core.package_identification:_identify(src/teb_obstacle_avoidance/teb_obstacle_avoidance) by extensions ['ros']
[0.277s] Level 1:colcon.colcon_core.package_identification:_identify(src/teb_obstacle_avoidance/teb_obstacle_avoidance) by extension 'ros'
[0.277s] Level 1:colcon.colcon_core.package_identification:_identify(src/teb_obstacle_avoidance/teb_obstacle_avoidance) by extensions ['cmake', 'python']
[0.277s] Level 1:colcon.colcon_core.package_identification:_identify(src/teb_obstacle_avoidance/teb_obstacle_avoidance) by extension 'cmake'
[0.277s] Level 1:colcon.colcon_core.package_identification:_identify(src/teb_obstacle_avoidance/teb_obstacle_avoidance) by extension 'python'
[0.277s] Level 1:colcon.colcon_core.package_identification:_identify(src/teb_obstacle_avoidance/teb_obstacle_avoidance) by extensions ['python_setup_py']
[0.277s] Level 1:colcon.colcon_core.package_identification:_identify(src/teb_obstacle_avoidance/teb_obstacle_avoidance) by extension 'python_setup_py'
[0.277s] Level 1:colcon.colcon_core.package_identification:_identify(src/teb_obstacle_avoidance/worlds) by extensions ['ignore', 'ignore_ament_install']
[0.277s] Level 1:colcon.colcon_core.package_identification:_identify(src/teb_obstacle_avoidance/worlds) by extension 'ignore'
[0.277s] Level 1:colcon.colcon_core.package_identification:_identify(src/teb_obstacle_avoidance/worlds) by extension 'ignore_ament_install'
[0.277s] Level 1:colcon.colcon_core.package_identification:_identify(src/teb_obstacle_avoidance/worlds) by extensions ['colcon_pkg']
[0.277s] Level 1:colcon.colcon_core.package_identification:_identify(src/teb_obstacle_avoidance/worlds) by extension 'colcon_pkg'
[0.278s] Level 1:colcon.colcon_core.package_identification:_identify(src/teb_obstacle_avoidance/worlds) by extensions ['colcon_meta']
[0.278s] Level 1:colcon.colcon_core.package_identification:_identify(src/teb_obstacle_avoidance/worlds) by extension 'colcon_meta'
[0.278s] Level 1:colcon.colcon_core.package_identification:_identify(src/teb_obstacle_avoidance/worlds) by extensions ['ros']
[0.278s] Level 1:colcon.colcon_core.package_identification:_identify(src/teb_obstacle_avoidance/worlds) by extension 'ros'
[0.278s] Level 1:colcon.colcon_core.package_identification:_identify(src/teb_obstacle_avoidance/worlds) by extensions ['cmake', 'python']
[0.278s] Level 1:colcon.colcon_core.package_identification:_identify(src/teb_obstacle_avoidance/worlds) by extension 'cmake'
[0.278s] Level 1:colcon.colcon_core.package_identification:_identify(src/teb_obstacle_avoidance/worlds) by extension 'python'
[0.278s] Level 1:colcon.colcon_core.package_identification:_identify(src/teb_obstacle_avoidance/worlds) by extensions ['python_setup_py']
[0.278s] Level 1:colcon.colcon_core.package_identification:_identify(src/teb_obstacle_avoidance/worlds) by extension 'python_setup_py'
[0.278s] Level 1:colcon.colcon_core.package_discovery:discover_packages(recursive) using defaults
[0.278s] Level 1:colcon.colcon_core.package_discovery:discover_packages(ignore) discover
[0.278s] Level 1:colcon.colcon_core.package_discovery:discover_packages(ignore) using defaults
[0.278s] Level 1:colcon.colcon_core.package_discovery:discover_packages(path) discover
[0.278s] Level 1:colcon.colcon_core.package_discovery:discover_packages(path) using defaults
[0.302s] Level 1:colcon.colcon_core.package_discovery:discover_packages(prefix_path) check parameters
[0.302s] Level 1:colcon.colcon_core.package_discovery:discover_packages(prefix_path) discover
[0.307s] DEBUG:colcon.colcon_installed_package_information.package_discovery:Found 330 installed packages in /opt/ros/jazzy
[0.308s] Level 1:colcon.colcon_core.package_discovery:discover_packages(prefix_path) using defaults
[0.382s] Level 5:colcon.colcon_core.verb:set package 'costmap_converter_msgs' build argument 'cmake_args' from command line to 'None'
[0.382s] Level 5:colcon.colcon_core.verb:set package 'costmap_converter_msgs' build argument 'cmake_target' from command line to 'None'
[0.382s] Level 5:colcon.colcon_core.verb:set package 'costmap_converter_msgs' build argument 'cmake_target_skip_unavailable' from command line to 'False'
[0.382s] Level 5:colcon.colcon_core.verb:set package 'costmap_converter_msgs' build argument 'cmake_clean_cache' from command line to 'False'
[0.382s] Level 5:colcon.colcon_core.verb:set package 'costmap_converter_msgs' build argument 'cmake_clean_first' from command line to 'False'
[0.382s] Level 5:colcon.colcon_core.verb:set package 'costmap_converter_msgs' build argument 'cmake_force_configure' from command line to 'False'
[0.382s] Level 5:colcon.colcon_core.verb:set package 'costmap_converter_msgs' build argument 'ament_cmake_args' from command line to 'None'
[0.382s] Level 5:colcon.colcon_core.verb:set package 'costmap_converter_msgs' build argument 'catkin_cmake_args' from command line to 'None'
[0.382s] Level 5:colcon.colcon_core.verb:set package 'costmap_converter_msgs' build argument 'catkin_skip_building_tests' from command line to 'False'
[0.382s] DEBUG:colcon.colcon_core.verb:Building package 'costmap_converter_msgs' with the following arguments: {'ament_cmake_args': None, 'build_base': '/home/mushfiqul/AIS_OBS_Project/ros2_ws/build/costmap_converter_msgs', 'catkin_cmake_args': None, 'catkin_skip_building_tests': False, 'cmake_args': None, 'cmake_clean_cache': False, 'cmake_clean_first': False, 'cmake_force_configure': False, 'cmake_target': None, 'cmake_target_skip_unavailable': False, 'install_base': '/home/mushfiqul/AIS_OBS_Project/ros2_ws/install/costmap_converter_msgs', 'merge_install': False, 'path': '/home/mushfiqul/AIS_OBS_Project/ros2_ws/src/costmap_converter/costmap_converter_msgs', 'symlink_install': True, 'test_result_base': None}
[0.383s] Level 5:colcon.colcon_core.verb:set package 'costmap_converter' build argument 'cmake_args' from command line to 'None'
[0.383s] Level 5:colcon.colcon_core.verb:set package 'costmap_converter' build argument 'cmake_target' from command line to 'None'
[0.383s] Level 5:colcon.colcon_core.verb:set package 'costmap_converter' build argument 'cmake_target_skip_unavailable' from command line to 'False'
[0.383s] Level 5:colcon.colcon_core.verb:set package 'costmap_converter' build argument 'cmake_clean_cache' from command line to 'False'
[0.383s] Level 5:colcon.colcon_core.verb:set package 'costmap_converter' build argument 'cmake_clean_first' from command line to 'False'
[0.383s] Level 5:colcon.colcon_core.verb:set package 'costmap_converter' build argument 'cmake_force_configure' from command line to 'False'
[0.383s] Level 5:colcon.colcon_core.verb:set package 'costmap_converter' build argument 'ament_cmake_args' from command line to 'None'
[0.383s] Level 5:colcon.colcon_core.verb:set package 'costmap_converter' build argument 'catkin_cmake_args' from command line to 'None'
[0.383s] Level 5:colcon.colcon_core.verb:set package 'costmap_converter' build argument 'catkin_skip_building_tests' from command line to 'False'
[0.383s] DEBUG:colcon.colcon_core.verb:Building package 'costmap_converter' with the following arguments: {'ament_cmake_args': None, 'build_base': '/home/mushfiqul/AIS_OBS_Project/ros2_ws/build/costmap_converter', 'catkin_cmake_args': None, 'catkin_skip_building_tests': False, 'cmake_args': None, 'cmake_clean_cache': False, 'cmake_clean_first': False, 'cmake_force_configure': False, 'cmake_target': None, 'cmake_target_skip_unavailable': False, 'install_base': '/home/mushfiqul/AIS_OBS_Project/ros2_ws/install/costmap_converter', 'merge_install': False, 'path': '/home/mushfiqul/AIS_OBS_Project/ros2_ws/src/costmap_converter/costmap_converter', 'symlink_install': True, 'test_result_base': None}
[0.383s] Level 5:colcon.colcon_core.verb:set package 'teb_msgs' build argument 'cmake_args' from command line to 'None'
[0.383s] Level 5:colcon.colcon_core.verb:set package 'teb_msgs' build argument 'cmake_target' from command line to 'None'
[0.383s] Level 5:colcon.colcon_core.verb:set package 'teb_msgs' build argument 'cmake_target_skip_unavailable' from command line to 'False'
[0.383s] Level 5:colcon.colcon_core.verb:set package 'teb_msgs' build argument 'cmake_clean_cache' from command line to 'False'
[0.383s] Level 5:colcon.colcon_core.verb:set package 'teb_msgs' build argument 'cmake_clean_first' from command line to 'False'
[0.384s] Level 5:colcon.colcon_core.verb:set package 'teb_msgs' build argument 'cmake_force_configure' from command line to 'False'
[0.384s] Level 5:colcon.colcon_core.verb:set package 'teb_msgs' build argument 'ament_cmake_args' from command line to 'None'
[0.384s] Level 5:colcon.colcon_core.verb:set package 'teb_msgs' build argument 'catkin_cmake_args' from command line to 'None'
[0.384s] Level 5:colcon.colcon_core.verb:set package 'teb_msgs' build argument 'catkin_skip_building_tests' from command line to 'False'
[0.384s] DEBUG:colcon.colcon_core.verb:Building package 'teb_msgs' with the following arguments: {'ament_cmake_args': None, 'build_base': '/home/mushfiqul/AIS_OBS_Project/ros2_ws/build/teb_msgs', 'catkin_cmake_args': None, 'catkin_skip_building_tests': False, 'cmake_args': None, 'cmake_clean_cache': False, 'cmake_clean_first': False, 'cmake_force_configure': False, 'cmake_target': None, 'cmake_target_skip_unavailable': False, 'install_base': '/home/mushfiqul/AIS_OBS_Project/ros2_ws/install/teb_msgs', 'merge_install': False, 'path': '/home/mushfiqul/AIS_OBS_Project/ros2_ws/src/teb_local_planner/teb_msgs', 'symlink_install': True, 'test_result_base': None}
[0.384s] Level 5:colcon.colcon_core.verb:set package 'teb_local_planner' build argument 'cmake_args' from command line to 'None'
[0.384s] Level 5:colcon.colcon_core.verb:set package 'teb_local_planner' build argument 'cmake_target' from command line to 'None'
[0.384s] Level 5:colcon.colcon_core.verb:set package 'teb_local_planner' build argument 'cmake_target_skip_unavailable' from command line to 'False'
[0.384s] Level 5:colcon.colcon_core.verb:set package 'teb_local_planner' build argument 'cmake_clean_cache' from command line to 'False'
[0.384s] Level 5:colcon.colcon_core.verb:set package 'teb_local_planner' build argument 'cmake_clean_first' from command line to 'False'
[0.384s] Level 5:colcon.colcon_core.verb:set package 'teb_local_planner' build argument 'cmake_force_configure' from command line to 'False'
[0.384s] Level 5:colcon.colcon_core.verb:set package 'teb_local_planner' build argument 'ament_cmake_args' from command line to 'None'
[0.384s] Level 5:colcon.colcon_core.verb:set package 'teb_local_planner' build argument 'catkin_cmake_args' from command line to 'None'
[0.384s] Level 5:colcon.colcon_core.verb:set package 'teb_local_planner' build argument 'catkin_skip_building_tests' from command line to 'False'
[0.384s] DEBUG:colcon.colcon_core.verb:Building package 'teb_local_planner' with the following arguments: {'ament_cmake_args': None, 'build_base': '/home/mushfiqul/AIS_OBS_Project/ros2_ws/build/teb_local_planner', 'catkin_cmake_args': None, 'catkin_skip_building_tests': False, 'cmake_args': None, 'cmake_clean_cache': False, 'cmake_clean_first': False, 'cmake_force_configure': False, 'cmake_target': None, 'cmake_target_skip_unavailable': False, 'install_base': '/home/mushfiqul/AIS_OBS_Project/ros2_ws/install/teb_local_planner', 'merge_install': False, 'path': '/home/mushfiqul/AIS_OBS_Project/ros2_ws/src/teb_local_planner/teb_local_planner', 'symlink_install': True, 'test_result_base': None}
[0.385s] INFO:colcon.colcon_core.executor:Executing jobs using 'parallel' executor
[0.386s] DEBUG:colcon.colcon_parallel_executor.executor.parallel:run_until_complete
[0.386s] INFO:colcon.colcon_ros.task.ament_cmake.build:Building ROS package in '/home/mushfiqul/AIS_OBS_Project/ros2_ws/src/costmap_converter/costmap_converter_msgs' with build type 'ament_cmake'
[0.387s] INFO:colcon.colcon_cmake.task.cmake.build:Building CMake package in '/home/mushfiqul/AIS_OBS_Project/ros2_ws/src/costmap_converter/costmap_converter_msgs'
[0.390s] INFO:colcon.colcon_core.plugin_system:Skipping extension 'colcon_core.shell.bat': Not used on non-Windows systems
[0.390s] INFO:colcon.colcon_core.shell:Skip shell extension 'powershell' for command environment: Not usable outside of PowerShell
[0.390s] DEBUG:colcon.colcon_core.shell:Skip shell extension 'dsv' for command environment
[0.402s] DEBUG:colcon.colcon_core.event_handler.log_command:Invoking command in '/home/mushfiqul/AIS_OBS_Project/ros2_ws/build/costmap_converter_msgs': CMAKE_PREFIX_PATH=${CMAKE_PREFIX_PATH}:/opt/ros/jazzy DEBUGINFOD_URLS=https://debuginfod.ubuntu.com /usr/bin/cmake /home/mushfiqul/AIS_OBS_Project/ros2_ws/src/costmap_converter/costmap_converter_msgs -DAMENT_CMAKE_SYMLINK_INSTALL=1 -DCMAKE_INSTALL_PREFIX=/home/mushfiqul/AIS_OBS_Project/ros2_ws/install/costmap_converter_msgs
[6.602s] DEBUG:colcon.colcon_core.event_handler.log_command:Invoked command in '/home/mushfiqul/AIS_OBS_Project/ros2_ws/build/costmap_converter_msgs' returned '0': CMAKE_PREFIX_PATH=${CMAKE_PREFIX_PATH}:/opt/ros/jazzy DEBUGINFOD_URLS=https://debuginfod.ubuntu.com /usr/bin/cmake /home/mushfiqul/AIS_OBS_Project/ros2_ws/src/costmap_converter/costmap_converter_msgs -DAMENT_CMAKE_SYMLINK_INSTALL=1 -DCMAKE_INSTALL_PREFIX=/home/mushfiqul/AIS_OBS_Project/ros2_ws/install/costmap_converter_msgs
[6.604s] DEBUG:colcon.colcon_core.event_handler.log_command:Invoking command in '/home/mushfiqul/AIS_OBS_Project/ros2_ws/build/costmap_converter_msgs': CMAKE_PREFIX_PATH=${CMAKE_PREFIX_PATH}:/opt/ros/jazzy DEBUGINFOD_URLS=https://debuginfod.ubuntu.com /usr/bin/cmake --build /home/mushfiqul/AIS_OBS_Project/ros2_ws/build/costmap_converter_msgs -- -j8 -l8
[15.785s] DEBUG:colcon.colcon_core.event_handler.log_command:Invoked command in '/home/mushfiqul/AIS_OBS_Project/ros2_ws/build/costmap_converter_msgs' returned '0': CMAKE_PREFIX_PATH=${CMAKE_PREFIX_PATH}:/opt/ros/jazzy DEBUGINFOD_URLS=https://debuginfod.ubuntu.com /usr/bin/cmake --build /home/mushfiqul/AIS_OBS_Project/ros2_ws/build/costmap_converter_msgs -- -j8 -l8
[15.816s] DEBUG:colcon.colcon_core.event_handler.log_command:Invoking command in '/home/mushfiqul/AIS_OBS_Project/ros2_ws/build/costmap_converter_msgs': CMAKE_PREFIX_PATH=${CMAKE_PREFIX_PATH}:/opt/ros/jazzy DEBUGINFOD_URLS=https://debuginfod.ubuntu.com /usr/bin/cmake --install /home/mushfiqul/AIS_OBS_Project/ros2_ws/build/costmap_converter_msgs
[18.353s] Level 1:colcon.colcon_core.environment:create_environment_scripts_only(costmap_converter_msgs)
[18.355s] DEBUG:colcon.colcon_core.event_handler.log_command:Invoked command in '/home/mushfiqul/AIS_OBS_Project/ros2_ws/build/costmap_converter_msgs' returned '0': CMAKE_PREFIX_PATH=${CMAKE_PREFIX_PATH}:/opt/ros/jazzy DEBUGINFOD_URLS=https://debuginfod.ubuntu.com /usr/bin/cmake --install /home/mushfiqul/AIS_OBS_Project/ros2_ws/build/costmap_converter_msgs
[18.368s] Level 1:colcon.colcon_core.environment:checking '/home/mushfiqul/AIS_OBS_Project/ros2_ws/install/costmap_converter_msgs' for CMake module files
[18.370s] Level 1:colcon.colcon_core.environment:checking '/home/mushfiqul/AIS_OBS_Project/ros2_ws/install/costmap_converter_msgs' for CMake config files
[18.371s] Level 1:colcon.colcon_core.shell:create_environment_hook('costmap_converter_msgs', 'cmake_prefix_path')
[18.372s] INFO:colcon.colcon_core.shell:Creating environment hook '/home/mushfiqul/AIS_OBS_Project/ros2_ws/install/costmap_converter_msgs/share/costmap_converter_msgs/hook/cmake_prefix_path.ps1'
[18.375s] INFO:colcon.colcon_core.shell:Creating environment descriptor '/home/mushfiqul/AIS_OBS_Project/ros2_ws/install/costmap_converter_msgs/share/costmap_converter_msgs/hook/cmake_prefix_path.dsv'
[18.379s] INFO:colcon.colcon_core.shell:Creating environment hook '/home/mushfiqul/AIS_OBS_Project/ros2_ws/install/costmap_converter_msgs/share/costmap_converter_msgs/hook/cmake_prefix_path.sh'
[18.383s] Level 1:colcon.colcon_core.environment:checking '/home/mushfiqul/AIS_OBS_Project/ros2_ws/install/costmap_converter_msgs/lib'
[18.383s] Level 1:colcon.colcon_core.shell:create_environment_hook('costmap_converter_msgs', 'ld_library_path_lib')
[18.383s] INFO:colcon.colcon_core.shell:Creating environment hook '/home/mushfiqul/AIS_OBS_Project/ros2_ws/install/costmap_converter_msgs/share/costmap_converter_msgs/hook/ld_library_path_lib.ps1'
[18.385s] INFO:colcon.colcon_core.shell:Creating environment descriptor '/home/mushfiqul/AIS_OBS_Project/ros2_ws/install/costmap_converter_msgs/share/costmap_converter_msgs/hook/ld_library_path_lib.dsv'
[18.385s] INFO:colcon.colcon_core.shell:Creating environment hook '/home/mushfiqul/AIS_OBS_Project/ros2_ws/install/costmap_converter_msgs/share/costmap_converter_msgs/hook/ld_library_path_lib.sh'
[18.387s] Level 1:colcon.colcon_core.environment:checking '/home/mushfiqul/AIS_OBS_Project/ros2_ws/install/costmap_converter_msgs/bin'
[18.387s] Level 1:colcon.colcon_core.environment:checking '/home/mushfiqul/AIS_OBS_Project/ros2_ws/install/costmap_converter_msgs/lib/pkgconfig/costmap_converter_msgs.pc'
[18.389s] Level 1:colcon.colcon_core.environment:checking '/home/mushfiqul/AIS_OBS_Project/ros2_ws/install/costmap_converter_msgs/lib/python3.12/site-packages'
[18.389s] Level 1:colcon.colcon_core.shell:create_environment_hook('costmap_converter_msgs', 'pythonpath')
[18.389s] INFO:colcon.colcon_core.shell:Creating environment hook '/home/mushfiqul/AIS_OBS_Project/ros2_ws/install/costmap_converter_msgs/share/costmap_converter_msgs/hook/pythonpath.ps1'
[18.390s] INFO:colcon.colcon_core.shell:Creating environment descriptor '/home/mushfiqul/AIS_OBS_Project/ros2_ws/install/costmap_converter_msgs/share/costmap_converter_msgs/hook/pythonpath.dsv'
[18.392s] INFO:colcon.colcon_core.shell:Creating environment hook '/home/mushfiqul/AIS_OBS_Project/ros2_ws/install/costmap_converter_msgs/share/costmap_converter_msgs/hook/pythonpath.sh'
[18.394s] Level 1:colcon.colcon_core.environment:checking '/home/mushfiqul/AIS_OBS_Project/ros2_ws/install/costmap_converter_msgs/bin'
[18.395s] INFO:colcon.colcon_core.shell:Creating package script '/home/mushfiqul/AIS_OBS_Project/ros2_ws/install/costmap_converter_msgs/share/costmap_converter_msgs/package.ps1'
[18.397s] INFO:colcon.colcon_core.shell:Creating package descriptor '/home/mushfiqul/AIS_OBS_Project/ros2_ws/install/costmap_converter_msgs/share/costmap_converter_msgs/package.dsv'
[18.399s] INFO:colcon.colcon_core.shell:Creating package script '/home/mushfiqul/AIS_OBS_Project/ros2_ws/install/costmap_converter_msgs/share/costmap_converter_msgs/package.sh'
[18.402s] INFO:colcon.colcon_core.shell:Creating package script '/home/mushfiqul/AIS_OBS_Project/ros2_ws/install/costmap_converter_msgs/share/costmap_converter_msgs/package.bash'
[18.406s] INFO:colcon.colcon_core.shell:Creating package script '/home/mushfiqul/AIS_OBS_Project/ros2_ws/install/costmap_converter_msgs/share/costmap_converter_msgs/package.zsh'
[18.410s] Level 1:colcon.colcon_core.environment:create_file_with_runtime_dependencies(/home/mushfiqul/AIS_OBS_Project/ros2_ws/install/costmap_converter_msgs/share/colcon-core/packages/costmap_converter_msgs)
[18.412s] Level 1:colcon.colcon_core.environment:create_environment_scripts_only(costmap_converter_msgs)
[18.412s] Level 1:colcon.colcon_core.environment:checking '/home/mushfiqul/AIS_OBS_Project/ros2_ws/install/costmap_converter_msgs' for CMake module files
[18.415s] Level 1:colcon.colcon_core.environment:checking '/home/mushfiqul/AIS_OBS_Project/ros2_ws/install/costmap_converter_msgs' for CMake config files
[18.416s] Level 1:colcon.colcon_core.shell:create_environment_hook('costmap_converter_msgs', 'cmake_prefix_path')
[18.417s] INFO:colcon.colcon_core.shell:Creating environment hook '/home/mushfiqul/AIS_OBS_Project/ros2_ws/install/costmap_converter_msgs/share/costmap_converter_msgs/hook/cmake_prefix_path.ps1'
[18.418s] INFO:colcon.colcon_core.shell:Creating environment descriptor '/home/mushfiqul/AIS_OBS_Project/ros2_ws/install/costmap_converter_msgs/share/costmap_converter_msgs/hook/cmake_prefix_path.dsv'
[18.419s] INFO:colcon.colcon_core.shell:Creating environment hook '/home/mushfiqul/AIS_OBS_Project/ros2_ws/install/costmap_converter_msgs/share/costmap_converter_msgs/hook/cmake_prefix_path.sh'
[18.420s] Level 1:colcon.colcon_core.environment:checking '/home/mushfiqul/AIS_OBS_Project/ros2_ws/install/costmap_converter_msgs/lib'
[18.421s] Level 1:colcon.colcon_core.shell:create_environment_hook('costmap_converter_msgs', 'ld_library_path_lib')
[18.421s] INFO:colcon.colcon_core.shell:Creating environment hook '/home/mushfiqul/AIS_OBS_Project/ros2_ws/install/costmap_converter_msgs/share/costmap_converter_msgs/hook/ld_library_path_lib.ps1'
[18.422s] INFO:colcon.colcon_core.shell:Creating environment descriptor '/home/mushfiqul/AIS_OBS_Project/ros2_ws/install/costmap_converter_msgs/share/costmap_converter_msgs/hook/ld_library_path_lib.dsv'
[18.424s] INFO:colcon.colcon_core.shell:Creating environment hook '/home/mushfiqul/AIS_OBS_Project/ros2_ws/install/costmap_converter_msgs/share/costmap_converter_msgs/hook/ld_library_path_lib.sh'
[18.426s] Level 1:colcon.colcon_core.environment:checking '/home/mushfiqul/AIS_OBS_Project/ros2_ws/install/costmap_converter_msgs/bin'
[18.427s] Level 1:colcon.colcon_core.environment:checking '/home/mushfiqul/AIS_OBS_Project/ros2_ws/install/costmap_converter_msgs/lib/pkgconfig/costmap_converter_msgs.pc'
[18.428s] Level 1:colcon.colcon_core.environment:checking '/home/mushfiqul/AIS_OBS_Project/ros2_ws/install/costmap_converter_msgs/lib/python3.12/site-packages'
[18.428s] Level 1:colcon.colcon_core.shell:create_environment_hook('costmap_converter_msgs', 'pythonpath')
[18.430s] INFO:colcon.colcon_core.shell:Creating environment hook '/home/mushfiqul/AIS_OBS_Project/ros2_ws/install/costmap_converter_msgs/share/costmap_converter_msgs/hook/pythonpath.ps1'
[18.432s] INFO:colcon.colcon_core.shell:Creating environment descriptor '/home/mushfiqul/AIS_OBS_Project/ros2_ws/install/costmap_converter_msgs/share/costmap_converter_msgs/hook/pythonpath.dsv'
[18.433s] INFO:colcon.colcon_core.shell:Creating environment hook '/home/mushfiqul/AIS_OBS_Project/ros2_ws/install/costmap_converter_msgs/share/costmap_converter_msgs/hook/pythonpath.sh'
[18.435s] Level 1:colcon.colcon_core.environment:checking '/home/mushfiqul/AIS_OBS_Project/ros2_ws/install/costmap_converter_msgs/bin'
[18.435s] INFO:colcon.colcon_core.shell:Creating package script '/home/mushfiqul/AIS_OBS_Project/ros2_ws/install/costmap_converter_msgs/share/costmap_converter_msgs/package.ps1'
[18.437s] INFO:colcon.colcon_core.shell:Creating package descriptor '/home/mushfiqul/AIS_OBS_Project/ros2_ws/install/costmap_converter_msgs/share/costmap_converter_msgs/package.dsv'
[18.441s] INFO:colcon.colcon_core.shell:Creating package script '/home/mushfiqul/AIS_OBS_Project/ros2_ws/install/costmap_converter_msgs/share/costmap_converter_msgs/package.sh'
[18.443s] INFO:colcon.colcon_core.shell:Creating package script '/home/mushfiqul/AIS_OBS_Project/ros2_ws/install/costmap_converter_msgs/share/costmap_converter_msgs/package.bash'
[18.445s] INFO:colcon.colcon_core.shell:Creating package script '/home/mushfiqul/AIS_OBS_Project/ros2_ws/install/costmap_converter_msgs/share/costmap_converter_msgs/package.zsh'
[18.446s] Level 1:colcon.colcon_core.environment:create_file_with_runtime_dependencies(/home/mushfiqul/AIS_OBS_Project/ros2_ws/install/costmap_converter_msgs/share/colcon-core/packages/costmap_converter_msgs)
[18.447s] INFO:colcon.colcon_ros.task.ament_cmake.build:Building ROS package in '/home/mushfiqul/AIS_OBS_Project/ros2_ws/src/costmap_converter/costmap_converter' with build type 'ament_cmake'
[18.448s] INFO:colcon.colcon_cmake.task.cmake.build:Building CMake package in '/home/mushfiqul/AIS_OBS_Project/ros2_ws/src/costmap_converter/costmap_converter'
[18.448s] INFO:colcon.colcon_core.shell:Skip shell extension 'powershell' for command environment: Not usable outside of PowerShell
[18.449s] DEBUG:colcon.colcon_core.shell:Skip shell extension 'dsv' for command environment
[18.460s] INFO:colcon.colcon_ros.task.ament_cmake.build:Building ROS package in '/home/mushfiqul/AIS_OBS_Project/ros2_ws/src/teb_local_planner/teb_msgs' with build type 'ament_cmake'
[18.461s] INFO:colcon.colcon_cmake.task.cmake.build:Building CMake package in '/home/mushfiqul/AIS_OBS_Project/ros2_ws/src/teb_local_planner/teb_msgs'
[18.461s] INFO:colcon.colcon_core.shell:Skip shell extension 'powershell' for command environment: Not usable outside of PowerShell
[18.462s] DEBUG:colcon.colcon_core.shell:Skip shell extension 'dsv' for command environment
[18.482s] DEBUG:colcon.colcon_core.event_handler.log_command:Invoking command in '/home/mushfiqul/AIS_OBS_Project/ros2_ws/build/costmap_converter': AMENT_PREFIX_PATH=/home/mushfiqul/AIS_OBS_Project/ros2_ws/install/costmap_converter_msgs:${AMENT_PREFIX_PATH} CMAKE_PREFIX_PATH=/home/mushfiqul/AIS_OBS_Project/ros2_ws/install/costmap_converter_msgs:/opt/ros/jazzy/opt/gz_sim_vendor:/opt/ros/jazzy/opt/gz_sensors_vendor:/opt/ros/jazzy/opt/gz_physics_vendor:/opt/ros/jazzy/opt/sdformat_vendor:/opt/ros/jazzy/opt/gz_gui_vendor:/opt/ros/jazzy/opt/gz_transport_vendor:/opt/ros/jazzy/opt/gz_rendering_vendor:/opt/ros/jazzy/opt/gz_plugin_vendor:/opt/ros/jazzy/opt/gz_fuel_tools_vendor:/opt/ros/jazzy/opt/gz_msgs_vendor:/opt/ros/jazzy/opt/gz_common_vendor:/opt/ros/jazzy/opt/gz_math_vendor:/opt/ros/jazzy/opt/gz_utils_vendor:/opt/ros/jazzy/opt/gz_tools_vendor:/opt/ros/jazzy/opt/gz_ogre_next_vendor:/opt/ros/jazzy/opt/gz_dartsim_vendor:/opt/ros/jazzy/opt/gz_cmake_vendor:/opt/ros/jazzy DEBUGINFOD_URLS=https://debuginfod.ubuntu.com LD_LIBRARY_PATH=/home/mushfiqul/AIS_OBS_Project/ros2_ws/install/costmap_converter_msgs/lib:${LD_LIBRARY_PATH} PYTHONPATH=/home/mushfiqul/AIS_OBS_Project/ros2_ws/install/costmap_converter_msgs/lib/python3.12/site-packages:${PYTHONPATH} /usr/bin/cmake /home/mushfiqul/AIS_OBS_Project/ros2_ws/src/costmap_converter/costmap_converter -DAMENT_CMAKE_SYMLINK_INSTALL=1 -DCMAKE_INSTALL_PREFIX=/home/mushfiqul/AIS_OBS_Project/ros2_ws/install/costmap_converter
[18.489s] DEBUG:colcon.colcon_core.event_handler.log_command:Invoking command in '/home/mushfiqul/AIS_OBS_Project/ros2_ws/build/teb_msgs': AMENT_PREFIX_PATH=/home/mushfiqul/AIS_OBS_Project/ros2_ws/install/costmap_converter_msgs:${AMENT_PREFIX_PATH} CMAKE_PREFIX_PATH=/home/mushfiqul/AIS_OBS_Project/ros2_ws/install/costmap_converter_msgs:/opt/ros/jazzy/opt/gz_sim_vendor:/opt/ros/jazzy/opt/gz_sensors_vendor:/opt/ros/jazzy/opt/gz_physics_vendor:/opt/ros/jazzy/opt/sdformat_vendor:/opt/ros/jazzy/opt/gz_gui_vendor:/opt/ros/jazzy/opt/gz_transport_vendor:/opt/ros/jazzy/opt/gz_rendering_vendor:/opt/ros/jazzy/opt/gz_plugin_vendor:/opt/ros/jazzy/opt/gz_fuel_tools_vendor:/opt/ros/jazzy/opt/gz_msgs_vendor:/opt/ros/jazzy/opt/gz_common_vendor:/opt/ros/jazzy/opt/gz_math_vendor:/opt/ros/jazzy/opt/gz_utils_vendor:/opt/ros/jazzy/opt/gz_tools_vendor:/opt/ros/jazzy/opt/gz_ogre_next_vendor:/opt/ros/jazzy/opt/gz_dartsim_vendor:/opt/ros/jazzy/opt/gz_cmake_vendor:/opt/ros/jazzy DEBUGINFOD_URLS=https://debuginfod.ubuntu.com LD_LIBRARY_PATH=/home/mushfiqul/AIS_OBS_Project/ros2_ws/install/costmap_converter_msgs/lib:${LD_LIBRARY_PATH} PYTHONPATH=/home/mushfiqul/AIS_OBS_Project/ros2_ws/install/costmap_converter_msgs/lib/python3.12/site-packages:${PYTHONPATH} /usr/bin/cmake /home/mushfiqul/AIS_OBS_Project/ros2_ws/src/teb_local_planner/teb_msgs -DAMENT_CMAKE_SYMLINK_INSTALL=1 -DCMAKE_INSTALL_PREFIX=/home/mushfiqul/AIS_OBS_Project/ros2_ws/install/teb_msgs
[26.640s] DEBUG:colcon.colcon_core.event_handler.log_command:Invoked command in '/home/mushfiqul/AIS_OBS_Project/ros2_ws/build/costmap_converter' returned '0': AMENT_PREFIX_PATH=/home/mushfiqul/AIS_OBS_Project/ros2_ws/install/costmap_converter_msgs:${AMENT_PREFIX_PATH} CMAKE_PREFIX_PATH=/home/mushfiqul/AIS_OBS_Project/ros2_ws/install/costmap_converter_msgs:/opt/ros/jazzy/opt/gz_sim_vendor:/opt/ros/jazzy/opt/gz_sensors_vendor:/opt/ros/jazzy/opt/gz_physics_vendor:/opt/ros/jazzy/opt/sdformat_vendor:/opt/ros/jazzy/opt/gz_gui_vendor:/opt/ros/jazzy/opt/gz_transport_vendor:/opt/ros/jazzy/opt/gz_rendering_vendor:/opt/ros/jazzy/opt/gz_plugin_vendor:/opt/ros/jazzy/opt/gz_fuel_tools_vendor:/opt/ros/jazzy/opt/gz_msgs_vendor:/opt/ros/jazzy/opt/gz_common_vendor:/opt/ros/jazzy/opt/gz_math_vendor:/opt/ros/jazzy/opt/gz_utils_vendor:/opt/ros/jazzy/opt/gz_tools_vendor:/opt/ros/jazzy/opt/gz_ogre_next_vendor:/opt/ros/jazzy/opt/gz_dartsim_vendor:/opt/ros/jazzy/opt/gz_cmake_vendor:/opt/ros/jazzy DEBUGINFOD_URLS=https://debuginfod.ubuntu.com LD_LIBRARY_PATH=/home/mushfiqul/AIS_OBS_Project/ros2_ws/install/costmap_converter_msgs/lib:${LD_LIBRARY_PATH} PYTHONPATH=/home/mushfiqul/AIS_OBS_Project/ros2_ws/install/costmap_converter_msgs/lib/python3.12/site-packages:${PYTHONPATH} /usr/bin/cmake /home/mushfiqul/AIS_OBS_Project/ros2_ws/src/costmap_converter/costmap_converter -DAMENT_CMAKE_SYMLINK_INSTALL=1 -DCMAKE_INSTALL_PREFIX=/home/mushfiqul/AIS_OBS_Project/ros2_ws/install/costmap_converter
[26.645s] DEBUG:colcon.colcon_core.event_handler.log_command:Invoking command in '/home/mushfiqul/AIS_OBS_Project/ros2_ws/build/costmap_converter': AMENT_PREFIX_PATH=/home/mushfiqul/AIS_OBS_Project/ros2_ws/install/costmap_converter_msgs:${AMENT_PREFIX_PATH} CMAKE_PREFIX_PATH=/home/mushfiqul/AIS_OBS_Project/ros2_ws/install/costmap_converter_msgs:/opt/ros/jazzy/opt/gz_sim_vendor:/opt/ros/jazzy/opt/gz_sensors_vendor:/opt/ros/jazzy/opt/gz_physics_vendor:/opt/ros/jazzy/opt/sdformat_vendor:/opt/ros/jazzy/opt/gz_gui_vendor:/opt/ros/jazzy/opt/gz_transport_vendor:/opt/ros/jazzy/opt/gz_rendering_vendor:/opt/ros/jazzy/opt/gz_plugin_vendor:/opt/ros/jazzy/opt/gz_fuel_tools_vendor:/opt/ros/jazzy/opt/gz_msgs_vendor:/opt/ros/jazzy/opt/gz_common_vendor:/opt/ros/jazzy/opt/gz_math_vendor:/opt/ros/jazzy/opt/gz_utils_vendor:/opt/ros/jazzy/opt/gz_tools_vendor:/opt/ros/jazzy/opt/gz_ogre_next_vendor:/opt/ros/jazzy/opt/gz_dartsim_vendor:/opt/ros/jazzy/opt/gz_cmake_vendor:/opt/ros/jazzy DEBUGINFOD_URLS=https://debuginfod.ubuntu.com LD_LIBRARY_PATH=/home/mushfiqul/AIS_OBS_Project/ros2_ws/install/costmap_converter_msgs/lib:${LD_LIBRARY_PATH} PYTHONPATH=/home/mushfiqul/AIS_OBS_Project/ros2_ws/install/costmap_converter_msgs/lib/python3.12/site-packages:${PYTHONPATH} /usr/bin/cmake --build /home/mushfiqul/AIS_OBS_Project/ros2_ws/build/costmap_converter -- -j8 -l8
[36.004s] DEBUG:colcon.colcon_core.event_handler.log_command:Invoked command in '/home/mushfiqul/AIS_OBS_Project/ros2_ws/build/teb_msgs' returned '0': AMENT_PREFIX_PATH=/home/mushfiqul/AIS_OBS_Project/ros2_ws/install/costmap_converter_msgs:${AMENT_PREFIX_PATH} CMAKE_PREFIX_PATH=/home/mushfiqul/AIS_OBS_Project/ros2_ws/install/costmap_converter_msgs:/opt/ros/jazzy/opt/gz_sim_vendor:/opt/ros/jazzy/opt/gz_sensors_vendor:/opt/ros/jazzy/opt/gz_physics_vendor:/opt/ros/jazzy/opt/sdformat_vendor:/opt/ros/jazzy/opt/gz_gui_vendor:/opt/ros/jazzy/opt/gz_transport_vendor:/opt/ros/jazzy/opt/gz_rendering_vendor:/opt/ros/jazzy/opt/gz_plugin_vendor:/opt/ros/jazzy/opt/gz_fuel_tools_vendor:/opt/ros/jazzy/opt/gz_msgs_vendor:/opt/ros/jazzy/opt/gz_common_vendor:/opt/ros/jazzy/opt/gz_math_vendor:/opt/ros/jazzy/opt/gz_utils_vendor:/opt/ros/jazzy/opt/gz_tools_vendor:/opt/ros/jazzy/opt/gz_ogre_next_vendor:/opt/ros/jazzy/opt/gz_dartsim_vendor:/opt/ros/jazzy/opt/gz_cmake_vendor:/opt/ros/jazzy DEBUGINFOD_URLS=https://debuginfod.ubuntu.com LD_LIBRARY_PATH=/home/mushfiqul/AIS_OBS_Project/ros2_ws/install/costmap_converter_msgs/lib:${LD_LIBRARY_PATH} PYTHONPATH=/home/mushfiqul/AIS_OBS_Project/ros2_ws/install/costmap_converter_msgs/lib/python3.12/site-packages:${PYTHONPATH} /usr/bin/cmake /home/mushfiqul/AIS_OBS_Project/ros2_ws/src/teb_local_planner/teb_msgs -DAMENT_CMAKE_SYMLINK_INSTALL=1 -DCMAKE_INSTALL_PREFIX=/home/mushfiqul/AIS_OBS_Project/ros2_ws/install/teb_msgs
[36.005s] DEBUG:colcon.colcon_core.event_handler.log_command:Invoking command in '/home/mushfiqul/AIS_OBS_Project/ros2_ws/build/teb_msgs': AMENT_PREFIX_PATH=/home/mushfiqul/AIS_OBS_Project/ros2_ws/install/costmap_converter_msgs:${AMENT_PREFIX_PATH} CMAKE_PREFIX_PATH=/home/mushfiqul/AIS_OBS_Project/ros2_ws/install/costmap_converter_msgs:/opt/ros/jazzy/opt/gz_sim_vendor:/opt/ros/jazzy/opt/gz_sensors_vendor:/opt/ros/jazzy/opt/gz_physics_vendor:/opt/ros/jazzy/opt/sdformat_vendor:/opt/ros/jazzy/opt/gz_gui_vendor:/opt/ros/jazzy/opt/gz_transport_vendor:/opt/ros/jazzy/opt/gz_rendering_vendor:/opt/ros/jazzy/opt/gz_plugin_vendor:/opt/ros/jazzy/opt/gz_fuel_tools_vendor:/opt/ros/jazzy/opt/gz_msgs_vendor:/opt/ros/jazzy/opt/gz_common_vendor:/opt/ros/jazzy/opt/gz_math_vendor:/opt/ros/jazzy/opt/gz_utils_vendor:/opt/ros/jazzy/opt/gz_tools_vendor:/opt/ros/jazzy/opt/gz_ogre_next_vendor:/opt/ros/jazzy/opt/gz_dartsim_vendor:/opt/ros/jazzy/opt/gz_cmake_vendor:/opt/ros/jazzy DEBUGINFOD_URLS=https://debuginfod.ubuntu.com LD_LIBRARY_PATH=/home/mushfiqul/AIS_OBS_Project/ros2_ws/install/costmap_converter_msgs/lib:${LD_LIBRARY_PATH} PYTHONPATH=/home/mushfiqul/AIS_OBS_Project/ros2_ws/install/costmap_converter_msgs/lib/python3.12/site-packages:${PYTHONPATH} /usr/bin/cmake --build /home/mushfiqul/AIS_OBS_Project/ros2_ws/build/teb_msgs -- -j8 -l8
[42.571s] DEBUG:colcon.colcon_parallel_executor.executor.parallel:run_until_complete was interrupted
[42.572s] DEBUG:colcon.colcon_parallel_executor.executor.parallel:run_until_complete again
[42.691s] DEBUG:colcon.colcon_core.event_handler.log_command:Invoked command in '/home/mushfiqul/AIS_OBS_Project/ros2_ws/build/costmap_converter' returned '-2': AMENT_PREFIX_PATH=/home/mushfiqul/AIS_OBS_Project/ros2_ws/install/costmap_converter_msgs:${AMENT_PREFIX_PATH} CMAKE_PREFIX_PATH=/home/mushfiqul/AIS_OBS_Project/ros2_ws/install/costmap_converter_msgs:/opt/ros/jazzy/opt/gz_sim_vendor:/opt/ros/jazzy/opt/gz_sensors_vendor:/opt/ros/jazzy/opt/gz_physics_vendor:/opt/ros/jazzy/opt/sdformat_vendor:/opt/ros/jazzy/opt/gz_gui_vendor:/opt/ros/jazzy/opt/gz_transport_vendor:/opt/ros/jazzy/opt/gz_rendering_vendor:/opt/ros/jazzy/opt/gz_plugin_vendor:/opt/ros/jazzy/opt/gz_fuel_tools_vendor:/opt/ros/jazzy/opt/gz_msgs_vendor:/opt/ros/jazzy/opt/gz_common_vendor:/opt/ros/jazzy/opt/gz_math_vendor:/opt/ros/jazzy/opt/gz_utils_vendor:/opt/ros/jazzy/opt/gz_tools_vendor:/opt/ros/jazzy/opt/gz_ogre_next_vendor:/opt/ros/jazzy/opt/gz_dartsim_vendor:/opt/ros/jazzy/opt/gz_cmake_vendor:/opt/ros/jazzy DEBUGINFOD_URLS=https://debuginfod.ubuntu.com LD_LIBRARY_PATH=/home/mushfiqul/AIS_OBS_Project/ros2_ws/install/costmap_converter_msgs/lib:${LD_LIBRARY_PATH} PYTHONPATH=/home/mushfiqul/AIS_OBS_Project/ros2_ws/install/costmap_converter_msgs/lib/python3.12/site-packages:${PYTHONPATH} /usr/bin/cmake --build /home/mushfiqul/AIS_OBS_Project/ros2_ws/build/costmap_converter -- -j8 -l8
[42.692s] Level 1:colcon.colcon_core.environment:create_environment_scripts_only(costmap_converter)
[42.693s] Level 1:colcon.colcon_core.environment:checking '/home/mushfiqul/AIS_OBS_Project/ros2_ws/install/costmap_converter' for CMake module files
[42.694s] Level 1:colcon.colcon_core.environment:checking '/home/mushfiqul/AIS_OBS_Project/ros2_ws/install/costmap_converter' for CMake config files
[42.694s] Level 1:colcon.colcon_core.environment:checking '/home/mushfiqul/AIS_OBS_Project/ros2_ws/install/costmap_converter/bin'
[42.695s] Level 1:colcon.colcon_core.environment:checking '/home/mushfiqul/AIS_OBS_Project/ros2_ws/install/costmap_converter/lib/pkgconfig/costmap_converter.pc'
[42.695s] Level 1:colcon.colcon_core.environment:checking '/home/mushfiqul/AIS_OBS_Project/ros2_ws/install/costmap_converter/lib/python3.12/site-packages'
[42.696s] Level 1:colcon.colcon_core.environment:checking '/home/mushfiqul/AIS_OBS_Project/ros2_ws/install/costmap_converter/bin'
[42.696s] INFO:colcon.colcon_core.shell:Creating package script '/home/mushfiqul/AIS_OBS_Project/ros2_ws/install/costmap_converter/share/costmap_converter/package.ps1'
[42.699s] INFO:colcon.colcon_core.shell:Creating package descriptor '/home/mushfiqul/AIS_OBS_Project/ros2_ws/install/costmap_converter/share/costmap_converter/package.dsv'
[42.703s] INFO:colcon.colcon_core.shell:Creating package script '/home/mushfiqul/AIS_OBS_Project/ros2_ws/install/costmap_converter/share/costmap_converter/package.sh'
[42.704s] INFO:colcon.colcon_core.shell:Creating package script '/home/mushfiqul/AIS_OBS_Project/ros2_ws/install/costmap_converter/share/costmap_converter/package.bash'
[42.706s] INFO:colcon.colcon_core.shell:Creating package script '/home/mushfiqul/AIS_OBS_Project/ros2_ws/install/costmap_converter/share/costmap_converter/package.zsh'
[42.707s] Level 1:colcon.colcon_core.environment:create_file_with_runtime_dependencies(/home/mushfiqul/AIS_OBS_Project/ros2_ws/install/costmap_converter/share/colcon-core/packages/costmap_converter)
[42.711s] ERROR:colcon.colcon_core.event_reactor:Exception in event handler extension 'console_start_end': [Errno 32] Broken pipe
Traceback (most recent call last):
  File "/usr/lib/python3/dist-packages/colcon_core/event_reactor.py", line 78, in _notify_observers
    retval = observer(event)
             ^^^^^^^^^^^^^^^
  File "/usr/lib/python3/dist-packages/colcon_core/event_handler/console_start_end.py", line 72, in __call__
    print(Style.SectionEnd(msg), file=writable, flush=True)
BrokenPipeError: [Errno 32] Broken pipe

[42.737s] DEBUG:colcon.colcon_parallel_executor.executor.parallel:run_until_complete finished
[42.739s] DEBUG:colcon.colcon_parallel_executor.executor.parallel:closing loop
[42.739s] ERROR:colcon.colcon_core.event_reactor:Exception in event handler extension 'console_start_end': [Errno 32] Broken pipe
Traceback (most recent call last):
  File "/usr/lib/python3/dist-packages/colcon_core/event_reactor.py", line 78, in _notify_observers
    retval = observer(event)
             ^^^^^^^^^^^^^^^
  File "/usr/lib/python3/dist-packages/colcon_core/event_handler/console_start_end.py", line 72, in __call__
    print(Style.SectionEnd(msg), file=writable, flush=True)
BrokenPipeError: [Errno 32] Broken pipe

[42.740s] DEBUG:colcon.colcon_parallel_executor.executor.parallel:loop closed
[42.740s] DEBUG:colcon.colcon_core.event_reactor:joining thread
[42.759s] INFO:colcon.colcon_core.plugin_system:Skipping extension 'colcon_notification.desktop_notification.terminal_notifier': Not used on non-Darwin systems
[42.760s] INFO:colcon.colcon_core.plugin_system:Skipping extension 'colcon_notification.desktop_notification.win32': Not used on non-Windows systems
[42.760s] INFO:colcon.colcon_notification.desktop_notification:Sending desktop notification using 'notify2'
[42.833s] DEBUG:colcon.colcon_core.event_reactor:joined thread
[42.833s] INFO:colcon.colcon_core.shell:Creating prefix script '/home/mushfiqul/AIS_OBS_Project/ros2_ws/install/local_setup.ps1'
[42.836s] INFO:colcon.colcon_core.shell:Creating prefix util module '/home/mushfiqul/AIS_OBS_Project/ros2_ws/install/_local_setup_util_ps1.py'
[42.839s] INFO:colcon.colcon_core.shell:Creating prefix chain script '/home/mushfiqul/AIS_OBS_Project/ros2_ws/install/setup.ps1'
[42.841s] INFO:colcon.colcon_core.shell:Creating prefix script '/home/mushfiqul/AIS_OBS_Project/ros2_ws/install/local_setup.sh'
[42.845s] INFO:colcon.colcon_core.shell:Creating prefix util module '/home/mushfiqul/AIS_OBS_Project/ros2_ws/install/_local_setup_util_sh.py'
[42.848s] INFO:colcon.colcon_core.shell:Creating prefix chain script '/home/mushfiqul/AIS_OBS_Project/ros2_ws/install/setup.sh'
[42.852s] INFO:colcon.colcon_core.shell:Creating prefix script '/home/mushfiqul/AIS_OBS_Project/ros2_ws/install/local_setup.bash'
[42.854s] INFO:colcon.colcon_core.shell:Creating prefix chain script '/home/mushfiqul/AIS_OBS_Project/ros2_ws/install/setup.bash'
[42.861s] INFO:colcon.colcon_core.shell:Creating prefix script '/home/mushfiqul/AIS_OBS_Project/ros2_ws/install/local_setup.zsh'
[42.863s] INFO:colcon.colcon_core.shell:Creating prefix chain script '/home/mushfiqul/AIS_OBS_Project/ros2_ws/install/setup.zsh'
