[0.014s] Invoking command in '/home/mushfiqul/AIS_OBS_Project/ros2_ws/build/teb_msgs': AMENT_PREFIX_PATH=/home/mushfiqul/AIS_OBS_Project/ros2_ws/install/costmap_converter_msgs:${AMENT_PREFIX_PATH} CMAKE_PREFIX_PATH=/home/mushfiqul/AIS_OBS_Project/ros2_ws/install/costmap_converter_msgs:/opt/ros/jazzy/opt/gz_sim_vendor:/opt/ros/jazzy/opt/gz_sensors_vendor:/opt/ros/jazzy/opt/gz_physics_vendor:/opt/ros/jazzy/opt/sdformat_vendor:/opt/ros/jazzy/opt/gz_gui_vendor:/opt/ros/jazzy/opt/gz_transport_vendor:/opt/ros/jazzy/opt/gz_rendering_vendor:/opt/ros/jazzy/opt/gz_plugin_vendor:/opt/ros/jazzy/opt/gz_fuel_tools_vendor:/opt/ros/jazzy/opt/gz_msgs_vendor:/opt/ros/jazzy/opt/gz_common_vendor:/opt/ros/jazzy/opt/gz_math_vendor:/opt/ros/jazzy/opt/gz_utils_vendor:/opt/ros/jazzy/opt/gz_tools_vendor:/opt/ros/jazzy/opt/gz_ogre_next_vendor:/opt/ros/jazzy/opt/gz_dartsim_vendor:/opt/ros/jazzy/opt/gz_cmake_vendor:/opt/ros/jazzy DEBUGINFOD_URLS=https://debuginfod.ubuntu.com LD_LIBRARY_PATH=/home/mushfiqul/AIS_OBS_Project/ros2_ws/install/costmap_converter_msgs/lib:${LD_LIBRARY_PATH} PYTHONPATH=/home/mushfiqul/AIS_OBS_Project/ros2_ws/install/costmap_converter_msgs/lib/python3.12/site-packages:${PYTHONPATH} /usr/bin/cmake --build /home/mushfiqul/AIS_OBS_Project/ros2_ws/build/teb_msgs
[0.087s] [  1%] Built target teb_msgs__rosidl_generator_type_description
[0.099s] [  1%] Built target ament_cmake_python_symlink_teb_msgs
[0.117s] [  3%] Built target teb_msgs__cpp
[0.136s] [ 24%] Built target teb_msgs__rosidl_generator_c
[0.172s] [ 33%] Built target teb_msgs__rosidl_typesupport_cpp
[0.211s] [ 42%] Built target teb_msgs__rosidl_typesupport_fastrtps_c
[0.249s] [ 51%] Built target teb_msgs__rosidl_typesupport_fastrtps_cpp
[0.287s] [ 61%] Built target teb_msgs__rosidl_typesupport_introspection_c
[0.326s] [ 70%] Built target teb_msgs__rosidl_typesupport_c
[0.362s] [ 79%] Built target teb_msgs__rosidl_typesupport_introspection_cpp
[0.394s] [ 79%] Built target teb_msgs
[0.412s] running egg_info
[0.427s] [ 81%] Built target teb_msgs__py
[0.439s] writing teb_msgs.egg-info/PKG-INFO
[0.440s] writing dependency_links to teb_msgs.egg-info/dependency_links.txt
[0.440s] writing top-level names to teb_msgs.egg-info/top_level.txt
[0.462s] [ 88%] Built target teb_msgs__rosidl_generator_py
[0.497s] [ 92%] Built target teb_msgs_s__rosidl_typesupport_fastrtps_c
[0.522s] reading manifest file 'teb_msgs.egg-info/SOURCES.txt'
[0.522s] writing manifest file 'teb_msgs.egg-info/SOURCES.txt'
[0.537s] [ 96%] Built target teb_msgs_s__rosidl_typesupport_introspection_c
[0.570s] [ 96%] Built target ament_cmake_python_build_teb_msgs_egg
[0.573s] [100%] Built target teb_msgs_s__rosidl_typesupport_c
[0.591s] Invoked command in '/home/mushfiqul/AIS_OBS_Project/ros2_ws/build/teb_msgs' returned '0': AMENT_PREFIX_PATH=/home/mushfiqul/AIS_OBS_Project/ros2_ws/install/costmap_converter_msgs:${AMENT_PREFIX_PATH} CMAKE_PREFIX_PATH=/home/mushfiqul/AIS_OBS_Project/ros2_ws/install/costmap_converter_msgs:/opt/ros/jazzy/opt/gz_sim_vendor:/opt/ros/jazzy/opt/gz_sensors_vendor:/opt/ros/jazzy/opt/gz_physics_vendor:/opt/ros/jazzy/opt/sdformat_vendor:/opt/ros/jazzy/opt/gz_gui_vendor:/opt/ros/jazzy/opt/gz_transport_vendor:/opt/ros/jazzy/opt/gz_rendering_vendor:/opt/ros/jazzy/opt/gz_plugin_vendor:/opt/ros/jazzy/opt/gz_fuel_tools_vendor:/opt/ros/jazzy/opt/gz_msgs_vendor:/opt/ros/jazzy/opt/gz_common_vendor:/opt/ros/jazzy/opt/gz_math_vendor:/opt/ros/jazzy/opt/gz_utils_vendor:/opt/ros/jazzy/opt/gz_tools_vendor:/opt/ros/jazzy/opt/gz_ogre_next_vendor:/opt/ros/jazzy/opt/gz_dartsim_vendor:/opt/ros/jazzy/opt/gz_cmake_vendor:/opt/ros/jazzy DEBUGINFOD_URLS=https://debuginfod.ubuntu.com LD_LIBRARY_PATH=/home/mushfiqul/AIS_OBS_Project/ros2_ws/install/costmap_converter_msgs/lib:${LD_LIBRARY_PATH} PYTHONPATH=/home/mushfiqul/AIS_OBS_Project/ros2_ws/install/costmap_converter_msgs/lib/python3.12/site-packages:${PYTHONPATH} /usr/bin/cmake --build /home/mushfiqul/AIS_OBS_Project/ros2_ws/build/teb_msgs
[0.592s] Invoking command in '/home/mushfiqul/AIS_OBS_Project/ros2_ws/build/teb_msgs': AMENT_PREFIX_PATH=/home/mushfiqul/AIS_OBS_Project/ros2_ws/install/costmap_converter_msgs:${AMENT_PREFIX_PATH} CMAKE_PREFIX_PATH=/home/mushfiqul/AIS_OBS_Project/ros2_ws/install/costmap_converter_msgs:/opt/ros/jazzy/opt/gz_sim_vendor:/opt/ros/jazzy/opt/gz_sensors_vendor:/opt/ros/jazzy/opt/gz_physics_vendor:/opt/ros/jazzy/opt/sdformat_vendor:/opt/ros/jazzy/opt/gz_gui_vendor:/opt/ros/jazzy/opt/gz_transport_vendor:/opt/ros/jazzy/opt/gz_rendering_vendor:/opt/ros/jazzy/opt/gz_plugin_vendor:/opt/ros/jazzy/opt/gz_fuel_tools_vendor:/opt/ros/jazzy/opt/gz_msgs_vendor:/opt/ros/jazzy/opt/gz_common_vendor:/opt/ros/jazzy/opt/gz_math_vendor:/opt/ros/jazzy/opt/gz_utils_vendor:/opt/ros/jazzy/opt/gz_tools_vendor:/opt/ros/jazzy/opt/gz_ogre_next_vendor:/opt/ros/jazzy/opt/gz_dartsim_vendor:/opt/ros/jazzy/opt/gz_cmake_vendor:/opt/ros/jazzy DEBUGINFOD_URLS=https://debuginfod.ubuntu.com LD_LIBRARY_PATH=/home/mushfiqul/AIS_OBS_Project/ros2_ws/install/costmap_converter_msgs/lib:${LD_LIBRARY_PATH} PYTHONPATH=/home/mushfiqul/AIS_OBS_Project/ros2_ws/install/costmap_converter_msgs/lib/python3.12/site-packages:${PYTHONPATH} /usr/bin/cmake --install /home/mushfiqul/AIS_OBS_Project/ros2_ws/build/teb_msgs
[0.604s] -- Install configuration: ""
[0.605s] -- Execute custom install script
[0.605s] -- Up-to-date symlink: /home/mushfiqul/AIS_OBS_Project/ros2_ws/install/teb_msgs/share/ament_index/resource_index/rosidl_interfaces/teb_msgs
[0.606s] -- Up-to-date symlink: /home/mushfiqul/AIS_OBS_Project/ros2_ws/install/teb_msgs/share/teb_msgs/msg/FeedbackMsg.json
[0.606s] -- Up-to-date symlink: /home/mushfiqul/AIS_OBS_Project/ros2_ws/install/teb_msgs/share/teb_msgs/msg/TrajectoryMsg.json
[0.606s] -- Up-to-date symlink: /home/mushfiqul/AIS_OBS_Project/ros2_ws/install/teb_msgs/share/teb_msgs/msg/TrajectoryPointMsg.json
[0.607s] -- Up-to-date symlink: /home/mushfiqul/AIS_OBS_Project/ros2_ws/install/teb_msgs/include/teb_msgs/teb_msgs/msg/detail/feedback_msg__functions.h
[0.607s] -- Up-to-date symlink: /home/mushfiqul/AIS_OBS_Project/ros2_ws/install/teb_msgs/include/teb_msgs/teb_msgs/msg/detail/feedback_msg__struct.h
[0.607s] -- Up-to-date symlink: /home/mushfiqul/AIS_OBS_Project/ros2_ws/install/teb_msgs/include/teb_msgs/teb_msgs/msg/detail/feedback_msg__type_support.h
[0.607s] -- Up-to-date symlink: /home/mushfiqul/AIS_OBS_Project/ros2_ws/install/teb_msgs/include/teb_msgs/teb_msgs/msg/detail/trajectory_msg__functions.h
[0.608s] -- Up-to-date symlink: /home/mushfiqul/AIS_OBS_Project/ros2_ws/install/teb_msgs/include/teb_msgs/teb_msgs/msg/detail/trajectory_msg__struct.h
[0.608s] -- Up-to-date symlink: /home/mushfiqul/AIS_OBS_Project/ros2_ws/install/teb_msgs/include/teb_msgs/teb_msgs/msg/detail/trajectory_msg__type_support.h
[0.608s] -- Up-to-date symlink: /home/mushfiqul/AIS_OBS_Project/ros2_ws/install/teb_msgs/include/teb_msgs/teb_msgs/msg/detail/trajectory_point_msg__functions.h
[0.608s] -- Up-to-date symlink: /home/mushfiqul/AIS_OBS_Project/ros2_ws/install/teb_msgs/include/teb_msgs/teb_msgs/msg/detail/trajectory_point_msg__struct.h
[0.608s] -- Up-to-date symlink: /home/mushfiqul/AIS_OBS_Project/ros2_ws/install/teb_msgs/include/teb_msgs/teb_msgs/msg/detail/trajectory_point_msg__type_support.h
[0.609s] -- Up-to-date symlink: /home/mushfiqul/AIS_OBS_Project/ros2_ws/install/teb_msgs/include/teb_msgs/teb_msgs/msg/feedback_msg.h
[0.609s] -- Up-to-date symlink: /home/mushfiqul/AIS_OBS_Project/ros2_ws/install/teb_msgs/include/teb_msgs/teb_msgs/msg/rosidl_generator_c__visibility_control.h
[0.609s] -- Up-to-date symlink: /home/mushfiqul/AIS_OBS_Project/ros2_ws/install/teb_msgs/include/teb_msgs/teb_msgs/msg/trajectory_msg.h
[0.609s] -- Up-to-date symlink: /home/mushfiqul/AIS_OBS_Project/ros2_ws/install/teb_msgs/include/teb_msgs/teb_msgs/msg/trajectory_point_msg.h
[0.609s] -- Up-to-date symlink: /home/mushfiqul/AIS_OBS_Project/ros2_ws/install/teb_msgs/share/teb_msgs/environment/library_path.sh
[0.610s] -- Up-to-date symlink: /home/mushfiqul/AIS_OBS_Project/ros2_ws/install/teb_msgs/share/teb_msgs/environment/library_path.dsv
[0.610s] -- Up-to-date symlink: /home/mushfiqul/AIS_OBS_Project/ros2_ws/install/teb_msgs/include/teb_msgs/teb_msgs/msg/detail/feedback_msg__rosidl_typesupport_fastrtps_c.h
[0.610s] -- Up-to-date symlink: /home/mushfiqul/AIS_OBS_Project/ros2_ws/install/teb_msgs/include/teb_msgs/teb_msgs/msg/detail/trajectory_msg__rosidl_typesupport_fastrtps_c.h
[0.610s] -- Up-to-date symlink: /home/mushfiqul/AIS_OBS_Project/ros2_ws/install/teb_msgs/include/teb_msgs/teb_msgs/msg/detail/trajectory_point_msg__rosidl_typesupport_fastrtps_c.h
[0.610s] -- Up-to-date symlink: /home/mushfiqul/AIS_OBS_Project/ros2_ws/install/teb_msgs/include/teb_msgs/teb_msgs/msg/rosidl_typesupport_fastrtps_c__visibility_control.h
[0.611s] -- Up-to-date symlink: /home/mushfiqul/AIS_OBS_Project/ros2_ws/install/teb_msgs/include/teb_msgs/teb_msgs/msg/detail/feedback_msg__builder.hpp
[0.611s] -- Up-to-date symlink: /home/mushfiqul/AIS_OBS_Project/ros2_ws/install/teb_msgs/include/teb_msgs/teb_msgs/msg/detail/feedback_msg__struct.hpp
[0.612s] -- Up-to-date symlink: /home/mushfiqul/AIS_OBS_Project/ros2_ws/install/teb_msgs/include/teb_msgs/teb_msgs/msg/detail/feedback_msg__traits.hpp
[0.612s] -- Up-to-date symlink: /home/mushfiqul/AIS_OBS_Project/ros2_ws/install/teb_msgs/include/teb_msgs/teb_msgs/msg/detail/feedback_msg__type_support.hpp
[0.612s] -- Up-to-date symlink: /home/mushfiqul/AIS_OBS_Project/ros2_ws/install/teb_msgs/include/teb_msgs/teb_msgs/msg/detail/trajectory_msg__builder.hpp
[0.612s] -- Up-to-date symlink: /home/mushfiqul/AIS_OBS_Project/ros2_ws/install/teb_msgs/include/teb_msgs/teb_msgs/msg/detail/trajectory_msg__struct.hpp
[0.613s] -- Up-to-date symlink: /home/mushfiqul/AIS_OBS_Project/ros2_ws/install/teb_msgs/include/teb_msgs/teb_msgs/msg/detail/trajectory_msg__traits.hpp
[0.613s] -- Up-to-date symlink: /home/mushfiqul/AIS_OBS_Project/ros2_ws/install/teb_msgs/include/teb_msgs/teb_msgs/msg/detail/trajectory_msg__type_support.hpp
[0.613s] -- Up-to-date symlink: /home/mushfiqul/AIS_OBS_Project/ros2_ws/install/teb_msgs/include/teb_msgs/teb_msgs/msg/detail/trajectory_point_msg__builder.hpp
[0.613s] -- Up-to-date symlink: /home/mushfiqul/AIS_OBS_Project/ros2_ws/install/teb_msgs/include/teb_msgs/teb_msgs/msg/detail/trajectory_point_msg__struct.hpp
[0.613s] -- Up-to-date symlink: /home/mushfiqul/AIS_OBS_Project/ros2_ws/install/teb_msgs/include/teb_msgs/teb_msgs/msg/detail/trajectory_point_msg__traits.hpp
[0.614s] -- Up-to-date symlink: /home/mushfiqul/AIS_OBS_Project/ros2_ws/install/teb_msgs/include/teb_msgs/teb_msgs/msg/detail/trajectory_point_msg__type_support.hpp
[0.614s] -- Up-to-date symlink: /home/mushfiqul/AIS_OBS_Project/ros2_ws/install/teb_msgs/include/teb_msgs/teb_msgs/msg/feedback_msg.hpp
[0.614s] -- Up-to-date symlink: /home/mushfiqul/AIS_OBS_Project/ros2_ws/install/teb_msgs/include/teb_msgs/teb_msgs/msg/rosidl_generator_cpp__visibility_control.hpp
[0.614s] -- Up-to-date symlink: /home/mushfiqul/AIS_OBS_Project/ros2_ws/install/teb_msgs/include/teb_msgs/teb_msgs/msg/trajectory_msg.hpp
[0.614s] -- Up-to-date symlink: /home/mushfiqul/AIS_OBS_Project/ros2_ws/install/teb_msgs/include/teb_msgs/teb_msgs/msg/trajectory_point_msg.hpp
[0.614s] -- Up-to-date symlink: /home/mushfiqul/AIS_OBS_Project/ros2_ws/install/teb_msgs/include/teb_msgs/teb_msgs/msg/detail/feedback_msg__rosidl_typesupport_fastrtps_cpp.hpp
[0.615s] -- Up-to-date symlink: /home/mushfiqul/AIS_OBS_Project/ros2_ws/install/teb_msgs/include/teb_msgs/teb_msgs/msg/detail/trajectory_msg__rosidl_typesupport_fastrtps_cpp.hpp
[0.615s] -- Up-to-date symlink: /home/mushfiqul/AIS_OBS_Project/ros2_ws/install/teb_msgs/include/teb_msgs/teb_msgs/msg/detail/trajectory_point_msg__rosidl_typesupport_fastrtps_cpp.hpp
[0.615s] -- Up-to-date symlink: /home/mushfiqul/AIS_OBS_Project/ros2_ws/install/teb_msgs/include/teb_msgs/teb_msgs/msg/rosidl_typesupport_fastrtps_cpp__visibility_control.h
[0.616s] -- Up-to-date symlink: /home/mushfiqul/AIS_OBS_Project/ros2_ws/install/teb_msgs/include/teb_msgs/teb_msgs/msg/detail/feedback_msg__rosidl_typesupport_introspection_c.h
[0.616s] -- Up-to-date symlink: /home/mushfiqul/AIS_OBS_Project/ros2_ws/install/teb_msgs/include/teb_msgs/teb_msgs/msg/detail/trajectory_msg__rosidl_typesupport_introspection_c.h
[0.616s] -- Up-to-date symlink: /home/mushfiqul/AIS_OBS_Project/ros2_ws/install/teb_msgs/include/teb_msgs/teb_msgs/msg/detail/trajectory_point_msg__rosidl_typesupport_introspection_c.h
[0.616s] -- Up-to-date symlink: /home/mushfiqul/AIS_OBS_Project/ros2_ws/install/teb_msgs/include/teb_msgs/teb_msgs/msg/rosidl_typesupport_introspection_c__visibility_control.h
[0.617s] -- Up-to-date symlink: /home/mushfiqul/AIS_OBS_Project/ros2_ws/install/teb_msgs/include/teb_msgs/teb_msgs/msg/detail/feedback_msg__rosidl_typesupport_introspection_cpp.hpp
[0.617s] -- Up-to-date symlink: /home/mushfiqul/AIS_OBS_Project/ros2_ws/install/teb_msgs/include/teb_msgs/teb_msgs/msg/detail/trajectory_msg__rosidl_typesupport_introspection_cpp.hpp
[0.617s] -- Up-to-date symlink: /home/mushfiqul/AIS_OBS_Project/ros2_ws/install/teb_msgs/include/teb_msgs/teb_msgs/msg/detail/trajectory_point_msg__rosidl_typesupport_introspection_cpp.hpp
[0.617s] -- Up-to-date symlink: /home/mushfiqul/AIS_OBS_Project/ros2_ws/install/teb_msgs/share/teb_msgs/environment/pythonpath.sh
[0.618s] -- Up-to-date symlink: /home/mushfiqul/AIS_OBS_Project/ros2_ws/install/teb_msgs/share/teb_msgs/environment/pythonpath.dsv
[0.618s] -- Up-to-date symlink: /home/mushfiqul/AIS_OBS_Project/ros2_ws/install/teb_msgs/lib/python3.12/site-packages/teb_msgs-0.0.1-py3.12.egg-info/PKG-INFO
[0.618s] -- Up-to-date symlink: /home/mushfiqul/AIS_OBS_Project/ros2_ws/install/teb_msgs/lib/python3.12/site-packages/teb_msgs-0.0.1-py3.12.egg-info/SOURCES.txt
[0.619s] -- Up-to-date symlink: /home/mushfiqul/AIS_OBS_Project/ros2_ws/install/teb_msgs/lib/python3.12/site-packages/teb_msgs-0.0.1-py3.12.egg-info/dependency_links.txt
[0.619s] -- Up-to-date symlink: /home/mushfiqul/AIS_OBS_Project/ros2_ws/install/teb_msgs/lib/python3.12/site-packages/teb_msgs-0.0.1-py3.12.egg-info/top_level.txt
[0.620s] -- Up-to-date symlink: /home/mushfiqul/AIS_OBS_Project/ros2_ws/install/teb_msgs/lib/python3.12/site-packages/teb_msgs/__init__.py
[0.620s] -- Up-to-date symlink: /home/mushfiqul/AIS_OBS_Project/ros2_ws/install/teb_msgs/lib/python3.12/site-packages/teb_msgs/_teb_msgs_s.ep.rosidl_typesupport_c.c
[0.620s] -- Up-to-date symlink: /home/mushfiqul/AIS_OBS_Project/ros2_ws/install/teb_msgs/lib/python3.12/site-packages/teb_msgs/_teb_msgs_s.ep.rosidl_typesupport_fastrtps_c.c
[0.621s] -- Up-to-date symlink: /home/mushfiqul/AIS_OBS_Project/ros2_ws/install/teb_msgs/lib/python3.12/site-packages/teb_msgs/_teb_msgs_s.ep.rosidl_typesupport_introspection_c.c
[0.621s] -- Up-to-date symlink: /home/mushfiqul/AIS_OBS_Project/ros2_ws/install/teb_msgs/lib/python3.12/site-packages/teb_msgs/msg/__init__.py
[0.621s] -- Up-to-date symlink: /home/mushfiqul/AIS_OBS_Project/ros2_ws/install/teb_msgs/lib/python3.12/site-packages/teb_msgs/msg/_feedback_msg.py
[0.622s] -- Up-to-date symlink: /home/mushfiqul/AIS_OBS_Project/ros2_ws/install/teb_msgs/lib/python3.12/site-packages/teb_msgs/msg/_feedback_msg_s.c
[0.622s] -- Up-to-date symlink: /home/mushfiqul/AIS_OBS_Project/ros2_ws/install/teb_msgs/lib/python3.12/site-packages/teb_msgs/msg/_trajectory_msg.py
[0.622s] -- Up-to-date symlink: /home/mushfiqul/AIS_OBS_Project/ros2_ws/install/teb_msgs/lib/python3.12/site-packages/teb_msgs/msg/_trajectory_msg_s.c
[0.622s] -- Up-to-date symlink: /home/mushfiqul/AIS_OBS_Project/ros2_ws/install/teb_msgs/lib/python3.12/site-packages/teb_msgs/msg/_trajectory_point_msg.py
[0.623s] -- Up-to-date symlink: /home/mushfiqul/AIS_OBS_Project/ros2_ws/install/teb_msgs/lib/python3.12/site-packages/teb_msgs/msg/_trajectory_point_msg_s.c
[0.623s] -- Up-to-date symlink: /home/mushfiqul/AIS_OBS_Project/ros2_ws/install/teb_msgs/lib/python3.12/site-packages/teb_msgs/teb_msgs_s__rosidl_typesupport_c.so
[0.623s] -- Up-to-date symlink: /home/mushfiqul/AIS_OBS_Project/ros2_ws/install/teb_msgs/lib/python3.12/site-packages/teb_msgs/teb_msgs_s__rosidl_typesupport_fastrtps_c.so
[0.623s] -- Up-to-date symlink: /home/mushfiqul/AIS_OBS_Project/ros2_ws/install/teb_msgs/lib/python3.12/site-packages/teb_msgs/teb_msgs_s__rosidl_typesupport_introspection_c.so
[0.624s] -- Up-to-date symlink: /home/mushfiqul/AIS_OBS_Project/ros2_ws/install/teb_msgs/lib/python3.12/site-packages/teb_msgs/teb_msgs_s__rosidl_typesupport_fastrtps_c.so
[0.625s] -- Up-to-date symlink: /home/mushfiqul/AIS_OBS_Project/ros2_ws/install/teb_msgs/lib/python3.12/site-packages/teb_msgs/teb_msgs_s__rosidl_typesupport_introspection_c.so
[0.625s] -- Up-to-date symlink: /home/mushfiqul/AIS_OBS_Project/ros2_ws/install/teb_msgs/lib/python3.12/site-packages/teb_msgs/teb_msgs_s__rosidl_typesupport_c.so
[0.626s] -- Up-to-date symlink: /home/mushfiqul/AIS_OBS_Project/ros2_ws/install/teb_msgs/share/teb_msgs/msg/FeedbackMsg.idl
[0.626s] -- Up-to-date symlink: /home/mushfiqul/AIS_OBS_Project/ros2_ws/install/teb_msgs/share/teb_msgs/msg/TrajectoryMsg.idl
[0.626s] -- Up-to-date symlink: /home/mushfiqul/AIS_OBS_Project/ros2_ws/install/teb_msgs/share/teb_msgs/msg/TrajectoryPointMsg.idl
[0.627s] -- Up-to-date symlink: /home/mushfiqul/AIS_OBS_Project/ros2_ws/install/teb_msgs/share/teb_msgs/msg/FeedbackMsg.msg
[0.627s] -- Up-to-date symlink: /home/mushfiqul/AIS_OBS_Project/ros2_ws/install/teb_msgs/share/teb_msgs/msg/TrajectoryMsg.msg
[0.628s] -- Up-to-date symlink: /home/mushfiqul/AIS_OBS_Project/ros2_ws/install/teb_msgs/share/teb_msgs/msg/TrajectoryPointMsg.msg
[0.628s] -- Up-to-date symlink: /home/mushfiqul/AIS_OBS_Project/ros2_ws/install/teb_msgs/share/ament_index/resource_index/package_run_dependencies/teb_msgs
[0.628s] -- Up-to-date symlink: /home/mushfiqul/AIS_OBS_Project/ros2_ws/install/teb_msgs/share/ament_index/resource_index/parent_prefix_path/teb_msgs
[0.629s] -- Up-to-date symlink: /home/mushfiqul/AIS_OBS_Project/ros2_ws/install/teb_msgs/share/teb_msgs/environment/ament_prefix_path.sh
[0.629s] -- Up-to-date symlink: /home/mushfiqul/AIS_OBS_Project/ros2_ws/install/teb_msgs/share/teb_msgs/environment/ament_prefix_path.dsv
[0.630s] -- Up-to-date symlink: /home/mushfiqul/AIS_OBS_Project/ros2_ws/install/teb_msgs/share/teb_msgs/environment/path.sh
[0.630s] -- Up-to-date symlink: /home/mushfiqul/AIS_OBS_Project/ros2_ws/install/teb_msgs/share/teb_msgs/environment/path.dsv
[0.630s] -- Up-to-date symlink: /home/mushfiqul/AIS_OBS_Project/ros2_ws/install/teb_msgs/share/teb_msgs/local_setup.bash
[0.631s] -- Up-to-date symlink: /home/mushfiqul/AIS_OBS_Project/ros2_ws/install/teb_msgs/share/teb_msgs/local_setup.sh
[0.631s] -- Up-to-date symlink: /home/mushfiqul/AIS_OBS_Project/ros2_ws/install/teb_msgs/share/teb_msgs/local_setup.zsh
[0.632s] -- Up-to-date symlink: /home/mushfiqul/AIS_OBS_Project/ros2_ws/install/teb_msgs/share/teb_msgs/local_setup.dsv
[0.632s] -- Symlinking: /home/mushfiqul/AIS_OBS_Project/ros2_ws/install/teb_msgs/share/teb_msgs/package.dsv
[0.647s] -- Up-to-date symlink: /home/mushfiqul/AIS_OBS_Project/ros2_ws/install/teb_msgs/share/ament_index/resource_index/packages/teb_msgs
[0.648s] -- Up-to-date symlink: /home/mushfiqul/AIS_OBS_Project/ros2_ws/install/teb_msgs/share/teb_msgs/cmake/rosidl_cmake-extras.cmake
[0.648s] -- Up-to-date symlink: /home/mushfiqul/AIS_OBS_Project/ros2_ws/install/teb_msgs/share/teb_msgs/cmake/ament_cmake_export_dependencies-extras.cmake
[0.649s] -- Up-to-date symlink: /home/mushfiqul/AIS_OBS_Project/ros2_ws/install/teb_msgs/share/teb_msgs/cmake/ament_cmake_export_include_directories-extras.cmake
[0.649s] -- Up-to-date symlink: /home/mushfiqul/AIS_OBS_Project/ros2_ws/install/teb_msgs/share/teb_msgs/cmake/ament_cmake_export_libraries-extras.cmake
[0.649s] -- Up-to-date symlink: /home/mushfiqul/AIS_OBS_Project/ros2_ws/install/teb_msgs/share/teb_msgs/cmake/ament_cmake_export_targets-extras.cmake
[0.650s] -- Up-to-date symlink: /home/mushfiqul/AIS_OBS_Project/ros2_ws/install/teb_msgs/share/teb_msgs/cmake/rosidl_cmake_export_typesupport_targets-extras.cmake
[0.650s] -- Up-to-date symlink: /home/mushfiqul/AIS_OBS_Project/ros2_ws/install/teb_msgs/share/teb_msgs/cmake/rosidl_cmake_export_typesupport_libraries-extras.cmake
[0.650s] -- Up-to-date symlink: /home/mushfiqul/AIS_OBS_Project/ros2_ws/install/teb_msgs/share/teb_msgs/cmake/teb_msgsConfig.cmake
[0.651s] -- Up-to-date symlink: /home/mushfiqul/AIS_OBS_Project/ros2_ws/install/teb_msgs/share/teb_msgs/cmake/teb_msgsConfig-version.cmake
[0.651s] -- Up-to-date symlink: /home/mushfiqul/AIS_OBS_Project/ros2_ws/install/teb_msgs/share/teb_msgs/package.xml
[0.651s] -- Up-to-date: /home/mushfiqul/AIS_OBS_Project/ros2_ws/install/teb_msgs/lib/libteb_msgs__rosidl_generator_c.so
[0.652s] -- Up-to-date: /home/mushfiqul/AIS_OBS_Project/ros2_ws/install/teb_msgs/lib/libteb_msgs__rosidl_typesupport_fastrtps_c.so
[0.653s] -- Up-to-date: /home/mushfiqul/AIS_OBS_Project/ros2_ws/install/teb_msgs/lib/libteb_msgs__rosidl_typesupport_fastrtps_cpp.so
[0.653s] -- Up-to-date: /home/mushfiqul/AIS_OBS_Project/ros2_ws/install/teb_msgs/lib/libteb_msgs__rosidl_typesupport_introspection_c.so
[0.654s] -- Up-to-date: /home/mushfiqul/AIS_OBS_Project/ros2_ws/install/teb_msgs/lib/libteb_msgs__rosidl_typesupport_c.so
[0.654s] -- Up-to-date: /home/mushfiqul/AIS_OBS_Project/ros2_ws/install/teb_msgs/lib/libteb_msgs__rosidl_typesupport_introspection_cpp.so
[0.655s] -- Up-to-date: /home/mushfiqul/AIS_OBS_Project/ros2_ws/install/teb_msgs/lib/libteb_msgs__rosidl_typesupport_cpp.so
[0.706s] Listing '/home/mushfiqul/AIS_OBS_Project/ros2_ws/install/teb_msgs/lib/python3.12/site-packages/teb_msgs'...
[0.706s] Listing '/home/mushfiqul/AIS_OBS_Project/ros2_ws/install/teb_msgs/lib/python3.12/site-packages/teb_msgs/msg'...
[0.714s] -- Up-to-date: /home/mushfiqul/AIS_OBS_Project/ros2_ws/install/teb_msgs/lib/libteb_msgs__rosidl_generator_py.so
[0.715s] -- Up-to-date: /home/mushfiqul/AIS_OBS_Project/ros2_ws/install/teb_msgs/share/teb_msgs/cmake/export_teb_msgs__rosidl_generator_cExport.cmake
[0.715s] -- Up-to-date: /home/mushfiqul/AIS_OBS_Project/ros2_ws/install/teb_msgs/share/teb_msgs/cmake/export_teb_msgs__rosidl_generator_cExport-noconfig.cmake
[0.716s] -- Up-to-date: /home/mushfiqul/AIS_OBS_Project/ros2_ws/install/teb_msgs/share/teb_msgs/cmake/export_teb_msgs__rosidl_typesupport_fastrtps_cExport.cmake
[0.716s] -- Up-to-date: /home/mushfiqul/AIS_OBS_Project/ros2_ws/install/teb_msgs/share/teb_msgs/cmake/export_teb_msgs__rosidl_typesupport_fastrtps_cExport-noconfig.cmake
[0.717s] -- Up-to-date: /home/mushfiqul/AIS_OBS_Project/ros2_ws/install/teb_msgs/share/teb_msgs/cmake/export_teb_msgs__rosidl_generator_cppExport.cmake
[0.717s] -- Up-to-date: /home/mushfiqul/AIS_OBS_Project/ros2_ws/install/teb_msgs/share/teb_msgs/cmake/export_teb_msgs__rosidl_typesupport_fastrtps_cppExport.cmake
[0.717s] -- Up-to-date: /home/mushfiqul/AIS_OBS_Project/ros2_ws/install/teb_msgs/share/teb_msgs/cmake/export_teb_msgs__rosidl_typesupport_fastrtps_cppExport-noconfig.cmake
[0.717s] -- Up-to-date: /home/mushfiqul/AIS_OBS_Project/ros2_ws/install/teb_msgs/share/teb_msgs/cmake/teb_msgs__rosidl_typesupport_introspection_cExport.cmake
[0.717s] -- Up-to-date: /home/mushfiqul/AIS_OBS_Project/ros2_ws/install/teb_msgs/share/teb_msgs/cmake/teb_msgs__rosidl_typesupport_introspection_cExport-noconfig.cmake
[0.718s] -- Up-to-date: /home/mushfiqul/AIS_OBS_Project/ros2_ws/install/teb_msgs/share/teb_msgs/cmake/teb_msgs__rosidl_typesupport_cExport.cmake
[0.718s] -- Up-to-date: /home/mushfiqul/AIS_OBS_Project/ros2_ws/install/teb_msgs/share/teb_msgs/cmake/teb_msgs__rosidl_typesupport_cExport-noconfig.cmake
[0.718s] -- Up-to-date: /home/mushfiqul/AIS_OBS_Project/ros2_ws/install/teb_msgs/share/teb_msgs/cmake/teb_msgs__rosidl_typesupport_introspection_cppExport.cmake
[0.718s] -- Up-to-date: /home/mushfiqul/AIS_OBS_Project/ros2_ws/install/teb_msgs/share/teb_msgs/cmake/teb_msgs__rosidl_typesupport_introspection_cppExport-noconfig.cmake
[0.718s] -- Up-to-date: /home/mushfiqul/AIS_OBS_Project/ros2_ws/install/teb_msgs/share/teb_msgs/cmake/teb_msgs__rosidl_typesupport_cppExport.cmake
[0.718s] -- Up-to-date: /home/mushfiqul/AIS_OBS_Project/ros2_ws/install/teb_msgs/share/teb_msgs/cmake/teb_msgs__rosidl_typesupport_cppExport-noconfig.cmake
[0.719s] -- Up-to-date: /home/mushfiqul/AIS_OBS_Project/ros2_ws/install/teb_msgs/share/teb_msgs/cmake/export_teb_msgs__rosidl_generator_pyExport.cmake
[0.719s] -- Up-to-date: /home/mushfiqul/AIS_OBS_Project/ros2_ws/install/teb_msgs/share/teb_msgs/cmake/export_teb_msgs__rosidl_generator_pyExport-noconfig.cmake
[0.720s] Invoked command in '/home/mushfiqul/AIS_OBS_Project/ros2_ws/build/teb_msgs' returned '0': AMENT_PREFIX_PATH=/home/mushfiqul/AIS_OBS_Project/ros2_ws/install/costmap_converter_msgs:${AMENT_PREFIX_PATH} CMAKE_PREFIX_PATH=/home/mushfiqul/AIS_OBS_Project/ros2_ws/install/costmap_converter_msgs:/opt/ros/jazzy/opt/gz_sim_vendor:/opt/ros/jazzy/opt/gz_sensors_vendor:/opt/ros/jazzy/opt/gz_physics_vendor:/opt/ros/jazzy/opt/sdformat_vendor:/opt/ros/jazzy/opt/gz_gui_vendor:/opt/ros/jazzy/opt/gz_transport_vendor:/opt/ros/jazzy/opt/gz_rendering_vendor:/opt/ros/jazzy/opt/gz_plugin_vendor:/opt/ros/jazzy/opt/gz_fuel_tools_vendor:/opt/ros/jazzy/opt/gz_msgs_vendor:/opt/ros/jazzy/opt/gz_common_vendor:/opt/ros/jazzy/opt/gz_math_vendor:/opt/ros/jazzy/opt/gz_utils_vendor:/opt/ros/jazzy/opt/gz_tools_vendor:/opt/ros/jazzy/opt/gz_ogre_next_vendor:/opt/ros/jazzy/opt/gz_dartsim_vendor:/opt/ros/jazzy/opt/gz_cmake_vendor:/opt/ros/jazzy DEBUGINFOD_URLS=https://debuginfod.ubuntu.com LD_LIBRARY_PATH=/home/mushfiqul/AIS_OBS_Project/ros2_ws/install/costmap_converter_msgs/lib:${LD_LIBRARY_PATH} PYTHONPATH=/home/mushfiqul/AIS_OBS_Project/ros2_ws/install/costmap_converter_msgs/lib/python3.12/site-packages:${PYTHONPATH} /usr/bin/cmake --install /home/mushfiqul/AIS_OBS_Project/ros2_ws/build/teb_msgs
