[0.076s] Invoking command in '/home/mushfiqul/AIS_OBS_Project/ros2_ws/build/teb_obstacle_avoidance': CMAKE_PREFIX_PATH=/home/mushfiqul/AIS_OBS_Project/ros2_ws/install/teb_local_planner:/home/mushfiqul/AIS_OBS_Project/ros2_ws/install/teb_msgs:/home/mushfiqul/AIS_OBS_Project/ros2_ws/install/costmap_converter:/home/mushfiqul/AIS_OBS_Project/ros2_ws/install/costmap_converter_msgs:/home/mushfiqul/AIS_OBS_Project/ros2_ws/install/teb_obstacle_avoidance:/opt/ros/jazzy/opt/gz_sim_vendor:/opt/ros/jazzy/opt/gz_sensors_vendor:/opt/ros/jazzy/opt/gz_physics_vendor:/opt/ros/jazzy/opt/sdformat_vendor:/opt/ros/jazzy/opt/gz_gui_vendor:/opt/ros/jazzy/opt/gz_transport_vendor:/opt/ros/jazzy/opt/gz_rendering_vendor:/opt/ros/jazzy/opt/gz_plugin_vendor:/opt/ros/jazzy/opt/gz_fuel_tools_vendor:/opt/ros/jazzy/opt/gz_msgs_vendor:/opt/ros/jazzy/opt/gz_common_vendor:/opt/ros/jazzy/opt/gz_math_vendor:/opt/ros/jazzy/opt/gz_utils_vendor:/opt/ros/jazzy/opt/gz_tools_vendor:/opt/ros/jazzy/opt/gz_ogre_next_vendor:/opt/ros/jazzy/opt/gz_dartsim_vendor:/opt/ros/jazzy/opt/gz_cmake_vendor:/opt/ros/jazzy DEBUGINFOD_URLS=https://debuginfod.ubuntu.com PYTHONPATH=/home/mushfiqul/AIS_OBS_Project/ros2_ws/install/teb_msgs/lib/python3.12/site-packages:/home/mushfiqul/AIS_OBS_Project/ros2_ws/install/costmap_converter_msgs/lib/python3.12/site-packages:/home/mushfiqul/AIS_OBS_Project/ros2_ws/install/teb_obstacle_avoidance/lib/python3.12/site-packages:/opt/ros/jazzy/lib/python3.12/site-packages /usr/bin/cmake --build /home/mushfiqul/AIS_OBS_Project/ros2_ws/build/teb_obstacle_avoidance -- -j8 -l8
[0.264s] Built target ament_cmake_python_symlink_teb_obstacle_avoidance
[1.172s] running egg_info
[1.218s] writing teb_obstacle_avoidance.egg-info/PKG-INFO
[1.218s] writing dependency_links to teb_obstacle_avoidance.egg-info/dependency_links.txt
[1.219s] writing top-level names to teb_obstacle_avoidance.egg-info/top_level.txt
[1.391s] reading manifest file 'teb_obstacle_avoidance.egg-info/SOURCES.txt'
[1.470s] writing manifest file 'teb_obstacle_avoidance.egg-info/SOURCES.txt'
[1.543s] Built target ament_cmake_python_build_teb_obstacle_avoidance_egg
[1.567s] Invoked command in '/home/mushfiqul/AIS_OBS_Project/ros2_ws/build/teb_obstacle_avoidance' returned '0': CMAKE_PREFIX_PATH=/home/mushfiqul/AIS_OBS_Project/ros2_ws/install/teb_local_planner:/home/mushfiqul/AIS_OBS_Project/ros2_ws/install/teb_msgs:/home/mushfiqul/AIS_OBS_Project/ros2_ws/install/costmap_converter:/home/mushfiqul/AIS_OBS_Project/ros2_ws/install/costmap_converter_msgs:/home/mushfiqul/AIS_OBS_Project/ros2_ws/install/teb_obstacle_avoidance:/opt/ros/jazzy/opt/gz_sim_vendor:/opt/ros/jazzy/opt/gz_sensors_vendor:/opt/ros/jazzy/opt/gz_physics_vendor:/opt/ros/jazzy/opt/sdformat_vendor:/opt/ros/jazzy/opt/gz_gui_vendor:/opt/ros/jazzy/opt/gz_transport_vendor:/opt/ros/jazzy/opt/gz_rendering_vendor:/opt/ros/jazzy/opt/gz_plugin_vendor:/opt/ros/jazzy/opt/gz_fuel_tools_vendor:/opt/ros/jazzy/opt/gz_msgs_vendor:/opt/ros/jazzy/opt/gz_common_vendor:/opt/ros/jazzy/opt/gz_math_vendor:/opt/ros/jazzy/opt/gz_utils_vendor:/opt/ros/jazzy/opt/gz_tools_vendor:/opt/ros/jazzy/opt/gz_ogre_next_vendor:/opt/ros/jazzy/opt/gz_dartsim_vendor:/opt/ros/jazzy/opt/gz_cmake_vendor:/opt/ros/jazzy DEBUGINFOD_URLS=https://debuginfod.ubuntu.com PYTHONPATH=/home/mushfiqul/AIS_OBS_Project/ros2_ws/install/teb_msgs/lib/python3.12/site-packages:/home/mushfiqul/AIS_OBS_Project/ros2_ws/install/costmap_converter_msgs/lib/python3.12/site-packages:/home/mushfiqul/AIS_OBS_Project/ros2_ws/install/teb_obstacle_avoidance/lib/python3.12/site-packages:/opt/ros/jazzy/lib/python3.12/site-packages /usr/bin/cmake --build /home/mushfiqul/AIS_OBS_Project/ros2_ws/build/teb_obstacle_avoidance -- -j8 -l8
[1.592s] Invoking command in '/home/mushfiqul/AIS_OBS_Project/ros2_ws/build/teb_obstacle_avoidance': CMAKE_PREFIX_PATH=/home/mushfiqul/AIS_OBS_Project/ros2_ws/install/teb_local_planner:/home/mushfiqul/AIS_OBS_Project/ros2_ws/install/teb_msgs:/home/mushfiqul/AIS_OBS_Project/ros2_ws/install/costmap_converter:/home/mushfiqul/AIS_OBS_Project/ros2_ws/install/costmap_converter_msgs:/home/mushfiqul/AIS_OBS_Project/ros2_ws/install/teb_obstacle_avoidance:/opt/ros/jazzy/opt/gz_sim_vendor:/opt/ros/jazzy/opt/gz_sensors_vendor:/opt/ros/jazzy/opt/gz_physics_vendor:/opt/ros/jazzy/opt/sdformat_vendor:/opt/ros/jazzy/opt/gz_gui_vendor:/opt/ros/jazzy/opt/gz_transport_vendor:/opt/ros/jazzy/opt/gz_rendering_vendor:/opt/ros/jazzy/opt/gz_plugin_vendor:/opt/ros/jazzy/opt/gz_fuel_tools_vendor:/opt/ros/jazzy/opt/gz_msgs_vendor:/opt/ros/jazzy/opt/gz_common_vendor:/opt/ros/jazzy/opt/gz_math_vendor:/opt/ros/jazzy/opt/gz_utils_vendor:/opt/ros/jazzy/opt/gz_tools_vendor:/opt/ros/jazzy/opt/gz_ogre_next_vendor:/opt/ros/jazzy/opt/gz_dartsim_vendor:/opt/ros/jazzy/opt/gz_cmake_vendor:/opt/ros/jazzy DEBUGINFOD_URLS=https://debuginfod.ubuntu.com PYTHONPATH=/home/mushfiqul/AIS_OBS_Project/ros2_ws/install/teb_msgs/lib/python3.12/site-packages:/home/mushfiqul/AIS_OBS_Project/ros2_ws/install/costmap_converter_msgs/lib/python3.12/site-packages:/home/mushfiqul/AIS_OBS_Project/ros2_ws/install/teb_obstacle_avoidance/lib/python3.12/site-packages:/opt/ros/jazzy/lib/python3.12/site-packages /usr/bin/cmake --install /home/mushfiqul/AIS_OBS_Project/ros2_ws/build/teb_obstacle_avoidance
[1.651s] -- Install configuration: ""
[1.653s] -- Execute custom install script
[1.654s] -- Up-to-date symlink: /home/mushfiqul/AIS_OBS_Project/ros2_ws/install/teb_obstacle_avoidance/share/teb_obstacle_avoidance/environment/pythonpath.sh
[1.655s] -- Up-to-date symlink: /home/mushfiqul/AIS_OBS_Project/ros2_ws/install/teb_obstacle_avoidance/share/teb_obstacle_avoidance/environment/pythonpath.dsv
[1.655s] -- Up-to-date symlink: /home/mushfiqul/AIS_OBS_Project/ros2_ws/install/teb_obstacle_avoidance/lib/python3.12/site-packages/teb_obstacle_avoidance-0.1.0-py3.12.egg-info/PKG-INFO
[1.656s] -- Up-to-date symlink: /home/mushfiqul/AIS_OBS_Project/ros2_ws/install/teb_obstacle_avoidance/lib/python3.12/site-packages/teb_obstacle_avoidance-0.1.0-py3.12.egg-info/SOURCES.txt
[1.657s] -- Up-to-date symlink: /home/mushfiqul/AIS_OBS_Project/ros2_ws/install/teb_obstacle_avoidance/lib/python3.12/site-packages/teb_obstacle_avoidance-0.1.0-py3.12.egg-info/dependency_links.txt
[1.658s] -- Up-to-date symlink: /home/mushfiqul/AIS_OBS_Project/ros2_ws/install/teb_obstacle_avoidance/lib/python3.12/site-packages/teb_obstacle_avoidance-0.1.0-py3.12.egg-info/top_level.txt
[1.660s] -- Up-to-date symlink: /home/mushfiqul/AIS_OBS_Project/ros2_ws/install/teb_obstacle_avoidance/lib/python3.12/site-packages/teb_obstacle_avoidance/__init__.py
[1.661s] -- Up-to-date symlink: /home/mushfiqul/AIS_OBS_Project/ros2_ws/install/teb_obstacle_avoidance/lib/teb_obstacle_avoidance/collect_metrics.py
[1.661s] -- Up-to-date symlink: /home/mushfiqul/AIS_OBS_Project/ros2_ws/install/teb_obstacle_avoidance/lib/teb_obstacle_avoidance/dynamic_obstacle_spawner.py
[1.662s] -- Up-to-date symlink: /home/mushfiqul/AIS_OBS_Project/ros2_ws/install/teb_obstacle_avoidance/lib/teb_obstacle_avoidance/goal_sender.py
[1.663s] -- Up-to-date symlink: /home/mushfiqul/AIS_OBS_Project/ros2_ws/install/teb_obstacle_avoidance/share/teb_obstacle_avoidance/launch/nav_simulation.launch.py
[1.664s] -- Up-to-date symlink: /home/mushfiqul/AIS_OBS_Project/ros2_ws/install/teb_obstacle_avoidance/share/teb_obstacle_avoidance/config/nav2_params_dwa.yaml
[1.665s] -- Up-to-date symlink: /home/mushfiqul/AIS_OBS_Project/ros2_ws/install/teb_obstacle_avoidance/share/teb_obstacle_avoidance/config/nav2_params_teb.yaml
[1.666s] -- Up-to-date symlink: /home/mushfiqul/AIS_OBS_Project/ros2_ws/install/teb_obstacle_avoidance/share/teb_obstacle_avoidance/worlds/scenario_dynamic.world
[1.666s] -- Up-to-date symlink: /home/mushfiqul/AIS_OBS_Project/ros2_ws/install/teb_obstacle_avoidance/share/teb_obstacle_avoidance/worlds/scenario_mixed.world
[1.667s] -- Up-to-date symlink: /home/mushfiqul/AIS_OBS_Project/ros2_ws/install/teb_obstacle_avoidance/share/teb_obstacle_avoidance/worlds/scenario_narrow.world
[1.668s] -- Up-to-date symlink: /home/mushfiqul/AIS_OBS_Project/ros2_ws/install/teb_obstacle_avoidance/share/teb_obstacle_avoidance/worlds/scenario_static.world
[1.669s] -- Up-to-date symlink: /home/mushfiqul/AIS_OBS_Project/ros2_ws/install/teb_obstacle_avoidance/share/teb_obstacle_avoidance/maps/map.pgm
[1.670s] -- Up-to-date symlink: /home/mushfiqul/AIS_OBS_Project/ros2_ws/install/teb_obstacle_avoidance/share/teb_obstacle_avoidance/maps/map.yaml
[1.670s] -- Up-to-date symlink: /home/mushfiqul/AIS_OBS_Project/ros2_ws/install/teb_obstacle_avoidance/share/ament_index/resource_index/package_run_dependencies/teb_obstacle_avoidance
[1.671s] -- Up-to-date symlink: /home/mushfiqul/AIS_OBS_Project/ros2_ws/install/teb_obstacle_avoidance/share/ament_index/resource_index/parent_prefix_path/teb_obstacle_avoidance
[1.671s] -- Up-to-date symlink: /home/mushfiqul/AIS_OBS_Project/ros2_ws/install/teb_obstacle_avoidance/share/teb_obstacle_avoidance/environment/ament_prefix_path.sh
[1.672s] -- Up-to-date symlink: /home/mushfiqul/AIS_OBS_Project/ros2_ws/install/teb_obstacle_avoidance/share/teb_obstacle_avoidance/environment/ament_prefix_path.dsv
[1.673s] -- Up-to-date symlink: /home/mushfiqul/AIS_OBS_Project/ros2_ws/install/teb_obstacle_avoidance/share/teb_obstacle_avoidance/environment/path.sh
[1.674s] -- Up-to-date symlink: /home/mushfiqul/AIS_OBS_Project/ros2_ws/install/teb_obstacle_avoidance/share/teb_obstacle_avoidance/environment/path.dsv
[1.675s] -- Up-to-date symlink: /home/mushfiqul/AIS_OBS_Project/ros2_ws/install/teb_obstacle_avoidance/share/teb_obstacle_avoidance/local_setup.bash
[1.675s] -- Up-to-date symlink: /home/mushfiqul/AIS_OBS_Project/ros2_ws/install/teb_obstacle_avoidance/share/teb_obstacle_avoidance/local_setup.sh
[1.676s] -- Up-to-date symlink: /home/mushfiqul/AIS_OBS_Project/ros2_ws/install/teb_obstacle_avoidance/share/teb_obstacle_avoidance/local_setup.zsh
[1.677s] -- Up-to-date symlink: /home/mushfiqul/AIS_OBS_Project/ros2_ws/install/teb_obstacle_avoidance/share/teb_obstacle_avoidance/local_setup.dsv
[1.678s] -- Symlinking: /home/mushfiqul/AIS_OBS_Project/ros2_ws/install/teb_obstacle_avoidance/share/teb_obstacle_avoidance/package.dsv
[1.704s] -- Up-to-date symlink: /home/mushfiqul/AIS_OBS_Project/ros2_ws/install/teb_obstacle_avoidance/share/ament_index/resource_index/packages/teb_obstacle_avoidance
[1.706s] -- Up-to-date symlink: /home/mushfiqul/AIS_OBS_Project/ros2_ws/install/teb_obstacle_avoidance/share/teb_obstacle_avoidance/cmake/teb_obstacle_avoidanceConfig.cmake
[1.708s] -- Up-to-date symlink: /home/mushfiqul/AIS_OBS_Project/ros2_ws/install/teb_obstacle_avoidance/share/teb_obstacle_avoidance/cmake/teb_obstacle_avoidanceConfig-version.cmake
[1.709s] -- Up-to-date symlink: /home/mushfiqul/AIS_OBS_Project/ros2_ws/install/teb_obstacle_avoidance/share/teb_obstacle_avoidance/package.xml
[1.808s] Listing '/home/mushfiqul/AIS_OBS_Project/ros2_ws/install/teb_obstacle_avoidance/lib/python3.12/site-packages/teb_obstacle_avoidance'...
[1.822s] Invoked command in '/home/mushfiqul/AIS_OBS_Project/ros2_ws/build/teb_obstacle_avoidance' returned '0': CMAKE_PREFIX_PATH=/home/mushfiqul/AIS_OBS_Project/ros2_ws/install/teb_local_planner:/home/mushfiqul/AIS_OBS_Project/ros2_ws/install/teb_msgs:/home/mushfiqul/AIS_OBS_Project/ros2_ws/install/costmap_converter:/home/mushfiqul/AIS_OBS_Project/ros2_ws/install/costmap_converter_msgs:/home/mushfiqul/AIS_OBS_Project/ros2_ws/install/teb_obstacle_avoidance:/opt/ros/jazzy/opt/gz_sim_vendor:/opt/ros/jazzy/opt/gz_sensors_vendor:/opt/ros/jazzy/opt/gz_physics_vendor:/opt/ros/jazzy/opt/sdformat_vendor:/opt/ros/jazzy/opt/gz_gui_vendor:/opt/ros/jazzy/opt/gz_transport_vendor:/opt/ros/jazzy/opt/gz_rendering_vendor:/opt/ros/jazzy/opt/gz_plugin_vendor:/opt/ros/jazzy/opt/gz_fuel_tools_vendor:/opt/ros/jazzy/opt/gz_msgs_vendor:/opt/ros/jazzy/opt/gz_common_vendor:/opt/ros/jazzy/opt/gz_math_vendor:/opt/ros/jazzy/opt/gz_utils_vendor:/opt/ros/jazzy/opt/gz_tools_vendor:/opt/ros/jazzy/opt/gz_ogre_next_vendor:/opt/ros/jazzy/opt/gz_dartsim_vendor:/opt/ros/jazzy/opt/gz_cmake_vendor:/opt/ros/jazzy DEBUGINFOD_URLS=https://debuginfod.ubuntu.com PYTHONPATH=/home/mushfiqul/AIS_OBS_Project/ros2_ws/install/teb_msgs/lib/python3.12/site-packages:/home/mushfiqul/AIS_OBS_Project/ros2_ws/install/costmap_converter_msgs/lib/python3.12/site-packages:/home/mushfiqul/AIS_OBS_Project/ros2_ws/install/teb_obstacle_avoidance/lib/python3.12/site-packages:/opt/ros/jazzy/lib/python3.12/site-packages /usr/bin/cmake --install /home/mushfiqul/AIS_OBS_Project/ros2_ws/build/teb_obstacle_avoidance
