[0.015s] Invoking command in '/home/mushfiqul/AIS_OBS_Project/ros2_ws/build/costmap_converter_msgs': CMAKE_PREFIX_PATH=${CMAKE_PREFIX_PATH}:/opt/ros/jazzy DEBUGINFOD_URLS=https://debuginfod.ubuntu.com /usr/bin/cmake /home/mushfiqul/AIS_OBS_Project/ros2_ws/src/costmap_converter/costmap_converter_msgs -DAMENT_CMAKE_SYMLINK_INSTALL=1 -DCMAKE_INSTALL_PREFIX=/home/mushfiqul/AIS_OBS_Project/ros2_ws/install/costmap_converter_msgs
[0.114s] -- The C compiler identification is GNU 13.3.0
[0.211s] -- The CXX compiler identification is GNU 13.3.0
[0.253s] -- Detecting C compiler ABI info
[0.406s] -- Detecting C compiler ABI info - done
[0.420s] -- Check for working C compiler: /usr/bin/cc - skipped
[0.421s] -- Detecting C compile features
[0.422s] -- Detecting C compile features - done
[0.442s] -- Detecting CXX compiler ABI info
[0.619s] -- Detecting CXX compiler ABI info - done
[0.634s] -- Check for working CXX compiler: /usr/bin/c++ - skipped
[0.635s] -- Detecting CXX compile features
[0.635s] -- Detecting CXX compile features - done
[0.643s] -- Found ament_cmake: 2.5.5 (/opt/ros/jazzy/share/ament_cmake/cmake)
[0.892s] -- Found Python3: /usr/bin/python3 (found version "3.12.3") found components: Interpreter 
[1.010s] -- Override CMake install command with custom implementation using symlinks instead of copying resources
[1.096s] -- Found builtin_interfaces: 2.0.3 (/opt/ros/jazzy/share/builtin_interfaces/cmake)
[1.172s] -- Found rosidl_generator_c: 4.6.7 (/opt/ros/jazzy/share/rosidl_generator_c/cmake)
[1.200s] -- Found rosidl_generator_cpp: 4.6.7 (/opt/ros/jazzy/share/rosidl_generator_cpp/cmake)
[1.240s] -- Using all available rosidl_typesupport_c: rosidl_typesupport_fastrtps_c;rosidl_typesupport_introspection_c
[1.281s] -- Using all available rosidl_typesupport_cpp: rosidl_typesupport_fastrtps_cpp;rosidl_typesupport_introspection_cpp
[1.317s] -- Found geometry_msgs: 5.3.6 (/opt/ros/jazzy/share/geometry_msgs/cmake)
[1.376s] -- Found rosidl_default_generators: 1.6.0 (/opt/ros/jazzy/share/rosidl_default_generators/cmake)
[1.407s] -- Found rosidl_adapter: 4.6.7 (/opt/ros/jazzy/share/rosidl_adapter/cmake)
[2.634s] -- Found ament_cmake_ros: 0.12.0 (/opt/ros/jazzy/share/ament_cmake_ros/cmake)
[4.177s] -- Using all available rosidl_typesupport_c: rosidl_typesupport_fastrtps_c;rosidl_typesupport_introspection_c
[4.699s] -- Using all available rosidl_typesupport_cpp: rosidl_typesupport_fastrtps_cpp;rosidl_typesupport_introspection_cpp
[4.747s] -- Found python_cmake_module: 0.11.1 (/opt/ros/jazzy/share/python_cmake_module/cmake)
[4.967s] -- Found PythonExtra: /usr/bin/python3  
[5.921s] -- Found Python3: /usr/bin/python3 (found version "3.12.3") found components: Interpreter Development NumPy Development.Module Development.Embed 
[6.100s] -- Configuring done (6.1s)
[6.179s] -- Generating done (0.1s)
[6.198s] -- Build files have been written to: /home/mushfiqul/AIS_OBS_Project/ros2_ws/build/costmap_converter_msgs
[6.214s] Invoked command in '/home/mushfiqul/AIS_OBS_Project/ros2_ws/build/costmap_converter_msgs' returned '0': CMAKE_PREFIX_PATH=${CMAKE_PREFIX_PATH}:/opt/ros/jazzy DEBUGINFOD_URLS=https://debuginfod.ubuntu.com /usr/bin/cmake /home/mushfiqul/AIS_OBS_Project/ros2_ws/src/costmap_converter/costmap_converter_msgs -DAMENT_CMAKE_SYMLINK_INSTALL=1 -DCMAKE_INSTALL_PREFIX=/home/mushfiqul/AIS_OBS_Project/ros2_ws/install/costmap_converter_msgs
[6.217s] Invoking command in '/home/mushfiqul/AIS_OBS_Project/ros2_ws/build/costmap_converter_msgs': CMAKE_PREFIX_PATH=${CMAKE_PREFIX_PATH}:/opt/ros/jazzy DEBUGINFOD_URLS=https://debuginfod.ubuntu.com /usr/bin/cmake --build /home/mushfiqul/AIS_OBS_Project/ros2_ws/build/costmap_converter_msgs -- -j8 -l8
[6.319s] [  2%] Generating type hashes for ROS interfaces
[6.339s] [  2%] Built target ament_cmake_python_symlink_costmap_converter_msgs
[7.039s] running egg_info
[7.041s] creating costmap_converter_msgs.egg-info
[7.081s] writing costmap_converter_msgs.egg-info/PKG-INFO
[7.081s] writing dependency_links to costmap_converter_msgs.egg-info/dependency_links.txt
[7.081s] writing top-level names to costmap_converter_msgs.egg-info/top_level.txt
[7.082s] writing manifest file 'costmap_converter_msgs.egg-info/SOURCES.txt'
[7.128s] [  2%] Built target costmap_converter_msgs__rosidl_generator_type_description
[7.153s] [  4%] Generating C code for ROS interfaces
[7.183s] [  6%] Generating C++ code for ROS interfaces
[7.207s] reading manifest file 'costmap_converter_msgs.egg-info/SOURCES.txt'
[7.208s] writing manifest file 'costmap_converter_msgs.egg-info/SOURCES.txt'
[7.274s] [  6%] Built target ament_cmake_python_build_costmap_converter_msgs_egg
[7.833s] [  6%] Built target costmap_converter_msgs__cpp
[7.907s] [  9%] Building C object CMakeFiles/costmap_converter_msgs__rosidl_generator_c.dir/rosidl_generator_c/costmap_converter_msgs/msg/detail/obstacle_array_msg__description.c.o
[7.907s] [ 11%] Building C object CMakeFiles/costmap_converter_msgs__rosidl_generator_c.dir/rosidl_generator_c/costmap_converter_msgs/msg/detail/obstacle_msg__functions.c.o
[7.907s] [ 13%] Building C object CMakeFiles/costmap_converter_msgs__rosidl_generator_c.dir/rosidl_generator_c/costmap_converter_msgs/msg/detail/obstacle_msg__description.c.o
[7.908s] [ 15%] Building C object CMakeFiles/costmap_converter_msgs__rosidl_generator_c.dir/rosidl_generator_c/costmap_converter_msgs/msg/detail/obstacle_msg__type_support.c.o
[7.911s] [ 18%] Building C object CMakeFiles/costmap_converter_msgs__rosidl_generator_c.dir/rosidl_generator_c/costmap_converter_msgs/msg/detail/obstacle_array_msg__functions.c.o
[7.914s] [ 20%] Building C object CMakeFiles/costmap_converter_msgs__rosidl_generator_c.dir/rosidl_generator_c/costmap_converter_msgs/msg/detail/obstacle_array_msg__type_support.c.o
[8.101s] [ 22%] Linking C shared library libcostmap_converter_msgs__rosidl_generator_c.so
[8.190s] [ 22%] Built target costmap_converter_msgs__rosidl_generator_c
[8.220s] [ 25%] Generating C++ type support dispatch for ROS interfaces
[8.221s] [ 27%] Generating C type support for eProsima Fast-RTPS
[8.221s] [ 29%] Generating C type support dispatch for ROS interfaces
[8.223s] [ 34%] Generating C introspection for ROS interfaces
[8.223s] [ 34%] Generating C++ type support for eProsima Fast-RTPS
[8.224s] [ 36%] Generating C++ introspection for ROS interfaces
[9.407s] [ 40%] Building CXX object CMakeFiles/costmap_converter_msgs__rosidl_typesupport_cpp.dir/rosidl_typesupport_cpp/costmap_converter_msgs/msg/obstacle_array_msg__type_support.cpp.o
[9.408s] [ 40%] Building CXX object CMakeFiles/costmap_converter_msgs__rosidl_typesupport_cpp.dir/rosidl_typesupport_cpp/costmap_converter_msgs/msg/obstacle_msg__type_support.cpp.o
[9.746s] [ 43%] Building CXX object CMakeFiles/costmap_converter_msgs__rosidl_typesupport_c.dir/rosidl_typesupport_c/costmap_converter_msgs/msg/obstacle_msg__type_support.cpp.o
[9.746s] [ 45%] Building CXX object CMakeFiles/costmap_converter_msgs__rosidl_typesupport_c.dir/rosidl_typesupport_c/costmap_converter_msgs/msg/obstacle_array_msg__type_support.cpp.o
[10.007s] [ 47%] Building CXX object CMakeFiles/costmap_converter_msgs__rosidl_typesupport_introspection_cpp.dir/rosidl_typesupport_introspection_cpp/costmap_converter_msgs/msg/detail/obstacle_msg__type_support.cpp.o
[10.062s] [ 50%] Linking CXX shared library libcostmap_converter_msgs__rosidl_typesupport_c.so
[10.062s] [ 52%] Building CXX object CMakeFiles/costmap_converter_msgs__rosidl_typesupport_introspection_cpp.dir/rosidl_typesupport_introspection_cpp/costmap_converter_msgs/msg/detail/obstacle_array_msg__type_support.cpp.o
[10.142s] [ 54%] Building C object CMakeFiles/costmap_converter_msgs__rosidl_typesupport_introspection_c.dir/rosidl_typesupport_introspection_c/costmap_converter_msgs/msg/detail/obstacle_msg__type_support.c.o
[10.151s] [ 56%] Building CXX object CMakeFiles/costmap_converter_msgs__rosidl_typesupport_fastrtps_cpp.dir/rosidl_typesupport_fastrtps_cpp/costmap_converter_msgs/msg/detail/dds_fastrtps/obstacle_msg__type_support.cpp.o
[10.304s] [ 56%] Built target costmap_converter_msgs__rosidl_typesupport_c
[10.348s] [ 59%] Building C object CMakeFiles/costmap_converter_msgs__rosidl_typesupport_introspection_c.dir/rosidl_typesupport_introspection_c/costmap_converter_msgs/msg/detail/obstacle_array_msg__type_support.c.o
[10.372s] [ 61%] Building CXX object CMakeFiles/costmap_converter_msgs__rosidl_typesupport_fastrtps_c.dir/rosidl_typesupport_fastrtps_c/costmap_converter_msgs/msg/detail/obstacle_msg__type_support_c.cpp.o
[10.449s] [ 63%] Building CXX object CMakeFiles/costmap_converter_msgs__rosidl_typesupport_fastrtps_cpp.dir/rosidl_typesupport_fastrtps_cpp/costmap_converter_msgs/msg/detail/dds_fastrtps/obstacle_array_msg__type_support.cpp.o
[10.624s] [ 65%] Linking C shared library libcostmap_converter_msgs__rosidl_typesupport_introspection_c.so
[10.957s] [ 65%] Built target costmap_converter_msgs__rosidl_typesupport_introspection_c
[11.055s] [ 68%] Building CXX object CMakeFiles/costmap_converter_msgs__rosidl_typesupport_fastrtps_c.dir/rosidl_typesupport_fastrtps_c/costmap_converter_msgs/msg/detail/obstacle_array_msg__type_support_c.cpp.o
[11.719s] [ 70%] Linking CXX shared library libcostmap_converter_msgs__rosidl_typesupport_cpp.so
[11.910s] [ 70%] Built target costmap_converter_msgs__rosidl_typesupport_cpp
[12.000s] [ 72%] Linking CXX shared library libcostmap_converter_msgs__rosidl_typesupport_introspection_cpp.so
[12.272s] [ 72%] Built target costmap_converter_msgs__rosidl_typesupport_introspection_cpp
[12.545s] [ 75%] Linking CXX shared library libcostmap_converter_msgs__rosidl_typesupport_fastrtps_cpp.so
[12.651s] [ 77%] Linking CXX shared library libcostmap_converter_msgs__rosidl_typesupport_fastrtps_c.so
[12.807s] [ 77%] Built target costmap_converter_msgs__rosidl_typesupport_fastrtps_cpp
[12.824s] [ 77%] Built target costmap_converter_msgs__rosidl_typesupport_fastrtps_c
[12.917s] [ 77%] Built target costmap_converter_msgs
[12.976s] [ 79%] Generating Python code for ROS interfaces
[14.180s] [ 79%] Built target costmap_converter_msgs__py
[14.219s] [ 81%] Building C object CMakeFiles/costmap_converter_msgs__rosidl_generator_py.dir/rosidl_generator_py/costmap_converter_msgs/msg/_obstacle_msg_s.c.o
[14.220s] [ 84%] Building C object CMakeFiles/costmap_converter_msgs__rosidl_generator_py.dir/rosidl_generator_py/costmap_converter_msgs/msg/_obstacle_array_msg_s.c.o
[14.697s] [ 86%] Linking C shared library libcostmap_converter_msgs__rosidl_generator_py.so
[14.921s] [ 86%] Built target costmap_converter_msgs__rosidl_generator_py
[14.993s] [ 88%] Building C object CMakeFiles/costmap_converter_msgs_s__rosidl_typesupport_fastrtps_c.dir/rosidl_generator_py/costmap_converter_msgs/_costmap_converter_msgs_s.ep.rosidl_typesupport_fastrtps_c.c.o
[14.997s] [ 90%] Building C object CMakeFiles/costmap_converter_msgs_s__rosidl_typesupport_c.dir/rosidl_generator_py/costmap_converter_msgs/_costmap_converter_msgs_s.ep.rosidl_typesupport_c.c.o
[14.997s] [ 93%] Building C object CMakeFiles/costmap_converter_msgs_s__rosidl_typesupport_introspection_c.dir/rosidl_generator_py/costmap_converter_msgs/_costmap_converter_msgs_s.ep.rosidl_typesupport_introspection_c.c.o
[15.267s] [ 95%] Linking C shared module rosidl_generator_py/costmap_converter_msgs/costmap_converter_msgs_s__rosidl_typesupport_introspection_c.so
[15.272s] [ 97%] Linking C shared module rosidl_generator_py/costmap_converter_msgs/costmap_converter_msgs_s__rosidl_typesupport_fastrtps_c.so
[15.273s] [100%] Linking C shared module rosidl_generator_py/costmap_converter_msgs/costmap_converter_msgs_s__rosidl_typesupport_c.so
[15.354s] [100%] Built target costmap_converter_msgs_s__rosidl_typesupport_fastrtps_c
[15.357s] [100%] Built target costmap_converter_msgs_s__rosidl_typesupport_c
[15.362s] [100%] Built target costmap_converter_msgs_s__rosidl_typesupport_introspection_c
[15.398s] Invoked command in '/home/mushfiqul/AIS_OBS_Project/ros2_ws/build/costmap_converter_msgs' returned '0': CMAKE_PREFIX_PATH=${CMAKE_PREFIX_PATH}:/opt/ros/jazzy DEBUGINFOD_URLS=https://debuginfod.ubuntu.com /usr/bin/cmake --build /home/mushfiqul/AIS_OBS_Project/ros2_ws/build/costmap_converter_msgs -- -j8 -l8
[15.428s] Invoking command in '/home/mushfiqul/AIS_OBS_Project/ros2_ws/build/costmap_converter_msgs': CMAKE_PREFIX_PATH=${CMAKE_PREFIX_PATH}:/opt/ros/jazzy DEBUGINFOD_URLS=https://debuginfod.ubuntu.com /usr/bin/cmake --install /home/mushfiqul/AIS_OBS_Project/ros2_ws/build/costmap_converter_msgs
[15.454s] -- Install configuration: ""
[15.455s] -- Execute custom install script
[15.455s] -- Symlinking: /home/mushfiqul/AIS_OBS_Project/ros2_ws/install/costmap_converter_msgs/share/ament_index/resource_index/rosidl_interfaces/costmap_converter_msgs
[15.475s] -- Symlinking: /home/mushfiqul/AIS_OBS_Project/ros2_ws/install/costmap_converter_msgs/share/costmap_converter_msgs/msg/ObstacleMsg.json
[15.492s] -- Symlinking: /home/mushfiqul/AIS_OBS_Project/ros2_ws/install/costmap_converter_msgs/share/costmap_converter_msgs/msg/ObstacleArrayMsg.json
[15.511s] -- Symlinking: /home/mushfiqul/AIS_OBS_Project/ros2_ws/install/costmap_converter_msgs/include/costmap_converter_msgs/costmap_converter_msgs/msg/detail/obstacle_array_msg__functions.h
[15.527s] -- Symlinking: /home/mushfiqul/AIS_OBS_Project/ros2_ws/install/costmap_converter_msgs/include/costmap_converter_msgs/costmap_converter_msgs/msg/detail/obstacle_array_msg__struct.h
[15.543s] -- Symlinking: /home/mushfiqul/AIS_OBS_Project/ros2_ws/install/costmap_converter_msgs/include/costmap_converter_msgs/costmap_converter_msgs/msg/detail/obstacle_array_msg__type_support.h
[15.560s] -- Symlinking: /home/mushfiqul/AIS_OBS_Project/ros2_ws/install/costmap_converter_msgs/include/costmap_converter_msgs/costmap_converter_msgs/msg/detail/obstacle_msg__functions.h
[15.577s] -- Symlinking: /home/mushfiqul/AIS_OBS_Project/ros2_ws/install/costmap_converter_msgs/include/costmap_converter_msgs/costmap_converter_msgs/msg/detail/obstacle_msg__struct.h
[15.593s] -- Symlinking: /home/mushfiqul/AIS_OBS_Project/ros2_ws/install/costmap_converter_msgs/include/costmap_converter_msgs/costmap_converter_msgs/msg/detail/obstacle_msg__type_support.h
[15.609s] -- Symlinking: /home/mushfiqul/AIS_OBS_Project/ros2_ws/install/costmap_converter_msgs/include/costmap_converter_msgs/costmap_converter_msgs/msg/obstacle_array_msg.h
[15.624s] -- Symlinking: /home/mushfiqul/AIS_OBS_Project/ros2_ws/install/costmap_converter_msgs/include/costmap_converter_msgs/costmap_converter_msgs/msg/obstacle_msg.h
[15.640s] -- Symlinking: /home/mushfiqul/AIS_OBS_Project/ros2_ws/install/costmap_converter_msgs/include/costmap_converter_msgs/costmap_converter_msgs/msg/rosidl_generator_c__visibility_control.h
[15.654s] -- Symlinking: /home/mushfiqul/AIS_OBS_Project/ros2_ws/install/costmap_converter_msgs/share/costmap_converter_msgs/environment/library_path.sh
[15.670s] -- Symlinking: /home/mushfiqul/AIS_OBS_Project/ros2_ws/install/costmap_converter_msgs/share/costmap_converter_msgs/environment/library_path.dsv
[15.691s] -- Symlinking: /home/mushfiqul/AIS_OBS_Project/ros2_ws/install/costmap_converter_msgs/include/costmap_converter_msgs/costmap_converter_msgs/msg/detail/obstacle_array_msg__rosidl_typesupport_fastrtps_c.h
[15.715s] -- Symlinking: /home/mushfiqul/AIS_OBS_Project/ros2_ws/install/costmap_converter_msgs/include/costmap_converter_msgs/costmap_converter_msgs/msg/detail/obstacle_msg__rosidl_typesupport_fastrtps_c.h
[15.734s] -- Symlinking: /home/mushfiqul/AIS_OBS_Project/ros2_ws/install/costmap_converter_msgs/include/costmap_converter_msgs/costmap_converter_msgs/msg/rosidl_typesupport_fastrtps_c__visibility_control.h
[15.762s] -- Symlinking: /home/mushfiqul/AIS_OBS_Project/ros2_ws/install/costmap_converter_msgs/include/costmap_converter_msgs/costmap_converter_msgs/msg/detail/obstacle_array_msg__builder.hpp
[15.787s] -- Symlinking: /home/mushfiqul/AIS_OBS_Project/ros2_ws/install/costmap_converter_msgs/include/costmap_converter_msgs/costmap_converter_msgs/msg/detail/obstacle_array_msg__struct.hpp
[15.813s] -- Symlinking: /home/mushfiqul/AIS_OBS_Project/ros2_ws/install/costmap_converter_msgs/include/costmap_converter_msgs/costmap_converter_msgs/msg/detail/obstacle_array_msg__traits.hpp
[15.836s] -- Symlinking: /home/mushfiqul/AIS_OBS_Project/ros2_ws/install/costmap_converter_msgs/include/costmap_converter_msgs/costmap_converter_msgs/msg/detail/obstacle_array_msg__type_support.hpp
[15.858s] -- Symlinking: /home/mushfiqul/AIS_OBS_Project/ros2_ws/install/costmap_converter_msgs/include/costmap_converter_msgs/costmap_converter_msgs/msg/detail/obstacle_msg__builder.hpp
[15.881s] -- Symlinking: /home/mushfiqul/AIS_OBS_Project/ros2_ws/install/costmap_converter_msgs/include/costmap_converter_msgs/costmap_converter_msgs/msg/detail/obstacle_msg__struct.hpp
[15.903s] -- Symlinking: /home/mushfiqul/AIS_OBS_Project/ros2_ws/install/costmap_converter_msgs/include/costmap_converter_msgs/costmap_converter_msgs/msg/detail/obstacle_msg__traits.hpp
[15.926s] -- Symlinking: /home/mushfiqul/AIS_OBS_Project/ros2_ws/install/costmap_converter_msgs/include/costmap_converter_msgs/costmap_converter_msgs/msg/detail/obstacle_msg__type_support.hpp
[15.951s] -- Symlinking: /home/mushfiqul/AIS_OBS_Project/ros2_ws/install/costmap_converter_msgs/include/costmap_converter_msgs/costmap_converter_msgs/msg/obstacle_array_msg.hpp
[15.968s] -- Symlinking: /home/mushfiqul/AIS_OBS_Project/ros2_ws/install/costmap_converter_msgs/include/costmap_converter_msgs/costmap_converter_msgs/msg/obstacle_msg.hpp
[15.984s] -- Symlinking: /home/mushfiqul/AIS_OBS_Project/ros2_ws/install/costmap_converter_msgs/include/costmap_converter_msgs/costmap_converter_msgs/msg/rosidl_generator_cpp__visibility_control.hpp
[16.005s] -- Symlinking: /home/mushfiqul/AIS_OBS_Project/ros2_ws/install/costmap_converter_msgs/include/costmap_converter_msgs/costmap_converter_msgs/msg/detail/obstacle_array_msg__rosidl_typesupport_fastrtps_cpp.hpp
[16.037s] -- Symlinking: /home/mushfiqul/AIS_OBS_Project/ros2_ws/install/costmap_converter_msgs/include/costmap_converter_msgs/costmap_converter_msgs/msg/detail/obstacle_msg__rosidl_typesupport_fastrtps_cpp.hpp
[16.058s] -- Symlinking: /home/mushfiqul/AIS_OBS_Project/ros2_ws/install/costmap_converter_msgs/include/costmap_converter_msgs/costmap_converter_msgs/msg/rosidl_typesupport_fastrtps_cpp__visibility_control.h
[16.081s] -- Symlinking: /home/mushfiqul/AIS_OBS_Project/ros2_ws/install/costmap_converter_msgs/include/costmap_converter_msgs/costmap_converter_msgs/msg/detail/obstacle_array_msg__rosidl_typesupport_introspection_c.h
[16.106s] -- Symlinking: /home/mushfiqul/AIS_OBS_Project/ros2_ws/install/costmap_converter_msgs/include/costmap_converter_msgs/costmap_converter_msgs/msg/detail/obstacle_msg__rosidl_typesupport_introspection_c.h
[16.132s] -- Symlinking: /home/mushfiqul/AIS_OBS_Project/ros2_ws/install/costmap_converter_msgs/include/costmap_converter_msgs/costmap_converter_msgs/msg/rosidl_typesupport_introspection_c__visibility_control.h
[16.153s] -- Symlinking: /home/mushfiqul/AIS_OBS_Project/ros2_ws/install/costmap_converter_msgs/include/costmap_converter_msgs/costmap_converter_msgs/msg/detail/obstacle_array_msg__rosidl_typesupport_introspection_cpp.hpp
[16.170s] -- Symlinking: /home/mushfiqul/AIS_OBS_Project/ros2_ws/install/costmap_converter_msgs/include/costmap_converter_msgs/costmap_converter_msgs/msg/detail/obstacle_msg__rosidl_typesupport_introspection_cpp.hpp
[16.186s] -- Symlinking: /home/mushfiqul/AIS_OBS_Project/ros2_ws/install/costmap_converter_msgs/share/costmap_converter_msgs/environment/pythonpath.sh
[16.217s] -- Symlinking: /home/mushfiqul/AIS_OBS_Project/ros2_ws/install/costmap_converter_msgs/share/costmap_converter_msgs/environment/pythonpath.dsv
[16.241s] -- Symlinking: /home/mushfiqul/AIS_OBS_Project/ros2_ws/install/costmap_converter_msgs/lib/python3.12/site-packages/costmap_converter_msgs-0.1.2-py3.12.egg-info/PKG-INFO
[16.268s] -- Symlinking: /home/mushfiqul/AIS_OBS_Project/ros2_ws/install/costmap_converter_msgs/lib/python3.12/site-packages/costmap_converter_msgs-0.1.2-py3.12.egg-info/SOURCES.txt
[16.294s] -- Symlinking: /home/mushfiqul/AIS_OBS_Project/ros2_ws/install/costmap_converter_msgs/lib/python3.12/site-packages/costmap_converter_msgs-0.1.2-py3.12.egg-info/dependency_links.txt
[16.321s] -- Symlinking: /home/mushfiqul/AIS_OBS_Project/ros2_ws/install/costmap_converter_msgs/lib/python3.12/site-packages/costmap_converter_msgs-0.1.2-py3.12.egg-info/top_level.txt
[16.340s] -- Symlinking: /home/mushfiqul/AIS_OBS_Project/ros2_ws/install/costmap_converter_msgs/lib/python3.12/site-packages/costmap_converter_msgs/__init__.py
[16.357s] -- Symlinking: /home/mushfiqul/AIS_OBS_Project/ros2_ws/install/costmap_converter_msgs/lib/python3.12/site-packages/costmap_converter_msgs/_costmap_converter_msgs_s.ep.rosidl_typesupport_c.c
[16.373s] -- Symlinking: /home/mushfiqul/AIS_OBS_Project/ros2_ws/install/costmap_converter_msgs/lib/python3.12/site-packages/costmap_converter_msgs/_costmap_converter_msgs_s.ep.rosidl_typesupport_fastrtps_c.c
[16.392s] -- Symlinking: /home/mushfiqul/AIS_OBS_Project/ros2_ws/install/costmap_converter_msgs/lib/python3.12/site-packages/costmap_converter_msgs/_costmap_converter_msgs_s.ep.rosidl_typesupport_introspection_c.c
[16.409s] -- Symlinking: /home/mushfiqul/AIS_OBS_Project/ros2_ws/install/costmap_converter_msgs/lib/python3.12/site-packages/costmap_converter_msgs/costmap_converter_msgs_s__rosidl_typesupport_c.so
[16.429s] -- Symlinking: /home/mushfiqul/AIS_OBS_Project/ros2_ws/install/costmap_converter_msgs/lib/python3.12/site-packages/costmap_converter_msgs/costmap_converter_msgs_s__rosidl_typesupport_fastrtps_c.so
[16.473s] -- Symlinking: /home/mushfiqul/AIS_OBS_Project/ros2_ws/install/costmap_converter_msgs/lib/python3.12/site-packages/costmap_converter_msgs/costmap_converter_msgs_s__rosidl_typesupport_introspection_c.so
[16.518s] -- Symlinking: /home/mushfiqul/AIS_OBS_Project/ros2_ws/install/costmap_converter_msgs/lib/python3.12/site-packages/costmap_converter_msgs/msg/__init__.py
[16.549s] -- Symlinking: /home/mushfiqul/AIS_OBS_Project/ros2_ws/install/costmap_converter_msgs/lib/python3.12/site-packages/costmap_converter_msgs/msg/_obstacle_array_msg.py
[16.590s] -- Symlinking: /home/mushfiqul/AIS_OBS_Project/ros2_ws/install/costmap_converter_msgs/lib/python3.12/site-packages/costmap_converter_msgs/msg/_obstacle_array_msg_s.c
[16.635s] -- Symlinking: /home/mushfiqul/AIS_OBS_Project/ros2_ws/install/costmap_converter_msgs/lib/python3.12/site-packages/costmap_converter_msgs/msg/_obstacle_msg.py
[16.674s] -- Symlinking: /home/mushfiqul/AIS_OBS_Project/ros2_ws/install/costmap_converter_msgs/lib/python3.12/site-packages/costmap_converter_msgs/msg/_obstacle_msg_s.c
[16.717s] -- Up-to-date symlink: /home/mushfiqul/AIS_OBS_Project/ros2_ws/install/costmap_converter_msgs/lib/python3.12/site-packages/costmap_converter_msgs/costmap_converter_msgs_s__rosidl_typesupport_fastrtps_c.so
[16.718s] -- Up-to-date symlink: /home/mushfiqul/AIS_OBS_Project/ros2_ws/install/costmap_converter_msgs/lib/python3.12/site-packages/costmap_converter_msgs/costmap_converter_msgs_s__rosidl_typesupport_introspection_c.so
[16.721s] -- Up-to-date symlink: /home/mushfiqul/AIS_OBS_Project/ros2_ws/install/costmap_converter_msgs/lib/python3.12/site-packages/costmap_converter_msgs/costmap_converter_msgs_s__rosidl_typesupport_c.so
[16.723s] -- Symlinking: /home/mushfiqul/AIS_OBS_Project/ros2_ws/install/costmap_converter_msgs/share/costmap_converter_msgs/msg/ObstacleMsg.idl
[16.769s] -- Symlinking: /home/mushfiqul/AIS_OBS_Project/ros2_ws/install/costmap_converter_msgs/share/costmap_converter_msgs/msg/ObstacleArrayMsg.idl
[16.802s] -- Symlinking: /home/mushfiqul/AIS_OBS_Project/ros2_ws/install/costmap_converter_msgs/share/costmap_converter_msgs/msg/ObstacleMsg.msg
[16.836s] -- Symlinking: /home/mushfiqul/AIS_OBS_Project/ros2_ws/install/costmap_converter_msgs/share/costmap_converter_msgs/msg/ObstacleArrayMsg.msg
[16.871s] -- Symlinking: /home/mushfiqul/AIS_OBS_Project/ros2_ws/install/costmap_converter_msgs/share/ament_index/resource_index/package_run_dependencies/costmap_converter_msgs
[16.914s] -- Symlinking: /home/mushfiqul/AIS_OBS_Project/ros2_ws/install/costmap_converter_msgs/share/ament_index/resource_index/parent_prefix_path/costmap_converter_msgs
[16.965s] -- Symlinking: /home/mushfiqul/AIS_OBS_Project/ros2_ws/install/costmap_converter_msgs/share/costmap_converter_msgs/environment/ament_prefix_path.sh
[17.079s] -- Symlinking: /home/mushfiqul/AIS_OBS_Project/ros2_ws/install/costmap_converter_msgs/share/costmap_converter_msgs/environment/ament_prefix_path.dsv
[17.159s] -- Symlinking: /home/mushfiqul/AIS_OBS_Project/ros2_ws/install/costmap_converter_msgs/share/costmap_converter_msgs/environment/path.sh
[17.284s] -- Symlinking: /home/mushfiqul/AIS_OBS_Project/ros2_ws/install/costmap_converter_msgs/share/costmap_converter_msgs/environment/path.dsv
[17.326s] -- Symlinking: /home/mushfiqul/AIS_OBS_Project/ros2_ws/install/costmap_converter_msgs/share/costmap_converter_msgs/local_setup.bash
[17.363s] -- Symlinking: /home/mushfiqul/AIS_OBS_Project/ros2_ws/install/costmap_converter_msgs/share/costmap_converter_msgs/local_setup.sh
[17.402s] -- Symlinking: /home/mushfiqul/AIS_OBS_Project/ros2_ws/install/costmap_converter_msgs/share/costmap_converter_msgs/local_setup.zsh
[17.429s] -- Symlinking: /home/mushfiqul/AIS_OBS_Project/ros2_ws/install/costmap_converter_msgs/share/costmap_converter_msgs/local_setup.dsv
[17.456s] -- Symlinking: /home/mushfiqul/AIS_OBS_Project/ros2_ws/install/costmap_converter_msgs/share/costmap_converter_msgs/package.dsv
[17.484s] -- Symlinking: /home/mushfiqul/AIS_OBS_Project/ros2_ws/install/costmap_converter_msgs/share/ament_index/resource_index/packages/costmap_converter_msgs
[17.521s] -- Symlinking: /home/mushfiqul/AIS_OBS_Project/ros2_ws/install/costmap_converter_msgs/share/costmap_converter_msgs/cmake/rosidl_cmake-extras.cmake
[17.553s] -- Symlinking: /home/mushfiqul/AIS_OBS_Project/ros2_ws/install/costmap_converter_msgs/share/costmap_converter_msgs/cmake/ament_cmake_export_dependencies-extras.cmake
[17.598s] -- Symlinking: /home/mushfiqul/AIS_OBS_Project/ros2_ws/install/costmap_converter_msgs/share/costmap_converter_msgs/cmake/ament_cmake_export_include_directories-extras.cmake
[17.637s] -- Symlinking: /home/mushfiqul/AIS_OBS_Project/ros2_ws/install/costmap_converter_msgs/share/costmap_converter_msgs/cmake/ament_cmake_export_libraries-extras.cmake
[17.673s] -- Symlinking: /home/mushfiqul/AIS_OBS_Project/ros2_ws/install/costmap_converter_msgs/share/costmap_converter_msgs/cmake/ament_cmake_export_targets-extras.cmake
[17.704s] -- Symlinking: /home/mushfiqul/AIS_OBS_Project/ros2_ws/install/costmap_converter_msgs/share/costmap_converter_msgs/cmake/rosidl_cmake_export_typesupport_targets-extras.cmake
[17.734s] -- Symlinking: /home/mushfiqul/AIS_OBS_Project/ros2_ws/install/costmap_converter_msgs/share/costmap_converter_msgs/cmake/rosidl_cmake_export_typesupport_libraries-extras.cmake
[17.759s] -- Symlinking: /home/mushfiqul/AIS_OBS_Project/ros2_ws/install/costmap_converter_msgs/share/costmap_converter_msgs/cmake/costmap_converter_msgsConfig.cmake
[17.784s] -- Symlinking: /home/mushfiqul/AIS_OBS_Project/ros2_ws/install/costmap_converter_msgs/share/costmap_converter_msgs/cmake/costmap_converter_msgsConfig-version.cmake
[17.810s] -- Symlinking: /home/mushfiqul/AIS_OBS_Project/ros2_ws/install/costmap_converter_msgs/share/costmap_converter_msgs/package.xml
[17.836s] -- Installing: /home/mushfiqul/AIS_OBS_Project/ros2_ws/install/costmap_converter_msgs/lib/libcostmap_converter_msgs__rosidl_generator_c.so
[17.837s] -- Set non-toolchain portion of runtime path of "/home/mushfiqul/AIS_OBS_Project/ros2_ws/install/costmap_converter_msgs/lib/libcostmap_converter_msgs__rosidl_generator_c.so" to ""
[17.838s] -- Installing: /home/mushfiqul/AIS_OBS_Project/ros2_ws/install/costmap_converter_msgs/lib/libcostmap_converter_msgs__rosidl_typesupport_fastrtps_c.so
[17.839s] -- Set non-toolchain portion of runtime path of "/home/mushfiqul/AIS_OBS_Project/ros2_ws/install/costmap_converter_msgs/lib/libcostmap_converter_msgs__rosidl_typesupport_fastrtps_c.so" to ""
[17.839s] -- Installing: /home/mushfiqul/AIS_OBS_Project/ros2_ws/install/costmap_converter_msgs/lib/libcostmap_converter_msgs__rosidl_typesupport_fastrtps_cpp.so
[17.841s] -- Set non-toolchain portion of runtime path of "/home/mushfiqul/AIS_OBS_Project/ros2_ws/install/costmap_converter_msgs/lib/libcostmap_converter_msgs__rosidl_typesupport_fastrtps_cpp.so" to ""
[17.842s] -- Installing: /home/mushfiqul/AIS_OBS_Project/ros2_ws/install/costmap_converter_msgs/lib/libcostmap_converter_msgs__rosidl_typesupport_introspection_c.so
[17.843s] -- Set non-toolchain portion of runtime path of "/home/mushfiqul/AIS_OBS_Project/ros2_ws/install/costmap_converter_msgs/lib/libcostmap_converter_msgs__rosidl_typesupport_introspection_c.so" to ""
[17.843s] -- Installing: /home/mushfiqul/AIS_OBS_Project/ros2_ws/install/costmap_converter_msgs/lib/libcostmap_converter_msgs__rosidl_typesupport_c.so
[17.845s] -- Set non-toolchain portion of runtime path of "/home/mushfiqul/AIS_OBS_Project/ros2_ws/install/costmap_converter_msgs/lib/libcostmap_converter_msgs__rosidl_typesupport_c.so" to ""
[17.845s] -- Installing: /home/mushfiqul/AIS_OBS_Project/ros2_ws/install/costmap_converter_msgs/lib/libcostmap_converter_msgs__rosidl_typesupport_introspection_cpp.so
[17.846s] -- Set non-toolchain portion of runtime path of "/home/mushfiqul/AIS_OBS_Project/ros2_ws/install/costmap_converter_msgs/lib/libcostmap_converter_msgs__rosidl_typesupport_introspection_cpp.so" to ""
[17.847s] -- Installing: /home/mushfiqul/AIS_OBS_Project/ros2_ws/install/costmap_converter_msgs/lib/libcostmap_converter_msgs__rosidl_typesupport_cpp.so
[17.847s] -- Set non-toolchain portion of runtime path of "/home/mushfiqul/AIS_OBS_Project/ros2_ws/install/costmap_converter_msgs/lib/libcostmap_converter_msgs__rosidl_typesupport_cpp.so" to ""
[17.939s] Listing '/home/mushfiqul/AIS_OBS_Project/ros2_ws/install/costmap_converter_msgs/lib/python3.12/site-packages/costmap_converter_msgs'...
[17.940s] Compiling '/home/mushfiqul/AIS_OBS_Project/ros2_ws/install/costmap_converter_msgs/lib/python3.12/site-packages/costmap_converter_msgs/__init__.py'...
[17.940s] Listing '/home/mushfiqul/AIS_OBS_Project/ros2_ws/install/costmap_converter_msgs/lib/python3.12/site-packages/costmap_converter_msgs/msg'...
[17.940s] Compiling '/home/mushfiqul/AIS_OBS_Project/ros2_ws/install/costmap_converter_msgs/lib/python3.12/site-packages/costmap_converter_msgs/msg/__init__.py'...
[17.940s] Compiling '/home/mushfiqul/AIS_OBS_Project/ros2_ws/install/costmap_converter_msgs/lib/python3.12/site-packages/costmap_converter_msgs/msg/_obstacle_array_msg.py'...
[17.940s] Compiling '/home/mushfiqul/AIS_OBS_Project/ros2_ws/install/costmap_converter_msgs/lib/python3.12/site-packages/costmap_converter_msgs/msg/_obstacle_msg.py'...
[17.955s] -- Installing: /home/mushfiqul/AIS_OBS_Project/ros2_ws/install/costmap_converter_msgs/lib/libcostmap_converter_msgs__rosidl_generator_py.so
[17.956s] -- Set non-toolchain portion of runtime path of "/home/mushfiqul/AIS_OBS_Project/ros2_ws/install/costmap_converter_msgs/lib/libcostmap_converter_msgs__rosidl_generator_py.so" to ""
[17.957s] -- Installing: /home/mushfiqul/AIS_OBS_Project/ros2_ws/install/costmap_converter_msgs/share/costmap_converter_msgs/cmake/export_costmap_converter_msgs__rosidl_generator_cExport.cmake
[17.957s] -- Installing: /home/mushfiqul/AIS_OBS_Project/ros2_ws/install/costmap_converter_msgs/share/costmap_converter_msgs/cmake/export_costmap_converter_msgs__rosidl_generator_cExport-noconfig.cmake
[17.958s] -- Installing: /home/mushfiqul/AIS_OBS_Project/ros2_ws/install/costmap_converter_msgs/share/costmap_converter_msgs/cmake/export_costmap_converter_msgs__rosidl_typesupport_fastrtps_cExport.cmake
[17.958s] -- Installing: /home/mushfiqul/AIS_OBS_Project/ros2_ws/install/costmap_converter_msgs/share/costmap_converter_msgs/cmake/export_costmap_converter_msgs__rosidl_typesupport_fastrtps_cExport-noconfig.cmake
[17.959s] -- Installing: /home/mushfiqul/AIS_OBS_Project/ros2_ws/install/costmap_converter_msgs/share/costmap_converter_msgs/cmake/export_costmap_converter_msgs__rosidl_generator_cppExport.cmake
[17.959s] -- Installing: /home/mushfiqul/AIS_OBS_Project/ros2_ws/install/costmap_converter_msgs/share/costmap_converter_msgs/cmake/export_costmap_converter_msgs__rosidl_typesupport_fastrtps_cppExport.cmake
[17.960s] -- Installing: /home/mushfiqul/AIS_OBS_Project/ros2_ws/install/costmap_converter_msgs/share/costmap_converter_msgs/cmake/export_costmap_converter_msgs__rosidl_typesupport_fastrtps_cppExport-noconfig.cmake
[17.960s] -- Installing: /home/mushfiqul/AIS_OBS_Project/ros2_ws/install/costmap_converter_msgs/share/costmap_converter_msgs/cmake/costmap_converter_msgs__rosidl_typesupport_introspection_cExport.cmake
[17.961s] -- Installing: /home/mushfiqul/AIS_OBS_Project/ros2_ws/install/costmap_converter_msgs/share/costmap_converter_msgs/cmake/costmap_converter_msgs__rosidl_typesupport_introspection_cExport-noconfig.cmake
[17.961s] -- Installing: /home/mushfiqul/AIS_OBS_Project/ros2_ws/install/costmap_converter_msgs/share/costmap_converter_msgs/cmake/costmap_converter_msgs__rosidl_typesupport_cExport.cmake
[17.961s] -- Installing: /home/mushfiqul/AIS_OBS_Project/ros2_ws/install/costmap_converter_msgs/share/costmap_converter_msgs/cmake/costmap_converter_msgs__rosidl_typesupport_cExport-noconfig.cmake
[17.962s] -- Installing: /home/mushfiqul/AIS_OBS_Project/ros2_ws/install/costmap_converter_msgs/share/costmap_converter_msgs/cmake/costmap_converter_msgs__rosidl_typesupport_introspection_cppExport.cmake
[17.963s] -- Installing: /home/mushfiqul/AIS_OBS_Project/ros2_ws/install/costmap_converter_msgs/share/costmap_converter_msgs/cmake/costmap_converter_msgs__rosidl_typesupport_introspection_cppExport-noconfig.cmake
[17.963s] -- Installing: /home/mushfiqul/AIS_OBS_Project/ros2_ws/install/costmap_converter_msgs/share/costmap_converter_msgs/cmake/costmap_converter_msgs__rosidl_typesupport_cppExport.cmake
[17.963s] -- Installing: /home/mushfiqul/AIS_OBS_Project/ros2_ws/install/costmap_converter_msgs/share/costmap_converter_msgs/cmake/costmap_converter_msgs__rosidl_typesupport_cppExport-noconfig.cmake
[17.964s] -- Installing: /home/mushfiqul/AIS_OBS_Project/ros2_ws/install/costmap_converter_msgs/share/costmap_converter_msgs/cmake/export_costmap_converter_msgs__rosidl_generator_pyExport.cmake
[17.964s] -- Installing: /home/mushfiqul/AIS_OBS_Project/ros2_ws/install/costmap_converter_msgs/share/costmap_converter_msgs/cmake/export_costmap_converter_msgs__rosidl_generator_pyExport-noconfig.cmake
[17.967s] Invoked command in '/home/mushfiqul/AIS_OBS_Project/ros2_ws/build/costmap_converter_msgs' returned '0': CMAKE_PREFIX_PATH=${CMAKE_PREFIX_PATH}:/opt/ros/jazzy DEBUGINFOD_URLS=https://debuginfod.ubuntu.com /usr/bin/cmake --install /home/mushfiqul/AIS_OBS_Project/ros2_ws/build/costmap_converter_msgs
