[0.015s] Invoking command in '/home/mushfiqul/AIS_OBS_Project/ros2_ws/build/costmap_converter_msgs': CMAKE_PREFIX_PATH=${CMAKE_PREFIX_PATH}:/opt/ros/jazzy DEBUGINFOD_URLS=https://debuginfod.ubuntu.com /usr/bin/cmake --build /home/mushfiqul/AIS_OBS_Project/ros2_ws/build/costmap_converter_msgs
[0.089s] [  2%] Built target costmap_converter_msgs__rosidl_generator_type_description
[0.110s] [  2%] Built target ament_cmake_python_symlink_costmap_converter_msgs
[0.144s] [  4%] Built target costmap_converter_msgs__cpp
[0.162s] [ 22%] Built target costmap_converter_msgs__rosidl_generator_c
[0.217s] [ 31%] Built target costmap_converter_msgs__rosidl_typesupport_cpp
[0.271s] [ 40%] Built target costmap_converter_msgs__rosidl_typesupport_fastrtps_c
[0.319s] [ 50%] Built target costmap_converter_msgs__rosidl_typesupport_fastrtps_cpp
[0.365s] [ 59%] Built target costmap_converter_msgs__rosidl_typesupport_introspection_c
[0.415s] [ 68%] Built target costmap_converter_msgs__rosidl_typesupport_c
[0.469s] [ 77%] Built target costmap_converter_msgs__rosidl_typesupport_introspection_cpp
[0.510s] [ 77%] Built target costmap_converter_msgs
[0.539s] running egg_info
[0.552s] [ 79%] Built target costmap_converter_msgs__py
[0.573s] writing costmap_converter_msgs.egg-info/PKG-INFO
[0.575s] writing dependency_links to costmap_converter_msgs.egg-info/dependency_links.txt
[0.576s] writing top-level names to costmap_converter_msgs.egg-info/top_level.txt
[0.598s] [ 86%] Built target costmap_converter_msgs__rosidl_generator_py
[0.646s] [ 90%] Built target costmap_converter_msgs_s__rosidl_typesupport_fastrtps_c
[0.677s] reading manifest file 'costmap_converter_msgs.egg-info/SOURCES.txt'
[0.678s] writing manifest file 'costmap_converter_msgs.egg-info/SOURCES.txt'
[0.692s] [ 95%] Built target costmap_converter_msgs_s__rosidl_typesupport_introspection_c
[0.737s] [ 95%] Built target ament_cmake_python_build_costmap_converter_msgs_egg
[0.738s] [100%] Built target costmap_converter_msgs_s__rosidl_typesupport_c
[0.759s] Invoked command in '/home/mushfiqul/AIS_OBS_Project/ros2_ws/build/costmap_converter_msgs' returned '0': CMAKE_PREFIX_PATH=${CMAKE_PREFIX_PATH}:/opt/ros/jazzy DEBUGINFOD_URLS=https://debuginfod.ubuntu.com /usr/bin/cmake --build /home/mushfiqul/AIS_OBS_Project/ros2_ws/build/costmap_converter_msgs
[0.782s] Invoking command in '/home/mushfiqul/AIS_OBS_Project/ros2_ws/build/costmap_converter_msgs': CMAKE_PREFIX_PATH=${CMAKE_PREFIX_PATH}:/opt/ros/jazzy DEBUGINFOD_URLS=https://debuginfod.ubuntu.com /usr/bin/cmake --install /home/mushfiqul/AIS_OBS_Project/ros2_ws/build/costmap_converter_msgs
[0.798s] -- Install configuration: ""
[0.800s] -- Execute custom install script
[0.801s] -- Up-to-date symlink: /home/mushfiqul/AIS_OBS_Project/ros2_ws/install/costmap_converter_msgs/share/ament_index/resource_index/rosidl_interfaces/costmap_converter_msgs
[0.801s] -- Up-to-date symlink: /home/mushfiqul/AIS_OBS_Project/ros2_ws/install/costmap_converter_msgs/share/costmap_converter_msgs/msg/ObstacleMsg.json
[0.801s] -- Up-to-date symlink: /home/mushfiqul/AIS_OBS_Project/ros2_ws/install/costmap_converter_msgs/share/costmap_converter_msgs/msg/ObstacleArrayMsg.json
[0.802s] -- Up-to-date symlink: /home/mushfiqul/AIS_OBS_Project/ros2_ws/install/costmap_converter_msgs/include/costmap_converter_msgs/costmap_converter_msgs/msg/detail/obstacle_array_msg__functions.h
[0.802s] -- Up-to-date symlink: /home/mushfiqul/AIS_OBS_Project/ros2_ws/install/costmap_converter_msgs/include/costmap_converter_msgs/costmap_converter_msgs/msg/detail/obstacle_array_msg__struct.h
[0.802s] -- Up-to-date symlink: /home/mushfiqul/AIS_OBS_Project/ros2_ws/install/costmap_converter_msgs/include/costmap_converter_msgs/costmap_converter_msgs/msg/detail/obstacle_array_msg__type_support.h
[0.803s] -- Up-to-date symlink: /home/mushfiqul/AIS_OBS_Project/ros2_ws/install/costmap_converter_msgs/include/costmap_converter_msgs/costmap_converter_msgs/msg/detail/obstacle_msg__functions.h
[0.803s] -- Up-to-date symlink: /home/mushfiqul/AIS_OBS_Project/ros2_ws/install/costmap_converter_msgs/include/costmap_converter_msgs/costmap_converter_msgs/msg/detail/obstacle_msg__struct.h
[0.803s] -- Up-to-date symlink: /home/mushfiqul/AIS_OBS_Project/ros2_ws/install/costmap_converter_msgs/include/costmap_converter_msgs/costmap_converter_msgs/msg/detail/obstacle_msg__type_support.h
[0.803s] -- Up-to-date symlink: /home/mushfiqul/AIS_OBS_Project/ros2_ws/install/costmap_converter_msgs/include/costmap_converter_msgs/costmap_converter_msgs/msg/obstacle_array_msg.h
[0.803s] -- Up-to-date symlink: /home/mushfiqul/AIS_OBS_Project/ros2_ws/install/costmap_converter_msgs/include/costmap_converter_msgs/costmap_converter_msgs/msg/obstacle_msg.h
[0.803s] -- Up-to-date symlink: /home/mushfiqul/AIS_OBS_Project/ros2_ws/install/costmap_converter_msgs/include/costmap_converter_msgs/costmap_converter_msgs/msg/rosidl_generator_c__visibility_control.h
[0.804s] -- Up-to-date symlink: /home/mushfiqul/AIS_OBS_Project/ros2_ws/install/costmap_converter_msgs/share/costmap_converter_msgs/environment/library_path.sh
[0.804s] -- Up-to-date symlink: /home/mushfiqul/AIS_OBS_Project/ros2_ws/install/costmap_converter_msgs/share/costmap_converter_msgs/environment/library_path.dsv
[0.805s] -- Up-to-date symlink: /home/mushfiqul/AIS_OBS_Project/ros2_ws/install/costmap_converter_msgs/include/costmap_converter_msgs/costmap_converter_msgs/msg/detail/obstacle_array_msg__rosidl_typesupport_fastrtps_c.h
[0.805s] -- Up-to-date symlink: /home/mushfiqul/AIS_OBS_Project/ros2_ws/install/costmap_converter_msgs/include/costmap_converter_msgs/costmap_converter_msgs/msg/detail/obstacle_msg__rosidl_typesupport_fastrtps_c.h
[0.805s] -- Up-to-date symlink: /home/mushfiqul/AIS_OBS_Project/ros2_ws/install/costmap_converter_msgs/include/costmap_converter_msgs/costmap_converter_msgs/msg/rosidl_typesupport_fastrtps_c__visibility_control.h
[0.806s] -- Up-to-date symlink: /home/mushfiqul/AIS_OBS_Project/ros2_ws/install/costmap_converter_msgs/include/costmap_converter_msgs/costmap_converter_msgs/msg/detail/obstacle_array_msg__builder.hpp
[0.806s] -- Up-to-date symlink: /home/mushfiqul/AIS_OBS_Project/ros2_ws/install/costmap_converter_msgs/include/costmap_converter_msgs/costmap_converter_msgs/msg/detail/obstacle_array_msg__struct.hpp
[0.806s] -- Up-to-date symlink: /home/mushfiqul/AIS_OBS_Project/ros2_ws/install/costmap_converter_msgs/include/costmap_converter_msgs/costmap_converter_msgs/msg/detail/obstacle_array_msg__traits.hpp
[0.806s] -- Up-to-date symlink: /home/mushfiqul/AIS_OBS_Project/ros2_ws/install/costmap_converter_msgs/include/costmap_converter_msgs/costmap_converter_msgs/msg/detail/obstacle_array_msg__type_support.hpp
[0.807s] -- Up-to-date symlink: /home/mushfiqul/AIS_OBS_Project/ros2_ws/install/costmap_converter_msgs/include/costmap_converter_msgs/costmap_converter_msgs/msg/detail/obstacle_msg__builder.hpp
[0.808s] -- Up-to-date symlink: /home/mushfiqul/AIS_OBS_Project/ros2_ws/install/costmap_converter_msgs/include/costmap_converter_msgs/costmap_converter_msgs/msg/detail/obstacle_msg__struct.hpp
[0.808s] -- Up-to-date symlink: /home/mushfiqul/AIS_OBS_Project/ros2_ws/install/costmap_converter_msgs/include/costmap_converter_msgs/costmap_converter_msgs/msg/detail/obstacle_msg__traits.hpp
[0.808s] -- Up-to-date symlink: /home/mushfiqul/AIS_OBS_Project/ros2_ws/install/costmap_converter_msgs/include/costmap_converter_msgs/costmap_converter_msgs/msg/detail/obstacle_msg__type_support.hpp
[0.808s] -- Up-to-date symlink: /home/mushfiqul/AIS_OBS_Project/ros2_ws/install/costmap_converter_msgs/include/costmap_converter_msgs/costmap_converter_msgs/msg/obstacle_array_msg.hpp
[0.808s] -- Up-to-date symlink: /home/mushfiqul/AIS_OBS_Project/ros2_ws/install/costmap_converter_msgs/include/costmap_converter_msgs/costmap_converter_msgs/msg/obstacle_msg.hpp
[0.809s] -- Up-to-date symlink: /home/mushfiqul/AIS_OBS_Project/ros2_ws/install/costmap_converter_msgs/include/costmap_converter_msgs/costmap_converter_msgs/msg/rosidl_generator_cpp__visibility_control.hpp
[0.809s] -- Up-to-date symlink: /home/mushfiqul/AIS_OBS_Project/ros2_ws/install/costmap_converter_msgs/include/costmap_converter_msgs/costmap_converter_msgs/msg/detail/obstacle_array_msg__rosidl_typesupport_fastrtps_cpp.hpp
[0.809s] -- Up-to-date symlink: /home/mushfiqul/AIS_OBS_Project/ros2_ws/install/costmap_converter_msgs/include/costmap_converter_msgs/costmap_converter_msgs/msg/detail/obstacle_msg__rosidl_typesupport_fastrtps_cpp.hpp
[0.809s] -- Up-to-date symlink: /home/mushfiqul/AIS_OBS_Project/ros2_ws/install/costmap_converter_msgs/include/costmap_converter_msgs/costmap_converter_msgs/msg/rosidl_typesupport_fastrtps_cpp__visibility_control.h
[0.809s] -- Up-to-date symlink: /home/mushfiqul/AIS_OBS_Project/ros2_ws/install/costmap_converter_msgs/include/costmap_converter_msgs/costmap_converter_msgs/msg/detail/obstacle_array_msg__rosidl_typesupport_introspection_c.h
[0.810s] -- Up-to-date symlink: /home/mushfiqul/AIS_OBS_Project/ros2_ws/install/costmap_converter_msgs/include/costmap_converter_msgs/costmap_converter_msgs/msg/detail/obstacle_msg__rosidl_typesupport_introspection_c.h
[0.810s] -- Up-to-date symlink: /home/mushfiqul/AIS_OBS_Project/ros2_ws/install/costmap_converter_msgs/include/costmap_converter_msgs/costmap_converter_msgs/msg/rosidl_typesupport_introspection_c__visibility_control.h
[0.810s] -- Up-to-date symlink: /home/mushfiqul/AIS_OBS_Project/ros2_ws/install/costmap_converter_msgs/include/costmap_converter_msgs/costmap_converter_msgs/msg/detail/obstacle_array_msg__rosidl_typesupport_introspection_cpp.hpp
[0.810s] -- Up-to-date symlink: /home/mushfiqul/AIS_OBS_Project/ros2_ws/install/costmap_converter_msgs/include/costmap_converter_msgs/costmap_converter_msgs/msg/detail/obstacle_msg__rosidl_typesupport_introspection_cpp.hpp
[0.811s] -- Up-to-date symlink: /home/mushfiqul/AIS_OBS_Project/ros2_ws/install/costmap_converter_msgs/share/costmap_converter_msgs/environment/pythonpath.sh
[0.811s] -- Up-to-date symlink: /home/mushfiqul/AIS_OBS_Project/ros2_ws/install/costmap_converter_msgs/share/costmap_converter_msgs/environment/pythonpath.dsv
[0.811s] -- Up-to-date symlink: /home/mushfiqul/AIS_OBS_Project/ros2_ws/install/costmap_converter_msgs/lib/python3.12/site-packages/costmap_converter_msgs-0.1.2-py3.12.egg-info/PKG-INFO
[0.812s] -- Up-to-date symlink: /home/mushfiqul/AIS_OBS_Project/ros2_ws/install/costmap_converter_msgs/lib/python3.12/site-packages/costmap_converter_msgs-0.1.2-py3.12.egg-info/SOURCES.txt
[0.812s] -- Up-to-date symlink: /home/mushfiqul/AIS_OBS_Project/ros2_ws/install/costmap_converter_msgs/lib/python3.12/site-packages/costmap_converter_msgs-0.1.2-py3.12.egg-info/dependency_links.txt
[0.812s] -- Up-to-date symlink: /home/mushfiqul/AIS_OBS_Project/ros2_ws/install/costmap_converter_msgs/lib/python3.12/site-packages/costmap_converter_msgs-0.1.2-py3.12.egg-info/top_level.txt
[0.813s] -- Up-to-date symlink: /home/mushfiqul/AIS_OBS_Project/ros2_ws/install/costmap_converter_msgs/lib/python3.12/site-packages/costmap_converter_msgs/__init__.py
[0.813s] -- Up-to-date symlink: /home/mushfiqul/AIS_OBS_Project/ros2_ws/install/costmap_converter_msgs/lib/python3.12/site-packages/costmap_converter_msgs/_costmap_converter_msgs_s.ep.rosidl_typesupport_c.c
[0.813s] -- Up-to-date symlink: /home/mushfiqul/AIS_OBS_Project/ros2_ws/install/costmap_converter_msgs/lib/python3.12/site-packages/costmap_converter_msgs/_costmap_converter_msgs_s.ep.rosidl_typesupport_fastrtps_c.c
[0.814s] -- Up-to-date symlink: /home/mushfiqul/AIS_OBS_Project/ros2_ws/install/costmap_converter_msgs/lib/python3.12/site-packages/costmap_converter_msgs/_costmap_converter_msgs_s.ep.rosidl_typesupport_introspection_c.c
[0.814s] -- Up-to-date symlink: /home/mushfiqul/AIS_OBS_Project/ros2_ws/install/costmap_converter_msgs/lib/python3.12/site-packages/costmap_converter_msgs/costmap_converter_msgs_s__rosidl_typesupport_c.so
[0.814s] -- Up-to-date symlink: /home/mushfiqul/AIS_OBS_Project/ros2_ws/install/costmap_converter_msgs/lib/python3.12/site-packages/costmap_converter_msgs/costmap_converter_msgs_s__rosidl_typesupport_fastrtps_c.so
[0.814s] -- Up-to-date symlink: /home/mushfiqul/AIS_OBS_Project/ros2_ws/install/costmap_converter_msgs/lib/python3.12/site-packages/costmap_converter_msgs/costmap_converter_msgs_s__rosidl_typesupport_introspection_c.so
[0.815s] -- Up-to-date symlink: /home/mushfiqul/AIS_OBS_Project/ros2_ws/install/costmap_converter_msgs/lib/python3.12/site-packages/costmap_converter_msgs/msg/__init__.py
[0.816s] -- Up-to-date symlink: /home/mushfiqul/AIS_OBS_Project/ros2_ws/install/costmap_converter_msgs/lib/python3.12/site-packages/costmap_converter_msgs/msg/_obstacle_array_msg.py
[0.816s] -- Up-to-date symlink: /home/mushfiqul/AIS_OBS_Project/ros2_ws/install/costmap_converter_msgs/lib/python3.12/site-packages/costmap_converter_msgs/msg/_obstacle_array_msg_s.c
[0.816s] -- Up-to-date symlink: /home/mushfiqul/AIS_OBS_Project/ros2_ws/install/costmap_converter_msgs/lib/python3.12/site-packages/costmap_converter_msgs/msg/_obstacle_msg.py
[0.817s] -- Up-to-date symlink: /home/mushfiqul/AIS_OBS_Project/ros2_ws/install/costmap_converter_msgs/lib/python3.12/site-packages/costmap_converter_msgs/msg/_obstacle_msg_s.c
[0.817s] -- Up-to-date symlink: /home/mushfiqul/AIS_OBS_Project/ros2_ws/install/costmap_converter_msgs/lib/python3.12/site-packages/costmap_converter_msgs/costmap_converter_msgs_s__rosidl_typesupport_fastrtps_c.so
[0.817s] -- Up-to-date symlink: /home/mushfiqul/AIS_OBS_Project/ros2_ws/install/costmap_converter_msgs/lib/python3.12/site-packages/costmap_converter_msgs/costmap_converter_msgs_s__rosidl_typesupport_introspection_c.so
[0.818s] -- Up-to-date symlink: /home/mushfiqul/AIS_OBS_Project/ros2_ws/install/costmap_converter_msgs/lib/python3.12/site-packages/costmap_converter_msgs/costmap_converter_msgs_s__rosidl_typesupport_c.so
[0.818s] -- Up-to-date symlink: /home/mushfiqul/AIS_OBS_Project/ros2_ws/install/costmap_converter_msgs/share/costmap_converter_msgs/msg/ObstacleMsg.idl
[0.820s] -- Up-to-date symlink: /home/mushfiqul/AIS_OBS_Project/ros2_ws/install/costmap_converter_msgs/share/costmap_converter_msgs/msg/ObstacleArrayMsg.idl
[0.820s] -- Up-to-date symlink: /home/mushfiqul/AIS_OBS_Project/ros2_ws/install/costmap_converter_msgs/share/costmap_converter_msgs/msg/ObstacleMsg.msg
[0.821s] -- Up-to-date symlink: /home/mushfiqul/AIS_OBS_Project/ros2_ws/install/costmap_converter_msgs/share/costmap_converter_msgs/msg/ObstacleArrayMsg.msg
[0.822s] -- Up-to-date symlink: /home/mushfiqul/AIS_OBS_Project/ros2_ws/install/costmap_converter_msgs/share/ament_index/resource_index/package_run_dependencies/costmap_converter_msgs
[0.822s] -- Up-to-date symlink: /home/mushfiqul/AIS_OBS_Project/ros2_ws/install/costmap_converter_msgs/share/ament_index/resource_index/parent_prefix_path/costmap_converter_msgs
[0.822s] -- Up-to-date symlink: /home/mushfiqul/AIS_OBS_Project/ros2_ws/install/costmap_converter_msgs/share/costmap_converter_msgs/environment/ament_prefix_path.sh
[0.822s] -- Up-to-date symlink: /home/mushfiqul/AIS_OBS_Project/ros2_ws/install/costmap_converter_msgs/share/costmap_converter_msgs/environment/ament_prefix_path.dsv
[0.823s] -- Up-to-date symlink: /home/mushfiqul/AIS_OBS_Project/ros2_ws/install/costmap_converter_msgs/share/costmap_converter_msgs/environment/path.sh
[0.824s] -- Up-to-date symlink: /home/mushfiqul/AIS_OBS_Project/ros2_ws/install/costmap_converter_msgs/share/costmap_converter_msgs/environment/path.dsv
[0.824s] -- Up-to-date symlink: /home/mushfiqul/AIS_OBS_Project/ros2_ws/install/costmap_converter_msgs/share/costmap_converter_msgs/local_setup.bash
[0.824s] -- Up-to-date symlink: /home/mushfiqul/AIS_OBS_Project/ros2_ws/install/costmap_converter_msgs/share/costmap_converter_msgs/local_setup.sh
[0.824s] -- Up-to-date symlink: /home/mushfiqul/AIS_OBS_Project/ros2_ws/install/costmap_converter_msgs/share/costmap_converter_msgs/local_setup.zsh
[0.824s] -- Up-to-date symlink: /home/mushfiqul/AIS_OBS_Project/ros2_ws/install/costmap_converter_msgs/share/costmap_converter_msgs/local_setup.dsv
[0.824s] -- Symlinking: /home/mushfiqul/AIS_OBS_Project/ros2_ws/install/costmap_converter_msgs/share/costmap_converter_msgs/package.dsv
[0.841s] -- Up-to-date symlink: /home/mushfiqul/AIS_OBS_Project/ros2_ws/install/costmap_converter_msgs/share/ament_index/resource_index/packages/costmap_converter_msgs
[0.841s] -- Up-to-date symlink: /home/mushfiqul/AIS_OBS_Project/ros2_ws/install/costmap_converter_msgs/share/costmap_converter_msgs/cmake/rosidl_cmake-extras.cmake
[0.841s] -- Up-to-date symlink: /home/mushfiqul/AIS_OBS_Project/ros2_ws/install/costmap_converter_msgs/share/costmap_converter_msgs/cmake/ament_cmake_export_dependencies-extras.cmake
[0.841s] -- Up-to-date symlink: /home/mushfiqul/AIS_OBS_Project/ros2_ws/install/costmap_converter_msgs/share/costmap_converter_msgs/cmake/ament_cmake_export_include_directories-extras.cmake
[0.842s] -- Up-to-date symlink: /home/mushfiqul/AIS_OBS_Project/ros2_ws/install/costmap_converter_msgs/share/costmap_converter_msgs/cmake/ament_cmake_export_libraries-extras.cmake
[0.842s] -- Up-to-date symlink: /home/mushfiqul/AIS_OBS_Project/ros2_ws/install/costmap_converter_msgs/share/costmap_converter_msgs/cmake/ament_cmake_export_targets-extras.cmake
[0.842s] -- Up-to-date symlink: /home/mushfiqul/AIS_OBS_Project/ros2_ws/install/costmap_converter_msgs/share/costmap_converter_msgs/cmake/rosidl_cmake_export_typesupport_targets-extras.cmake
[0.843s] -- Up-to-date symlink: /home/mushfiqul/AIS_OBS_Project/ros2_ws/install/costmap_converter_msgs/share/costmap_converter_msgs/cmake/rosidl_cmake_export_typesupport_libraries-extras.cmake
[0.843s] -- Up-to-date symlink: /home/mushfiqul/AIS_OBS_Project/ros2_ws/install/costmap_converter_msgs/share/costmap_converter_msgs/cmake/costmap_converter_msgsConfig.cmake
[0.843s] -- Up-to-date symlink: /home/mushfiqul/AIS_OBS_Project/ros2_ws/install/costmap_converter_msgs/share/costmap_converter_msgs/cmake/costmap_converter_msgsConfig-version.cmake
[0.844s] -- Up-to-date symlink: /home/mushfiqul/AIS_OBS_Project/ros2_ws/install/costmap_converter_msgs/share/costmap_converter_msgs/package.xml
[0.844s] -- Up-to-date: /home/mushfiqul/AIS_OBS_Project/ros2_ws/install/costmap_converter_msgs/lib/libcostmap_converter_msgs__rosidl_generator_c.so
[0.845s] -- Up-to-date: /home/mushfiqul/AIS_OBS_Project/ros2_ws/install/costmap_converter_msgs/lib/libcostmap_converter_msgs__rosidl_typesupport_fastrtps_c.so
[0.846s] -- Up-to-date: /home/mushfiqul/AIS_OBS_Project/ros2_ws/install/costmap_converter_msgs/lib/libcostmap_converter_msgs__rosidl_typesupport_fastrtps_cpp.so
[0.846s] -- Up-to-date: /home/mushfiqul/AIS_OBS_Project/ros2_ws/install/costmap_converter_msgs/lib/libcostmap_converter_msgs__rosidl_typesupport_introspection_c.so
[0.847s] -- Up-to-date: /home/mushfiqul/AIS_OBS_Project/ros2_ws/install/costmap_converter_msgs/lib/libcostmap_converter_msgs__rosidl_typesupport_c.so
[0.848s] -- Up-to-date: /home/mushfiqul/AIS_OBS_Project/ros2_ws/install/costmap_converter_msgs/lib/libcostmap_converter_msgs__rosidl_typesupport_introspection_cpp.so
[0.848s] -- Up-to-date: /home/mushfiqul/AIS_OBS_Project/ros2_ws/install/costmap_converter_msgs/lib/libcostmap_converter_msgs__rosidl_typesupport_cpp.so
[0.914s] Listing '/home/mushfiqul/AIS_OBS_Project/ros2_ws/install/costmap_converter_msgs/lib/python3.12/site-packages/costmap_converter_msgs'...
[0.914s] Listing '/home/mushfiqul/AIS_OBS_Project/ros2_ws/install/costmap_converter_msgs/lib/python3.12/site-packages/costmap_converter_msgs/msg'...
[0.924s] -- Up-to-date: /home/mushfiqul/AIS_OBS_Project/ros2_ws/install/costmap_converter_msgs/lib/libcostmap_converter_msgs__rosidl_generator_py.so
[0.924s] -- Up-to-date: /home/mushfiqul/AIS_OBS_Project/ros2_ws/install/costmap_converter_msgs/share/costmap_converter_msgs/cmake/export_costmap_converter_msgs__rosidl_generator_cExport.cmake
[0.925s] -- Up-to-date: /home/mushfiqul/AIS_OBS_Project/ros2_ws/install/costmap_converter_msgs/share/costmap_converter_msgs/cmake/export_costmap_converter_msgs__rosidl_generator_cExport-noconfig.cmake
[0.925s] -- Up-to-date: /home/mushfiqul/AIS_OBS_Project/ros2_ws/install/costmap_converter_msgs/share/costmap_converter_msgs/cmake/export_costmap_converter_msgs__rosidl_typesupport_fastrtps_cExport.cmake
[0.925s] -- Up-to-date: /home/mushfiqul/AIS_OBS_Project/ros2_ws/install/costmap_converter_msgs/share/costmap_converter_msgs/cmake/export_costmap_converter_msgs__rosidl_typesupport_fastrtps_cExport-noconfig.cmake
[0.925s] -- Up-to-date: /home/mushfiqul/AIS_OBS_Project/ros2_ws/install/costmap_converter_msgs/share/costmap_converter_msgs/cmake/export_costmap_converter_msgs__rosidl_generator_cppExport.cmake
[0.925s] -- Up-to-date: /home/mushfiqul/AIS_OBS_Project/ros2_ws/install/costmap_converter_msgs/share/costmap_converter_msgs/cmake/export_costmap_converter_msgs__rosidl_typesupport_fastrtps_cppExport.cmake
[0.926s] -- Up-to-date: /home/mushfiqul/AIS_OBS_Project/ros2_ws/install/costmap_converter_msgs/share/costmap_converter_msgs/cmake/export_costmap_converter_msgs__rosidl_typesupport_fastrtps_cppExport-noconfig.cmake
[0.926s] -- Up-to-date: /home/mushfiqul/AIS_OBS_Project/ros2_ws/install/costmap_converter_msgs/share/costmap_converter_msgs/cmake/costmap_converter_msgs__rosidl_typesupport_introspection_cExport.cmake
[0.926s] -- Up-to-date: /home/mushfiqul/AIS_OBS_Project/ros2_ws/install/costmap_converter_msgs/share/costmap_converter_msgs/cmake/costmap_converter_msgs__rosidl_typesupport_introspection_cExport-noconfig.cmake
[0.926s] -- Up-to-date: /home/mushfiqul/AIS_OBS_Project/ros2_ws/install/costmap_converter_msgs/share/costmap_converter_msgs/cmake/costmap_converter_msgs__rosidl_typesupport_cExport.cmake
[0.926s] -- Up-to-date: /home/mushfiqul/AIS_OBS_Project/ros2_ws/install/costmap_converter_msgs/share/costmap_converter_msgs/cmake/costmap_converter_msgs__rosidl_typesupport_cExport-noconfig.cmake
[0.926s] -- Up-to-date: /home/mushfiqul/AIS_OBS_Project/ros2_ws/install/costmap_converter_msgs/share/costmap_converter_msgs/cmake/costmap_converter_msgs__rosidl_typesupport_introspection_cppExport.cmake
[0.926s] -- Up-to-date: /home/mushfiqul/AIS_OBS_Project/ros2_ws/install/costmap_converter_msgs/share/costmap_converter_msgs/cmake/costmap_converter_msgs__rosidl_typesupport_introspection_cppExport-noconfig.cmake
[0.926s] -- Up-to-date: /home/mushfiqul/AIS_OBS_Project/ros2_ws/install/costmap_converter_msgs/share/costmap_converter_msgs/cmake/costmap_converter_msgs__rosidl_typesupport_cppExport.cmake
[0.927s] -- Up-to-date: /home/mushfiqul/AIS_OBS_Project/ros2_ws/install/costmap_converter_msgs/share/costmap_converter_msgs/cmake/costmap_converter_msgs__rosidl_typesupport_cppExport-noconfig.cmake
[0.927s] -- Up-to-date: /home/mushfiqul/AIS_OBS_Project/ros2_ws/install/costmap_converter_msgs/share/costmap_converter_msgs/cmake/export_costmap_converter_msgs__rosidl_generator_pyExport.cmake
[0.927s] -- Up-to-date: /home/mushfiqul/AIS_OBS_Project/ros2_ws/install/costmap_converter_msgs/share/costmap_converter_msgs/cmake/export_costmap_converter_msgs__rosidl_generator_pyExport-noconfig.cmake
[0.929s] Invoked command in '/home/mushfiqul/AIS_OBS_Project/ros2_ws/build/costmap_converter_msgs' returned '0': CMAKE_PREFIX_PATH=${CMAKE_PREFIX_PATH}:/opt/ros/jazzy DEBUGINFOD_URLS=https://debuginfod.ubuntu.com /usr/bin/cmake --install /home/mushfiqul/AIS_OBS_Project/ros2_ws/build/costmap_converter_msgs
