[0.036s] Invoking command in '/home/mushfiqul/AIS_OBS_Project/ros2_ws/build/teb_local_planner': AMENT_PREFIX_PATH=/home/mushfiqul/AIS_OBS_Project/ros2_ws/install/teb_msgs:/home/mushfiqul/AIS_OBS_Project/ros2_ws/install/costmap_converter:/home/mushfiqul/AIS_OBS_Project/ros2_ws/install/costmap_converter_msgs:${AMENT_PREFIX_PATH} CMAKE_PREFIX_PATH=/home/mushfiqul/AIS_OBS_Project/ros2_ws/install/teb_msgs:/home/mushfiqul/AIS_OBS_Project/ros2_ws/install/costmap_converter:/home/mushfiqul/AIS_OBS_Project/ros2_ws/install/costmap_converter_msgs:/opt/ros/jazzy/opt/gz_sim_vendor:/opt/ros/jazzy/opt/gz_sensors_vendor:/opt/ros/jazzy/opt/gz_physics_vendor:/opt/ros/jazzy/opt/sdformat_vendor:/opt/ros/jazzy/opt/gz_gui_vendor:/opt/ros/jazzy/opt/gz_transport_vendor:/opt/ros/jazzy/opt/gz_rendering_vendor:/opt/ros/jazzy/opt/gz_plugin_vendor:/opt/ros/jazzy/opt/gz_fuel_tools_vendor:/opt/ros/jazzy/opt/gz_msgs_vendor:/opt/ros/jazzy/opt/gz_common_vendor:/opt/ros/jazzy/opt/gz_math_vendor:/opt/ros/jazzy/opt/gz_utils_vendor:/opt/ros/jazzy/opt/gz_tools_vendor:/opt/ros/jazzy/opt/gz_ogre_next_vendor:/opt/ros/jazzy/opt/gz_dartsim_vendor:/opt/ros/jazzy/opt/gz_cmake_vendor:/opt/ros/jazzy DEBUGINFOD_URLS=https://debuginfod.ubuntu.com LD_LIBRARY_PATH=/home/mushfiqul/AIS_OBS_Project/ros2_ws/install/teb_msgs/lib:/home/mushfiqul/AIS_OBS_Project/ros2_ws/install/costmap_converter/lib:/home/mushfiqul/AIS_OBS_Project/ros2_ws/install/costmap_converter_msgs/lib:${LD_LIBRARY_PATH} PATH=/home/mushfiqul/AIS_OBS_Project/ros2_ws/install/costmap_converter/bin:${PATH} PYTHONPATH=/home/mushfiqul/AIS_OBS_Project/ros2_ws/install/teb_msgs/lib/python3.12/site-packages:/home/mushfiqul/AIS_OBS_Project/ros2_ws/install/costmap_converter_msgs/lib/python3.12/site-packages:${PYTHONPATH} /usr/bin/cmake --build /home/mushfiqul/AIS_OBS_Project/ros2_ws/build/teb_local_planner
[0.239s] [ 10%] Building CXX object CMakeFiles/teb_local_planner.dir/src/optimal_planner.cpp.o
[0.241s] [ 20%] Building CXX object CMakeFiles/teb_local_planner.dir/src/visualization.cpp.o
[52.237s] [ 30%] Building CXX object CMakeFiles/teb_local_planner.dir/src/homotopy_class_planner.cpp.o
[64.599s] [ 40%] Building CXX object CMakeFiles/teb_local_planner.dir/src/teb_local_planner_ros.cpp.o
[79.675s] In file included from /opt/ros/jazzy/include/pluginlib/pluginlib/class_loader_imp.hpp:57,
[79.675s]                  from /opt/ros/jazzy/include/pluginlib/pluginlib/class_loader.hpp:334,
[79.675s]                  from /home/mushfiqul/AIS_OBS_Project/ros2_ws/src/teb_local_planner/teb_local_planner/include/teb_local_planner/teb_local_planner_ros.h:42,
[79.675s]                  from /home/mushfiqul/AIS_OBS_Project/ros2_ws/src/teb_local_planner/teb_local_planner/src/teb_local_planner_ros.cpp:39:
[79.675s] /home/mushfiqul/AIS_OBS_Project/ros2_ws/install/costmap_converter/include/costmap_converter/costmap_converter_interface.h: In member function ‘void costmap_converter::BaseCostmapToPolygons::startWorker(rclcpp::Rate::SharedPtr, nav2_costmap_2d::Costmap2D*, bool)’:
[79.675s] /home/mushfiqul/AIS_OBS_Project/ros2_ws/install/costmap_converter/include/costmap_converter/costmap_converter_interface.h:197:41: warning: too many arguments for format [-Wformat-extra-args]
[79.675s]   197 |         RCLCPP_DEBUG(nh_->get_logger(), "costmap_converter", "Spinning up a thread for the CostmapToPolygons plugin");
[79.675s]       |                                         ^~~~~~~~~~~~~~~~~~~
[79.859s] /home/mushfiqul/AIS_OBS_Project/ros2_ws/install/costmap_converter/include/costmap_converter/costmap_converter_interface.h: In member function ‘void costmap_converter::BaseCostmapToDynamicObstacles::loadStaticCostmapConverterPlugin(const std::string&, rclcpp::Node::SharedPtr)’:
[79.859s] /home/mushfiqul/AIS_OBS_Project/ros2_ws/install/costmap_converter/include/costmap_converter/costmap_converter_interface.h:313:32: warning: format ‘%s’ expects argument of type ‘char*’, but argument 5 has type ‘const std::string’ {aka ‘const std::__cxx11::basic_string<char>’} [-Wformat=]
[79.859s]   313 |       RCLCPP_INFO(getLogger(), "CostmapToDynamicObstacles: underlying costmap conversion plugin for static obstacles %s loaded.", plugin_name);
[79.859s]       |                                ^~~~~~~~~~~~~~~~~~~~~~~~~~~~~~~~~~~~~~~~~~~~~~~~~~~~~~~~~~~~~~~~~~~~~~~~~~~~~~~~~~~~~~~~~~~~~~~~~
[79.859s] In file included from /home/mushfiqul/AIS_OBS_Project/ros2_ws/src/teb_local_planner/teb_local_planner/include/teb_local_planner/teb_local_planner_ros.h:68:
[79.860s] /home/mushfiqul/AIS_OBS_Project/ros2_ws/install/costmap_converter/include/costmap_converter/costmap_converter_interface.h:313:119: note: format string is defined here
[79.860s]   313 |       RCLCPP_INFO(getLogger(), "CostmapToDynamicObstacles: underlying costmap conversion plugin for static obstacles %s loaded.", plugin_name);
[79.860s]       |                                                                                                                      ~^
[79.860s]       |                                                                                                                       |
[79.860s]       |                                                                                                                       char*
[85.846s] [ 50%] Building CXX object CMakeFiles/teb_local_planner.dir/src/graph_search.cpp.o
