In file included from /opt/ros/jazzy/include/rclcpp/rclcpp/logging.hpp:24,
                 from /opt/ros/jazzy/include/rclcpp/rclcpp/copy_all_parameter_values.hpp:27,
                 from /opt/ros/jazzy/include/rclcpp/rclcpp/rclcpp.hpp:171,
                 from /home/mushfiqul/AIS_OBS_Project/ros2_ws/src/costmap_converter/costmap_converter/include/costmap_converter/costmap_converter_interface.h:46,
                 from /home/mushfiqul/AIS_OBS_Project/ros2_ws/src/costmap_converter/costmap_converter/include/costmap_converter/costmap_to_dynamic_obstacles/costmap_to_dynamic_obstacles.h:47,
                 from /home/mushfiqul/AIS_OBS_Project/ros2_ws/src/costmap_converter/costmap_converter/src/costmap_to_dynamic_obstacles/costmap_to_dynamic_obstacles.cpp:1:
/home/mushfiqul/AIS_OBS_Project/ros2_ws/src/costmap_converter/costmap_converter/include/costmap_converter/costmap_converter_interface.h: In member function ‘void costmap_converter::BaseCostmapToPolygons::startWorker(rclcpp::Rate::SharedPtr, nav2_costmap_2d::Costmap2D*, bool)’:
/home/mushfiqul/AIS_OBS_Project/ros2_ws/src/costmap_converter/costmap_converter/include/costmap_converter/costmap_converter_interface.h:197:41: warning: too many arguments for format [-Wformat-extra-args]
  197 |         RCLCPP_DEBUG(nh_->get_logger(), "costmap_converter", "Spinning up a thread for the CostmapToPolygons plugin");
      |                                         ^~~~~~~~~~~~~~~~~~~
/home/mushfiqul/AIS_OBS_Project/ros2_ws/src/costmap_converter/costmap_converter/include/costmap_converter/costmap_converter_interface.h: In member function ‘void costmap_converter::BaseCostmapToDynamicObstacles::loadStaticCostmapConverterPlugin(const std::string&, rclcpp::Node::SharedPtr)’:
/home/mushfiqul/AIS_OBS_Project/ros2_ws/src/costmap_converter/costmap_converter/include/costmap_converter/costmap_converter_interface.h:313:32: warning: format ‘%s’ expects argument of type ‘char*’, but argument 5 has type ‘const std::string’ {aka ‘const std::__cxx11::basic_string<char>’} [-Wformat=]
  313 |       RCLCPP_INFO(getLogger(), "CostmapToDynamicObstacles: underlying costmap conversion plugin for static obstacles %s loaded.", plugin_name);
      |                                ^~~~~~~~~~~~~~~~~~~~~~~~~~~~~~~~~~~~~~~~~~~~~~~~~~~~~~~~~~~~~~~~~~~~~~~~~~~~~~~~~~~~~~~~~~~~~~~~~
/home/mushfiqul/AIS_OBS_Project/ros2_ws/src/costmap_converter/costmap_converter/include/costmap_converter/costmap_converter_interface.h:313:119: note: format string is defined here
  313 |       RCLCPP_INFO(getLogger(), "CostmapToDynamicObstacles: underlying costmap conversion plugin for static obstacles %s loaded.", plugin_name);
      |                                                                                                                      ~^
      |                                                                                                                       |
      |                                                                                                                       char*
In file included from /opt/ros/jazzy/include/rclcpp/rclcpp/logging.hpp:24,
                 from /opt/ros/jazzy/include/rclcpp/rclcpp/copy_all_parameter_values.hpp:27,
                 from /opt/ros/jazzy/include/rclcpp/rclcpp/rclcpp.hpp:171,
                 from /home/mushfiqul/AIS_OBS_Project/ros2_ws/src/costmap_converter/costmap_converter/include/costmap_converter/costmap_converter_interface.h:46,
                 from /home/mushfiqul/AIS_OBS_Project/ros2_ws/src/costmap_converter/costmap_converter/include/costmap_converter/costmap_to_lines_ransac.h:42,
                 from /home/mushfiqul/AIS_OBS_Project/ros2_ws/src/costmap_converter/costmap_converter/src/costmap_to_lines_ransac.cpp:39:
/home/mushfiqul/AIS_OBS_Project/ros2_ws/src/costmap_converter/costmap_converter/include/costmap_converter/costmap_converter_interface.h: In member function ‘void costmap_converter::BaseCostmapToPolygons::startWorker(rclcpp::Rate::SharedPtr, nav2_costmap_2d::Costmap2D*, bool)’:
/home/mushfiqul/AIS_OBS_Project/ros2_ws/src/costmap_converter/costmap_converter/include/costmap_converter/costmap_converter_interface.h:197:41: warning: too many arguments for format [-Wformat-extra-args]
  197 |         RCLCPP_DEBUG(nh_->get_logger(), "costmap_converter", "Spinning up a thread for the CostmapToPolygons plugin");
      |                                         ^~~~~~~~~~~~~~~~~~~
/home/mushfiqul/AIS_OBS_Project/ros2_ws/src/costmap_converter/costmap_converter/include/costmap_converter/costmap_converter_interface.h: In member function ‘void costmap_converter::BaseCostmapToDynamicObstacles::loadStaticCostmapConverterPlugin(const std::string&, rclcpp::Node::SharedPtr)’:
/home/mushfiqul/AIS_OBS_Project/ros2_ws/src/costmap_converter/costmap_converter/include/costmap_converter/costmap_converter_interface.h:313:32: warning: format ‘%s’ expects argument of type ‘char*’, but argument 5 has type ‘const std::string’ {aka ‘const std::__cxx11::basic_string<char>’} [-Wformat=]
  313 |       RCLCPP_INFO(getLogger(), "CostmapToDynamicObstacles: underlying costmap conversion plugin for static obstacles %s loaded.", plugin_name);
      |                                ^~~~~~~~~~~~~~~~~~~~~~~~~~~~~~~~~~~~~~~~~~~~~~~~~~~~~~~~~~~~~~~~~~~~~~~~~~~~~~~~~~~~~~~~~~~~~~~~~
/home/mushfiqul/AIS_OBS_Project/ros2_ws/src/costmap_converter/costmap_converter/include/costmap_converter/costmap_converter_interface.h:313:119: note: format string is defined here
  313 |       RCLCPP_INFO(getLogger(), "CostmapToDynamicObstacles: underlying costmap conversion plugin for static obstacles %s loaded.", plugin_name);
      |                                                                                                                      ~^
      |                                                                                                                       |
      |                                                                                                                       char*
In file included from /opt/ros/jazzy/include/rclcpp/rclcpp/logging.hpp:24,
                 from /opt/ros/jazzy/include/rclcpp/rclcpp/copy_all_parameter_values.hpp:27,
                 from /opt/ros/jazzy/include/rclcpp/rclcpp/rclcpp.hpp:171,
                 from /home/mushfiqul/AIS_OBS_Project/ros2_ws/src/costmap_converter/costmap_converter/include/costmap_converter/costmap_to_polygons.h:42,
                 from /home/mushfiqul/AIS_OBS_Project/ros2_ws/src/costmap_converter/costmap_converter/include/costmap_converter/costmap_to_polygons_concave.h:42,
                 from /home/mushfiqul/AIS_OBS_Project/ros2_ws/src/costmap_converter/costmap_converter/src/costmap_to_polygons_concave.cpp:39:
/home/mushfiqul/AIS_OBS_Project/ros2_ws/src/costmap_converter/costmap_converter/include/costmap_converter/costmap_converter_interface.h: In member function ‘void costmap_converter::BaseCostmapToPolygons::startWorker(rclcpp::Rate::SharedPtr, nav2_costmap_2d::Costmap2D*, bool)’:
/home/mushfiqul/AIS_OBS_Project/ros2_ws/src/costmap_converter/costmap_converter/include/costmap_converter/costmap_converter_interface.h:197:41: warning: too many arguments for format [-Wformat-extra-args]
  197 |         RCLCPP_DEBUG(nh_->get_logger(), "costmap_converter", "Spinning up a thread for the CostmapToPolygons plugin");
      |                                         ^~~~~~~~~~~~~~~~~~~
In file included from /opt/ros/jazzy/include/rclcpp/rclcpp/logging.hpp:24,
                 from /opt/ros/jazzy/include/rclcpp/rclcpp/copy_all_parameter_values.hpp:27,
                 from /opt/ros/jazzy/include/rclcpp/rclcpp/rclcpp.hpp:171,
                 from /home/mushfiqul/AIS_OBS_Project/ros2_ws/src/costmap_converter/costmap_converter/include/costmap_converter/costmap_converter_interface.h:46,
                 from /home/mushfiqul/AIS_OBS_Project/ros2_ws/src/costmap_converter/costmap_converter/include/costmap_converter/costmap_to_lines_convex_hull.h:42,
                 from /home/mushfiqul/AIS_OBS_Project/ros2_ws/src/costmap_converter/costmap_converter/src/costmap_to_lines_convex_hull.cpp:39:
/home/mushfiqul/AIS_OBS_Project/ros2_ws/src/costmap_converter/costmap_converter/include/costmap_converter/costmap_converter_interface.h: In member function ‘void costmap_converter::BaseCostmapToPolygons::startWorker(rclcpp::Rate::SharedPtr, nav2_costmap_2d::Costmap2D*, bool)’:
/home/mushfiqul/AIS_OBS_Project/ros2_ws/src/costmap_converter/costmap_converter/include/costmap_converter/costmap_converter_interface.h:197:41: warning: too many arguments for format [-Wformat-extra-args]
  197 |         RCLCPP_DEBUG(nh_->get_logger(), "costmap_converter", "Spinning up a thread for the CostmapToPolygons plugin");
      |                                         ^~~~~~~~~~~~~~~~~~~
/home/mushfiqul/AIS_OBS_Project/ros2_ws/src/costmap_converter/costmap_converter/include/costmap_converter/costmap_converter_interface.h: In member function ‘void costmap_converter::BaseCostmapToDynamicObstacles::loadStaticCostmapConverterPlugin(const std::string&, rclcpp::Node::SharedPtr)’:
/home/mushfiqul/AIS_OBS_Project/ros2_ws/src/costmap_converter/costmap_converter/include/costmap_converter/costmap_converter_interface.h:313:32: warning: format ‘%s’ expects argument of type ‘char*’, but argument 5 has type ‘const std::string’ {aka ‘const std::__cxx11::basic_string<char>’} [-Wformat=]
  313 |       RCLCPP_INFO(getLogger(), "CostmapToDynamicObstacles: underlying costmap conversion plugin for static obstacles %s loaded.", plugin_name);
      |                                ^~~~~~~~~~~~~~~~~~~~~~~~~~~~~~~~~~~~~~~~~~~~~~~~~~~~~~~~~~~~~~~~~~~~~~~~~~~~~~~~~~~~~~~~~~~~~~~~~
In file included from /home/mushfiqul/AIS_OBS_Project/ros2_ws/src/costmap_converter/costmap_converter/include/costmap_converter/costmap_to_polygons.h:43:
/home/mushfiqul/AIS_OBS_Project/ros2_ws/src/costmap_converter/costmap_converter/include/costmap_converter/costmap_converter_interface.h:313:119: note: format string is defined here
  313 |       RCLCPP_INFO(getLogger(), "CostmapToDynamicObstacles: underlying costmap conversion plugin for static obstacles %s loaded.", plugin_name);
      |                                                                                                                      ~^
      |                                                                                                                       |
      |                                                                                                                       char*
/home/mushfiqul/AIS_OBS_Project/ros2_ws/src/costmap_converter/costmap_converter/include/costmap_converter/costmap_converter_interface.h: In member function ‘void costmap_converter::BaseCostmapToDynamicObstacles::loadStaticCostmapConverterPlugin(const std::string&, rclcpp::Node::SharedPtr)’:
/home/mushfiqul/AIS_OBS_Project/ros2_ws/src/costmap_converter/costmap_converter/include/costmap_converter/costmap_converter_interface.h:313:32: warning: format ‘%s’ expects argument of type ‘char*’, but argument 5 has type ‘const std::string’ {aka ‘const std::__cxx11::basic_string<char>’} [-Wformat=]
  313 |       RCLCPP_INFO(getLogger(), "CostmapToDynamicObstacles: underlying costmap conversion plugin for static obstacles %s loaded.", plugin_name);
      |                                ^~~~~~~~~~~~~~~~~~~~~~~~~~~~~~~~~~~~~~~~~~~~~~~~~~~~~~~~~~~~~~~~~~~~~~~~~~~~~~~~~~~~~~~~~~~~~~~~~
/home/mushfiqul/AIS_OBS_Project/ros2_ws/src/costmap_converter/costmap_converter/include/costmap_converter/costmap_converter_interface.h:313:119: note: format string is defined here
  313 |       RCLCPP_INFO(getLogger(), "CostmapToDynamicObstacles: underlying costmap conversion plugin for static obstacles %s loaded.", plugin_name);
      |                                                                                                                      ~^
      |                                                                                                                       |
      |                                                                                                                       char*
In file included from /opt/ros/jazzy/include/rclcpp/rclcpp/logging.hpp:24,
                 from /opt/ros/jazzy/include/rclcpp/rclcpp/copy_all_parameter_values.hpp:27,
                 from /opt/ros/jazzy/include/rclcpp/rclcpp/rclcpp.hpp:171,
                 from /home/mushfiqul/AIS_OBS_Project/ros2_ws/src/costmap_converter/costmap_converter/include/costmap_converter/costmap_to_polygons.h:42,
                 from /home/mushfiqul/AIS_OBS_Project/ros2_ws/src/costmap_converter/costmap_converter/src/costmap_to_polygons.cpp:39:
/home/mushfiqul/AIS_OBS_Project/ros2_ws/src/costmap_converter/costmap_converter/include/costmap_converter/costmap_converter_interface.h: In member function ‘void costmap_converter::BaseCostmapToPolygons::startWorker(rclcpp::Rate::SharedPtr, nav2_costmap_2d::Costmap2D*, bool)’:
/home/mushfiqul/AIS_OBS_Project/ros2_ws/src/costmap_converter/costmap_converter/include/costmap_converter/costmap_converter_interface.h:197:41: warning: too many arguments for format [-Wformat-extra-args]
  197 |         RCLCPP_DEBUG(nh_->get_logger(), "costmap_converter", "Spinning up a thread for the CostmapToPolygons plugin");
      |                                         ^~~~~~~~~~~~~~~~~~~
/home/mushfiqul/AIS_OBS_Project/ros2_ws/src/costmap_converter/costmap_converter/include/costmap_converter/costmap_converter_interface.h: In member function ‘void costmap_converter::BaseCostmapToDynamicObstacles::loadStaticCostmapConverterPlugin(const std::string&, rclcpp::Node::SharedPtr)’:
/home/mushfiqul/AIS_OBS_Project/ros2_ws/src/costmap_converter/costmap_converter/include/costmap_converter/costmap_converter_interface.h:313:32: warning: format ‘%s’ expects argument of type ‘char*’, but argument 5 has type ‘const std::string’ {aka ‘const std::__cxx11::basic_string<char>’} [-Wformat=]
  313 |       RCLCPP_INFO(getLogger(), "CostmapToDynamicObstacles: underlying costmap conversion plugin for static obstacles %s loaded.", plugin_name);
      |                                ^~~~~~~~~~~~~~~~~~~~~~~~~~~~~~~~~~~~~~~~~~~~~~~~~~~~~~~~~~~~~~~~~~~~~~~~~~~~~~~~~~~~~~~~~~~~~~~~~
In file included from /home/mushfiqul/AIS_OBS_Project/ros2_ws/src/costmap_converter/costmap_converter/include/costmap_converter/costmap_to_polygons.h:43:
/home/mushfiqul/AIS_OBS_Project/ros2_ws/src/costmap_converter/costmap_converter/include/costmap_converter/costmap_converter_interface.h:313:119: note: format string is defined here
  313 |       RCLCPP_INFO(getLogger(), "CostmapToDynamicObstacles: underlying costmap conversion plugin for static obstacles %s loaded.", plugin_name);
      |                                                                                                                      ~^
      |                                                                                                                       |
      |                                                                                                                       char*
In file included from /opt/ros/jazzy/include/rclcpp/rclcpp/logging.hpp:24,
                 from /opt/ros/jazzy/include/rclcpp/rclcpp/copy_all_parameter_values.hpp:27,
                 from /opt/ros/jazzy/include/rclcpp/rclcpp/rclcpp.hpp:171,
                 from /home/mushfiqul/AIS_OBS_Project/ros2_ws/src/costmap_converter/costmap_converter/src/costmap_converter_node.cpp:40:
/home/mushfiqul/AIS_OBS_Project/ros2_ws/src/costmap_converter/costmap_converter/include/costmap_converter/costmap_converter_interface.h: In member function ‘void costmap_converter::BaseCostmapToPolygons::startWorker(rclcpp::Rate::SharedPtr, nav2_costmap_2d::Costmap2D*, bool)’:
/home/mushfiqul/AIS_OBS_Project/ros2_ws/src/costmap_converter/costmap_converter/include/costmap_converter/costmap_converter_interface.h:197:41: warning: too many arguments for format [-Wformat-extra-args]
  197 |         RCLCPP_DEBUG(nh_->get_logger(), "costmap_converter", "Spinning up a thread for the CostmapToPolygons plugin");
      |                                         ^~~~~~~~~~~~~~~~~~~
/home/mushfiqul/AIS_OBS_Project/ros2_ws/src/costmap_converter/costmap_converter/include/costmap_converter/costmap_converter_interface.h: In member function ‘void costmap_converter::BaseCostmapToDynamicObstacles::loadStaticCostmapConverterPlugin(const std::string&, rclcpp::Node::SharedPtr)’:
/home/mushfiqul/AIS_OBS_Project/ros2_ws/src/costmap_converter/costmap_converter/include/costmap_converter/costmap_converter_interface.h:313:32: warning: format ‘%s’ expects argument of type ‘char*’, but argument 5 has type ‘const std::string’ {aka ‘const std::__cxx11::basic_string<char>’} [-Wformat=]
  313 |       RCLCPP_INFO(getLogger(), "CostmapToDynamicObstacles: underlying costmap conversion plugin for static obstacles %s loaded.", plugin_name);
      |                                ^~~~~~~~~~~~~~~~~~~~~~~~~~~~~~~~~~~~~~~~~~~~~~~~~~~~~~~~~~~~~~~~~~~~~~~~~~~~~~~~~~~~~~~~~~~~~~~~~
In file included from /home/mushfiqul/AIS_OBS_Project/ros2_ws/src/costmap_converter/costmap_converter/src/costmap_converter_node.cpp:47:
/home/mushfiqul/AIS_OBS_Project/ros2_ws/src/costmap_converter/costmap_converter/include/costmap_converter/costmap_converter_interface.h:313:119: note: format string is defined here
  313 |       RCLCPP_INFO(getLogger(), "CostmapToDynamicObstacles: underlying costmap conversion plugin for static obstacles %s loaded.", plugin_name);
      |                                                                                                                      ~^
      |                                                                                                                       |
      |                                                                                                                       char*
In file included from /opt/ros/jazzy/include/rclcpp/rclcpp/logging.hpp:24,
                 from /opt/ros/jazzy/include/rclcpp/rclcpp/copy_all_parameter_values.hpp:27,
                 from /opt/ros/jazzy/include/rclcpp/rclcpp/rclcpp.hpp:171,
                 from /home/mushfiqul/AIS_OBS_Project/ros2_ws/src/costmap_converter/costmap_converter/include/costmap_converter/costmap_to_polygons.h:42,
                 from /home/mushfiqul/AIS_OBS_Project/ros2_ws/src/costmap_converter/costmap_converter/test/costmap_polygons.cpp:5:
/home/mushfiqul/AIS_OBS_Project/ros2_ws/src/costmap_converter/costmap_converter/include/costmap_converter/costmap_converter_interface.h: In member function ‘void costmap_converter::BaseCostmapToPolygons::startWorker(rclcpp::Rate::SharedPtr, nav2_costmap_2d::Costmap2D*, bool)’:
/home/mushfiqul/AIS_OBS_Project/ros2_ws/src/costmap_converter/costmap_converter/include/costmap_converter/costmap_converter_interface.h:197:41: warning: too many arguments for format [-Wformat-extra-args]
  197 |         RCLCPP_DEBUG(nh_->get_logger(), "costmap_converter", "Spinning up a thread for the CostmapToPolygons plugin");
      |                                         ^~~~~~~~~~~~~~~~~~~
/home/mushfiqul/AIS_OBS_Project/ros2_ws/src/costmap_converter/costmap_converter/include/costmap_converter/costmap_converter_interface.h: In member function ‘void costmap_converter::BaseCostmapToDynamicObstacles::loadStaticCostmapConverterPlugin(const std::string&, rclcpp::Node::SharedPtr)’:
/home/mushfiqul/AIS_OBS_Project/ros2_ws/src/costmap_converter/costmap_converter/include/costmap_converter/costmap_converter_interface.h:313:32: warning: format ‘%s’ expects argument of type ‘char*’, but argument 5 has type ‘const std::string’ {aka ‘const std::__cxx11::basic_string<char>’} [-Wformat=]
  313 |       RCLCPP_INFO(getLogger(), "CostmapToDynamicObstacles: underlying costmap conversion plugin for static obstacles %s loaded.", plugin_name);
      |                                ^~~~~~~~~~~~~~~~~~~~~~~~~~~~~~~~~~~~~~~~~~~~~~~~~~~~~~~~~~~~~~~~~~~~~~~~~~~~~~~~~~~~~~~~~~~~~~~~~
In file included from /home/mushfiqul/AIS_OBS_Project/ros2_ws/src/costmap_converter/costmap_converter/include/costmap_converter/costmap_to_polygons.h:43:
/home/mushfiqul/AIS_OBS_Project/ros2_ws/src/costmap_converter/costmap_converter/include/costmap_converter/costmap_converter_interface.h:313:119: note: format string is defined here
  313 |       RCLCPP_INFO(getLogger(), "CostmapToDynamicObstacles: underlying costmap conversion plugin for static obstacles %s loaded.", plugin_name);
      |                                                                                                                      ~^
      |                                                                                                                       |
      |                                                                                                                       char*
