[  5%] Building CXX object gtest/CMakeFiles/gtest.dir/src/gtest-all.cc.o
[ 10%] Building CXX object CMakeFiles/costmap_converter.dir/src/costmap_to_lines_convex_hull.cpp.o
[ 15%] Building CXX object CMakeFiles/costmap_converter.dir/src/costmap_to_polygons.cpp.o
[ 26%] Built target gtest_main
[ 31%] Building CXX object CMakeFiles/costmap_converter.dir/src/costmap_to_polygons_concave.cpp.o
[ 36%] Building CXX object CMakeFiles/costmap_converter.dir/src/costmap_to_dynamic_obstacles/costmap_to_dynamic_obstacles.cpp.o
[ 42%] Building CXX object CMakeFiles/costmap_converter.dir/src/costmap_to_dynamic_obstacles/background_subtractor.cpp.o
[ 47%] Building CXX object CMakeFiles/costmap_converter.dir/src/costmap_to_lines_ransac.cpp.o
[ 52%] Building CXX object CMakeFiles/costmap_converter.dir/src/costmap_to_dynamic_obstacles/blob_detector.cpp.o
In file included from /opt/ros/jazzy/include/rclcpp/rclcpp/logging.hpp:24,
                 from /opt/ros/jazzy/include/rclcpp/rclcpp/copy_all_parameter_values.hpp:27,
                 from /opt/ros/jazzy/include/rclcpp/rclcpp/rclcpp.hpp:171,
                 from /home/mushfiqul/AIS_OBS_Project/ros2_ws/src/costmap_converter/costmap_converter/include/costmap_converter/costmap_converter_interface.h:46,
                 from /home/mushfiqul/AIS_OBS_Project/ros2_ws/src/costmap_converter/costmap_converter/include/costmap_converter/costmap_to_dynamic_obstacles/costmap_to_dynamic_obstacles.h:47,
                 from /home/mushfiqul/AIS_OBS_Project/ros2_ws/src/costmap_converter/costmap_converter/src/costmap_to_dynamic_obstacles/costmap_to_dynamic_obstacles.cpp:1:
/home/mushfiqul/AIS_OBS_Project/ros2_ws/src/costmap_converter/costmap_converter/include/costmap_converter/costmap_converter_interface.h: In member function ‘void costmap_converter::BaseCostmapToPolygons::startWorker(rclcpp::Rate::SharedPtr, nav2_costmap_2d::Costmap2D*, bool)’:
/home/mushfiqul/AIS_OBS_Project/ros2_ws/src/costmap_converter/costmap_converter/include/costmap_converter/costmap_converter_interface.h:197:41: warning: too many arguments for format [-Wformat-extra-args]
  197 |         RCLCPP_DEBUG(nh_->get_logger(), "costmap_converter", "Spinning up a thread for the CostmapToPolygons plugin");
      |                                         ^~~~~~~~~~~~~~~~~~~
/home/mushfiqul/AIS_OBS_Project/ros2_ws/src/costmap_converter/costmap_converter/include/costmap_converter/costmap_converter_interface.h: In member function ‘void costmap_converter::BaseCostmapToDynamicObstacles::loadStaticCostmapConverterPlugin(const std::string&, rclcpp::Node::SharedPtr)’:
/home/mushfiqul/AIS_OBS_Project/ros2_ws/src/costmap_converter/costmap_converter/include/costmap_converter/costmap_converter_interface.h:313:32: warning: format ‘%s’ expects argument of type ‘char*’, but argument 5 has type ‘const std::string’ {aka ‘const std::__cxx11::basic_string<char>’} [-Wformat=]
  313 |       RCLCPP_INFO(getLogger(), "CostmapToDynamicObstacles: underlying costmap conversion plugin for static obstacles %s loaded.", plugin_name);
      |                                ^~~~~~~~~~~~~~~~~~~~~~~~~~~~~~~~~~~~~~~~~~~~~~~~~~~~~~~~~~~~~~~~~~~~~~~~~~~~~~~~~~~~~~~~~~~~~~~~~
/home/mushfiqul/AIS_OBS_Project/ros2_ws/src/costmap_converter/costmap_converter/include/costmap_converter/costmap_converter_interface.h:313:119: note: format string is defined here
  313 |       RCLCPP_INFO(getLogger(), "CostmapToDynamicObstacles: underlying costmap conversion plugin for static obstacles %s loaded.", plugin_name);
      |                                                                                                                      ~^
      |                                                                                                                       |
      |                                                                                                                       char*
In file included from /opt/ros/jazzy/include/rclcpp/rclcpp/logging.hpp:24,
                 from /opt/ros/jazzy/include/rclcpp/rclcpp/copy_all_parameter_values.hpp:27,
                 from /opt/ros/jazzy/include/rclcpp/rclcpp/rclcpp.hpp:171,
                 from /home/mushfiqul/AIS_OBS_Project/ros2_ws/src/costmap_converter/costmap_converter/include/costmap_converter/costmap_converter_interface.h:46,
                 from /home/mushfiqul/AIS_OBS_Project/ros2_ws/src/costmap_converter/costmap_converter/include/costmap_converter/costmap_to_lines_ransac.h:42,
                 from /home/mushfiqul/AIS_OBS_Project/ros2_ws/src/costmap_converter/costmap_converter/src/costmap_to_lines_ransac.cpp:39:
/home/mushfiqul/AIS_OBS_Project/ros2_ws/src/costmap_converter/costmap_converter/include/costmap_converter/costmap_converter_interface.h: In member function ‘void costmap_converter::BaseCostmapToPolygons::startWorker(rclcpp::Rate::SharedPtr, nav2_costmap_2d::Costmap2D*, bool)’:
/home/mushfiqul/AIS_OBS_Project/ros2_ws/src/costmap_converter/costmap_converter/include/costmap_converter/costmap_converter_interface.h:197:41: warning: too many arguments for format [-Wformat-extra-args]
  197 |         RCLCPP_DEBUG(nh_->get_logger(), "costmap_converter", "Spinning up a thread for the CostmapToPolygons plugin");
      |                                         ^~~~~~~~~~~~~~~~~~~
/home/mushfiqul/AIS_OBS_Project/ros2_ws/src/costmap_converter/costmap_converter/include/costmap_converter/costmap_converter_interface.h: In member function ‘void costmap_converter::BaseCostmapToDynamicObstacles::loadStaticCostmapConverterPlugin(const std::string&, rclcpp::Node::SharedPtr)’:
/home/mushfiqul/AIS_OBS_Project/ros2_ws/src/costmap_converter/costmap_converter/include/costmap_converter/costmap_converter_interface.h:313:32: warning: format ‘%s’ expects argument of type ‘char*’, but argument 5 has type ‘const std::string’ {aka ‘const std::__cxx11::basic_string<char>’} [-Wformat=]
  313 |       RCLCPP_INFO(getLogger(), "CostmapToDynamicObstacles: underlying costmap conversion plugin for static obstacles %s loaded.", plugin_name);
      |                                ^~~~~~~~~~~~~~~~~~~~~~~~~~~~~~~~~~~~~~~~~~~~~~~~~~~~~~~~~~~~~~~~~~~~~~~~~~~~~~~~~~~~~~~~~~~~~~~~~
/home/mushfiqul/AIS_OBS_Project/ros2_ws/src/costmap_converter/costmap_converter/include/costmap_converter/costmap_converter_interface.h:313:119: note: format string is defined here
  313 |       RCLCPP_INFO(getLogger(), "CostmapToDynamicObstacles: underlying costmap conversion plugin for static obstacles %s loaded.", plugin_name);
      |                                                                                                                      ~^
      |                                                                                                                       |
      |                                                                                                                       char*
In file included from /opt/ros/jazzy/include/rclcpp/rclcpp/logging.hpp:24,
                 from /opt/ros/jazzy/include/rclcpp/rclcpp/copy_all_parameter_values.hpp:27,
                 from /opt/ros/jazzy/include/rclcpp/rclcpp/rclcpp.hpp:171,
                 from /home/mushfiqul/AIS_OBS_Project/ros2_ws/src/costmap_converter/costmap_converter/include/costmap_converter/costmap_to_polygons.h:42,
                 from /home/mushfiqul/AIS_OBS_Project/ros2_ws/src/costmap_converter/costmap_converter/include/costmap_converter/costmap_to_polygons_concave.h:42,
                 from /home/mushfiqul/AIS_OBS_Project/ros2_ws/src/costmap_converter/costmap_converter/src/costmap_to_polygons_concave.cpp:39:
/home/mushfiqul/AIS_OBS_Project/ros2_ws/src/costmap_converter/costmap_converter/include/costmap_converter/costmap_converter_interface.h: In member function ‘void costmap_converter::BaseCostmapToPolygons::startWorker(rclcpp::Rate::SharedPtr, nav2_costmap_2d::Costmap2D*, bool)’:
/home/mushfiqul/AIS_OBS_Project/ros2_ws/src/costmap_converter/costmap_converter/include/costmap_converter/costmap_converter_interface.h:197:41: warning: too many arguments for format [-Wformat-extra-args]
  197 |         RCLCPP_DEBUG(nh_->get_logger(), "costmap_converter", "Spinning up a thread for the CostmapToPolygons plugin");
      |                                         ^~~~~~~~~~~~~~~~~~~
In file included from /opt/ros/jazzy/include/rclcpp/rclcpp/logging.hpp:24,
                 from /opt/ros/jazzy/include/rclcpp/rclcpp/copy_all_parameter_values.hpp:27,
                 from /opt/ros/jazzy/include/rclcpp/rclcpp/rclcpp.hpp:171,
                 from /home/mushfiqul/AIS_OBS_Project/ros2_ws/src/costmap_converter/costmap_converter/include/costmap_converter/costmap_converter_interface.h:46,
                 from /home/mushfiqul/AIS_OBS_Project/ros2_ws/src/costmap_converter/costmap_converter/include/costmap_converter/costmap_to_lines_convex_hull.h:42,
                 from /home/mushfiqul/AIS_OBS_Project/ros2_ws/src/costmap_converter/costmap_converter/src/costmap_to_lines_convex_hull.cpp:39:
/home/mushfiqul/AIS_OBS_Project/ros2_ws/src/costmap_converter/costmap_converter/include/costmap_converter/costmap_converter_interface.h: In member function ‘void costmap_converter::BaseCostmapToPolygons::startWorker(rclcpp::Rate::SharedPtr, nav2_costmap_2d::Costmap2D*, bool)’:
/home/mushfiqul/AIS_OBS_Project/ros2_ws/src/costmap_converter/costmap_converter/include/costmap_converter/costmap_converter_interface.h:197:41: warning: too many arguments for format [-Wformat-extra-args]
  197 |         RCLCPP_DEBUG(nh_->get_logger(), "costmap_converter", "Spinning up a thread for the CostmapToPolygons plugin");
      |                                         ^~~~~~~~~~~~~~~~~~~
/home/mushfiqul/AIS_OBS_Project/ros2_ws/src/costmap_converter/costmap_converter/include/costmap_converter/costmap_converter_interface.h: In member function ‘void costmap_converter::BaseCostmapToDynamicObstacles::loadStaticCostmapConverterPlugin(const std::string&, rclcpp::Node::SharedPtr)’:
/home/mushfiqul/AIS_OBS_Project/ros2_ws/src/costmap_converter/costmap_converter/include/costmap_converter/costmap_converter_interface.h:313:32: warning: format ‘%s’ expects argument of type ‘char*’, but argument 5 has type ‘const std::string’ {aka ‘const std::__cxx11::basic_string<char>’} [-Wformat=]
  313 |       RCLCPP_INFO(getLogger(), "CostmapToDynamicObstacles: underlying costmap conversion plugin for static obstacles %s loaded.", plugin_name);
      |                                ^~~~~~~~~~~~~~~~~~~~~~~~~~~~~~~~~~~~~~~~~~~~~~~~~~~~~~~~~~~~~~~~~~~~~~~~~~~~~~~~~~~~~~~~~~~~~~~~~
In file included from /home/mushfiqul/AIS_OBS_Project/ros2_ws/src/costmap_converter/costmap_converter/include/costmap_converter/costmap_to_polygons.h:43:
/home/mushfiqul/AIS_OBS_Project/ros2_ws/src/costmap_converter/costmap_converter/include/costmap_converter/costmap_converter_interface.h:313:119: note: format string is defined here
  313 |       RCLCPP_INFO(getLogger(), "CostmapToDynamicObstacles: underlying costmap conversion plugin for static obstacles %s loaded.", plugin_name);
      |                                                                                                                      ~^
      |                                                                                                                       |
      |                                                                                                                       char*
/home/mushfiqul/AIS_OBS_Project/ros2_ws/src/costmap_converter/costmap_converter/include/costmap_converter/costmap_converter_interface.h: In member function ‘void costmap_converter::BaseCostmapToDynamicObstacles::loadStaticCostmapConverterPlugin(const std::string&, rclcpp::Node::SharedPtr)’:
/home/mushfiqul/AIS_OBS_Project/ros2_ws/src/costmap_converter/costmap_converter/include/costmap_converter/costmap_converter_interface.h:313:32: warning: format ‘%s’ expects argument of type ‘char*’, but argument 5 has type ‘const std::string’ {aka ‘const std::__cxx11::basic_string<char>’} [-Wformat=]
  313 |       RCLCPP_INFO(getLogger(), "CostmapToDynamicObstacles: underlying costmap conversion plugin for static obstacles %s loaded.", plugin_name);
      |                                ^~~~~~~~~~~~~~~~~~~~~~~~~~~~~~~~~~~~~~~~~~~~~~~~~~~~~~~~~~~~~~~~~~~~~~~~~~~~~~~~~~~~~~~~~~~~~~~~~
/home/mushfiqul/AIS_OBS_Project/ros2_ws/src/costmap_converter/costmap_converter/include/costmap_converter/costmap_converter_interface.h:313:119: note: format string is defined here
  313 |       RCLCPP_INFO(getLogger(), "CostmapToDynamicObstacles: underlying costmap conversion plugin for static obstacles %s loaded.", plugin_name);
      |                                                                                                                      ~^
      |                                                                                                                       |
      |                                                                                                                       char*
In file included from /opt/ros/jazzy/include/rclcpp/rclcpp/logging.hpp:24,
                 from /opt/ros/jazzy/include/rclcpp/rclcpp/copy_all_parameter_values.hpp:27,
                 from /opt/ros/jazzy/include/rclcpp/rclcpp/rclcpp.hpp:171,
                 from /home/mushfiqul/AIS_OBS_Project/ros2_ws/src/costmap_converter/costmap_converter/include/costmap_converter/costmap_to_polygons.h:42,
                 from /home/mushfiqul/AIS_OBS_Project/ros2_ws/src/costmap_converter/costmap_converter/src/costmap_to_polygons.cpp:39:
/home/mushfiqul/AIS_OBS_Project/ros2_ws/src/costmap_converter/costmap_converter/include/costmap_converter/costmap_converter_interface.h: In member function ‘void costmap_converter::BaseCostmapToPolygons::startWorker(rclcpp::Rate::SharedPtr, nav2_costmap_2d::Costmap2D*, bool)’:
/home/mushfiqul/AIS_OBS_Project/ros2_ws/src/costmap_converter/costmap_converter/include/costmap_converter/costmap_converter_interface.h:197:41: warning: too many arguments for format [-Wformat-extra-args]
  197 |         RCLCPP_DEBUG(nh_->get_logger(), "costmap_converter", "Spinning up a thread for the CostmapToPolygons plugin");
      |                                         ^~~~~~~~~~~~~~~~~~~
/home/mushfiqul/AIS_OBS_Project/ros2_ws/src/costmap_converter/costmap_converter/include/costmap_converter/costmap_converter_interface.h: In member function ‘void costmap_converter::BaseCostmapToDynamicObstacles::loadStaticCostmapConverterPlugin(const std::string&, rclcpp::Node::SharedPtr)’:
/home/mushfiqul/AIS_OBS_Project/ros2_ws/src/costmap_converter/costmap_converter/include/costmap_converter/costmap_converter_interface.h:313:32: warning: format ‘%s’ expects argument of type ‘char*’, but argument 5 has type ‘const std::string’ {aka ‘const std::__cxx11::basic_string<char>’} [-Wformat=]
  313 |       RCLCPP_INFO(getLogger(), "CostmapToDynamicObstacles: underlying costmap conversion plugin for static obstacles %s loaded.", plugin_name);
      |                                ^~~~~~~~~~~~~~~~~~~~~~~~~~~~~~~~~~~~~~~~~~~~~~~~~~~~~~~~~~~~~~~~~~~~~~~~~~~~~~~~~~~~~~~~~~~~~~~~~
In file included from /home/mushfiqul/AIS_OBS_Project/ros2_ws/src/costmap_converter/costmap_converter/include/costmap_converter/costmap_to_polygons.h:43:
/home/mushfiqul/AIS_OBS_Project/ros2_ws/src/costmap_converter/costmap_converter/include/costmap_converter/costmap_converter_interface.h:313:119: note: format string is defined here
  313 |       RCLCPP_INFO(getLogger(), "CostmapToDynamicObstacles: underlying costmap conversion plugin for static obstacles %s loaded.", plugin_name);
      |                                                                                                                      ~^
      |                                                                                                                       |
      |                                                                                                                       char*
[ 57%] Linking CXX static library libgtest.a
[ 57%] Built target gtest
[ 63%] Building CXX object CMakeFiles/costmap_converter.dir/src/costmap_to_dynamic_obstacles/multitarget_tracker/HungarianAlg.cpp.o
[ 68%] Building CXX object CMakeFiles/costmap_converter.dir/src/costmap_to_dynamic_obstacles/multitarget_tracker/Kalman.cpp.o
[ 73%] Building CXX object CMakeFiles/costmap_converter.dir/src/costmap_to_dynamic_obstacles/multitarget_tracker/Ctracker.cpp.o
[ 78%] Linking CXX shared library libcostmap_converter.so
[ 78%] Built target costmap_converter
[ 84%] Building CXX object CMakeFiles/standalone_converter.dir/src/costmap_converter_node.cpp.o
In file included from /opt/ros/jazzy/include/rclcpp/rclcpp/logging.hpp:24,
                 from /opt/ros/jazzy/include/rclcpp/rclcpp/copy_all_parameter_values.hpp:27,
                 from /opt/ros/jazzy/include/rclcpp/rclcpp/rclcpp.hpp:171,
                 from /home/mushfiqul/AIS_OBS_Project/ros2_ws/src/costmap_converter/costmap_converter/src/costmap_converter_node.cpp:40:
/home/mushfiqul/AIS_OBS_Project/ros2_ws/src/costmap_converter/costmap_converter/include/costmap_converter/costmap_converter_interface.h: In member function ‘void costmap_converter::BaseCostmapToPolygons::startWorker(rclcpp::Rate::SharedPtr, nav2_costmap_2d::Costmap2D*, bool)’:
/home/mushfiqul/AIS_OBS_Project/ros2_ws/src/costmap_converter/costmap_converter/include/costmap_converter/costmap_converter_interface.h:197:41: warning: too many arguments for format [-Wformat-extra-args]
  197 |         RCLCPP_DEBUG(nh_->get_logger(), "costmap_converter", "Spinning up a thread for the CostmapToPolygons plugin");
      |                                         ^~~~~~~~~~~~~~~~~~~
/home/mushfiqul/AIS_OBS_Project/ros2_ws/src/costmap_converter/costmap_converter/include/costmap_converter/costmap_converter_interface.h: In member function ‘void costmap_converter::BaseCostmapToDynamicObstacles::loadStaticCostmapConverterPlugin(const std::string&, rclcpp::Node::SharedPtr)’:
/home/mushfiqul/AIS_OBS_Project/ros2_ws/src/costmap_converter/costmap_converter/include/costmap_converter/costmap_converter_interface.h:313:32: warning: format ‘%s’ expects argument of type ‘char*’, but argument 5 has type ‘const std::string’ {aka ‘const std::__cxx11::basic_string<char>’} [-Wformat=]
  313 |       RCLCPP_INFO(getLogger(), "CostmapToDynamicObstacles: underlying costmap conversion plugin for static obstacles %s loaded.", plugin_name);
      |                                ^~~~~~~~~~~~~~~~~~~~~~~~~~~~~~~~~~~~~~~~~~~~~~~~~~~~~~~~~~~~~~~~~~~~~~~~~~~~~~~~~~~~~~~~~~~~~~~~~
In file included from /home/mushfiqul/AIS_OBS_Project/ros2_ws/src/costmap_converter/costmap_converter/src/costmap_converter_node.cpp:47:
/home/mushfiqul/AIS_OBS_Project/ros2_ws/src/costmap_converter/costmap_converter/include/costmap_converter/costmap_converter_interface.h:313:119: note: format string is defined here
  313 |       RCLCPP_INFO(getLogger(), "CostmapToDynamicObstacles: underlying costmap conversion plugin for static obstacles %s loaded.", plugin_name);
      |                                                                                                                      ~^
      |                                                                                                                       |
      |                                                                                                                       char*
[ 89%] Linking CXX executable standalone_converter
[ 89%] Built target standalone_converter
[ 94%] Building CXX object CMakeFiles/test_costmap_polygons.dir/test/costmap_polygons.cpp.o
In file included from /opt/ros/jazzy/include/rclcpp/rclcpp/logging.hpp:24,
                 from /opt/ros/jazzy/include/rclcpp/rclcpp/copy_all_parameter_values.hpp:27,
                 from /opt/ros/jazzy/include/rclcpp/rclcpp/rclcpp.hpp:171,
                 from /home/mushfiqul/AIS_OBS_Project/ros2_ws/src/costmap_converter/costmap_converter/include/costmap_converter/costmap_to_polygons.h:42,
                 from /home/mushfiqul/AIS_OBS_Project/ros2_ws/src/costmap_converter/costmap_converter/test/costmap_polygons.cpp:5:
/home/mushfiqul/AIS_OBS_Project/ros2_ws/src/costmap_converter/costmap_converter/include/costmap_converter/costmap_converter_interface.h: In member function ‘void costmap_converter::BaseCostmapToPolygons::startWorker(rclcpp::Rate::SharedPtr, nav2_costmap_2d::Costmap2D*, bool)’:
/home/mushfiqul/AIS_OBS_Project/ros2_ws/src/costmap_converter/costmap_converter/include/costmap_converter/costmap_converter_interface.h:197:41: warning: too many arguments for format [-Wformat-extra-args]
  197 |         RCLCPP_DEBUG(nh_->get_logger(), "costmap_converter", "Spinning up a thread for the CostmapToPolygons plugin");
      |                                         ^~~~~~~~~~~~~~~~~~~
/home/mushfiqul/AIS_OBS_Project/ros2_ws/src/costmap_converter/costmap_converter/include/costmap_converter/costmap_converter_interface.h: In member function ‘void costmap_converter::BaseCostmapToDynamicObstacles::loadStaticCostmapConverterPlugin(const std::string&, rclcpp::Node::SharedPtr)’:
/home/mushfiqul/AIS_OBS_Project/ros2_ws/src/costmap_converter/costmap_converter/include/costmap_converter/costmap_converter_interface.h:313:32: warning: format ‘%s’ expects argument of type ‘char*’, but argument 5 has type ‘const std::string’ {aka ‘const std::__cxx11::basic_string<char>’} [-Wformat=]
  313 |       RCLCPP_INFO(getLogger(), "CostmapToDynamicObstacles: underlying costmap conversion plugin for static obstacles %s loaded.", plugin_name);
      |                                ^~~~~~~~~~~~~~~~~~~~~~~~~~~~~~~~~~~~~~~~~~~~~~~~~~~~~~~~~~~~~~~~~~~~~~~~~~~~~~~~~~~~~~~~~~~~~~~~~
In file included from /home/mushfiqul/AIS_OBS_Project/ros2_ws/src/costmap_converter/costmap_converter/include/costmap_converter/costmap_to_polygons.h:43:
/home/mushfiqul/AIS_OBS_Project/ros2_ws/src/costmap_converter/costmap_converter/include/costmap_converter/costmap_converter_interface.h:313:119: note: format string is defined here
  313 |       RCLCPP_INFO(getLogger(), "CostmapToDynamicObstacles: underlying costmap conversion plugin for static obstacles %s loaded.", plugin_name);
      |                                                                                                                      ~^
      |                                                                                                                       |
      |                                                                                                                       char*
[100%] Linking CXX executable test_costmap_polygons
[100%] Built target test_costmap_polygons
-- Install configuration: "Release"
-- Execute custom install script
-- Symlinking: /home/mushfiqul/AIS_OBS_Project/ros2_ws/install/costmap_converter/lib/libcostmap_converter.so
-- Symlinking: /home/mushfiqul/AIS_OBS_Project/ros2_ws/install/costmap_converter/bin/standalone_converter
-- Symlinking: /home/mushfiqul/AIS_OBS_Project/ros2_ws/install/costmap_converter/include//costmap_converter/costmap_converter_interface.h
-- Symlinking: /home/mushfiqul/AIS_OBS_Project/ros2_ws/install/costmap_converter/include//costmap_converter/costmap_to_dynamic_obstacles/background_subtractor.h
-- Symlinking: /home/mushfiqul/AIS_OBS_Project/ros2_ws/install/costmap_converter/include//costmap_converter/costmap_to_dynamic_obstacles/blob_detector.h
-- Symlinking: /home/mushfiqul/AIS_OBS_Project/ros2_ws/install/costmap_converter/include//costmap_converter/costmap_to_dynamic_obstacles/costmap_to_dynamic_obstacles.h
-- Symlinking: /home/mushfiqul/AIS_OBS_Project/ros2_ws/install/costmap_converter/include//costmap_converter/costmap_to_dynamic_obstacles/multitarget_tracker/Ctracker.h
-- Symlinking: /home/mushfiqul/AIS_OBS_Project/ros2_ws/install/costmap_converter/include//costmap_converter/costmap_to_dynamic_obstacles/multitarget_tracker/HungarianAlg.h
-- Symlinking: /home/mushfiqul/AIS_OBS_Project/ros2_ws/install/costmap_converter/include//costmap_converter/costmap_to_dynamic_obstacles/multitarget_tracker/Kalman.h
-- Symlinking: /home/mushfiqul/AIS_OBS_Project/ros2_ws/install/costmap_converter/include//costmap_converter/costmap_to_dynamic_obstacles/multitarget_tracker/README.md
-- Symlinking: /home/mushfiqul/AIS_OBS_Project/ros2_ws/install/costmap_converter/include//costmap_converter/costmap_to_dynamic_obstacles/multitarget_tracker/defines.h
-- Symlinking: /home/mushfiqul/AIS_OBS_Project/ros2_ws/install/costmap_converter/include//costmap_converter/costmap_to_lines_convex_hull.h
-- Symlinking: /home/mushfiqul/AIS_OBS_Project/ros2_ws/install/costmap_converter/include//costmap_converter/costmap_to_lines_ransac.h
-- Symlinking: /home/mushfiqul/AIS_OBS_Project/ros2_ws/install/costmap_converter/include//costmap_converter/costmap_to_polygons.h
-- Symlinking: /home/mushfiqul/AIS_OBS_Project/ros2_ws/install/costmap_converter/include//costmap_converter/costmap_to_polygons_concave.h
-- Symlinking: /home/mushfiqul/AIS_OBS_Project/ros2_ws/install/costmap_converter/include//costmap_converter/misc.h
-- Symlinking: /home/mushfiqul/AIS_OBS_Project/ros2_ws/install/costmap_converter/share/costmap_converter/environment/library_path.sh
-- Symlinking: /home/mushfiqul/AIS_OBS_Project/ros2_ws/install/costmap_converter/share/costmap_converter/environment/library_path.dsv
-- Symlinking: /home/mushfiqul/AIS_OBS_Project/ros2_ws/install/costmap_converter/share/costmap_converter//costmap_converter_plugins.xml
-- Symlinking: /home/mushfiqul/AIS_OBS_Project/ros2_ws/install/costmap_converter/share/ament_index/resource_index/package_run_dependencies/costmap_converter
-- Symlinking: /home/mushfiqul/AIS_OBS_Project/ros2_ws/install/costmap_converter/share/ament_index/resource_index/parent_prefix_path/costmap_converter
-- Symlinking: /home/mushfiqul/AIS_OBS_Project/ros2_ws/install/costmap_converter/share/costmap_converter/environment/ament_prefix_path.sh
-- Symlinking: /home/mushfiqul/AIS_OBS_Project/ros2_ws/install/costmap_converter/share/costmap_converter/environment/ament_prefix_path.dsv
-- Symlinking: /home/mushfiqul/AIS_OBS_Project/ros2_ws/install/costmap_converter/share/costmap_converter/environment/path.sh
-- Symlinking: /home/mushfiqul/AIS_OBS_Project/ros2_ws/install/costmap_converter/share/costmap_converter/environment/path.dsv
-- Symlinking: /home/mushfiqul/AIS_OBS_Project/ros2_ws/install/costmap_converter/share/costmap_converter/local_setup.bash
-- Symlinking: /home/mushfiqul/AIS_OBS_Project/ros2_ws/install/costmap_converter/share/costmap_converter/local_setup.sh
-- Symlinking: /home/mushfiqul/AIS_OBS_Project/ros2_ws/install/costmap_converter/share/costmap_converter/local_setup.zsh
-- Symlinking: /home/mushfiqul/AIS_OBS_Project/ros2_ws/install/costmap_converter/share/costmap_converter/local_setup.dsv
-- Symlinking: /home/mushfiqul/AIS_OBS_Project/ros2_ws/install/costmap_converter/share/costmap_converter/package.dsv
-- Symlinking: /home/mushfiqul/AIS_OBS_Project/ros2_ws/install/costmap_converter/share/ament_index/resource_index/packages/costmap_converter
-- Symlinking: /home/mushfiqul/AIS_OBS_Project/ros2_ws/install/costmap_converter/share/ament_index/resource_index/costmap_converter__pluginlib__plugin/costmap_converter
-- Symlinking: /home/mushfiqul/AIS_OBS_Project/ros2_ws/install/costmap_converter/share/costmap_converter/cmake/ament_cmake_export_include_directories-extras.cmake
-- Symlinking: /home/mushfiqul/AIS_OBS_Project/ros2_ws/install/costmap_converter/share/costmap_converter/cmake/ament_cmake_export_libraries-extras.cmake
-- Symlinking: /home/mushfiqul/AIS_OBS_Project/ros2_ws/install/costmap_converter/share/costmap_converter/cmake/ament_cmake_export_dependencies-extras.cmake
-- Symlinking: /home/mushfiqul/AIS_OBS_Project/ros2_ws/install/costmap_converter/share/costmap_converter/cmake/costmap_converterConfig.cmake
-- Symlinking: /home/mushfiqul/AIS_OBS_Project/ros2_ws/install/costmap_converter/share/costmap_converter/cmake/costmap_converterConfig-version.cmake
-- Symlinking: /home/mushfiqul/AIS_OBS_Project/ros2_ws/install/costmap_converter/share/costmap_converter/package.xml
