[0.022s] Invoking command in '/home/mushfiqul/AIS_OBS_Project/ros2_ws/build/teb_msgs': AMENT_PREFIX_PATH=/home/mushfiqul/AIS_OBS_Project/ros2_ws/install/costmap_converter_msgs:${AMENT_PREFIX_PATH} CMAKE_PREFIX_PATH=/home/mushfiqul/AIS_OBS_Project/ros2_ws/install/costmap_converter_msgs:/opt/ros/jazzy/opt/gz_sim_vendor:/opt/ros/jazzy/opt/gz_sensors_vendor:/opt/ros/jazzy/opt/gz_physics_vendor:/opt/ros/jazzy/opt/sdformat_vendor:/opt/ros/jazzy/opt/gz_gui_vendor:/opt/ros/jazzy/opt/gz_transport_vendor:/opt/ros/jazzy/opt/gz_rendering_vendor:/opt/ros/jazzy/opt/gz_plugin_vendor:/opt/ros/jazzy/opt/gz_fuel_tools_vendor:/opt/ros/jazzy/opt/gz_msgs_vendor:/opt/ros/jazzy/opt/gz_common_vendor:/opt/ros/jazzy/opt/gz_math_vendor:/opt/ros/jazzy/opt/gz_utils_vendor:/opt/ros/jazzy/opt/gz_tools_vendor:/opt/ros/jazzy/opt/gz_ogre_next_vendor:/opt/ros/jazzy/opt/gz_dartsim_vendor:/opt/ros/jazzy/opt/gz_cmake_vendor:/opt/ros/jazzy DEBUGINFOD_URLS=https://debuginfod.ubuntu.com LD_LIBRARY_PATH=/home/mushfiqul/AIS_OBS_Project/ros2_ws/install/costmap_converter_msgs/lib:${LD_LIBRARY_PATH} PYTHONPATH=/home/mushfiqul/AIS_OBS_Project/ros2_ws/install/costmap_converter_msgs/lib/python3.12/site-packages:${PYTHONPATH} /usr/bin/cmake --build /home/mushfiqul/AIS_OBS_Project/ros2_ws/build/teb_msgs -- -j8 -l8
[0.163s] [  1%] Built target teb_msgs__rosidl_generator_type_description
[0.209s] [  3%] Generating C code for ROS interfaces
[0.210s] [  1%] Built target ament_cmake_python_symlink_teb_msgs
[0.298s] [  5%] Generating C++ code for ROS interfaces
[1.181s] running egg_info
[1.291s] writing teb_msgs.egg-info/PKG-INFO
[1.293s] writing dependency_links to teb_msgs.egg-info/dependency_links.txt
[1.297s] writing top-level names to teb_msgs.egg-info/top_level.txt
[1.579s] reading manifest file 'teb_msgs.egg-info/SOURCES.txt'
[1.583s] writing manifest file 'teb_msgs.egg-info/SOURCES.txt'
[1.681s] [  5%] Built target ament_cmake_python_build_teb_msgs_egg
[2.816s] [  5%] Built target teb_msgs__cpp
[3.394s] [  7%] Building C object CMakeFiles/teb_msgs__rosidl_generator_c.dir/rosidl_generator_c/teb_msgs/msg/detail/trajectory_msg__type_support.c.o
[3.415s] [  9%] Building C object CMakeFiles/teb_msgs__rosidl_generator_c.dir/rosidl_generator_c/teb_msgs/msg/detail/feedback_msg__type_support.c.o
[3.415s] [ 11%] Building C object CMakeFiles/teb_msgs__rosidl_generator_c.dir/rosidl_generator_c/teb_msgs/msg/detail/feedback_msg__functions.c.o
[3.416s] [ 12%] Building C object CMakeFiles/teb_msgs__rosidl_generator_c.dir/rosidl_generator_c/teb_msgs/msg/detail/trajectory_point_msg__description.c.o
[3.416s] [ 14%] Building C object CMakeFiles/teb_msgs__rosidl_generator_c.dir/rosidl_generator_c/teb_msgs/msg/detail/feedback_msg__description.c.o
[3.416s] [ 16%] Building C object CMakeFiles/teb_msgs__rosidl_generator_c.dir/rosidl_generator_c/teb_msgs/msg/detail/trajectory_msg__functions.c.o
[3.421s] [ 18%] Building C object CMakeFiles/teb_msgs__rosidl_generator_c.dir/rosidl_generator_c/teb_msgs/msg/detail/trajectory_point_msg__functions.c.o
[3.435s] [ 20%] Building C object CMakeFiles/teb_msgs__rosidl_generator_c.dir/rosidl_generator_c/teb_msgs/msg/detail/trajectory_msg__description.c.o
[3.721s] [ 22%] Building C object CMakeFiles/teb_msgs__rosidl_generator_c.dir/rosidl_generator_c/teb_msgs/msg/detail/trajectory_point_msg__type_support.c.o
[3.930s] [ 24%] Linking C shared library libteb_msgs__rosidl_generator_c.so
[4.174s] [ 24%] Built target teb_msgs__rosidl_generator_c
[4.238s] [ 25%] Generating C++ type support dispatch for ROS interfaces
[4.255s] [ 31%] Generating C++ introspection for ROS interfaces
[4.257s] [ 27%] Generating C introspection for ROS interfaces
[4.259s] [ 33%] Generating C type support for eProsima Fast-RTPS
[4.259s] [ 35%] Generating C type support dispatch for ROS interfaces
[4.259s] [ 35%] Generating C++ type support for eProsima Fast-RTPS
[6.054s] [ 37%] Building CXX object CMakeFiles/teb_msgs__rosidl_typesupport_introspection_cpp.dir/rosidl_typesupport_introspection_cpp/teb_msgs/msg/detail/trajectory_msg__type_support.cpp.o
[6.076s] [ 38%] Building CXX object CMakeFiles/teb_msgs__rosidl_typesupport_introspection_cpp.dir/rosidl_typesupport_introspection_cpp/teb_msgs/msg/detail/trajectory_point_msg__type_support.cpp.o
[6.086s] [ 40%] Building CXX object CMakeFiles/teb_msgs__rosidl_typesupport_introspection_cpp.dir/rosidl_typesupport_introspection_cpp/teb_msgs/msg/detail/feedback_msg__type_support.cpp.o
[6.593s] [ 42%] Building CXX object CMakeFiles/teb_msgs__rosidl_typesupport_cpp.dir/rosidl_typesupport_cpp/teb_msgs/msg/feedback_msg__type_support.cpp.o
[7.031s] [ 44%] Building CXX object CMakeFiles/teb_msgs__rosidl_typesupport_fastrtps_cpp.dir/rosidl_typesupport_fastrtps_cpp/teb_msgs/msg/detail/dds_fastrtps/feedback_msg__type_support.cpp.o
[7.120s] [ 46%] Building CXX object CMakeFiles/teb_msgs__rosidl_typesupport_c.dir/rosidl_typesupport_c/teb_msgs/msg/feedback_msg__type_support.cpp.o
[7.488s] [ 48%] Building C object CMakeFiles/teb_msgs__rosidl_typesupport_introspection_c.dir/rosidl_typesupport_introspection_c/teb_msgs/msg/detail/feedback_msg__type_support.c.o
[7.708s] [ 50%] Building CXX object CMakeFiles/teb_msgs__rosidl_typesupport_c.dir/rosidl_typesupport_c/teb_msgs/msg/trajectory_msg__type_support.cpp.o
[8.042s] [ 51%] Building C object CMakeFiles/teb_msgs__rosidl_typesupport_introspection_c.dir/rosidl_typesupport_introspection_c/teb_msgs/msg/detail/trajectory_msg__type_support.c.o
[8.328s] [ 53%] Building CXX object CMakeFiles/teb_msgs__rosidl_typesupport_c.dir/rosidl_typesupport_c/teb_msgs/msg/trajectory_point_msg__type_support.cpp.o
[8.435s] [ 55%] Building C object CMakeFiles/teb_msgs__rosidl_typesupport_introspection_c.dir/rosidl_typesupport_introspection_c/teb_msgs/msg/detail/trajectory_point_msg__type_support.c.o
[8.491s] [ 57%] Building CXX object CMakeFiles/teb_msgs__rosidl_typesupport_fastrtps_c.dir/rosidl_typesupport_fastrtps_c/teb_msgs/msg/detail/feedback_msg__type_support_c.cpp.o
[8.800s] [ 59%] Linking CXX shared library libteb_msgs__rosidl_typesupport_c.so
[8.942s] [ 61%] Linking C shared library libteb_msgs__rosidl_typesupport_introspection_c.so
[9.006s] [ 62%] Building CXX object CMakeFiles/teb_msgs__rosidl_typesupport_fastrtps_c.dir/rosidl_typesupport_fastrtps_c/teb_msgs/msg/detail/trajectory_msg__type_support_c.cpp.o
[9.040s] [ 64%] Building CXX object CMakeFiles/teb_msgs__rosidl_typesupport_cpp.dir/rosidl_typesupport_cpp/teb_msgs/msg/trajectory_msg__type_support.cpp.o
[9.133s] [ 66%] Building CXX object CMakeFiles/teb_msgs__rosidl_typesupport_fastrtps_c.dir/rosidl_typesupport_fastrtps_c/teb_msgs/msg/detail/trajectory_point_msg__type_support_c.cpp.o
[9.284s] [ 66%] Built target teb_msgs__rosidl_typesupport_c
[9.363s] [ 66%] Built target teb_msgs__rosidl_typesupport_introspection_c
[9.431s] [ 70%] Building CXX object CMakeFiles/teb_msgs__rosidl_typesupport_fastrtps_cpp.dir/rosidl_typesupport_fastrtps_cpp/teb_msgs/msg/detail/dds_fastrtps/trajectory_msg__type_support.cpp.o
[9.437s] [ 70%] Building CXX object CMakeFiles/teb_msgs__rosidl_typesupport_cpp.dir/rosidl_typesupport_cpp/teb_msgs/msg/trajectory_point_msg__type_support.cpp.o
[10.839s] [ 72%] Linking CXX shared library libteb_msgs__rosidl_typesupport_introspection_cpp.so
[11.665s] [ 72%] Built target teb_msgs__rosidl_typesupport_introspection_cpp
[11.771s] [ 74%] Building CXX object CMakeFiles/teb_msgs__rosidl_typesupport_fastrtps_cpp.dir/rosidl_typesupport_fastrtps_cpp/teb_msgs/msg/detail/dds_fastrtps/trajectory_point_msg__type_support.cpp.o
[12.652s] [ 75%] Linking CXX shared library libteb_msgs__rosidl_typesupport_cpp.so
[12.912s] [ 77%] Linking CXX shared library libteb_msgs__rosidl_typesupport_fastrtps_c.so
[12.990s] [ 77%] Built target teb_msgs__rosidl_typesupport_cpp
[13.917s] [ 77%] Built target teb_msgs__rosidl_typesupport_fastrtps_c
[15.841s] [ 79%] Linking CXX shared library libteb_msgs__rosidl_typesupport_fastrtps_cpp.so
[16.865s] [ 79%] Built target teb_msgs__rosidl_typesupport_fastrtps_cpp
[17.021s] [ 79%] Built target teb_msgs
[17.753s] [ 81%] Generating Python code for ROS interfaces
[23.718s] [ 81%] Built target teb_msgs__py
[23.957s] [ 83%] Building C object CMakeFiles/teb_msgs__rosidl_generator_py.dir/rosidl_generator_py/teb_msgs/msg/_feedback_msg_s.c.o
[25.491s] [ 85%] Building C object CMakeFiles/teb_msgs__rosidl_generator_py.dir/rosidl_generator_py/teb_msgs/msg/_trajectory_point_msg_s.c.o
[26.695s] [ 87%] Building C object CMakeFiles/teb_msgs__rosidl_generator_py.dir/rosidl_generator_py/teb_msgs/msg/_trajectory_msg_s.c.o
[27.683s] [ 88%] Linking C shared library libteb_msgs__rosidl_generator_py.so
[27.913s] [ 88%] Built target teb_msgs__rosidl_generator_py
[28.216s] [ 90%] Building C object CMakeFiles/teb_msgs_s__rosidl_typesupport_fastrtps_c.dir/rosidl_generator_py/teb_msgs/_teb_msgs_s.ep.rosidl_typesupport_fastrtps_c.c.o
[29.052s] [ 92%] Linking C shared module rosidl_generator_py/teb_msgs/teb_msgs_s__rosidl_typesupport_fastrtps_c.so
[29.298s] [ 92%] Built target teb_msgs_s__rosidl_typesupport_fastrtps_c
[29.426s] [ 94%] Building C object CMakeFiles/teb_msgs_s__rosidl_typesupport_c.dir/rosidl_generator_py/teb_msgs/_teb_msgs_s.ep.rosidl_typesupport_c.c.o
[30.041s] [ 96%] Linking C shared module rosidl_generator_py/teb_msgs/teb_msgs_s__rosidl_typesupport_c.so
[30.249s] [ 96%] Built target teb_msgs_s__rosidl_typesupport_c
[30.414s] [ 98%] Building C object CMakeFiles/teb_msgs_s__rosidl_typesupport_introspection_c.dir/rosidl_generator_py/teb_msgs/_teb_msgs_s.ep.rosidl_typesupport_introspection_c.c.o
[31.150s] [100%] Linking C shared module rosidl_generator_py/teb_msgs/teb_msgs_s__rosidl_typesupport_introspection_c.so
[31.375s] [100%] Built target teb_msgs_s__rosidl_typesupport_introspection_c
[31.496s] Invoked command in '/home/mushfiqul/AIS_OBS_Project/ros2_ws/build/teb_msgs' returned '0': AMENT_PREFIX_PATH=/home/mushfiqul/AIS_OBS_Project/ros2_ws/install/costmap_converter_msgs:${AMENT_PREFIX_PATH} CMAKE_PREFIX_PATH=/home/mushfiqul/AIS_OBS_Project/ros2_ws/install/costmap_converter_msgs:/opt/ros/jazzy/opt/gz_sim_vendor:/opt/ros/jazzy/opt/gz_sensors_vendor:/opt/ros/jazzy/opt/gz_physics_vendor:/opt/ros/jazzy/opt/sdformat_vendor:/opt/ros/jazzy/opt/gz_gui_vendor:/opt/ros/jazzy/opt/gz_transport_vendor:/opt/ros/jazzy/opt/gz_rendering_vendor:/opt/ros/jazzy/opt/gz_plugin_vendor:/opt/ros/jazzy/opt/gz_fuel_tools_vendor:/opt/ros/jazzy/opt/gz_msgs_vendor:/opt/ros/jazzy/opt/gz_common_vendor:/opt/ros/jazzy/opt/gz_math_vendor:/opt/ros/jazzy/opt/gz_utils_vendor:/opt/ros/jazzy/opt/gz_tools_vendor:/opt/ros/jazzy/opt/gz_ogre_next_vendor:/opt/ros/jazzy/opt/gz_dartsim_vendor:/opt/ros/jazzy/opt/gz_cmake_vendor:/opt/ros/jazzy DEBUGINFOD_URLS=https://debuginfod.ubuntu.com LD_LIBRARY_PATH=/home/mushfiqul/AIS_OBS_Project/ros2_ws/install/costmap_converter_msgs/lib:${LD_LIBRARY_PATH} PYTHONPATH=/home/mushfiqul/AIS_OBS_Project/ros2_ws/install/costmap_converter_msgs/lib/python3.12/site-packages:${PYTHONPATH} /usr/bin/cmake --build /home/mushfiqul/AIS_OBS_Project/ros2_ws/build/teb_msgs -- -j8 -l8
[31.515s] Invoking command in '/home/mushfiqul/AIS_OBS_Project/ros2_ws/build/teb_msgs': AMENT_PREFIX_PATH=/home/mushfiqul/AIS_OBS_Project/ros2_ws/install/costmap_converter_msgs:${AMENT_PREFIX_PATH} CMAKE_PREFIX_PATH=/home/mushfiqul/AIS_OBS_Project/ros2_ws/install/costmap_converter_msgs:/opt/ros/jazzy/opt/gz_sim_vendor:/opt/ros/jazzy/opt/gz_sensors_vendor:/opt/ros/jazzy/opt/gz_physics_vendor:/opt/ros/jazzy/opt/sdformat_vendor:/opt/ros/jazzy/opt/gz_gui_vendor:/opt/ros/jazzy/opt/gz_transport_vendor:/opt/ros/jazzy/opt/gz_rendering_vendor:/opt/ros/jazzy/opt/gz_plugin_vendor:/opt/ros/jazzy/opt/gz_fuel_tools_vendor:/opt/ros/jazzy/opt/gz_msgs_vendor:/opt/ros/jazzy/opt/gz_common_vendor:/opt/ros/jazzy/opt/gz_math_vendor:/opt/ros/jazzy/opt/gz_utils_vendor:/opt/ros/jazzy/opt/gz_tools_vendor:/opt/ros/jazzy/opt/gz_ogre_next_vendor:/opt/ros/jazzy/opt/gz_dartsim_vendor:/opt/ros/jazzy/opt/gz_cmake_vendor:/opt/ros/jazzy DEBUGINFOD_URLS=https://debuginfod.ubuntu.com LD_LIBRARY_PATH=/home/mushfiqul/AIS_OBS_Project/ros2_ws/install/costmap_converter_msgs/lib:${LD_LIBRARY_PATH} PYTHONPATH=/home/mushfiqul/AIS_OBS_Project/ros2_ws/install/costmap_converter_msgs/lib/python3.12/site-packages:${PYTHONPATH} /usr/bin/cmake --install /home/mushfiqul/AIS_OBS_Project/ros2_ws/build/teb_msgs
[31.614s] -- Install configuration: ""
[31.626s] -- Execute custom install script
[31.627s] -- Symlinking: /home/mushfiqul/AIS_OBS_Project/ros2_ws/install/teb_msgs/share/ament_index/resource_index/rosidl_interfaces/teb_msgs
[31.676s] -- Symlinking: /home/mushfiqul/AIS_OBS_Project/ros2_ws/install/teb_msgs/share/teb_msgs/msg/FeedbackMsg.json
[31.733s] -- Symlinking: /home/mushfiqul/AIS_OBS_Project/ros2_ws/install/teb_msgs/share/teb_msgs/msg/TrajectoryMsg.json
[31.768s] -- Symlinking: /home/mushfiqul/AIS_OBS_Project/ros2_ws/install/teb_msgs/share/teb_msgs/msg/TrajectoryPointMsg.json
[31.803s] -- Symlinking: /home/mushfiqul/AIS_OBS_Project/ros2_ws/install/teb_msgs/include/teb_msgs/teb_msgs/msg/detail/feedback_msg__functions.h
[31.834s] -- Symlinking: /home/mushfiqul/AIS_OBS_Project/ros2_ws/install/teb_msgs/include/teb_msgs/teb_msgs/msg/detail/feedback_msg__struct.h
[31.877s] -- Symlinking: /home/mushfiqul/AIS_OBS_Project/ros2_ws/install/teb_msgs/include/teb_msgs/teb_msgs/msg/detail/feedback_msg__type_support.h
[31.908s] -- Symlinking: /home/mushfiqul/AIS_OBS_Project/ros2_ws/install/teb_msgs/include/teb_msgs/teb_msgs/msg/detail/trajectory_msg__functions.h
[31.952s] -- Symlinking: /home/mushfiqul/AIS_OBS_Project/ros2_ws/install/teb_msgs/include/teb_msgs/teb_msgs/msg/detail/trajectory_msg__struct.h
[31.990s] -- Symlinking: /home/mushfiqul/AIS_OBS_Project/ros2_ws/install/teb_msgs/include/teb_msgs/teb_msgs/msg/detail/trajectory_msg__type_support.h
[32.032s] -- Symlinking: /home/mushfiqul/AIS_OBS_Project/ros2_ws/install/teb_msgs/include/teb_msgs/teb_msgs/msg/detail/trajectory_point_msg__functions.h
[32.074s] -- Symlinking: /home/mushfiqul/AIS_OBS_Project/ros2_ws/install/teb_msgs/include/teb_msgs/teb_msgs/msg/detail/trajectory_point_msg__struct.h
[32.131s] -- Symlinking: /home/mushfiqul/AIS_OBS_Project/ros2_ws/install/teb_msgs/include/teb_msgs/teb_msgs/msg/detail/trajectory_point_msg__type_support.h
[32.192s] -- Symlinking: /home/mushfiqul/AIS_OBS_Project/ros2_ws/install/teb_msgs/include/teb_msgs/teb_msgs/msg/feedback_msg.h
[32.266s] -- Symlinking: /home/mushfiqul/AIS_OBS_Project/ros2_ws/install/teb_msgs/include/teb_msgs/teb_msgs/msg/rosidl_generator_c__visibility_control.h
[32.332s] -- Symlinking: /home/mushfiqul/AIS_OBS_Project/ros2_ws/install/teb_msgs/include/teb_msgs/teb_msgs/msg/trajectory_msg.h
[32.385s] -- Symlinking: /home/mushfiqul/AIS_OBS_Project/ros2_ws/install/teb_msgs/include/teb_msgs/teb_msgs/msg/trajectory_point_msg.h
[32.448s] -- Symlinking: /home/mushfiqul/AIS_OBS_Project/ros2_ws/install/teb_msgs/share/teb_msgs/environment/library_path.sh
[32.538s] -- Symlinking: /home/mushfiqul/AIS_OBS_Project/ros2_ws/install/teb_msgs/share/teb_msgs/environment/library_path.dsv
[32.612s] -- Symlinking: /home/mushfiqul/AIS_OBS_Project/ros2_ws/install/teb_msgs/include/teb_msgs/teb_msgs/msg/detail/feedback_msg__rosidl_typesupport_fastrtps_c.h
[32.647s] -- Symlinking: /home/mushfiqul/AIS_OBS_Project/ros2_ws/install/teb_msgs/include/teb_msgs/teb_msgs/msg/detail/trajectory_msg__rosidl_typesupport_fastrtps_c.h
[32.686s] -- Symlinking: /home/mushfiqul/AIS_OBS_Project/ros2_ws/install/teb_msgs/include/teb_msgs/teb_msgs/msg/detail/trajectory_point_msg__rosidl_typesupport_fastrtps_c.h
[32.727s] -- Symlinking: /home/mushfiqul/AIS_OBS_Project/ros2_ws/install/teb_msgs/include/teb_msgs/teb_msgs/msg/rosidl_typesupport_fastrtps_c__visibility_control.h
[32.765s] -- Symlinking: /home/mushfiqul/AIS_OBS_Project/ros2_ws/install/teb_msgs/include/teb_msgs/teb_msgs/msg/detail/feedback_msg__builder.hpp
[32.813s] -- Symlinking: /home/mushfiqul/AIS_OBS_Project/ros2_ws/install/teb_msgs/include/teb_msgs/teb_msgs/msg/detail/feedback_msg__struct.hpp
[32.852s] -- Symlinking: /home/mushfiqul/AIS_OBS_Project/ros2_ws/install/teb_msgs/include/teb_msgs/teb_msgs/msg/detail/feedback_msg__traits.hpp
[32.889s] -- Symlinking: /home/mushfiqul/AIS_OBS_Project/ros2_ws/install/teb_msgs/include/teb_msgs/teb_msgs/msg/detail/feedback_msg__type_support.hpp
[32.934s] -- Symlinking: /home/mushfiqul/AIS_OBS_Project/ros2_ws/install/teb_msgs/include/teb_msgs/teb_msgs/msg/detail/trajectory_msg__builder.hpp
[32.978s] -- Symlinking: /home/mushfiqul/AIS_OBS_Project/ros2_ws/install/teb_msgs/include/teb_msgs/teb_msgs/msg/detail/trajectory_msg__struct.hpp
[33.059s] -- Symlinking: /home/mushfiqul/AIS_OBS_Project/ros2_ws/install/teb_msgs/include/teb_msgs/teb_msgs/msg/detail/trajectory_msg__traits.hpp
[33.133s] -- Symlinking: /home/mushfiqul/AIS_OBS_Project/ros2_ws/install/teb_msgs/include/teb_msgs/teb_msgs/msg/detail/trajectory_msg__type_support.hpp
[33.258s] -- Symlinking: /home/mushfiqul/AIS_OBS_Project/ros2_ws/install/teb_msgs/include/teb_msgs/teb_msgs/msg/detail/trajectory_point_msg__builder.hpp
[33.340s] -- Symlinking: /home/mushfiqul/AIS_OBS_Project/ros2_ws/install/teb_msgs/include/teb_msgs/teb_msgs/msg/detail/trajectory_point_msg__struct.hpp
[33.404s] -- Symlinking: /home/mushfiqul/AIS_OBS_Project/ros2_ws/install/teb_msgs/include/teb_msgs/teb_msgs/msg/detail/trajectory_point_msg__traits.hpp
[33.478s] -- Symlinking: /home/mushfiqul/AIS_OBS_Project/ros2_ws/install/teb_msgs/include/teb_msgs/teb_msgs/msg/detail/trajectory_point_msg__type_support.hpp
[33.620s] -- Symlinking: /home/mushfiqul/AIS_OBS_Project/ros2_ws/install/teb_msgs/include/teb_msgs/teb_msgs/msg/feedback_msg.hpp
[33.651s] -- Symlinking: /home/mushfiqul/AIS_OBS_Project/ros2_ws/install/teb_msgs/include/teb_msgs/teb_msgs/msg/rosidl_generator_cpp__visibility_control.hpp
[33.686s] -- Symlinking: /home/mushfiqul/AIS_OBS_Project/ros2_ws/install/teb_msgs/include/teb_msgs/teb_msgs/msg/trajectory_msg.hpp
[33.718s] -- Symlinking: /home/mushfiqul/AIS_OBS_Project/ros2_ws/install/teb_msgs/include/teb_msgs/teb_msgs/msg/trajectory_point_msg.hpp
[33.755s] -- Symlinking: /home/mushfiqul/AIS_OBS_Project/ros2_ws/install/teb_msgs/include/teb_msgs/teb_msgs/msg/detail/feedback_msg__rosidl_typesupport_fastrtps_cpp.hpp
[33.791s] -- Symlinking: /home/mushfiqul/AIS_OBS_Project/ros2_ws/install/teb_msgs/include/teb_msgs/teb_msgs/msg/detail/trajectory_msg__rosidl_typesupport_fastrtps_cpp.hpp
[33.846s] -- Symlinking: /home/mushfiqul/AIS_OBS_Project/ros2_ws/install/teb_msgs/include/teb_msgs/teb_msgs/msg/detail/trajectory_point_msg__rosidl_typesupport_fastrtps_cpp.hpp
[33.895s] -- Symlinking: /home/mushfiqul/AIS_OBS_Project/ros2_ws/install/teb_msgs/include/teb_msgs/teb_msgs/msg/rosidl_typesupport_fastrtps_cpp__visibility_control.h
[33.945s] -- Symlinking: /home/mushfiqul/AIS_OBS_Project/ros2_ws/install/teb_msgs/include/teb_msgs/teb_msgs/msg/detail/feedback_msg__rosidl_typesupport_introspection_c.h
[34.052s] -- Symlinking: /home/mushfiqul/AIS_OBS_Project/ros2_ws/install/teb_msgs/include/teb_msgs/teb_msgs/msg/detail/trajectory_msg__rosidl_typesupport_introspection_c.h
[34.118s] -- Symlinking: /home/mushfiqul/AIS_OBS_Project/ros2_ws/install/teb_msgs/include/teb_msgs/teb_msgs/msg/detail/trajectory_point_msg__rosidl_typesupport_introspection_c.h
[34.202s] -- Symlinking: /home/mushfiqul/AIS_OBS_Project/ros2_ws/install/teb_msgs/include/teb_msgs/teb_msgs/msg/rosidl_typesupport_introspection_c__visibility_control.h
[34.281s] -- Symlinking: /home/mushfiqul/AIS_OBS_Project/ros2_ws/install/teb_msgs/include/teb_msgs/teb_msgs/msg/detail/feedback_msg__rosidl_typesupport_introspection_cpp.hpp
[34.347s] -- Symlinking: /home/mushfiqul/AIS_OBS_Project/ros2_ws/install/teb_msgs/include/teb_msgs/teb_msgs/msg/detail/trajectory_msg__rosidl_typesupport_introspection_cpp.hpp
[34.435s] -- Symlinking: /home/mushfiqul/AIS_OBS_Project/ros2_ws/install/teb_msgs/include/teb_msgs/teb_msgs/msg/detail/trajectory_point_msg__rosidl_typesupport_introspection_cpp.hpp
[34.501s] -- Symlinking: /home/mushfiqul/AIS_OBS_Project/ros2_ws/install/teb_msgs/share/teb_msgs/environment/pythonpath.sh
[34.546s] -- Symlinking: /home/mushfiqul/AIS_OBS_Project/ros2_ws/install/teb_msgs/share/teb_msgs/environment/pythonpath.dsv
[34.587s] -- Symlinking: /home/mushfiqul/AIS_OBS_Project/ros2_ws/install/teb_msgs/lib/python3.12/site-packages/teb_msgs-0.0.1-py3.12.egg-info/PKG-INFO
[34.640s] -- Symlinking: /home/mushfiqul/AIS_OBS_Project/ros2_ws/install/teb_msgs/lib/python3.12/site-packages/teb_msgs-0.0.1-py3.12.egg-info/SOURCES.txt
[34.695s] -- Symlinking: /home/mushfiqul/AIS_OBS_Project/ros2_ws/install/teb_msgs/lib/python3.12/site-packages/teb_msgs-0.0.1-py3.12.egg-info/dependency_links.txt
[34.734s] -- Symlinking: /home/mushfiqul/AIS_OBS_Project/ros2_ws/install/teb_msgs/lib/python3.12/site-packages/teb_msgs-0.0.1-py3.12.egg-info/top_level.txt
[34.775s] -- Symlinking: /home/mushfiqul/AIS_OBS_Project/ros2_ws/install/teb_msgs/lib/python3.12/site-packages/teb_msgs/__init__.py
[34.811s] -- Symlinking: /home/mushfiqul/AIS_OBS_Project/ros2_ws/install/teb_msgs/lib/python3.12/site-packages/teb_msgs/_teb_msgs_s.ep.rosidl_typesupport_c.c
[34.850s] -- Symlinking: /home/mushfiqul/AIS_OBS_Project/ros2_ws/install/teb_msgs/lib/python3.12/site-packages/teb_msgs/_teb_msgs_s.ep.rosidl_typesupport_fastrtps_c.c
[34.874s] -- Symlinking: /home/mushfiqul/AIS_OBS_Project/ros2_ws/install/teb_msgs/lib/python3.12/site-packages/teb_msgs/_teb_msgs_s.ep.rosidl_typesupport_introspection_c.c
[34.913s] -- Symlinking: /home/mushfiqul/AIS_OBS_Project/ros2_ws/install/teb_msgs/lib/python3.12/site-packages/teb_msgs/msg/__init__.py
[34.949s] -- Symlinking: /home/mushfiqul/AIS_OBS_Project/ros2_ws/install/teb_msgs/lib/python3.12/site-packages/teb_msgs/msg/_feedback_msg.py
[35.016s] -- Symlinking: /home/mushfiqul/AIS_OBS_Project/ros2_ws/install/teb_msgs/lib/python3.12/site-packages/teb_msgs/msg/_feedback_msg_s.c
[35.054s] -- Symlinking: /home/mushfiqul/AIS_OBS_Project/ros2_ws/install/teb_msgs/lib/python3.12/site-packages/teb_msgs/msg/_trajectory_msg.py
[35.121s] -- Symlinking: /home/mushfiqul/AIS_OBS_Project/ros2_ws/install/teb_msgs/lib/python3.12/site-packages/teb_msgs/msg/_trajectory_msg_s.c
[35.146s] -- Symlinking: /home/mushfiqul/AIS_OBS_Project/ros2_ws/install/teb_msgs/lib/python3.12/site-packages/teb_msgs/msg/_trajectory_point_msg.py
[35.191s] -- Symlinking: /home/mushfiqul/AIS_OBS_Project/ros2_ws/install/teb_msgs/lib/python3.12/site-packages/teb_msgs/msg/_trajectory_point_msg_s.c
[35.243s] -- Symlinking: /home/mushfiqul/AIS_OBS_Project/ros2_ws/install/teb_msgs/lib/python3.12/site-packages/teb_msgs/teb_msgs_s__rosidl_typesupport_c.so
[35.511s] -- Symlinking: /home/mushfiqul/AIS_OBS_Project/ros2_ws/install/teb_msgs/lib/python3.12/site-packages/teb_msgs/teb_msgs_s__rosidl_typesupport_fastrtps_c.so
[35.614s] -- Symlinking: /home/mushfiqul/AIS_OBS_Project/ros2_ws/install/teb_msgs/lib/python3.12/site-packages/teb_msgs/teb_msgs_s__rosidl_typesupport_introspection_c.so
[35.691s] -- Up-to-date symlink: /home/mushfiqul/AIS_OBS_Project/ros2_ws/install/teb_msgs/lib/python3.12/site-packages/teb_msgs/teb_msgs_s__rosidl_typesupport_fastrtps_c.so
[35.695s] -- Up-to-date symlink: /home/mushfiqul/AIS_OBS_Project/ros2_ws/install/teb_msgs/lib/python3.12/site-packages/teb_msgs/teb_msgs_s__rosidl_typesupport_introspection_c.so
[35.700s] -- Up-to-date symlink: /home/mushfiqul/AIS_OBS_Project/ros2_ws/install/teb_msgs/lib/python3.12/site-packages/teb_msgs/teb_msgs_s__rosidl_typesupport_c.so
[35.700s] -- Symlinking: /home/mushfiqul/AIS_OBS_Project/ros2_ws/install/teb_msgs/share/teb_msgs/msg/FeedbackMsg.idl
[35.782s] -- Symlinking: /home/mushfiqul/AIS_OBS_Project/ros2_ws/install/teb_msgs/share/teb_msgs/msg/TrajectoryMsg.idl
[35.816s] -- Symlinking: /home/mushfiqul/AIS_OBS_Project/ros2_ws/install/teb_msgs/share/teb_msgs/msg/TrajectoryPointMsg.idl
[35.862s] -- Symlinking: /home/mushfiqul/AIS_OBS_Project/ros2_ws/install/teb_msgs/share/teb_msgs/msg/FeedbackMsg.msg
[35.897s] -- Symlinking: /home/mushfiqul/AIS_OBS_Project/ros2_ws/install/teb_msgs/share/teb_msgs/msg/TrajectoryMsg.msg
[35.963s] -- Symlinking: /home/mushfiqul/AIS_OBS_Project/ros2_ws/install/teb_msgs/share/teb_msgs/msg/TrajectoryPointMsg.msg
[36.001s] -- Symlinking: /home/mushfiqul/AIS_OBS_Project/ros2_ws/install/teb_msgs/share/ament_index/resource_index/package_run_dependencies/teb_msgs
[36.024s] -- Symlinking: /home/mushfiqul/AIS_OBS_Project/ros2_ws/install/teb_msgs/share/ament_index/resource_index/parent_prefix_path/teb_msgs
[36.076s] -- Symlinking: /home/mushfiqul/AIS_OBS_Project/ros2_ws/install/teb_msgs/share/teb_msgs/environment/ament_prefix_path.sh
[36.110s] -- Symlinking: /home/mushfiqul/AIS_OBS_Project/ros2_ws/install/teb_msgs/share/teb_msgs/environment/ament_prefix_path.dsv
[36.143s] -- Symlinking: /home/mushfiqul/AIS_OBS_Project/ros2_ws/install/teb_msgs/share/teb_msgs/environment/path.sh
[36.180s] -- Symlinking: /home/mushfiqul/AIS_OBS_Project/ros2_ws/install/teb_msgs/share/teb_msgs/environment/path.dsv
[36.220s] -- Symlinking: /home/mushfiqul/AIS_OBS_Project/ros2_ws/install/teb_msgs/share/teb_msgs/local_setup.bash
[36.252s] -- Symlinking: /home/mushfiqul/AIS_OBS_Project/ros2_ws/install/teb_msgs/share/teb_msgs/local_setup.sh
[36.281s] -- Symlinking: /home/mushfiqul/AIS_OBS_Project/ros2_ws/install/teb_msgs/share/teb_msgs/local_setup.zsh
[36.324s] -- Symlinking: /home/mushfiqul/AIS_OBS_Project/ros2_ws/install/teb_msgs/share/teb_msgs/local_setup.dsv
[36.376s] -- Symlinking: /home/mushfiqul/AIS_OBS_Project/ros2_ws/install/teb_msgs/share/teb_msgs/package.dsv
[36.449s] -- Symlinking: /home/mushfiqul/AIS_OBS_Project/ros2_ws/install/teb_msgs/share/ament_index/resource_index/packages/teb_msgs
[36.514s] -- Symlinking: /home/mushfiqul/AIS_OBS_Project/ros2_ws/install/teb_msgs/share/teb_msgs/cmake/rosidl_cmake-extras.cmake
[36.621s] -- Symlinking: /home/mushfiqul/AIS_OBS_Project/ros2_ws/install/teb_msgs/share/teb_msgs/cmake/ament_cmake_export_dependencies-extras.cmake
[36.746s] -- Symlinking: /home/mushfiqul/AIS_OBS_Project/ros2_ws/install/teb_msgs/share/teb_msgs/cmake/ament_cmake_export_include_directories-extras.cmake
[36.782s] -- Symlinking: /home/mushfiqul/AIS_OBS_Project/ros2_ws/install/teb_msgs/share/teb_msgs/cmake/ament_cmake_export_libraries-extras.cmake
[36.820s] -- Symlinking: /home/mushfiqul/AIS_OBS_Project/ros2_ws/install/teb_msgs/share/teb_msgs/cmake/ament_cmake_export_targets-extras.cmake
[36.922s] -- Symlinking: /home/mushfiqul/AIS_OBS_Project/ros2_ws/install/teb_msgs/share/teb_msgs/cmake/rosidl_cmake_export_typesupport_targets-extras.cmake
[37.000s] -- Symlinking: /home/mushfiqul/AIS_OBS_Project/ros2_ws/install/teb_msgs/share/teb_msgs/cmake/rosidl_cmake_export_typesupport_libraries-extras.cmake
[37.222s] -- Symlinking: /home/mushfiqul/AIS_OBS_Project/ros2_ws/install/teb_msgs/share/teb_msgs/cmake/teb_msgsConfig.cmake
[37.302s] -- Symlinking: /home/mushfiqul/AIS_OBS_Project/ros2_ws/install/teb_msgs/share/teb_msgs/cmake/teb_msgsConfig-version.cmake
[37.458s] -- Symlinking: /home/mushfiqul/AIS_OBS_Project/ros2_ws/install/teb_msgs/share/teb_msgs/package.xml
[37.573s] -- Installing: /home/mushfiqul/AIS_OBS_Project/ros2_ws/install/teb_msgs/lib/libteb_msgs__rosidl_generator_c.so
[37.578s] -- Set non-toolchain portion of runtime path of "/home/mushfiqul/AIS_OBS_Project/ros2_ws/install/teb_msgs/lib/libteb_msgs__rosidl_generator_c.so" to ""
[37.585s] -- Installing: /home/mushfiqul/AIS_OBS_Project/ros2_ws/install/teb_msgs/lib/libteb_msgs__rosidl_typesupport_fastrtps_c.so
[37.640s] -- Set non-toolchain portion of runtime path of "/home/mushfiqul/AIS_OBS_Project/ros2_ws/install/teb_msgs/lib/libteb_msgs__rosidl_typesupport_fastrtps_c.so" to ""
[37.642s] -- Installing: /home/mushfiqul/AIS_OBS_Project/ros2_ws/install/teb_msgs/lib/libteb_msgs__rosidl_typesupport_fastrtps_cpp.so
[37.643s] -- Set non-toolchain portion of runtime path of "/home/mushfiqul/AIS_OBS_Project/ros2_ws/install/teb_msgs/lib/libteb_msgs__rosidl_typesupport_fastrtps_cpp.so" to ""
[37.645s] -- Installing: /home/mushfiqul/AIS_OBS_Project/ros2_ws/install/teb_msgs/lib/libteb_msgs__rosidl_typesupport_introspection_c.so
[37.655s] -- Set non-toolchain portion of runtime path of "/home/mushfiqul/AIS_OBS_Project/ros2_ws/install/teb_msgs/lib/libteb_msgs__rosidl_typesupport_introspection_c.so" to ""
[37.657s] -- Installing: /home/mushfiqul/AIS_OBS_Project/ros2_ws/install/teb_msgs/lib/libteb_msgs__rosidl_typesupport_c.so
[37.661s] -- Set non-toolchain portion of runtime path of "/home/mushfiqul/AIS_OBS_Project/ros2_ws/install/teb_msgs/lib/libteb_msgs__rosidl_typesupport_c.so" to ""
[37.665s] -- Installing: /home/mushfiqul/AIS_OBS_Project/ros2_ws/install/teb_msgs/lib/libteb_msgs__rosidl_typesupport_introspection_cpp.so
[37.679s] -- Set non-toolchain portion of runtime path of "/home/mushfiqul/AIS_OBS_Project/ros2_ws/install/teb_msgs/lib/libteb_msgs__rosidl_typesupport_introspection_cpp.so" to ""
[37.680s] -- Installing: /home/mushfiqul/AIS_OBS_Project/ros2_ws/install/teb_msgs/lib/libteb_msgs__rosidl_typesupport_cpp.so
[37.683s] -- Set non-toolchain portion of runtime path of "/home/mushfiqul/AIS_OBS_Project/ros2_ws/install/teb_msgs/lib/libteb_msgs__rosidl_typesupport_cpp.so" to ""
[38.544s] Listing '/home/mushfiqul/AIS_OBS_Project/ros2_ws/install/teb_msgs/lib/python3.12/site-packages/teb_msgs'...
[38.544s] Compiling '/home/mushfiqul/AIS_OBS_Project/ros2_ws/install/teb_msgs/lib/python3.12/site-packages/teb_msgs/__init__.py'...
[38.545s] Listing '/home/mushfiqul/AIS_OBS_Project/ros2_ws/install/teb_msgs/lib/python3.12/site-packages/teb_msgs/msg'...
[38.545s] Compiling '/home/mushfiqul/AIS_OBS_Project/ros2_ws/install/teb_msgs/lib/python3.12/site-packages/teb_msgs/msg/__init__.py'...
[38.546s] Compiling '/home/mushfiqul/AIS_OBS_Project/ros2_ws/install/teb_msgs/lib/python3.12/site-packages/teb_msgs/msg/_feedback_msg.py'...
[38.546s] Compiling '/home/mushfiqul/AIS_OBS_Project/ros2_ws/install/teb_msgs/lib/python3.12/site-packages/teb_msgs/msg/_trajectory_msg.py'...
[38.547s] Compiling '/home/mushfiqul/AIS_OBS_Project/ros2_ws/install/teb_msgs/lib/python3.12/site-packages/teb_msgs/msg/_trajectory_point_msg.py'...
[38.588s] -- Installing: /home/mushfiqul/AIS_OBS_Project/ros2_ws/install/teb_msgs/lib/libteb_msgs__rosidl_generator_py.so
[38.600s] -- Set non-toolchain portion of runtime path of "/home/mushfiqul/AIS_OBS_Project/ros2_ws/install/teb_msgs/lib/libteb_msgs__rosidl_generator_py.so" to ""
[38.600s] -- Installing: /home/mushfiqul/AIS_OBS_Project/ros2_ws/install/teb_msgs/share/teb_msgs/cmake/export_teb_msgs__rosidl_generator_cExport.cmake
[38.605s] -- Installing: /home/mushfiqul/AIS_OBS_Project/ros2_ws/install/teb_msgs/share/teb_msgs/cmake/export_teb_msgs__rosidl_generator_cExport-noconfig.cmake
[38.610s] -- Installing: /home/mushfiqul/AIS_OBS_Project/ros2_ws/install/teb_msgs/share/teb_msgs/cmake/export_teb_msgs__rosidl_typesupport_fastrtps_cExport.cmake
[38.614s] -- Installing: /home/mushfiqul/AIS_OBS_Project/ros2_ws/install/teb_msgs/share/teb_msgs/cmake/export_teb_msgs__rosidl_typesupport_fastrtps_cExport-noconfig.cmake
[38.614s] -- Installing: /home/mushfiqul/AIS_OBS_Project/ros2_ws/install/teb_msgs/share/teb_msgs/cmake/export_teb_msgs__rosidl_generator_cppExport.cmake
[38.619s] -- Installing: /home/mushfiqul/AIS_OBS_Project/ros2_ws/install/teb_msgs/share/teb_msgs/cmake/export_teb_msgs__rosidl_typesupport_fastrtps_cppExport.cmake
[38.620s] -- Installing: /home/mushfiqul/AIS_OBS_Project/ros2_ws/install/teb_msgs/share/teb_msgs/cmake/export_teb_msgs__rosidl_typesupport_fastrtps_cppExport-noconfig.cmake
[38.623s] -- Installing: /home/mushfiqul/AIS_OBS_Project/ros2_ws/install/teb_msgs/share/teb_msgs/cmake/teb_msgs__rosidl_typesupport_introspection_cExport.cmake
[38.624s] -- Installing: /home/mushfiqul/AIS_OBS_Project/ros2_ws/install/teb_msgs/share/teb_msgs/cmake/teb_msgs__rosidl_typesupport_introspection_cExport-noconfig.cmake
[38.631s] -- Installing: /home/mushfiqul/AIS_OBS_Project/ros2_ws/install/teb_msgs/share/teb_msgs/cmake/teb_msgs__rosidl_typesupport_cExport.cmake
[38.638s] -- Installing: /home/mushfiqul/AIS_OBS_Project/ros2_ws/install/teb_msgs/share/teb_msgs/cmake/teb_msgs__rosidl_typesupport_cExport-noconfig.cmake
[38.638s] -- Installing: /home/mushfiqul/AIS_OBS_Project/ros2_ws/install/teb_msgs/share/teb_msgs/cmake/teb_msgs__rosidl_typesupport_introspection_cppExport.cmake
[38.644s] -- Installing: /home/mushfiqul/AIS_OBS_Project/ros2_ws/install/teb_msgs/share/teb_msgs/cmake/teb_msgs__rosidl_typesupport_introspection_cppExport-noconfig.cmake
[38.645s] -- Installing: /home/mushfiqul/AIS_OBS_Project/ros2_ws/install/teb_msgs/share/teb_msgs/cmake/teb_msgs__rosidl_typesupport_cppExport.cmake
[38.649s] -- Installing: /home/mushfiqul/AIS_OBS_Project/ros2_ws/install/teb_msgs/share/teb_msgs/cmake/teb_msgs__rosidl_typesupport_cppExport-noconfig.cmake
[38.655s] -- Installing: /home/mushfiqul/AIS_OBS_Project/ros2_ws/install/teb_msgs/share/teb_msgs/cmake/export_teb_msgs__rosidl_generator_pyExport.cmake
[38.656s] -- Installing: /home/mushfiqul/AIS_OBS_Project/ros2_ws/install/teb_msgs/share/teb_msgs/cmake/export_teb_msgs__rosidl_generator_pyExport-noconfig.cmake
[38.674s] Invoked command in '/home/mushfiqul/AIS_OBS_Project/ros2_ws/build/teb_msgs' returned '0': AMENT_PREFIX_PATH=/home/mushfiqul/AIS_OBS_Project/ros2_ws/install/costmap_converter_msgs:${AMENT_PREFIX_PATH} CMAKE_PREFIX_PATH=/home/mushfiqul/AIS_OBS_Project/ros2_ws/install/costmap_converter_msgs:/opt/ros/jazzy/opt/gz_sim_vendor:/opt/ros/jazzy/opt/gz_sensors_vendor:/opt/ros/jazzy/opt/gz_physics_vendor:/opt/ros/jazzy/opt/sdformat_vendor:/opt/ros/jazzy/opt/gz_gui_vendor:/opt/ros/jazzy/opt/gz_transport_vendor:/opt/ros/jazzy/opt/gz_rendering_vendor:/opt/ros/jazzy/opt/gz_plugin_vendor:/opt/ros/jazzy/opt/gz_fuel_tools_vendor:/opt/ros/jazzy/opt/gz_msgs_vendor:/opt/ros/jazzy/opt/gz_common_vendor:/opt/ros/jazzy/opt/gz_math_vendor:/opt/ros/jazzy/opt/gz_utils_vendor:/opt/ros/jazzy/opt/gz_tools_vendor:/opt/ros/jazzy/opt/gz_ogre_next_vendor:/opt/ros/jazzy/opt/gz_dartsim_vendor:/opt/ros/jazzy/opt/gz_cmake_vendor:/opt/ros/jazzy DEBUGINFOD_URLS=https://debuginfod.ubuntu.com LD_LIBRARY_PATH=/home/mushfiqul/AIS_OBS_Project/ros2_ws/install/costmap_converter_msgs/lib:${LD_LIBRARY_PATH} PYTHONPATH=/home/mushfiqul/AIS_OBS_Project/ros2_ws/install/costmap_converter_msgs/lib/python3.12/site-packages:${PYTHONPATH} /usr/bin/cmake --install /home/mushfiqul/AIS_OBS_Project/ros2_ws/build/teb_msgs
