[0.028s] Invoking command in '/home/mushfiqul/AIS_OBS_Project/ros2_ws/build/teb_msgs': AMENT_PREFIX_PATH=/home/mushfiqul/AIS_OBS_Project/ros2_ws/install/costmap_converter_msgs:${AMENT_PREFIX_PATH} CMAKE_PREFIX_PATH=/home/mushfiqul/AIS_OBS_Project/ros2_ws/install/costmap_converter_msgs:/opt/ros/jazzy/opt/gz_sim_vendor:/opt/ros/jazzy/opt/gz_sensors_vendor:/opt/ros/jazzy/opt/gz_physics_vendor:/opt/ros/jazzy/opt/sdformat_vendor:/opt/ros/jazzy/opt/gz_gui_vendor:/opt/ros/jazzy/opt/gz_transport_vendor:/opt/ros/jazzy/opt/gz_rendering_vendor:/opt/ros/jazzy/opt/gz_plugin_vendor:/opt/ros/jazzy/opt/gz_fuel_tools_vendor:/opt/ros/jazzy/opt/gz_msgs_vendor:/opt/ros/jazzy/opt/gz_common_vendor:/opt/ros/jazzy/opt/gz_math_vendor:/opt/ros/jazzy/opt/gz_utils_vendor:/opt/ros/jazzy/opt/gz_tools_vendor:/opt/ros/jazzy/opt/gz_ogre_next_vendor:/opt/ros/jazzy/opt/gz_dartsim_vendor:/opt/ros/jazzy/opt/gz_cmake_vendor:/opt/ros/jazzy DEBUGINFOD_URLS=https://debuginfod.ubuntu.com LD_LIBRARY_PATH=/home/mushfiqul/AIS_OBS_Project/ros2_ws/install/costmap_converter_msgs/lib:${LD_LIBRARY_PATH} PYTHONPATH=/home/mushfiqul/AIS_OBS_Project/ros2_ws/install/costmap_converter_msgs/lib/python3.12/site-packages:${PYTHONPATH} /usr/bin/cmake /home/mushfiqul/AIS_OBS_Project/ros2_ws/src/teb_local_planner/teb_msgs -DAMENT_CMAKE_SYMLINK_INSTALL=1 -DCMAKE_INSTALL_PREFIX=/home/mushfiqul/AIS_OBS_Project/ros2_ws/install/teb_msgs
[0.240s] -- The C compiler identification is GNU 13.3.0
[0.462s] -- The CXX compiler identification is GNU 13.3.0
[0.516s] -- Detecting C compiler ABI info
[0.818s] -- Detecting C compiler ABI info - done
[0.851s] -- Check for working C compiler: /usr/bin/cc - skipped
[0.852s] -- Detecting C compile features
[0.859s] -- Detecting C compile features - done
[0.898s] -- Detecting CXX compiler ABI info
[1.267s] -- Detecting CXX compiler ABI info - done
[1.300s] -- Check for working CXX compiler: /usr/bin/c++ - skipped
[1.301s] -- Detecting CXX compile features
[1.302s] -- Detecting CXX compile features - done
[1.319s] -- Found ament_cmake: 2.5.5 (/opt/ros/jazzy/share/ament_cmake/cmake)
[1.969s] -- Found Python3: /usr/bin/python3 (found version "3.12.3") found components: Interpreter 
[2.288s] -- Override CMake install command with custom implementation using symlinks instead of copying resources
[2.588s] -- Found builtin_interfaces: 2.0.3 (/opt/ros/jazzy/share/builtin_interfaces/cmake)
[2.708s] -- Found rosidl_generator_c: 4.6.7 (/opt/ros/jazzy/share/rosidl_generator_c/cmake)
[2.775s] -- Found rosidl_generator_cpp: 4.6.7 (/opt/ros/jazzy/share/rosidl_generator_cpp/cmake)
[2.836s] -- Using all available rosidl_typesupport_c: rosidl_typesupport_fastrtps_c;rosidl_typesupport_introspection_c
[2.895s] -- Using all available rosidl_typesupport_cpp: rosidl_typesupport_fastrtps_cpp;rosidl_typesupport_introspection_cpp
[2.960s] -- Found costmap_converter_msgs: 0.1.2 (/home/mushfiqul/AIS_OBS_Project/ros2_ws/install/costmap_converter_msgs/share/costmap_converter_msgs/cmake)
[3.173s] -- Found rosidl_default_generators: 1.6.0 (/opt/ros/jazzy/share/rosidl_default_generators/cmake)
[3.245s] -- Found rosidl_adapter: 4.6.7 (/opt/ros/jazzy/share/rosidl_adapter/cmake)
[5.625s] -- Found ament_cmake_ros: 0.12.0 (/opt/ros/jazzy/share/ament_cmake_ros/cmake)
[8.312s] -- Using all available rosidl_typesupport_c: rosidl_typesupport_fastrtps_c;rosidl_typesupport_introspection_c
[10.851s] -- Using all available rosidl_typesupport_cpp: rosidl_typesupport_fastrtps_cpp;rosidl_typesupport_introspection_cpp
[10.878s] -- Found python_cmake_module: 0.11.1 (/opt/ros/jazzy/share/python_cmake_module/cmake)
[11.770s] -- Found PythonExtra: /usr/bin/python3  
[16.260s] -- Found Python3: /usr/bin/python3 (found version "3.12.3") found components: Interpreter Development NumPy Development.Module Development.Embed 
[16.937s] -- Configuring done (16.9s)
[17.453s] -- Generating done (0.3s)
[17.506s] -- Build files have been written to: /home/mushfiqul/AIS_OBS_Project/ros2_ws/build/teb_msgs
[17.543s] Invoked command in '/home/mushfiqul/AIS_OBS_Project/ros2_ws/build/teb_msgs' returned '0': AMENT_PREFIX_PATH=/home/mushfiqul/AIS_OBS_Project/ros2_ws/install/costmap_converter_msgs:${AMENT_PREFIX_PATH} CMAKE_PREFIX_PATH=/home/mushfiqul/AIS_OBS_Project/ros2_ws/install/costmap_converter_msgs:/opt/ros/jazzy/opt/gz_sim_vendor:/opt/ros/jazzy/opt/gz_sensors_vendor:/opt/ros/jazzy/opt/gz_physics_vendor:/opt/ros/jazzy/opt/sdformat_vendor:/opt/ros/jazzy/opt/gz_gui_vendor:/opt/ros/jazzy/opt/gz_transport_vendor:/opt/ros/jazzy/opt/gz_rendering_vendor:/opt/ros/jazzy/opt/gz_plugin_vendor:/opt/ros/jazzy/opt/gz_fuel_tools_vendor:/opt/ros/jazzy/opt/gz_msgs_vendor:/opt/ros/jazzy/opt/gz_common_vendor:/opt/ros/jazzy/opt/gz_math_vendor:/opt/ros/jazzy/opt/gz_utils_vendor:/opt/ros/jazzy/opt/gz_tools_vendor:/opt/ros/jazzy/opt/gz_ogre_next_vendor:/opt/ros/jazzy/opt/gz_dartsim_vendor:/opt/ros/jazzy/opt/gz_cmake_vendor:/opt/ros/jazzy DEBUGINFOD_URLS=https://debuginfod.ubuntu.com LD_LIBRARY_PATH=/home/mushfiqul/AIS_OBS_Project/ros2_ws/install/costmap_converter_msgs/lib:${LD_LIBRARY_PATH} PYTHONPATH=/home/mushfiqul/AIS_OBS_Project/ros2_ws/install/costmap_converter_msgs/lib/python3.12/site-packages:${PYTHONPATH} /usr/bin/cmake /home/mushfiqul/AIS_OBS_Project/ros2_ws/src/teb_local_planner/teb_msgs -DAMENT_CMAKE_SYMLINK_INSTALL=1 -DCMAKE_INSTALL_PREFIX=/home/mushfiqul/AIS_OBS_Project/ros2_ws/install/teb_msgs
[17.544s] Invoking command in '/home/mushfiqul/AIS_OBS_Project/ros2_ws/build/teb_msgs': AMENT_PREFIX_PATH=/home/mushfiqul/AIS_OBS_Project/ros2_ws/install/costmap_converter_msgs:${AMENT_PREFIX_PATH} CMAKE_PREFIX_PATH=/home/mushfiqul/AIS_OBS_Project/ros2_ws/install/costmap_converter_msgs:/opt/ros/jazzy/opt/gz_sim_vendor:/opt/ros/jazzy/opt/gz_sensors_vendor:/opt/ros/jazzy/opt/gz_physics_vendor:/opt/ros/jazzy/opt/sdformat_vendor:/opt/ros/jazzy/opt/gz_gui_vendor:/opt/ros/jazzy/opt/gz_transport_vendor:/opt/ros/jazzy/opt/gz_rendering_vendor:/opt/ros/jazzy/opt/gz_plugin_vendor:/opt/ros/jazzy/opt/gz_fuel_tools_vendor:/opt/ros/jazzy/opt/gz_msgs_vendor:/opt/ros/jazzy/opt/gz_common_vendor:/opt/ros/jazzy/opt/gz_math_vendor:/opt/ros/jazzy/opt/gz_utils_vendor:/opt/ros/jazzy/opt/gz_tools_vendor:/opt/ros/jazzy/opt/gz_ogre_next_vendor:/opt/ros/jazzy/opt/gz_dartsim_vendor:/opt/ros/jazzy/opt/gz_cmake_vendor:/opt/ros/jazzy DEBUGINFOD_URLS=https://debuginfod.ubuntu.com LD_LIBRARY_PATH=/home/mushfiqul/AIS_OBS_Project/ros2_ws/install/costmap_converter_msgs/lib:${LD_LIBRARY_PATH} PYTHONPATH=/home/mushfiqul/AIS_OBS_Project/ros2_ws/install/costmap_converter_msgs/lib/python3.12/site-packages:${PYTHONPATH} /usr/bin/cmake --build /home/mushfiqul/AIS_OBS_Project/ros2_ws/build/teb_msgs -- -j8 -l8
[18.481s] [  1%] Generating type hashes for ROS interfaces
[18.558s] [  1%] Built target ament_cmake_python_symlink_teb_msgs
[21.078s] running egg_info
[21.088s] creating teb_msgs.egg-info
[21.368s] writing teb_msgs.egg-info/PKG-INFO
[21.377s] writing dependency_links to teb_msgs.egg-info/dependency_links.txt
[21.377s] writing top-level names to teb_msgs.egg-info/top_level.txt
[21.379s] writing manifest file 'teb_msgs.egg-info/SOURCES.txt'
[21.624s] [  1%] Built target teb_msgs__rosidl_generator_type_description
[21.727s] [  3%] Generating C code for ROS interfaces
[21.825s] [  5%] Generating C++ code for ROS interfaces
[21.936s] reading manifest file 'teb_msgs.egg-info/SOURCES.txt'
[21.941s] writing manifest file 'teb_msgs.egg-info/SOURCES.txt'
[22.134s] [  5%] Built target ament_cmake_python_build_teb_msgs_egg
[24.113s] gmake[2]: *** Deleting file 'rosidl_generator_c/teb_msgs/msg/feedback_msg.h'
[24.113s] Traceback (most recent call last):
[24.114s]   File "/opt/ros/jazzy/share/rosidl_generator_c/cmake/../../../lib/rosidl_generator_c/rosidl_generator_c", line 42, in <module>
[24.114s]     sys.exit(main())
[24.114s]              ^^^^^^
[24.114s]   File "/opt/ros/jazzy/share/rosidl_generator_c/cmake/../../../lib/rosidl_generator_c/rosidl_generator_c", line 38, in main
[24.131s]     generate_c(args.generator_arguments_file, args.disable_description_codegen)
[24.131s]   File "/opt/ros/jazzy/lib/python3.12/site-packages/rosidl_generator_c/__init__.py", line 41, in generate_c
[24.133s]     return generate_files(
[24.133s]            ^^^^^^^^^^^^^^^
[24.136s]   File "/opt/ros/jazzy/lib/python3.12/site-packages/rosidl_pycommon/__init__.py", line 102, in generate_files
[24.137s] gmake[2]: *** Deleting file 'rosidl_generator_cpp/teb_msgs/msg/feedback_msg.hpp'
[24.138s]     idl_file = parse_idl_file(locator)
[24.138s]                ^^^^^^^^^^^^^^^^^^^^^^^
[24.138s]   File "/opt/ros/jazzy/lib/python3.12/site-packages/rosidl_parser/parser.py", line 64, in parse_idl_file
[24.138s] gmake[2]: *** [CMakeFiles/teb_msgs__cpp.dir/build.make:175: rosidl_generator_cpp/teb_msgs/msg/feedback_msg.hpp] Interrupt
[24.139s]     content = parse_idl_string(string, png_file=png_file)
[24.139s]               ^^^^^^^^^^^^^^^^^^^^^^^^^^^^^^^^^^^^^^^^^^^
[24.139s]   File "/opt/ros/jazzy/lib/python3.12/site-packages/rosidl_parser/parser.py", line 72, in parse_idl_string
[24.140s]     tree = get_ast_from_idl_string(idl_string)
[24.140s]            ^^^^^^^^^^^^^^^^^^^^^^^^^^^^^^^^^^^
[24.140s]   File "/opt/ros/jazzy/lib/python3.12/site-packages/rosidl_parser/parser.py", line 89, in get_ast_from_idl_string
[24.140s]     return _parser.parse(idl_string)
[24.141s] gmake[1]: *** [CMakeFiles/Makefile2:293: CMakeFiles/teb_msgs__cpp.dir/all] Interrupt
[24.141s]            ^^^^^^^^^^^^^^^^^^^^^^^^^
[24.141s]   File "/usr/lib/python3/dist-packages/lark/lark.py", line 658, in parse
[24.162s]     return self.parser.parse(text, start=start, on_error=on_error)
[24.163s]            ^^^^^^^^^^^^^^^^^^^^^^^^^^^^^^^^^^^^^^^^^^^^^^^^^^^^^^^
[24.163s]   File "/usr/lib/python3/dist-packages/lark/parser_frontends.py", line 104, in parse
[24.166s]     return self.parser.parse(stream, chosen_start, **kw)
[24.166s]            ^^^^^^^^^^^^^^^^^^^^^^^^^^^^^^^^^^^^^^^^^^^^^
[24.167s]   File "/usr/lib/python3/dist-packages/lark/parsers/earley.py", line 305, in parse
[24.168s]     return transformer.transform(solutions[0])
[24.168s]            ^^^^^^^^^^^^^^^^^^^^^^^^^^^^^^^^^^^
[24.171s]   File "/usr/lib/python3/dist-packages/lark/parsers/earley_forest.py", line 401, in transform
[24.175s]     self.visit(root)
[24.175s]   File "/usr/lib/python3/dist-packages/lark/parsers/earley_forest.py", line 538, in visit
[24.175s]     super(ForestToParseTree, self).visit(root)
[24.175s]   File "/usr/lib/python3/dist-packages/lark/parsers/earley_forest.py", line 359, in visit
[24.176s]     next_node = vini(current)
[24.176s]                 ^^^^^^^^^^^^^
[24.176s]   File "/usr/lib/python3/dist-packages/lark/parsers/earley_forest.py", line 626, in visit_symbol_node_in
[24.176s]     super(ForestToParseTree, self).visit_symbol_node_in(node)
[24.177s]   File "/usr/lib/python3/dist-packages/lark/parsers/earley_forest.py", line 424, in visit_symbol_node_in
[24.177s]     self.data[id(node)] = []
[24.177s]               ^^^^^^^^
[24.178s] KeyboardInterrupt
[24.273s] gmake[2]: *** [CMakeFiles/teb_msgs__rosidl_generator_c.dir/build.make:161: rosidl_generator_c/teb_msgs/msg/feedback_msg.h] Interrupt
[24.274s] gmake[1]: *** [CMakeFiles/Makefile2:240: CMakeFiles/teb_msgs__rosidl_generator_c.dir/all] Interrupt
[24.275s] gmake: *** [Makefile:146: all] Interrupt
