-- The C compiler identification is GNU 13.3.0
-- The CXX compiler identification is GNU 13.3.0
-- Detecting C compiler ABI info
-- Detecting C compiler ABI info - done
-- Check for working C compiler: /usr/bin/cc - skipped
-- Detecting C compile features
-- Detecting C compile features - done
-- Detecting CXX compiler ABI info
-- Detecting CXX compiler ABI info - done
-- Check for working CXX compiler: /usr/bin/c++ - skipped
-- Detecting CXX compile features
-- Detecting CXX compile features - done
-- Found ament_cmake: 2.5.5 (/opt/ros/jazzy/share/ament_cmake/cmake)
-- Found Python3: /usr/bin/python3 (found version "3.12.3") found components: Interpreter 
-- Override CMake install command with custom implementation using symlinks instead of copying resources
-- Found class_loader: 2.7.0 (/opt/ros/jazzy/share/class_loader/cmake)
-- Found costmap_converter_msgs: 0.1.2 (/home/mushfiqul/AIS_OBS_Project/ros2_ws/install/costmap_converter_msgs/share/costmap_converter_msgs/cmake)
-- Found rosidl_generator_c: 4.6.7 (/opt/ros/jazzy/share/rosidl_generator_c/cmake)
-- Found rosidl_generator_cpp: 4.6.7 (/opt/ros/jazzy/share/rosidl_generator_cpp/cmake)
-- Using all available rosidl_typesupport_c: rosidl_typesupport_fastrtps_c;rosidl_typesupport_introspection_c
-- Using all available rosidl_typesupport_cpp: rosidl_typesupport_fastrtps_cpp;rosidl_typesupport_introspection_cpp
-- Found cv_bridge: 4.1.0 (/opt/ros/jazzy/share/cv_bridge/cmake)
-- Found rmw_implementation_cmake: 7.3.3 (/opt/ros/jazzy/share/rmw_implementation_cmake/cmake)
-- Found rmw_fastrtps_cpp: 8.4.3 (/opt/ros/jazzy/share/rmw_fastrtps_cpp/cmake)
-- Found OpenSSL: /usr/lib/x86_64-linux-gnu/libcrypto.so (found version "3.0.13")  
-- Found FastRTPS: /opt/ros/jazzy/include (Required is at least version "2.13") 
-- Using RMW implementation 'rmw_fastrtps_cpp' as default
-- Found nav2_costmap_2d: 1.3.10 (/opt/ros/jazzy/share/nav2_costmap_2d/cmake)
-- Found eigen3_cmake_module: 0.3.0 (/opt/ros/jazzy/share/eigen3_cmake_module/cmake)
-- Found Eigen3: TRUE (found version "3.4.0") 
-- Ensuring Eigen3 include directory is part of orocos-kdl CMake target
-- Found OpenCV: /usr (found version "4.6.0") 
-- Found ament_cmake_gtest: 2.5.5 (/opt/ros/jazzy/share/ament_cmake_gtest/cmake)
-- Found gtest sources under '/opt/ros/jazzy/src/gtest_vendor': C++ tests using 'Google Test' will be built
-- Performing Test CMAKE_HAVE_LIBC_PTHREAD
-- Performing Test CMAKE_HAVE_LIBC_PTHREAD - Success
-- Found Threads: TRUE  
-- Configuring done (7.8s)
-- Generating done (0.1s)
-- Build files have been written to: /home/mushfiqul/AIS_OBS_Project/ros2_ws/build/costmap_converter
[  5%] Building CXX object CMakeFiles/costmap_converter.dir/src/costmap_to_polygons.cpp.o
[ 10%] Building CXX object CMakeFiles/costmap_converter.dir/src/costmap_to_polygons_concave.cpp.o
[ 15%] Building CXX object CMakeFiles/costmap_converter.dir/src/costmap_to_dynamic_obstacles/costmap_to_dynamic_obstacles.cpp.o
[ 21%] Building CXX object gtest/CMakeFiles/gtest_main.dir/src/gtest_main.cc.o
[ 26%] Building CXX object CMakeFiles/costmap_converter.dir/src/costmap_to_dynamic_obstacles/background_subtractor.cpp.o
[ 31%] Building CXX object gtest/CMakeFiles/gtest.dir/src/gtest-all.cc.o
[ 36%] Building CXX object CMakeFiles/costmap_converter.dir/src/costmap_to_lines_convex_hull.cpp.o
[ 42%] Building CXX object CMakeFiles/costmap_converter.dir/src/costmap_to_lines_ransac.cpp.o
[ 47%] Linking CXX static library libgtest_main.a
[ 47%] Built target gtest_main
[ 52%] Building CXX object CMakeFiles/costmap_converter.dir/src/costmap_to_dynamic_obstacles/blob_detector.cpp.o
gmake[2]: *** [CMakeFiles/costmap_converter.dir/build.make:76: CMakeFiles/costmap_converter.dir/src/costmap_to_polygons.cpp.o] Interrupt
gmake[2]: *** [CMakeFiles/costmap_converter.dir/build.make:90: CMakeFiles/costmap_converter.dir/src/costmap_to_polygons_concave.cpp.o] Interrupt
gmake[2]: *** [CMakeFiles/costmap_converter.dir/build.make:132: CMakeFiles/costmap_converter.dir/src/costmap_to_dynamic_obstacles/costmap_to_dynamic_obstacles.cpp.o] Interrupt
gmake[2]: *** [CMakeFiles/costmap_converter.dir/build.make:146: CMakeFiles/costmap_converter.dir/src/costmap_to_dynamic_obstacles/background_subtractor.cpp.o] Interrupt
gmake[2]: *** [CMakeFiles/costmap_converter.dir/build.make:160: CMakeFiles/costmap_converter.dir/src/costmap_to_dynamic_obstacles/blob_detector.cpp.o] Interrupt
gmake[2]: *** [gtest/CMakeFiles/gtest.dir/build.make:76: gtest/CMakeFiles/gtest.dir/src/gtest-all.cc.o] Interrupt
gmake[1]: *** [CMakeFiles/Makefile2:239: gtest/CMakeFiles/gtest.dir/all] Interrupt
gmake[2]: *** [CMakeFiles/costmap_converter.dir/build.make:104: CMakeFiles/costmap_converter.dir/src/costmap_to_lines_convex_hull.cpp.o] Interrupt
gmake[2]: *** [CMakeFiles/costmap_converter.dir/build.make:118: CMakeFiles/costmap_converter.dir/src/costmap_to_lines_ransac.cpp.o] Interrupt
gmake[1]: *** [CMakeFiles/Makefile2:159: CMakeFiles/costmap_converter.dir/all] Interrupt
gmake: *** [Makefile:146: all] Interrupt
