[0.057s] Invoking command in '/home/mushfiqul/AIS_OBS_Project/ros2_ws/build/teb_obstacle_avoidance': CMAKE_PREFIX_PATH=/home/mushfiqul/AIS_OBS_Project/ros2_ws/install/teb_local_planner:/home/mushfiqul/AIS_OBS_Project/ros2_ws/install/teb_msgs:/home/mushfiqul/AIS_OBS_Project/ros2_ws/install/costmap_converter:/home/mushfiqul/AIS_OBS_Project/ros2_ws/install/costmap_converter_msgs:/home/mushfiqul/AIS_OBS_Project/ros2_ws/install/teb_obstacle_avoidance:/opt/ros/jazzy/opt/gz_sim_vendor:/opt/ros/jazzy/opt/gz_sensors_vendor:/opt/ros/jazzy/opt/gz_physics_vendor:/opt/ros/jazzy/opt/sdformat_vendor:/opt/ros/jazzy/opt/gz_gui_vendor:/opt/ros/jazzy/opt/gz_transport_vendor:/opt/ros/jazzy/opt/gz_rendering_vendor:/opt/ros/jazzy/opt/gz_plugin_vendor:/opt/ros/jazzy/opt/gz_fuel_tools_vendor:/opt/ros/jazzy/opt/gz_msgs_vendor:/opt/ros/jazzy/opt/gz_common_vendor:/opt/ros/jazzy/opt/gz_math_vendor:/opt/ros/jazzy/opt/gz_utils_vendor:/opt/ros/jazzy/opt/gz_tools_vendor:/opt/ros/jazzy/opt/gz_ogre_next_vendor:/opt/ros/jazzy/opt/gz_dartsim_vendor:/opt/ros/jazzy/opt/gz_cmake_vendor:/opt/ros/jazzy DEBUGINFOD_URLS=https://debuginfod.ubuntu.com PYTHONPATH=/home/mushfiqul/AIS_OBS_Project/ros2_ws/install/teb_msgs/lib/python3.12/site-packages:/home/mushfiqul/AIS_OBS_Project/ros2_ws/install/costmap_converter_msgs/lib/python3.12/site-packages:/home/mushfiqul/AIS_OBS_Project/ros2_ws/install/teb_obstacle_avoidance/lib/python3.12/site-packages:/opt/ros/jazzy/lib/python3.12/site-packages /usr/bin/cmake --build /home/mushfiqul/AIS_OBS_Project/ros2_ws/build/teb_obstacle_avoidance -- -j8 -l8
[0.192s] Built target ament_cmake_python_symlink_teb_obstacle_avoidance
[0.719s] running egg_info
[0.783s] writing teb_obstacle_avoidance.egg-info/PKG-INFO
[0.783s] writing dependency_links to teb_obstacle_avoidance.egg-info/dependency_links.txt
[0.784s] writing top-level names to teb_obstacle_avoidance.egg-info/top_level.txt
[0.947s] reading manifest file 'teb_obstacle_avoidance.egg-info/SOURCES.txt'
[0.949s] writing manifest file 'teb_obstacle_avoidance.egg-info/SOURCES.txt'
[1.023s] Built target ament_cmake_python_build_teb_obstacle_avoidance_egg
[1.055s] Invoked command in '/home/mushfiqul/AIS_OBS_Project/ros2_ws/build/teb_obstacle_avoidance' returned '0': CMAKE_PREFIX_PATH=/home/mushfiqul/AIS_OBS_Project/ros2_ws/install/teb_local_planner:/home/mushfiqul/AIS_OBS_Project/ros2_ws/install/teb_msgs:/home/mushfiqul/AIS_OBS_Project/ros2_ws/install/costmap_converter:/home/mushfiqul/AIS_OBS_Project/ros2_ws/install/costmap_converter_msgs:/home/mushfiqul/AIS_OBS_Project/ros2_ws/install/teb_obstacle_avoidance:/opt/ros/jazzy/opt/gz_sim_vendor:/opt/ros/jazzy/opt/gz_sensors_vendor:/opt/ros/jazzy/opt/gz_physics_vendor:/opt/ros/jazzy/opt/sdformat_vendor:/opt/ros/jazzy/opt/gz_gui_vendor:/opt/ros/jazzy/opt/gz_transport_vendor:/opt/ros/jazzy/opt/gz_rendering_vendor:/opt/ros/jazzy/opt/gz_plugin_vendor:/opt/ros/jazzy/opt/gz_fuel_tools_vendor:/opt/ros/jazzy/opt/gz_msgs_vendor:/opt/ros/jazzy/opt/gz_common_vendor:/opt/ros/jazzy/opt/gz_math_vendor:/opt/ros/jazzy/opt/gz_utils_vendor:/opt/ros/jazzy/opt/gz_tools_vendor:/opt/ros/jazzy/opt/gz_ogre_next_vendor:/opt/ros/jazzy/opt/gz_dartsim_vendor:/opt/ros/jazzy/opt/gz_cmake_vendor:/opt/ros/jazzy DEBUGINFOD_URLS=https://debuginfod.ubuntu.com PYTHONPATH=/home/mushfiqul/AIS_OBS_Project/ros2_ws/install/teb_msgs/lib/python3.12/site-packages:/home/mushfiqul/AIS_OBS_Project/ros2_ws/install/costmap_converter_msgs/lib/python3.12/site-packages:/home/mushfiqul/AIS_OBS_Project/ros2_ws/install/teb_obstacle_avoidance/lib/python3.12/site-packages:/opt/ros/jazzy/lib/python3.12/site-packages /usr/bin/cmake --build /home/mushfiqul/AIS_OBS_Project/ros2_ws/build/teb_obstacle_avoidance -- -j8 -l8
[1.079s] Invoking command in '/home/mushfiqul/AIS_OBS_Project/ros2_ws/build/teb_obstacle_avoidance': CMAKE_PREFIX_PATH=/home/mushfiqul/AIS_OBS_Project/ros2_ws/install/teb_local_planner:/home/mushfiqul/AIS_OBS_Project/ros2_ws/install/teb_msgs:/home/mushfiqul/AIS_OBS_Project/ros2_ws/install/costmap_converter:/home/mushfiqul/AIS_OBS_Project/ros2_ws/install/costmap_converter_msgs:/home/mushfiqul/AIS_OBS_Project/ros2_ws/install/teb_obstacle_avoidance:/opt/ros/jazzy/opt/gz_sim_vendor:/opt/ros/jazzy/opt/gz_sensors_vendor:/opt/ros/jazzy/opt/gz_physics_vendor:/opt/ros/jazzy/opt/sdformat_vendor:/opt/ros/jazzy/opt/gz_gui_vendor:/opt/ros/jazzy/opt/gz_transport_vendor:/opt/ros/jazzy/opt/gz_rendering_vendor:/opt/ros/jazzy/opt/gz_plugin_vendor:/opt/ros/jazzy/opt/gz_fuel_tools_vendor:/opt/ros/jazzy/opt/gz_msgs_vendor:/opt/ros/jazzy/opt/gz_common_vendor:/opt/ros/jazzy/opt/gz_math_vendor:/opt/ros/jazzy/opt/gz_utils_vendor:/opt/ros/jazzy/opt/gz_tools_vendor:/opt/ros/jazzy/opt/gz_ogre_next_vendor:/opt/ros/jazzy/opt/gz_dartsim_vendor:/opt/ros/jazzy/opt/gz_cmake_vendor:/opt/ros/jazzy DEBUGINFOD_URLS=https://debuginfod.ubuntu.com PYTHONPATH=/home/mushfiqul/AIS_OBS_Project/ros2_ws/install/teb_msgs/lib/python3.12/site-packages:/home/mushfiqul/AIS_OBS_Project/ros2_ws/install/costmap_converter_msgs/lib/python3.12/site-packages:/home/mushfiqul/AIS_OBS_Project/ros2_ws/install/teb_obstacle_avoidance/lib/python3.12/site-packages:/opt/ros/jazzy/lib/python3.12/site-packages /usr/bin/cmake --install /home/mushfiqul/AIS_OBS_Project/ros2_ws/build/teb_obstacle_avoidance
[1.099s] -- Install configuration: ""
[1.100s] -- Execute custom install script
[1.100s] -- Up-to-date symlink: /home/mushfiqul/AIS_OBS_Project/ros2_ws/install/teb_obstacle_avoidance/share/teb_obstacle_avoidance/environment/pythonpath.sh
[1.100s] -- Up-to-date symlink: /home/mushfiqul/AIS_OBS_Project/ros2_ws/install/teb_obstacle_avoidance/share/teb_obstacle_avoidance/environment/pythonpath.dsv
[1.102s] -- Up-to-date symlink: /home/mushfiqul/AIS_OBS_Project/ros2_ws/install/teb_obstacle_avoidance/lib/python3.12/site-packages/teb_obstacle_avoidance-0.1.0-py3.12.egg-info/PKG-INFO
[1.103s] -- Up-to-date symlink: /home/mushfiqul/AIS_OBS_Project/ros2_ws/install/teb_obstacle_avoidance/lib/python3.12/site-packages/teb_obstacle_avoidance-0.1.0-py3.12.egg-info/SOURCES.txt
[1.103s] -- Up-to-date symlink: /home/mushfiqul/AIS_OBS_Project/ros2_ws/install/teb_obstacle_avoidance/lib/python3.12/site-packages/teb_obstacle_avoidance-0.1.0-py3.12.egg-info/dependency_links.txt
[1.103s] -- Up-to-date symlink: /home/mushfiqul/AIS_OBS_Project/ros2_ws/install/teb_obstacle_avoidance/lib/python3.12/site-packages/teb_obstacle_avoidance-0.1.0-py3.12.egg-info/top_level.txt
[1.103s] -- Up-to-date symlink: /home/mushfiqul/AIS_OBS_Project/ros2_ws/install/teb_obstacle_avoidance/lib/python3.12/site-packages/teb_obstacle_avoidance/__init__.py
[1.104s] -- Up-to-date symlink: /home/mushfiqul/AIS_OBS_Project/ros2_ws/install/teb_obstacle_avoidance/lib/teb_obstacle_avoidance/collect_metrics.py
[1.104s] -- Up-to-date symlink: /home/mushfiqul/AIS_OBS_Project/ros2_ws/install/teb_obstacle_avoidance/lib/teb_obstacle_avoidance/dynamic_obstacle_spawner.py
[1.104s] -- Up-to-date symlink: /home/mushfiqul/AIS_OBS_Project/ros2_ws/install/teb_obstacle_avoidance/lib/teb_obstacle_avoidance/goal_sender.py
[1.104s] -- Up-to-date symlink: /home/mushfiqul/AIS_OBS_Project/ros2_ws/install/teb_obstacle_avoidance/share/teb_obstacle_avoidance/launch/nav_simulation.launch.py
[1.105s] -- Up-to-date symlink: /home/mushfiqul/AIS_OBS_Project/ros2_ws/install/teb_obstacle_avoidance/share/teb_obstacle_avoidance/config/nav2_params_dwa.yaml
[1.105s] -- Up-to-date symlink: /home/mushfiqul/AIS_OBS_Project/ros2_ws/install/teb_obstacle_avoidance/share/teb_obstacle_avoidance/config/nav2_params_teb.yaml
[1.105s] -- Up-to-date symlink: /home/mushfiqul/AIS_OBS_Project/ros2_ws/install/teb_obstacle_avoidance/share/teb_obstacle_avoidance/worlds/scenario_dynamic.world
[1.106s] -- Up-to-date symlink: /home/mushfiqul/AIS_OBS_Project/ros2_ws/install/teb_obstacle_avoidance/share/teb_obstacle_avoidance/worlds/scenario_mixed.world
[1.106s] -- Up-to-date symlink: /home/mushfiqul/AIS_OBS_Project/ros2_ws/install/teb_obstacle_avoidance/share/teb_obstacle_avoidance/worlds/scenario_narrow.world
[1.106s] -- Up-to-date symlink: /home/mushfiqul/AIS_OBS_Project/ros2_ws/install/teb_obstacle_avoidance/share/teb_obstacle_avoidance/worlds/scenario_static.world
[1.107s] -- Up-to-date symlink: /home/mushfiqul/AIS_OBS_Project/ros2_ws/install/teb_obstacle_avoidance/share/teb_obstacle_avoidance/maps/map.pgm
[1.107s] -- Up-to-date symlink: /home/mushfiqul/AIS_OBS_Project/ros2_ws/install/teb_obstacle_avoidance/share/teb_obstacle_avoidance/maps/map.yaml
[1.108s] -- Up-to-date symlink: /home/mushfiqul/AIS_OBS_Project/ros2_ws/install/teb_obstacle_avoidance/share/ament_index/resource_index/package_run_dependencies/teb_obstacle_avoidance
[1.110s] -- Up-to-date symlink: /home/mushfiqul/AIS_OBS_Project/ros2_ws/install/teb_obstacle_avoidance/share/ament_index/resource_index/parent_prefix_path/teb_obstacle_avoidance
[1.110s] -- Up-to-date symlink: /home/mushfiqul/AIS_OBS_Project/ros2_ws/install/teb_obstacle_avoidance/share/teb_obstacle_avoidance/environment/ament_prefix_path.sh
[1.111s] -- Up-to-date symlink: /home/mushfiqul/AIS_OBS_Project/ros2_ws/install/teb_obstacle_avoidance/share/teb_obstacle_avoidance/environment/ament_prefix_path.dsv
[1.111s] -- Up-to-date symlink: /home/mushfiqul/AIS_OBS_Project/ros2_ws/install/teb_obstacle_avoidance/share/teb_obstacle_avoidance/environment/path.sh
[1.112s] -- Up-to-date symlink: /home/mushfiqul/AIS_OBS_Project/ros2_ws/install/teb_obstacle_avoidance/share/teb_obstacle_avoidance/environment/path.dsv
[1.112s] -- Up-to-date symlink: /home/mushfiqul/AIS_OBS_Project/ros2_ws/install/teb_obstacle_avoidance/share/teb_obstacle_avoidance/local_setup.bash
[1.113s] -- Up-to-date symlink: /home/mushfiqul/AIS_OBS_Project/ros2_ws/install/teb_obstacle_avoidance/share/teb_obstacle_avoidance/local_setup.sh
[1.113s] -- Up-to-date symlink: /home/mushfiqul/AIS_OBS_Project/ros2_ws/install/teb_obstacle_avoidance/share/teb_obstacle_avoidance/local_setup.zsh
[1.114s] -- Up-to-date symlink: /home/mushfiqul/AIS_OBS_Project/ros2_ws/install/teb_obstacle_avoidance/share/teb_obstacle_avoidance/local_setup.dsv
[1.114s] -- Symlinking: /home/mushfiqul/AIS_OBS_Project/ros2_ws/install/teb_obstacle_avoidance/share/teb_obstacle_avoidance/package.dsv
[1.145s] -- Up-to-date symlink: /home/mushfiqul/AIS_OBS_Project/ros2_ws/install/teb_obstacle_avoidance/share/ament_index/resource_index/packages/teb_obstacle_avoidance
[1.146s] -- Up-to-date symlink: /home/mushfiqul/AIS_OBS_Project/ros2_ws/install/teb_obstacle_avoidance/share/teb_obstacle_avoidance/cmake/teb_obstacle_avoidanceConfig.cmake
[1.146s] -- Up-to-date symlink: /home/mushfiqul/AIS_OBS_Project/ros2_ws/install/teb_obstacle_avoidance/share/teb_obstacle_avoidance/cmake/teb_obstacle_avoidanceConfig-version.cmake
[1.146s] -- Up-to-date symlink: /home/mushfiqul/AIS_OBS_Project/ros2_ws/install/teb_obstacle_avoidance/share/teb_obstacle_avoidance/package.xml
[1.243s] Listing '/home/mushfiqul/AIS_OBS_Project/ros2_ws/install/teb_obstacle_avoidance/lib/python3.12/site-packages/teb_obstacle_avoidance'...
[1.262s] Invoked command in '/home/mushfiqul/AIS_OBS_Project/ros2_ws/build/teb_obstacle_avoidance' returned '0': CMAKE_PREFIX_PATH=/home/mushfiqul/AIS_OBS_Project/ros2_ws/install/teb_local_planner:/home/mushfiqul/AIS_OBS_Project/ros2_ws/install/teb_msgs:/home/mushfiqul/AIS_OBS_Project/ros2_ws/install/costmap_converter:/home/mushfiqul/AIS_OBS_Project/ros2_ws/install/costmap_converter_msgs:/home/mushfiqul/AIS_OBS_Project/ros2_ws/install/teb_obstacle_avoidance:/opt/ros/jazzy/opt/gz_sim_vendor:/opt/ros/jazzy/opt/gz_sensors_vendor:/opt/ros/jazzy/opt/gz_physics_vendor:/opt/ros/jazzy/opt/sdformat_vendor:/opt/ros/jazzy/opt/gz_gui_vendor:/opt/ros/jazzy/opt/gz_transport_vendor:/opt/ros/jazzy/opt/gz_rendering_vendor:/opt/ros/jazzy/opt/gz_plugin_vendor:/opt/ros/jazzy/opt/gz_fuel_tools_vendor:/opt/ros/jazzy/opt/gz_msgs_vendor:/opt/ros/jazzy/opt/gz_common_vendor:/opt/ros/jazzy/opt/gz_math_vendor:/opt/ros/jazzy/opt/gz_utils_vendor:/opt/ros/jazzy/opt/gz_tools_vendor:/opt/ros/jazzy/opt/gz_ogre_next_vendor:/opt/ros/jazzy/opt/gz_dartsim_vendor:/opt/ros/jazzy/opt/gz_cmake_vendor:/opt/ros/jazzy DEBUGINFOD_URLS=https://debuginfod.ubuntu.com PYTHONPATH=/home/mushfiqul/AIS_OBS_Project/ros2_ws/install/teb_msgs/lib/python3.12/site-packages:/home/mushfiqul/AIS_OBS_Project/ros2_ws/install/costmap_converter_msgs/lib/python3.12/site-packages:/home/mushfiqul/AIS_OBS_Project/ros2_ws/install/teb_obstacle_avoidance/lib/python3.12/site-packages:/opt/ros/jazzy/lib/python3.12/site-packages /usr/bin/cmake --install /home/mushfiqul/AIS_OBS_Project/ros2_ws/build/teb_obstacle_avoidance
