-- The C compiler identification is GNU 13.3.0
-- The CXX compiler identification is GNU 13.3.0
-- Detecting C compiler ABI info
-- Detecting C compiler ABI info - done
-- Check for working C compiler: /usr/bin/cc - skipped
-- Detecting C compile features
-- Detecting C compile features - done
-- Detecting CXX compiler ABI info
-- Detecting CXX compiler ABI info - done
-- Check for working CXX compiler: /usr/bin/c++ - skipped
-- Detecting CXX compile features
-- Detecting CXX compile features - done
-- Found ament_cmake: 2.5.5 (/opt/ros/jazzy/share/ament_cmake/cmake)
-- Found Python3: /usr/bin/python3 (found version "3.12.3") found components: Interpreter 
-- Override CMake install command with custom implementation using symlinks instead of copying resources
-- Found rclpy: 7.1.9 (/opt/ros/jazzy/share/rclpy/cmake)
-- Configuring done (1.5s)
-- Generating done (0.0s)
-- Build files have been written to: /home/mushfiqul/AIS_OBS_Project/ros2_ws/build/teb_obstacle_avoidance
Built target ament_cmake_python_symlink_teb_obstacle_avoidance
running egg_info
creating teb_obstacle_avoidance.egg-info
writing teb_obstacle_avoidance.egg-info/PKG-INFO
writing dependency_links to teb_obstacle_avoidance.egg-info/dependency_links.txt
writing top-level names to teb_obstacle_avoidance.egg-info/top_level.txt
writing manifest file 'teb_obstacle_avoidance.egg-info/SOURCES.txt'
reading manifest file 'teb_obstacle_avoidance.egg-info/SOURCES.txt'
writing manifest file 'teb_obstacle_avoidance.egg-info/SOURCES.txt'
Built target ament_cmake_python_build_teb_obstacle_avoidance_egg
-- Install configuration: ""
-- Execute custom install script
-- Symlinking: /home/mushfiqul/AIS_OBS_Project/ros2_ws/install/teb_obstacle_avoidance/share/teb_obstacle_avoidance/environment/pythonpath.sh
-- Symlinking: /home/mushfiqul/AIS_OBS_Project/ros2_ws/install/teb_obstacle_avoidance/share/teb_obstacle_avoidance/environment/pythonpath.dsv
-- Symlinking: /home/mushfiqul/AIS_OBS_Project/ros2_ws/install/teb_obstacle_avoidance/lib/python3.12/site-packages/teb_obstacle_avoidance-0.1.0-py3.12.egg-info/PKG-INFO
-- Symlinking: /home/mushfiqul/AIS_OBS_Project/ros2_ws/install/teb_obstacle_avoidance/lib/python3.12/site-packages/teb_obstacle_avoidance-0.1.0-py3.12.egg-info/SOURCES.txt
-- Symlinking: /home/mushfiqul/AIS_OBS_Project/ros2_ws/install/teb_obstacle_avoidance/lib/python3.12/site-packages/teb_obstacle_avoidance-0.1.0-py3.12.egg-info/dependency_links.txt
-- Symlinking: /home/mushfiqul/AIS_OBS_Project/ros2_ws/install/teb_obstacle_avoidance/lib/python3.12/site-packages/teb_obstacle_avoidance-0.1.0-py3.12.egg-info/top_level.txt
-- Symlinking: /home/mushfiqul/AIS_OBS_Project/ros2_ws/install/teb_obstacle_avoidance/lib/python3.12/site-packages/teb_obstacle_avoidance/__init__.py
-- Symlinking: /home/mushfiqul/AIS_OBS_Project/ros2_ws/install/teb_obstacle_avoidance/lib/teb_obstacle_avoidance/collect_metrics.py
-- Symlinking: /home/mushfiqul/AIS_OBS_Project/ros2_ws/install/teb_obstacle_avoidance/lib/teb_obstacle_avoidance/dynamic_obstacle_spawner.py
-- Symlinking: /home/mushfiqul/AIS_OBS_Project/ros2_ws/install/teb_obstacle_avoidance/lib/teb_obstacle_avoidance/goal_sender.py
-- Symlinking: /home/mushfiqul/AIS_OBS_Project/ros2_ws/install/teb_obstacle_avoidance/share/teb_obstacle_avoidance/launch/nav_simulation.launch.py
-- Symlinking: /home/mushfiqul/AIS_OBS_Project/ros2_ws/install/teb_obstacle_avoidance/share/teb_obstacle_avoidance/config/nav2_params_dwa.yaml
-- Symlinking: /home/mushfiqul/AIS_OBS_Project/ros2_ws/install/teb_obstacle_avoidance/share/teb_obstacle_avoidance/config/nav2_params_teb.yaml
-- Symlinking: /home/mushfiqul/AIS_OBS_Project/ros2_ws/install/teb_obstacle_avoidance/share/teb_obstacle_avoidance/worlds/scenario_dynamic.world
-- Symlinking: /home/mushfiqul/AIS_OBS_Project/ros2_ws/install/teb_obstacle_avoidance/share/teb_obstacle_avoidance/worlds/scenario_mixed.world
-- Symlinking: /home/mushfiqul/AIS_OBS_Project/ros2_ws/install/teb_obstacle_avoidance/share/teb_obstacle_avoidance/worlds/scenario_narrow.world
-- Symlinking: /home/mushfiqul/AIS_OBS_Project/ros2_ws/install/teb_obstacle_avoidance/share/teb_obstacle_avoidance/worlds/scenario_static.world
-- Symlinking: /home/mushfiqul/AIS_OBS_Project/ros2_ws/install/teb_obstacle_avoidance/share/ament_index/resource_index/package_run_dependencies/teb_obstacle_avoidance
-- Symlinking: /home/mushfiqul/AIS_OBS_Project/ros2_ws/install/teb_obstacle_avoidance/share/ament_index/resource_index/parent_prefix_path/teb_obstacle_avoidance
-- Symlinking: /home/mushfiqul/AIS_OBS_Project/ros2_ws/install/teb_obstacle_avoidance/share/teb_obstacle_avoidance/environment/ament_prefix_path.sh
-- Symlinking: /home/mushfiqul/AIS_OBS_Project/ros2_ws/install/teb_obstacle_avoidance/share/teb_obstacle_avoidance/environment/ament_prefix_path.dsv
-- Symlinking: /home/mushfiqul/AIS_OBS_Project/ros2_ws/install/teb_obstacle_avoidance/share/teb_obstacle_avoidance/environment/path.sh
-- Symlinking: /home/mushfiqul/AIS_OBS_Project/ros2_ws/install/teb_obstacle_avoidance/share/teb_obstacle_avoidance/environment/path.dsv
-- Symlinking: /home/mushfiqul/AIS_OBS_Project/ros2_ws/install/teb_obstacle_avoidance/share/teb_obstacle_avoidance/local_setup.bash
-- Symlinking: /home/mushfiqul/AIS_OBS_Project/ros2_ws/install/teb_obstacle_avoidance/share/teb_obstacle_avoidance/local_setup.sh
-- Symlinking: /home/mushfiqul/AIS_OBS_Project/ros2_ws/install/teb_obstacle_avoidance/share/teb_obstacle_avoidance/local_setup.zsh
-- Symlinking: /home/mushfiqul/AIS_OBS_Project/ros2_ws/install/teb_obstacle_avoidance/share/teb_obstacle_avoidance/local_setup.dsv
-- Symlinking: /home/mushfiqul/AIS_OBS_Project/ros2_ws/install/teb_obstacle_avoidance/share/teb_obstacle_avoidance/package.dsv
-- Symlinking: /home/mushfiqul/AIS_OBS_Project/ros2_ws/install/teb_obstacle_avoidance/share/ament_index/resource_index/packages/teb_obstacle_avoidance
-- Symlinking: /home/mushfiqul/AIS_OBS_Project/ros2_ws/install/teb_obstacle_avoidance/share/teb_obstacle_avoidance/cmake/teb_obstacle_avoidanceConfig.cmake
-- Symlinking: /home/mushfiqul/AIS_OBS_Project/ros2_ws/install/teb_obstacle_avoidance/share/teb_obstacle_avoidance/cmake/teb_obstacle_avoidanceConfig-version.cmake
-- Symlinking: /home/mushfiqul/AIS_OBS_Project/ros2_ws/install/teb_obstacle_avoidance/share/teb_obstacle_avoidance/package.xml
Listing '/home/mushfiqul/AIS_OBS_Project/ros2_ws/install/teb_obstacle_avoidance/lib/python3.12/site-packages/teb_obstacle_avoidance'...
Compiling '/home/mushfiqul/AIS_OBS_Project/ros2_ws/install/teb_obstacle_avoidance/lib/python3.12/site-packages/teb_obstacle_avoidance/__init__.py'...
