[0.060s] Invoking command in '/home/mushfiqul/AIS_OBS_Project/ros2_ws/build/teb_obstacle_avoidance': AMENT_PREFIX_PATH=/home/mushfiqul/AIS_OBS_Project/ros2_ws/install/teb_local_planner:/home/mushfiqul/AIS_OBS_Project/ros2_ws/install/teb_msgs:/home/mushfiqul/AIS_OBS_Project/ros2_ws/install/costmap_converter:/home/mushfiqul/AIS_OBS_Project/ros2_ws/install/costmap_converter_msgs:${AMENT_PREFIX_PATH} CMAKE_PREFIX_PATH=/home/mushfiqul/AIS_OBS_Project/ros2_ws/install/teb_local_planner:/home/mushfiqul/AIS_OBS_Project/ros2_ws/install/teb_msgs:/home/mushfiqul/AIS_OBS_Project/ros2_ws/install/costmap_converter:/home/mushfiqul/AIS_OBS_Project/ros2_ws/install/costmap_converter_msgs:/opt/ros/jazzy/opt/gz_sim_vendor:/opt/ros/jazzy/opt/gz_sensors_vendor:/opt/ros/jazzy/opt/gz_physics_vendor:/opt/ros/jazzy/opt/sdformat_vendor:/opt/ros/jazzy/opt/gz_gui_vendor:/opt/ros/jazzy/opt/gz_transport_vendor:/opt/ros/jazzy/opt/gz_rendering_vendor:/opt/ros/jazzy/opt/gz_plugin_vendor:/opt/ros/jazzy/opt/gz_fuel_tools_vendor:/opt/ros/jazzy/opt/gz_msgs_vendor:/opt/ros/jazzy/opt/gz_common_vendor:/opt/ros/jazzy/opt/gz_math_vendor:/opt/ros/jazzy/opt/gz_utils_vendor:/opt/ros/jazzy/opt/gz_tools_vendor:/opt/ros/jazzy/opt/gz_ogre_next_vendor:/opt/ros/jazzy/opt/gz_dartsim_vendor:/opt/ros/jazzy/opt/gz_cmake_vendor:/opt/ros/jazzy DEBUGINFOD_URLS=https://debuginfod.ubuntu.com LD_LIBRARY_PATH=/home/mushfiqul/AIS_OBS_Project/ros2_ws/install/teb_local_planner/lib:/home/mushfiqul/AIS_OBS_Project/ros2_ws/install/teb_msgs/lib:/home/mushfiqul/AIS_OBS_Project/ros2_ws/install/costmap_converter/lib:/home/mushfiqul/AIS_OBS_Project/ros2_ws/install/costmap_converter_msgs/lib:${LD_LIBRARY_PATH} PATH=/home/mushfiqul/AIS_OBS_Project/ros2_ws/install/costmap_converter/bin:${PATH} PYTHONPATH=/home/mushfiqul/AIS_OBS_Project/ros2_ws/install/teb_msgs/lib/python3.12/site-packages:/home/mushfiqul/AIS_OBS_Project/ros2_ws/install/costmap_converter_msgs/lib/python3.12/site-packages:${PYTHONPATH} /usr/bin/cmake /home/mushfiqul/AIS_OBS_Project/ros2_ws/src/teb_obstacle_avoidance -DAMENT_CMAKE_SYMLINK_INSTALL=1 -DCMAKE_INSTALL_PREFIX=/home/mushfiqul/AIS_OBS_Project/ros2_ws/install/teb_obstacle_avoidance
[0.194s] -- The C compiler identification is GNU 13.3.0
[0.274s] -- The CXX compiler identification is GNU 13.3.0
[0.304s] -- Detecting C compiler ABI info
[0.426s] -- Detecting C compiler ABI info - done
[0.438s] -- Check for working C compiler: /usr/bin/cc - skipped
[0.439s] -- Detecting C compile features
[0.440s] -- Detecting C compile features - done
[0.455s] -- Detecting CXX compiler ABI info
[0.616s] -- Detecting CXX compiler ABI info - done
[0.629s] -- Check for working CXX compiler: /usr/bin/c++ - skipped
[0.629s] -- Detecting CXX compile features
[0.630s] -- Detecting CXX compile features - done
[0.733s] -- Found ament_cmake: 2.5.5 (/opt/ros/jazzy/share/ament_cmake/cmake)
[1.004s] -- Found Python3: /usr/bin/python3 (found version "3.12.3") found components: Interpreter 
[1.117s] -- Override CMake install command with custom implementation using symlinks instead of copying resources
[1.234s] -- Found rclpy: 7.1.9 (/opt/ros/jazzy/share/rclpy/cmake)
[1.528s] -- Configuring done (1.5s)
[1.534s] -- Generating done (0.0s)
[1.536s] -- Build files have been written to: /home/mushfiqul/AIS_OBS_Project/ros2_ws/build/teb_obstacle_avoidance
[1.544s] Invoked command in '/home/mushfiqul/AIS_OBS_Project/ros2_ws/build/teb_obstacle_avoidance' returned '0': AMENT_PREFIX_PATH=/home/mushfiqul/AIS_OBS_Project/ros2_ws/install/teb_local_planner:/home/mushfiqul/AIS_OBS_Project/ros2_ws/install/teb_msgs:/home/mushfiqul/AIS_OBS_Project/ros2_ws/install/costmap_converter:/home/mushfiqul/AIS_OBS_Project/ros2_ws/install/costmap_converter_msgs:${AMENT_PREFIX_PATH} CMAKE_PREFIX_PATH=/home/mushfiqul/AIS_OBS_Project/ros2_ws/install/teb_local_planner:/home/mushfiqul/AIS_OBS_Project/ros2_ws/install/teb_msgs:/home/mushfiqul/AIS_OBS_Project/ros2_ws/install/costmap_converter:/home/mushfiqul/AIS_OBS_Project/ros2_ws/install/costmap_converter_msgs:/opt/ros/jazzy/opt/gz_sim_vendor:/opt/ros/jazzy/opt/gz_sensors_vendor:/opt/ros/jazzy/opt/gz_physics_vendor:/opt/ros/jazzy/opt/sdformat_vendor:/opt/ros/jazzy/opt/gz_gui_vendor:/opt/ros/jazzy/opt/gz_transport_vendor:/opt/ros/jazzy/opt/gz_rendering_vendor:/opt/ros/jazzy/opt/gz_plugin_vendor:/opt/ros/jazzy/opt/gz_fuel_tools_vendor:/opt/ros/jazzy/opt/gz_msgs_vendor:/opt/ros/jazzy/opt/gz_common_vendor:/opt/ros/jazzy/opt/gz_math_vendor:/opt/ros/jazzy/opt/gz_utils_vendor:/opt/ros/jazzy/opt/gz_tools_vendor:/opt/ros/jazzy/opt/gz_ogre_next_vendor:/opt/ros/jazzy/opt/gz_dartsim_vendor:/opt/ros/jazzy/opt/gz_cmake_vendor:/opt/ros/jazzy DEBUGINFOD_URLS=https://debuginfod.ubuntu.com LD_LIBRARY_PATH=/home/mushfiqul/AIS_OBS_Project/ros2_ws/install/teb_local_planner/lib:/home/mushfiqul/AIS_OBS_Project/ros2_ws/install/teb_msgs/lib:/home/mushfiqul/AIS_OBS_Project/ros2_ws/install/costmap_converter/lib:/home/mushfiqul/AIS_OBS_Project/ros2_ws/install/costmap_converter_msgs/lib:${LD_LIBRARY_PATH} PATH=/home/mushfiqul/AIS_OBS_Project/ros2_ws/install/costmap_converter/bin:${PATH} PYTHONPATH=/home/mushfiqul/AIS_OBS_Project/ros2_ws/install/teb_msgs/lib/python3.12/site-packages:/home/mushfiqul/AIS_OBS_Project/ros2_ws/install/costmap_converter_msgs/lib/python3.12/site-packages:${PYTHONPATH} /usr/bin/cmake /home/mushfiqul/AIS_OBS_Project/ros2_ws/src/teb_obstacle_avoidance -DAMENT_CMAKE_SYMLINK_INSTALL=1 -DCMAKE_INSTALL_PREFIX=/home/mushfiqul/AIS_OBS_Project/ros2_ws/install/teb_obstacle_avoidance
[1.545s] Invoking command in '/home/mushfiqul/AIS_OBS_Project/ros2_ws/build/teb_obstacle_avoidance': AMENT_PREFIX_PATH=/home/mushfiqul/AIS_OBS_Project/ros2_ws/install/teb_local_planner:/home/mushfiqul/AIS_OBS_Project/ros2_ws/install/teb_msgs:/home/mushfiqul/AIS_OBS_Project/ros2_ws/install/costmap_converter:/home/mushfiqul/AIS_OBS_Project/ros2_ws/install/costmap_converter_msgs:${AMENT_PREFIX_PATH} CMAKE_PREFIX_PATH=/home/mushfiqul/AIS_OBS_Project/ros2_ws/install/teb_local_planner:/home/mushfiqul/AIS_OBS_Project/ros2_ws/install/teb_msgs:/home/mushfiqul/AIS_OBS_Project/ros2_ws/install/costmap_converter:/home/mushfiqul/AIS_OBS_Project/ros2_ws/install/costmap_converter_msgs:/opt/ros/jazzy/opt/gz_sim_vendor:/opt/ros/jazzy/opt/gz_sensors_vendor:/opt/ros/jazzy/opt/gz_physics_vendor:/opt/ros/jazzy/opt/sdformat_vendor:/opt/ros/jazzy/opt/gz_gui_vendor:/opt/ros/jazzy/opt/gz_transport_vendor:/opt/ros/jazzy/opt/gz_rendering_vendor:/opt/ros/jazzy/opt/gz_plugin_vendor:/opt/ros/jazzy/opt/gz_fuel_tools_vendor:/opt/ros/jazzy/opt/gz_msgs_vendor:/opt/ros/jazzy/opt/gz_common_vendor:/opt/ros/jazzy/opt/gz_math_vendor:/opt/ros/jazzy/opt/gz_utils_vendor:/opt/ros/jazzy/opt/gz_tools_vendor:/opt/ros/jazzy/opt/gz_ogre_next_vendor:/opt/ros/jazzy/opt/gz_dartsim_vendor:/opt/ros/jazzy/opt/gz_cmake_vendor:/opt/ros/jazzy DEBUGINFOD_URLS=https://debuginfod.ubuntu.com LD_LIBRARY_PATH=/home/mushfiqul/AIS_OBS_Project/ros2_ws/install/teb_local_planner/lib:/home/mushfiqul/AIS_OBS_Project/ros2_ws/install/teb_msgs/lib:/home/mushfiqul/AIS_OBS_Project/ros2_ws/install/costmap_converter/lib:/home/mushfiqul/AIS_OBS_Project/ros2_ws/install/costmap_converter_msgs/lib:${LD_LIBRARY_PATH} PATH=/home/mushfiqul/AIS_OBS_Project/ros2_ws/install/costmap_converter/bin:${PATH} PYTHONPATH=/home/mushfiqul/AIS_OBS_Project/ros2_ws/install/teb_msgs/lib/python3.12/site-packages:/home/mushfiqul/AIS_OBS_Project/ros2_ws/install/costmap_converter_msgs/lib/python3.12/site-packages:${PYTHONPATH} /usr/bin/cmake --build /home/mushfiqul/AIS_OBS_Project/ros2_ws/build/teb_obstacle_avoidance
[1.630s] Built target ament_cmake_python_symlink_teb_obstacle_avoidance
[1.896s] running egg_info
[1.897s] creating teb_obstacle_avoidance.egg-info
[1.923s] writing teb_obstacle_avoidance.egg-info/PKG-INFO
[1.924s] writing dependency_links to teb_obstacle_avoidance.egg-info/dependency_links.txt
[1.924s] writing top-level names to teb_obstacle_avoidance.egg-info/top_level.txt
[1.924s] writing manifest file 'teb_obstacle_avoidance.egg-info/SOURCES.txt'
[2.001s] reading manifest file 'teb_obstacle_avoidance.egg-info/SOURCES.txt'
[2.001s] writing manifest file 'teb_obstacle_avoidance.egg-info/SOURCES.txt'
[2.037s] Built target ament_cmake_python_build_teb_obstacle_avoidance_egg
[2.053s] Invoked command in '/home/mushfiqul/AIS_OBS_Project/ros2_ws/build/teb_obstacle_avoidance' returned '0': AMENT_PREFIX_PATH=/home/mushfiqul/AIS_OBS_Project/ros2_ws/install/teb_local_planner:/home/mushfiqul/AIS_OBS_Project/ros2_ws/install/teb_msgs:/home/mushfiqul/AIS_OBS_Project/ros2_ws/install/costmap_converter:/home/mushfiqul/AIS_OBS_Project/ros2_ws/install/costmap_converter_msgs:${AMENT_PREFIX_PATH} CMAKE_PREFIX_PATH=/home/mushfiqul/AIS_OBS_Project/ros2_ws/install/teb_local_planner:/home/mushfiqul/AIS_OBS_Project/ros2_ws/install/teb_msgs:/home/mushfiqul/AIS_OBS_Project/ros2_ws/install/costmap_converter:/home/mushfiqul/AIS_OBS_Project/ros2_ws/install/costmap_converter_msgs:/opt/ros/jazzy/opt/gz_sim_vendor:/opt/ros/jazzy/opt/gz_sensors_vendor:/opt/ros/jazzy/opt/gz_physics_vendor:/opt/ros/jazzy/opt/sdformat_vendor:/opt/ros/jazzy/opt/gz_gui_vendor:/opt/ros/jazzy/opt/gz_transport_vendor:/opt/ros/jazzy/opt/gz_rendering_vendor:/opt/ros/jazzy/opt/gz_plugin_vendor:/opt/ros/jazzy/opt/gz_fuel_tools_vendor:/opt/ros/jazzy/opt/gz_msgs_vendor:/opt/ros/jazzy/opt/gz_common_vendor:/opt/ros/jazzy/opt/gz_math_vendor:/opt/ros/jazzy/opt/gz_utils_vendor:/opt/ros/jazzy/opt/gz_tools_vendor:/opt/ros/jazzy/opt/gz_ogre_next_vendor:/opt/ros/jazzy/opt/gz_dartsim_vendor:/opt/ros/jazzy/opt/gz_cmake_vendor:/opt/ros/jazzy DEBUGINFOD_URLS=https://debuginfod.ubuntu.com LD_LIBRARY_PATH=/home/mushfiqul/AIS_OBS_Project/ros2_ws/install/teb_local_planner/lib:/home/mushfiqul/AIS_OBS_Project/ros2_ws/install/teb_msgs/lib:/home/mushfiqul/AIS_OBS_Project/ros2_ws/install/costmap_converter/lib:/home/mushfiqul/AIS_OBS_Project/ros2_ws/install/costmap_converter_msgs/lib:${LD_LIBRARY_PATH} PATH=/home/mushfiqul/AIS_OBS_Project/ros2_ws/install/costmap_converter/bin:${PATH} PYTHONPATH=/home/mushfiqul/AIS_OBS_Project/ros2_ws/install/teb_msgs/lib/python3.12/site-packages:/home/mushfiqul/AIS_OBS_Project/ros2_ws/install/costmap_converter_msgs/lib/python3.12/site-packages:${PYTHONPATH} /usr/bin/cmake --build /home/mushfiqul/AIS_OBS_Project/ros2_ws/build/teb_obstacle_avoidance
[2.055s] Invoking command in '/home/mushfiqul/AIS_OBS_Project/ros2_ws/build/teb_obstacle_avoidance': AMENT_PREFIX_PATH=/home/mushfiqul/AIS_OBS_Project/ros2_ws/install/teb_local_planner:/home/mushfiqul/AIS_OBS_Project/ros2_ws/install/teb_msgs:/home/mushfiqul/AIS_OBS_Project/ros2_ws/install/costmap_converter:/home/mushfiqul/AIS_OBS_Project/ros2_ws/install/costmap_converter_msgs:${AMENT_PREFIX_PATH} CMAKE_PREFIX_PATH=/home/mushfiqul/AIS_OBS_Project/ros2_ws/install/teb_local_planner:/home/mushfiqul/AIS_OBS_Project/ros2_ws/install/teb_msgs:/home/mushfiqul/AIS_OBS_Project/ros2_ws/install/costmap_converter:/home/mushfiqul/AIS_OBS_Project/ros2_ws/install/costmap_converter_msgs:/opt/ros/jazzy/opt/gz_sim_vendor:/opt/ros/jazzy/opt/gz_sensors_vendor:/opt/ros/jazzy/opt/gz_physics_vendor:/opt/ros/jazzy/opt/sdformat_vendor:/opt/ros/jazzy/opt/gz_gui_vendor:/opt/ros/jazzy/opt/gz_transport_vendor:/opt/ros/jazzy/opt/gz_rendering_vendor:/opt/ros/jazzy/opt/gz_plugin_vendor:/opt/ros/jazzy/opt/gz_fuel_tools_vendor:/opt/ros/jazzy/opt/gz_msgs_vendor:/opt/ros/jazzy/opt/gz_common_vendor:/opt/ros/jazzy/opt/gz_math_vendor:/opt/ros/jazzy/opt/gz_utils_vendor:/opt/ros/jazzy/opt/gz_tools_vendor:/opt/ros/jazzy/opt/gz_ogre_next_vendor:/opt/ros/jazzy/opt/gz_dartsim_vendor:/opt/ros/jazzy/opt/gz_cmake_vendor:/opt/ros/jazzy DEBUGINFOD_URLS=https://debuginfod.ubuntu.com LD_LIBRARY_PATH=/home/mushfiqul/AIS_OBS_Project/ros2_ws/install/teb_local_planner/lib:/home/mushfiqul/AIS_OBS_Project/ros2_ws/install/teb_msgs/lib:/home/mushfiqul/AIS_OBS_Project/ros2_ws/install/costmap_converter/lib:/home/mushfiqul/AIS_OBS_Project/ros2_ws/install/costmap_converter_msgs/lib:${LD_LIBRARY_PATH} PATH=/home/mushfiqul/AIS_OBS_Project/ros2_ws/install/costmap_converter/bin:${PATH} PYTHONPATH=/home/mushfiqul/AIS_OBS_Project/ros2_ws/install/teb_msgs/lib/python3.12/site-packages:/home/mushfiqul/AIS_OBS_Project/ros2_ws/install/costmap_converter_msgs/lib/python3.12/site-packages:${PYTHONPATH} /usr/bin/cmake --install /home/mushfiqul/AIS_OBS_Project/ros2_ws/build/teb_obstacle_avoidance
[2.065s] -- Install configuration: ""
[2.066s] -- Execute custom install script
[2.066s] -- Symlinking: /home/mushfiqul/AIS_OBS_Project/ros2_ws/install/teb_obstacle_avoidance/share/teb_obstacle_avoidance/environment/pythonpath.sh
[2.079s] -- Symlinking: /home/mushfiqul/AIS_OBS_Project/ros2_ws/install/teb_obstacle_avoidance/share/teb_obstacle_avoidance/environment/pythonpath.dsv
[2.092s] -- Symlinking: /home/mushfiqul/AIS_OBS_Project/ros2_ws/install/teb_obstacle_avoidance/lib/python3.12/site-packages/teb_obstacle_avoidance-0.1.0-py3.12.egg-info/PKG-INFO
[2.105s] -- Symlinking: /home/mushfiqul/AIS_OBS_Project/ros2_ws/install/teb_obstacle_avoidance/lib/python3.12/site-packages/teb_obstacle_avoidance-0.1.0-py3.12.egg-info/SOURCES.txt
[2.118s] -- Symlinking: /home/mushfiqul/AIS_OBS_Project/ros2_ws/install/teb_obstacle_avoidance/lib/python3.12/site-packages/teb_obstacle_avoidance-0.1.0-py3.12.egg-info/dependency_links.txt
[2.131s] -- Symlinking: /home/mushfiqul/AIS_OBS_Project/ros2_ws/install/teb_obstacle_avoidance/lib/python3.12/site-packages/teb_obstacle_avoidance-0.1.0-py3.12.egg-info/top_level.txt
[2.144s] -- Symlinking: /home/mushfiqul/AIS_OBS_Project/ros2_ws/install/teb_obstacle_avoidance/lib/python3.12/site-packages/teb_obstacle_avoidance/__init__.py
[2.157s] -- Symlinking: /home/mushfiqul/AIS_OBS_Project/ros2_ws/install/teb_obstacle_avoidance/lib/teb_obstacle_avoidance/collect_metrics.py
[2.169s] -- Symlinking: /home/mushfiqul/AIS_OBS_Project/ros2_ws/install/teb_obstacle_avoidance/lib/teb_obstacle_avoidance/dynamic_obstacle_spawner.py
[2.182s] -- Symlinking: /home/mushfiqul/AIS_OBS_Project/ros2_ws/install/teb_obstacle_avoidance/lib/teb_obstacle_avoidance/goal_sender.py
[2.195s] -- Symlinking: /home/mushfiqul/AIS_OBS_Project/ros2_ws/install/teb_obstacle_avoidance/share/teb_obstacle_avoidance/launch/nav_simulation.launch.py
[2.208s] -- Symlinking: /home/mushfiqul/AIS_OBS_Project/ros2_ws/install/teb_obstacle_avoidance/share/teb_obstacle_avoidance/config/nav2_params_dwa.yaml
[2.221s] -- Symlinking: /home/mushfiqul/AIS_OBS_Project/ros2_ws/install/teb_obstacle_avoidance/share/teb_obstacle_avoidance/config/nav2_params_teb.yaml
[2.234s] -- Symlinking: /home/mushfiqul/AIS_OBS_Project/ros2_ws/install/teb_obstacle_avoidance/share/teb_obstacle_avoidance/worlds/scenario_dynamic.world
[2.247s] -- Symlinking: /home/mushfiqul/AIS_OBS_Project/ros2_ws/install/teb_obstacle_avoidance/share/teb_obstacle_avoidance/worlds/scenario_mixed.world
[2.259s] -- Symlinking: /home/mushfiqul/AIS_OBS_Project/ros2_ws/install/teb_obstacle_avoidance/share/teb_obstacle_avoidance/worlds/scenario_narrow.world
[2.272s] -- Symlinking: /home/mushfiqul/AIS_OBS_Project/ros2_ws/install/teb_obstacle_avoidance/share/teb_obstacle_avoidance/worlds/scenario_static.world
[2.285s] -- Symlinking: /home/mushfiqul/AIS_OBS_Project/ros2_ws/install/teb_obstacle_avoidance/share/ament_index/resource_index/package_run_dependencies/teb_obstacle_avoidance
[2.298s] -- Symlinking: /home/mushfiqul/AIS_OBS_Project/ros2_ws/install/teb_obstacle_avoidance/share/ament_index/resource_index/parent_prefix_path/teb_obstacle_avoidance
[2.312s] -- Symlinking: /home/mushfiqul/AIS_OBS_Project/ros2_ws/install/teb_obstacle_avoidance/share/teb_obstacle_avoidance/environment/ament_prefix_path.sh
[2.325s] -- Symlinking: /home/mushfiqul/AIS_OBS_Project/ros2_ws/install/teb_obstacle_avoidance/share/teb_obstacle_avoidance/environment/ament_prefix_path.dsv
[2.338s] -- Symlinking: /home/mushfiqul/AIS_OBS_Project/ros2_ws/install/teb_obstacle_avoidance/share/teb_obstacle_avoidance/environment/path.sh
[2.352s] -- Symlinking: /home/mushfiqul/AIS_OBS_Project/ros2_ws/install/teb_obstacle_avoidance/share/teb_obstacle_avoidance/environment/path.dsv
[2.364s] -- Symlinking: /home/mushfiqul/AIS_OBS_Project/ros2_ws/install/teb_obstacle_avoidance/share/teb_obstacle_avoidance/local_setup.bash
[2.378s] -- Symlinking: /home/mushfiqul/AIS_OBS_Project/ros2_ws/install/teb_obstacle_avoidance/share/teb_obstacle_avoidance/local_setup.sh
[2.391s] -- Symlinking: /home/mushfiqul/AIS_OBS_Project/ros2_ws/install/teb_obstacle_avoidance/share/teb_obstacle_avoidance/local_setup.zsh
[2.404s] -- Symlinking: /home/mushfiqul/AIS_OBS_Project/ros2_ws/install/teb_obstacle_avoidance/share/teb_obstacle_avoidance/local_setup.dsv
[2.417s] -- Symlinking: /home/mushfiqul/AIS_OBS_Project/ros2_ws/install/teb_obstacle_avoidance/share/teb_obstacle_avoidance/package.dsv
[2.430s] -- Symlinking: /home/mushfiqul/AIS_OBS_Project/ros2_ws/install/teb_obstacle_avoidance/share/ament_index/resource_index/packages/teb_obstacle_avoidance
[2.443s] -- Symlinking: /home/mushfiqul/AIS_OBS_Project/ros2_ws/install/teb_obstacle_avoidance/share/teb_obstacle_avoidance/cmake/teb_obstacle_avoidanceConfig.cmake
[2.456s] -- Symlinking: /home/mushfiqul/AIS_OBS_Project/ros2_ws/install/teb_obstacle_avoidance/share/teb_obstacle_avoidance/cmake/teb_obstacle_avoidanceConfig-version.cmake
[2.469s] -- Symlinking: /home/mushfiqul/AIS_OBS_Project/ros2_ws/install/teb_obstacle_avoidance/share/teb_obstacle_avoidance/package.xml
[2.530s] Listing '/home/mushfiqul/AIS_OBS_Project/ros2_ws/install/teb_obstacle_avoidance/lib/python3.12/site-packages/teb_obstacle_avoidance'...
[2.530s] Compiling '/home/mushfiqul/AIS_OBS_Project/ros2_ws/install/teb_obstacle_avoidance/lib/python3.12/site-packages/teb_obstacle_avoidance/__init__.py'...
[2.540s] Invoked command in '/home/mushfiqul/AIS_OBS_Project/ros2_ws/build/teb_obstacle_avoidance' returned '0': AMENT_PREFIX_PATH=/home/mushfiqul/AIS_OBS_Project/ros2_ws/install/teb_local_planner:/home/mushfiqul/AIS_OBS_Project/ros2_ws/install/teb_msgs:/home/mushfiqul/AIS_OBS_Project/ros2_ws/install/costmap_converter:/home/mushfiqul/AIS_OBS_Project/ros2_ws/install/costmap_converter_msgs:${AMENT_PREFIX_PATH} CMAKE_PREFIX_PATH=/home/mushfiqul/AIS_OBS_Project/ros2_ws/install/teb_local_planner:/home/mushfiqul/AIS_OBS_Project/ros2_ws/install/teb_msgs:/home/mushfiqul/AIS_OBS_Project/ros2_ws/install/costmap_converter:/home/mushfiqul/AIS_OBS_Project/ros2_ws/install/costmap_converter_msgs:/opt/ros/jazzy/opt/gz_sim_vendor:/opt/ros/jazzy/opt/gz_sensors_vendor:/opt/ros/jazzy/opt/gz_physics_vendor:/opt/ros/jazzy/opt/sdformat_vendor:/opt/ros/jazzy/opt/gz_gui_vendor:/opt/ros/jazzy/opt/gz_transport_vendor:/opt/ros/jazzy/opt/gz_rendering_vendor:/opt/ros/jazzy/opt/gz_plugin_vendor:/opt/ros/jazzy/opt/gz_fuel_tools_vendor:/opt/ros/jazzy/opt/gz_msgs_vendor:/opt/ros/jazzy/opt/gz_common_vendor:/opt/ros/jazzy/opt/gz_math_vendor:/opt/ros/jazzy/opt/gz_utils_vendor:/opt/ros/jazzy/opt/gz_tools_vendor:/opt/ros/jazzy/opt/gz_ogre_next_vendor:/opt/ros/jazzy/opt/gz_dartsim_vendor:/opt/ros/jazzy/opt/gz_cmake_vendor:/opt/ros/jazzy DEBUGINFOD_URLS=https://debuginfod.ubuntu.com LD_LIBRARY_PATH=/home/mushfiqul/AIS_OBS_Project/ros2_ws/install/teb_local_planner/lib:/home/mushfiqul/AIS_OBS_Project/ros2_ws/install/teb_msgs/lib:/home/mushfiqul/AIS_OBS_Project/ros2_ws/install/costmap_converter/lib:/home/mushfiqul/AIS_OBS_Project/ros2_ws/install/costmap_converter_msgs/lib:${LD_LIBRARY_PATH} PATH=/home/mushfiqul/AIS_OBS_Project/ros2_ws/install/costmap_converter/bin:${PATH} PYTHONPATH=/home/mushfiqul/AIS_OBS_Project/ros2_ws/install/teb_msgs/lib/python3.12/site-packages:/home/mushfiqul/AIS_OBS_Project/ros2_ws/install/costmap_converter_msgs/lib/python3.12/site-packages:${PYTHONPATH} /usr/bin/cmake --install /home/mushfiqul/AIS_OBS_Project/ros2_ws/build/teb_obstacle_avoidance
