[0.018s] Invoking command in '/home/mushfiqul/AIS_OBS_Project/ros2_ws/build/teb_msgs': AMENT_PREFIX_PATH=/home/mushfiqul/AIS_OBS_Project/ros2_ws/install/costmap_converter_msgs:${AMENT_PREFIX_PATH} CMAKE_PREFIX_PATH=/home/mushfiqul/AIS_OBS_Project/ros2_ws/install/costmap_converter_msgs:/opt/ros/jazzy/opt/gz_sim_vendor:/opt/ros/jazzy/opt/gz_sensors_vendor:/opt/ros/jazzy/opt/gz_physics_vendor:/opt/ros/jazzy/opt/sdformat_vendor:/opt/ros/jazzy/opt/gz_gui_vendor:/opt/ros/jazzy/opt/gz_transport_vendor:/opt/ros/jazzy/opt/gz_rendering_vendor:/opt/ros/jazzy/opt/gz_plugin_vendor:/opt/ros/jazzy/opt/gz_fuel_tools_vendor:/opt/ros/jazzy/opt/gz_msgs_vendor:/opt/ros/jazzy/opt/gz_common_vendor:/opt/ros/jazzy/opt/gz_math_vendor:/opt/ros/jazzy/opt/gz_utils_vendor:/opt/ros/jazzy/opt/gz_tools_vendor:/opt/ros/jazzy/opt/gz_ogre_next_vendor:/opt/ros/jazzy/opt/gz_dartsim_vendor:/opt/ros/jazzy/opt/gz_cmake_vendor:/opt/ros/jazzy DEBUGINFOD_URLS=https://debuginfod.ubuntu.com LD_LIBRARY_PATH=/home/mushfiqul/AIS_OBS_Project/ros2_ws/install/costmap_converter_msgs/lib:${LD_LIBRARY_PATH} PYTHONPATH=/home/mushfiqul/AIS_OBS_Project/ros2_ws/install/costmap_converter_msgs/lib/python3.12/site-packages:${PYTHONPATH} /usr/bin/cmake --build /home/mushfiqul/AIS_OBS_Project/ros2_ws/build/teb_msgs
[0.121s] [  1%] Built target teb_msgs__rosidl_generator_type_description
[0.137s] [  1%] Built target ament_cmake_python_symlink_teb_msgs
[0.172s] [  3%] Built target teb_msgs__cpp
[0.195s] [ 24%] Built target teb_msgs__rosidl_generator_c
[0.249s] [ 33%] Built target teb_msgs__rosidl_typesupport_cpp
[0.304s] [ 42%] Built target teb_msgs__rosidl_typesupport_fastrtps_c
[0.356s] [ 51%] Built target teb_msgs__rosidl_typesupport_fastrtps_cpp
[0.410s] [ 61%] Built target teb_msgs__rosidl_typesupport_introspection_c
[0.458s] [ 70%] Built target teb_msgs__rosidl_typesupport_c
[0.520s] [ 79%] Built target teb_msgs__rosidl_typesupport_introspection_cpp
[0.567s] [ 79%] Built target teb_msgs
[0.577s] running egg_info
[0.641s] [ 81%] Built target teb_msgs__py
[0.645s] writing teb_msgs.egg-info/PKG-INFO
[0.646s] writing dependency_links to teb_msgs.egg-info/dependency_links.txt
[0.646s] writing top-level names to teb_msgs.egg-info/top_level.txt
[0.724s] [ 88%] Built target teb_msgs__rosidl_generator_py
[0.796s] [ 92%] Built target teb_msgs_s__rosidl_typesupport_fastrtps_c
[0.836s] reading manifest file 'teb_msgs.egg-info/SOURCES.txt'
[0.840s] writing manifest file 'teb_msgs.egg-info/SOURCES.txt'
[0.864s] [ 96%] Built target teb_msgs_s__rosidl_typesupport_introspection_c
[0.929s] [ 96%] Built target ament_cmake_python_build_teb_msgs_egg
[0.938s] [100%] Built target teb_msgs_s__rosidl_typesupport_c
[0.968s] Invoked command in '/home/mushfiqul/AIS_OBS_Project/ros2_ws/build/teb_msgs' returned '0': AMENT_PREFIX_PATH=/home/mushfiqul/AIS_OBS_Project/ros2_ws/install/costmap_converter_msgs:${AMENT_PREFIX_PATH} CMAKE_PREFIX_PATH=/home/mushfiqul/AIS_OBS_Project/ros2_ws/install/costmap_converter_msgs:/opt/ros/jazzy/opt/gz_sim_vendor:/opt/ros/jazzy/opt/gz_sensors_vendor:/opt/ros/jazzy/opt/gz_physics_vendor:/opt/ros/jazzy/opt/sdformat_vendor:/opt/ros/jazzy/opt/gz_gui_vendor:/opt/ros/jazzy/opt/gz_transport_vendor:/opt/ros/jazzy/opt/gz_rendering_vendor:/opt/ros/jazzy/opt/gz_plugin_vendor:/opt/ros/jazzy/opt/gz_fuel_tools_vendor:/opt/ros/jazzy/opt/gz_msgs_vendor:/opt/ros/jazzy/opt/gz_common_vendor:/opt/ros/jazzy/opt/gz_math_vendor:/opt/ros/jazzy/opt/gz_utils_vendor:/opt/ros/jazzy/opt/gz_tools_vendor:/opt/ros/jazzy/opt/gz_ogre_next_vendor:/opt/ros/jazzy/opt/gz_dartsim_vendor:/opt/ros/jazzy/opt/gz_cmake_vendor:/opt/ros/jazzy DEBUGINFOD_URLS=https://debuginfod.ubuntu.com LD_LIBRARY_PATH=/home/mushfiqul/AIS_OBS_Project/ros2_ws/install/costmap_converter_msgs/lib:${LD_LIBRARY_PATH} PYTHONPATH=/home/mushfiqul/AIS_OBS_Project/ros2_ws/install/costmap_converter_msgs/lib/python3.12/site-packages:${PYTHONPATH} /usr/bin/cmake --build /home/mushfiqul/AIS_OBS_Project/ros2_ws/build/teb_msgs
[0.974s] Invoking command in '/home/mushfiqul/AIS_OBS_Project/ros2_ws/build/teb_msgs': AMENT_PREFIX_PATH=/home/mushfiqul/AIS_OBS_Project/ros2_ws/install/costmap_converter_msgs:${AMENT_PREFIX_PATH} CMAKE_PREFIX_PATH=/home/mushfiqul/AIS_OBS_Project/ros2_ws/install/costmap_converter_msgs:/opt/ros/jazzy/opt/gz_sim_vendor:/opt/ros/jazzy/opt/gz_sensors_vendor:/opt/ros/jazzy/opt/gz_physics_vendor:/opt/ros/jazzy/opt/sdformat_vendor:/opt/ros/jazzy/opt/gz_gui_vendor:/opt/ros/jazzy/opt/gz_transport_vendor:/opt/ros/jazzy/opt/gz_rendering_vendor:/opt/ros/jazzy/opt/gz_plugin_vendor:/opt/ros/jazzy/opt/gz_fuel_tools_vendor:/opt/ros/jazzy/opt/gz_msgs_vendor:/opt/ros/jazzy/opt/gz_common_vendor:/opt/ros/jazzy/opt/gz_math_vendor:/opt/ros/jazzy/opt/gz_utils_vendor:/opt/ros/jazzy/opt/gz_tools_vendor:/opt/ros/jazzy/opt/gz_ogre_next_vendor:/opt/ros/jazzy/opt/gz_dartsim_vendor:/opt/ros/jazzy/opt/gz_cmake_vendor:/opt/ros/jazzy DEBUGINFOD_URLS=https://debuginfod.ubuntu.com LD_LIBRARY_PATH=/home/mushfiqul/AIS_OBS_Project/ros2_ws/install/costmap_converter_msgs/lib:${LD_LIBRARY_PATH} PYTHONPATH=/home/mushfiqul/AIS_OBS_Project/ros2_ws/install/costmap_converter_msgs/lib/python3.12/site-packages:${PYTHONPATH} /usr/bin/cmake --install /home/mushfiqul/AIS_OBS_Project/ros2_ws/build/teb_msgs
[0.992s] -- Install configuration: ""
[0.993s] -- Execute custom install script
[0.995s] -- Up-to-date symlink: /home/mushfiqul/AIS_OBS_Project/ros2_ws/install/teb_msgs/share/ament_index/resource_index/rosidl_interfaces/teb_msgs
[0.996s] -- Up-to-date symlink: /home/mushfiqul/AIS_OBS_Project/ros2_ws/install/teb_msgs/share/teb_msgs/msg/FeedbackMsg.json
[0.997s] -- Up-to-date symlink: /home/mushfiqul/AIS_OBS_Project/ros2_ws/install/teb_msgs/share/teb_msgs/msg/TrajectoryMsg.json
[0.998s] -- Up-to-date symlink: /home/mushfiqul/AIS_OBS_Project/ros2_ws/install/teb_msgs/share/teb_msgs/msg/TrajectoryPointMsg.json
[1.000s] -- Up-to-date symlink: /home/mushfiqul/AIS_OBS_Project/ros2_ws/install/teb_msgs/include/teb_msgs/teb_msgs/msg/detail/feedback_msg__functions.h
[1.002s] -- Up-to-date symlink: /home/mushfiqul/AIS_OBS_Project/ros2_ws/install/teb_msgs/include/teb_msgs/teb_msgs/msg/detail/feedback_msg__struct.h
[1.003s] -- Up-to-date symlink: /home/mushfiqul/AIS_OBS_Project/ros2_ws/install/teb_msgs/include/teb_msgs/teb_msgs/msg/detail/feedback_msg__type_support.h
[1.005s] -- Up-to-date symlink: /home/mushfiqul/AIS_OBS_Project/ros2_ws/install/teb_msgs/include/teb_msgs/teb_msgs/msg/detail/trajectory_msg__functions.h
[1.005s] -- Up-to-date symlink: /home/mushfiqul/AIS_OBS_Project/ros2_ws/install/teb_msgs/include/teb_msgs/teb_msgs/msg/detail/trajectory_msg__struct.h
[1.006s] -- Up-to-date symlink: /home/mushfiqul/AIS_OBS_Project/ros2_ws/install/teb_msgs/include/teb_msgs/teb_msgs/msg/detail/trajectory_msg__type_support.h
[1.007s] -- Up-to-date symlink: /home/mushfiqul/AIS_OBS_Project/ros2_ws/install/teb_msgs/include/teb_msgs/teb_msgs/msg/detail/trajectory_point_msg__functions.h
[1.007s] -- Up-to-date symlink: /home/mushfiqul/AIS_OBS_Project/ros2_ws/install/teb_msgs/include/teb_msgs/teb_msgs/msg/detail/trajectory_point_msg__struct.h
[1.009s] -- Up-to-date symlink: /home/mushfiqul/AIS_OBS_Project/ros2_ws/install/teb_msgs/include/teb_msgs/teb_msgs/msg/detail/trajectory_point_msg__type_support.h
[1.009s] -- Up-to-date symlink: /home/mushfiqul/AIS_OBS_Project/ros2_ws/install/teb_msgs/include/teb_msgs/teb_msgs/msg/feedback_msg.h
[1.010s] -- Up-to-date symlink: /home/mushfiqul/AIS_OBS_Project/ros2_ws/install/teb_msgs/include/teb_msgs/teb_msgs/msg/rosidl_generator_c__visibility_control.h
[1.012s] -- Up-to-date symlink: /home/mushfiqul/AIS_OBS_Project/ros2_ws/install/teb_msgs/include/teb_msgs/teb_msgs/msg/trajectory_msg.h
[1.013s] -- Up-to-date symlink: /home/mushfiqul/AIS_OBS_Project/ros2_ws/install/teb_msgs/include/teb_msgs/teb_msgs/msg/trajectory_point_msg.h
[1.013s] -- Up-to-date symlink: /home/mushfiqul/AIS_OBS_Project/ros2_ws/install/teb_msgs/share/teb_msgs/environment/library_path.sh
[1.013s] -- Up-to-date symlink: /home/mushfiqul/AIS_OBS_Project/ros2_ws/install/teb_msgs/share/teb_msgs/environment/library_path.dsv
[1.016s] -- Up-to-date symlink: /home/mushfiqul/AIS_OBS_Project/ros2_ws/install/teb_msgs/include/teb_msgs/teb_msgs/msg/detail/feedback_msg__rosidl_typesupport_fastrtps_c.h
[1.017s] -- Up-to-date symlink: /home/mushfiqul/AIS_OBS_Project/ros2_ws/install/teb_msgs/include/teb_msgs/teb_msgs/msg/detail/trajectory_msg__rosidl_typesupport_fastrtps_c.h
[1.018s] -- Up-to-date symlink: /home/mushfiqul/AIS_OBS_Project/ros2_ws/install/teb_msgs/include/teb_msgs/teb_msgs/msg/detail/trajectory_point_msg__rosidl_typesupport_fastrtps_c.h
[1.019s] -- Up-to-date symlink: /home/mushfiqul/AIS_OBS_Project/ros2_ws/install/teb_msgs/include/teb_msgs/teb_msgs/msg/rosidl_typesupport_fastrtps_c__visibility_control.h
[1.021s] -- Up-to-date symlink: /home/mushfiqul/AIS_OBS_Project/ros2_ws/install/teb_msgs/include/teb_msgs/teb_msgs/msg/detail/feedback_msg__builder.hpp
[1.022s] -- Up-to-date symlink: /home/mushfiqul/AIS_OBS_Project/ros2_ws/install/teb_msgs/include/teb_msgs/teb_msgs/msg/detail/feedback_msg__struct.hpp
[1.022s] -- Up-to-date symlink: /home/mushfiqul/AIS_OBS_Project/ros2_ws/install/teb_msgs/include/teb_msgs/teb_msgs/msg/detail/feedback_msg__traits.hpp
[1.022s] -- Up-to-date symlink: /home/mushfiqul/AIS_OBS_Project/ros2_ws/install/teb_msgs/include/teb_msgs/teb_msgs/msg/detail/feedback_msg__type_support.hpp
[1.023s] -- Up-to-date symlink: /home/mushfiqul/AIS_OBS_Project/ros2_ws/install/teb_msgs/include/teb_msgs/teb_msgs/msg/detail/trajectory_msg__builder.hpp
[1.023s] -- Up-to-date symlink: /home/mushfiqul/AIS_OBS_Project/ros2_ws/install/teb_msgs/include/teb_msgs/teb_msgs/msg/detail/trajectory_msg__struct.hpp
[1.023s] -- Up-to-date symlink: /home/mushfiqul/AIS_OBS_Project/ros2_ws/install/teb_msgs/include/teb_msgs/teb_msgs/msg/detail/trajectory_msg__traits.hpp
[1.023s] -- Up-to-date symlink: /home/mushfiqul/AIS_OBS_Project/ros2_ws/install/teb_msgs/include/teb_msgs/teb_msgs/msg/detail/trajectory_msg__type_support.hpp
[1.024s] -- Up-to-date symlink: /home/mushfiqul/AIS_OBS_Project/ros2_ws/install/teb_msgs/include/teb_msgs/teb_msgs/msg/detail/trajectory_point_msg__builder.hpp
[1.024s] -- Up-to-date symlink: /home/mushfiqul/AIS_OBS_Project/ros2_ws/install/teb_msgs/include/teb_msgs/teb_msgs/msg/detail/trajectory_point_msg__struct.hpp
[1.024s] -- Up-to-date symlink: /home/mushfiqul/AIS_OBS_Project/ros2_ws/install/teb_msgs/include/teb_msgs/teb_msgs/msg/detail/trajectory_point_msg__traits.hpp
[1.025s] -- Up-to-date symlink: /home/mushfiqul/AIS_OBS_Project/ros2_ws/install/teb_msgs/include/teb_msgs/teb_msgs/msg/detail/trajectory_point_msg__type_support.hpp
[1.025s] -- Up-to-date symlink: /home/mushfiqul/AIS_OBS_Project/ros2_ws/install/teb_msgs/include/teb_msgs/teb_msgs/msg/feedback_msg.hpp
[1.025s] -- Up-to-date symlink: /home/mushfiqul/AIS_OBS_Project/ros2_ws/install/teb_msgs/include/teb_msgs/teb_msgs/msg/rosidl_generator_cpp__visibility_control.hpp
[1.025s] -- Up-to-date symlink: /home/mushfiqul/AIS_OBS_Project/ros2_ws/install/teb_msgs/include/teb_msgs/teb_msgs/msg/trajectory_msg.hpp
[1.025s] -- Up-to-date symlink: /home/mushfiqul/AIS_OBS_Project/ros2_ws/install/teb_msgs/include/teb_msgs/teb_msgs/msg/trajectory_point_msg.hpp
[1.027s] -- Up-to-date symlink: /home/mushfiqul/AIS_OBS_Project/ros2_ws/install/teb_msgs/include/teb_msgs/teb_msgs/msg/detail/feedback_msg__rosidl_typesupport_fastrtps_cpp.hpp
[1.028s] -- Up-to-date symlink: /home/mushfiqul/AIS_OBS_Project/ros2_ws/install/teb_msgs/include/teb_msgs/teb_msgs/msg/detail/trajectory_msg__rosidl_typesupport_fastrtps_cpp.hpp
[1.029s] -- Up-to-date symlink: /home/mushfiqul/AIS_OBS_Project/ros2_ws/install/teb_msgs/include/teb_msgs/teb_msgs/msg/detail/trajectory_point_msg__rosidl_typesupport_fastrtps_cpp.hpp
[1.029s] -- Up-to-date symlink: /home/mushfiqul/AIS_OBS_Project/ros2_ws/install/teb_msgs/include/teb_msgs/teb_msgs/msg/rosidl_typesupport_fastrtps_cpp__visibility_control.h
[1.031s] -- Up-to-date symlink: /home/mushfiqul/AIS_OBS_Project/ros2_ws/install/teb_msgs/include/teb_msgs/teb_msgs/msg/detail/feedback_msg__rosidl_typesupport_introspection_c.h
[1.032s] -- Up-to-date symlink: /home/mushfiqul/AIS_OBS_Project/ros2_ws/install/teb_msgs/include/teb_msgs/teb_msgs/msg/detail/trajectory_msg__rosidl_typesupport_introspection_c.h
[1.032s] -- Up-to-date symlink: /home/mushfiqul/AIS_OBS_Project/ros2_ws/install/teb_msgs/include/teb_msgs/teb_msgs/msg/detail/trajectory_point_msg__rosidl_typesupport_introspection_c.h
[1.033s] -- Up-to-date symlink: /home/mushfiqul/AIS_OBS_Project/ros2_ws/install/teb_msgs/include/teb_msgs/teb_msgs/msg/rosidl_typesupport_introspection_c__visibility_control.h
[1.036s] -- Up-to-date symlink: /home/mushfiqul/AIS_OBS_Project/ros2_ws/install/teb_msgs/include/teb_msgs/teb_msgs/msg/detail/feedback_msg__rosidl_typesupport_introspection_cpp.hpp
[1.037s] -- Up-to-date symlink: /home/mushfiqul/AIS_OBS_Project/ros2_ws/install/teb_msgs/include/teb_msgs/teb_msgs/msg/detail/trajectory_msg__rosidl_typesupport_introspection_cpp.hpp
[1.037s] -- Up-to-date symlink: /home/mushfiqul/AIS_OBS_Project/ros2_ws/install/teb_msgs/include/teb_msgs/teb_msgs/msg/detail/trajectory_point_msg__rosidl_typesupport_introspection_cpp.hpp
[1.038s] -- Up-to-date symlink: /home/mushfiqul/AIS_OBS_Project/ros2_ws/install/teb_msgs/share/teb_msgs/environment/pythonpath.sh
[1.039s] -- Up-to-date symlink: /home/mushfiqul/AIS_OBS_Project/ros2_ws/install/teb_msgs/share/teb_msgs/environment/pythonpath.dsv
[1.040s] -- Up-to-date symlink: /home/mushfiqul/AIS_OBS_Project/ros2_ws/install/teb_msgs/lib/python3.12/site-packages/teb_msgs-0.0.1-py3.12.egg-info/PKG-INFO
[1.040s] -- Up-to-date symlink: /home/mushfiqul/AIS_OBS_Project/ros2_ws/install/teb_msgs/lib/python3.12/site-packages/teb_msgs-0.0.1-py3.12.egg-info/SOURCES.txt
[1.041s] -- Up-to-date symlink: /home/mushfiqul/AIS_OBS_Project/ros2_ws/install/teb_msgs/lib/python3.12/site-packages/teb_msgs-0.0.1-py3.12.egg-info/dependency_links.txt
[1.042s] -- Up-to-date symlink: /home/mushfiqul/AIS_OBS_Project/ros2_ws/install/teb_msgs/lib/python3.12/site-packages/teb_msgs-0.0.1-py3.12.egg-info/top_level.txt
[1.044s] -- Up-to-date symlink: /home/mushfiqul/AIS_OBS_Project/ros2_ws/install/teb_msgs/lib/python3.12/site-packages/teb_msgs/__init__.py
[1.044s] -- Up-to-date symlink: /home/mushfiqul/AIS_OBS_Project/ros2_ws/install/teb_msgs/lib/python3.12/site-packages/teb_msgs/_teb_msgs_s.ep.rosidl_typesupport_c.c
[1.045s] -- Up-to-date symlink: /home/mushfiqul/AIS_OBS_Project/ros2_ws/install/teb_msgs/lib/python3.12/site-packages/teb_msgs/_teb_msgs_s.ep.rosidl_typesupport_fastrtps_c.c
[1.046s] -- Up-to-date symlink: /home/mushfiqul/AIS_OBS_Project/ros2_ws/install/teb_msgs/lib/python3.12/site-packages/teb_msgs/_teb_msgs_s.ep.rosidl_typesupport_introspection_c.c
[1.046s] -- Up-to-date symlink: /home/mushfiqul/AIS_OBS_Project/ros2_ws/install/teb_msgs/lib/python3.12/site-packages/teb_msgs/msg/__init__.py
[1.047s] -- Up-to-date symlink: /home/mushfiqul/AIS_OBS_Project/ros2_ws/install/teb_msgs/lib/python3.12/site-packages/teb_msgs/msg/_feedback_msg.py
[1.048s] -- Up-to-date symlink: /home/mushfiqul/AIS_OBS_Project/ros2_ws/install/teb_msgs/lib/python3.12/site-packages/teb_msgs/msg/_feedback_msg_s.c
[1.049s] -- Up-to-date symlink: /home/mushfiqul/AIS_OBS_Project/ros2_ws/install/teb_msgs/lib/python3.12/site-packages/teb_msgs/msg/_trajectory_msg.py
[1.049s] -- Up-to-date symlink: /home/mushfiqul/AIS_OBS_Project/ros2_ws/install/teb_msgs/lib/python3.12/site-packages/teb_msgs/msg/_trajectory_msg_s.c
[1.050s] -- Up-to-date symlink: /home/mushfiqul/AIS_OBS_Project/ros2_ws/install/teb_msgs/lib/python3.12/site-packages/teb_msgs/msg/_trajectory_point_msg.py
[1.051s] -- Up-to-date symlink: /home/mushfiqul/AIS_OBS_Project/ros2_ws/install/teb_msgs/lib/python3.12/site-packages/teb_msgs/msg/_trajectory_point_msg_s.c
[1.052s] -- Up-to-date symlink: /home/mushfiqul/AIS_OBS_Project/ros2_ws/install/teb_msgs/lib/python3.12/site-packages/teb_msgs/teb_msgs_s__rosidl_typesupport_c.so
[1.053s] -- Up-to-date symlink: /home/mushfiqul/AIS_OBS_Project/ros2_ws/install/teb_msgs/lib/python3.12/site-packages/teb_msgs/teb_msgs_s__rosidl_typesupport_fastrtps_c.so
[1.053s] -- Up-to-date symlink: /home/mushfiqul/AIS_OBS_Project/ros2_ws/install/teb_msgs/lib/python3.12/site-packages/teb_msgs/teb_msgs_s__rosidl_typesupport_introspection_c.so
[1.054s] -- Up-to-date symlink: /home/mushfiqul/AIS_OBS_Project/ros2_ws/install/teb_msgs/lib/python3.12/site-packages/teb_msgs/teb_msgs_s__rosidl_typesupport_fastrtps_c.so
[1.055s] -- Up-to-date symlink: /home/mushfiqul/AIS_OBS_Project/ros2_ws/install/teb_msgs/lib/python3.12/site-packages/teb_msgs/teb_msgs_s__rosidl_typesupport_introspection_c.so
[1.056s] -- Up-to-date symlink: /home/mushfiqul/AIS_OBS_Project/ros2_ws/install/teb_msgs/lib/python3.12/site-packages/teb_msgs/teb_msgs_s__rosidl_typesupport_c.so
[1.057s] -- Up-to-date symlink: /home/mushfiqul/AIS_OBS_Project/ros2_ws/install/teb_msgs/share/teb_msgs/msg/FeedbackMsg.idl
[1.058s] -- Up-to-date symlink: /home/mushfiqul/AIS_OBS_Project/ros2_ws/install/teb_msgs/share/teb_msgs/msg/TrajectoryMsg.idl
[1.058s] -- Up-to-date symlink: /home/mushfiqul/AIS_OBS_Project/ros2_ws/install/teb_msgs/share/teb_msgs/msg/TrajectoryPointMsg.idl
[1.059s] -- Up-to-date symlink: /home/mushfiqul/AIS_OBS_Project/ros2_ws/install/teb_msgs/share/teb_msgs/msg/FeedbackMsg.msg
[1.060s] -- Up-to-date symlink: /home/mushfiqul/AIS_OBS_Project/ros2_ws/install/teb_msgs/share/teb_msgs/msg/TrajectoryMsg.msg
[1.060s] -- Up-to-date symlink: /home/mushfiqul/AIS_OBS_Project/ros2_ws/install/teb_msgs/share/teb_msgs/msg/TrajectoryPointMsg.msg
[1.061s] -- Up-to-date symlink: /home/mushfiqul/AIS_OBS_Project/ros2_ws/install/teb_msgs/share/ament_index/resource_index/package_run_dependencies/teb_msgs
[1.062s] -- Up-to-date symlink: /home/mushfiqul/AIS_OBS_Project/ros2_ws/install/teb_msgs/share/ament_index/resource_index/parent_prefix_path/teb_msgs
[1.062s] -- Up-to-date symlink: /home/mushfiqul/AIS_OBS_Project/ros2_ws/install/teb_msgs/share/teb_msgs/environment/ament_prefix_path.sh
[1.063s] -- Up-to-date symlink: /home/mushfiqul/AIS_OBS_Project/ros2_ws/install/teb_msgs/share/teb_msgs/environment/ament_prefix_path.dsv
[1.064s] -- Up-to-date symlink: /home/mushfiqul/AIS_OBS_Project/ros2_ws/install/teb_msgs/share/teb_msgs/environment/path.sh
[1.065s] -- Up-to-date symlink: /home/mushfiqul/AIS_OBS_Project/ros2_ws/install/teb_msgs/share/teb_msgs/environment/path.dsv
[1.065s] -- Up-to-date symlink: /home/mushfiqul/AIS_OBS_Project/ros2_ws/install/teb_msgs/share/teb_msgs/local_setup.bash
[1.066s] -- Up-to-date symlink: /home/mushfiqul/AIS_OBS_Project/ros2_ws/install/teb_msgs/share/teb_msgs/local_setup.sh
[1.067s] -- Up-to-date symlink: /home/mushfiqul/AIS_OBS_Project/ros2_ws/install/teb_msgs/share/teb_msgs/local_setup.zsh
[1.068s] -- Up-to-date symlink: /home/mushfiqul/AIS_OBS_Project/ros2_ws/install/teb_msgs/share/teb_msgs/local_setup.dsv
[1.069s] -- Symlinking: /home/mushfiqul/AIS_OBS_Project/ros2_ws/install/teb_msgs/share/teb_msgs/package.dsv
[1.086s] -- Up-to-date symlink: /home/mushfiqul/AIS_OBS_Project/ros2_ws/install/teb_msgs/share/ament_index/resource_index/packages/teb_msgs
[1.087s] -- Up-to-date symlink: /home/mushfiqul/AIS_OBS_Project/ros2_ws/install/teb_msgs/share/teb_msgs/cmake/rosidl_cmake-extras.cmake
[1.088s] -- Up-to-date symlink: /home/mushfiqul/AIS_OBS_Project/ros2_ws/install/teb_msgs/share/teb_msgs/cmake/ament_cmake_export_dependencies-extras.cmake
[1.088s] -- Up-to-date symlink: /home/mushfiqul/AIS_OBS_Project/ros2_ws/install/teb_msgs/share/teb_msgs/cmake/ament_cmake_export_include_directories-extras.cmake
[1.089s] -- Up-to-date symlink: /home/mushfiqul/AIS_OBS_Project/ros2_ws/install/teb_msgs/share/teb_msgs/cmake/ament_cmake_export_libraries-extras.cmake
[1.090s] -- Up-to-date symlink: /home/mushfiqul/AIS_OBS_Project/ros2_ws/install/teb_msgs/share/teb_msgs/cmake/ament_cmake_export_targets-extras.cmake
[1.090s] -- Up-to-date symlink: /home/mushfiqul/AIS_OBS_Project/ros2_ws/install/teb_msgs/share/teb_msgs/cmake/rosidl_cmake_export_typesupport_targets-extras.cmake
[1.091s] -- Up-to-date symlink: /home/mushfiqul/AIS_OBS_Project/ros2_ws/install/teb_msgs/share/teb_msgs/cmake/rosidl_cmake_export_typesupport_libraries-extras.cmake
[1.092s] -- Up-to-date symlink: /home/mushfiqul/AIS_OBS_Project/ros2_ws/install/teb_msgs/share/teb_msgs/cmake/teb_msgsConfig.cmake
[1.092s] -- Up-to-date symlink: /home/mushfiqul/AIS_OBS_Project/ros2_ws/install/teb_msgs/share/teb_msgs/cmake/teb_msgsConfig-version.cmake
[1.093s] -- Up-to-date symlink: /home/mushfiqul/AIS_OBS_Project/ros2_ws/install/teb_msgs/share/teb_msgs/package.xml
[1.094s] -- Up-to-date: /home/mushfiqul/AIS_OBS_Project/ros2_ws/install/teb_msgs/lib/libteb_msgs__rosidl_generator_c.so
[1.095s] -- Up-to-date: /home/mushfiqul/AIS_OBS_Project/ros2_ws/install/teb_msgs/lib/libteb_msgs__rosidl_typesupport_fastrtps_c.so
[1.096s] -- Up-to-date: /home/mushfiqul/AIS_OBS_Project/ros2_ws/install/teb_msgs/lib/libteb_msgs__rosidl_typesupport_fastrtps_cpp.so
[1.097s] -- Up-to-date: /home/mushfiqul/AIS_OBS_Project/ros2_ws/install/teb_msgs/lib/libteb_msgs__rosidl_typesupport_introspection_c.so
[1.098s] -- Up-to-date: /home/mushfiqul/AIS_OBS_Project/ros2_ws/install/teb_msgs/lib/libteb_msgs__rosidl_typesupport_c.so
[1.099s] -- Up-to-date: /home/mushfiqul/AIS_OBS_Project/ros2_ws/install/teb_msgs/lib/libteb_msgs__rosidl_typesupport_introspection_cpp.so
[1.099s] -- Up-to-date: /home/mushfiqul/AIS_OBS_Project/ros2_ws/install/teb_msgs/lib/libteb_msgs__rosidl_typesupport_cpp.so
[1.157s] Listing '/home/mushfiqul/AIS_OBS_Project/ros2_ws/install/teb_msgs/lib/python3.12/site-packages/teb_msgs'...
[1.157s] Listing '/home/mushfiqul/AIS_OBS_Project/ros2_ws/install/teb_msgs/lib/python3.12/site-packages/teb_msgs/msg'...
[1.165s] -- Up-to-date: /home/mushfiqul/AIS_OBS_Project/ros2_ws/install/teb_msgs/lib/libteb_msgs__rosidl_generator_py.so
[1.166s] -- Up-to-date: /home/mushfiqul/AIS_OBS_Project/ros2_ws/install/teb_msgs/share/teb_msgs/cmake/export_teb_msgs__rosidl_generator_cExport.cmake
[1.167s] -- Up-to-date: /home/mushfiqul/AIS_OBS_Project/ros2_ws/install/teb_msgs/share/teb_msgs/cmake/export_teb_msgs__rosidl_generator_cExport-noconfig.cmake
[1.168s] -- Up-to-date: /home/mushfiqul/AIS_OBS_Project/ros2_ws/install/teb_msgs/share/teb_msgs/cmake/export_teb_msgs__rosidl_typesupport_fastrtps_cExport.cmake
[1.168s] -- Up-to-date: /home/mushfiqul/AIS_OBS_Project/ros2_ws/install/teb_msgs/share/teb_msgs/cmake/export_teb_msgs__rosidl_typesupport_fastrtps_cExport-noconfig.cmake
[1.169s] -- Up-to-date: /home/mushfiqul/AIS_OBS_Project/ros2_ws/install/teb_msgs/share/teb_msgs/cmake/export_teb_msgs__rosidl_generator_cppExport.cmake
[1.170s] -- Up-to-date: /home/mushfiqul/AIS_OBS_Project/ros2_ws/install/teb_msgs/share/teb_msgs/cmake/export_teb_msgs__rosidl_typesupport_fastrtps_cppExport.cmake
[1.171s] -- Up-to-date: /home/mushfiqul/AIS_OBS_Project/ros2_ws/install/teb_msgs/share/teb_msgs/cmake/export_teb_msgs__rosidl_typesupport_fastrtps_cppExport-noconfig.cmake
[1.172s] -- Up-to-date: /home/mushfiqul/AIS_OBS_Project/ros2_ws/install/teb_msgs/share/teb_msgs/cmake/teb_msgs__rosidl_typesupport_introspection_cExport.cmake
[1.172s] -- Up-to-date: /home/mushfiqul/AIS_OBS_Project/ros2_ws/install/teb_msgs/share/teb_msgs/cmake/teb_msgs__rosidl_typesupport_introspection_cExport-noconfig.cmake
[1.173s] -- Up-to-date: /home/mushfiqul/AIS_OBS_Project/ros2_ws/install/teb_msgs/share/teb_msgs/cmake/teb_msgs__rosidl_typesupport_cExport.cmake
[1.173s] -- Up-to-date: /home/mushfiqul/AIS_OBS_Project/ros2_ws/install/teb_msgs/share/teb_msgs/cmake/teb_msgs__rosidl_typesupport_cExport-noconfig.cmake
[1.174s] -- Up-to-date: /home/mushfiqul/AIS_OBS_Project/ros2_ws/install/teb_msgs/share/teb_msgs/cmake/teb_msgs__rosidl_typesupport_introspection_cppExport.cmake
[1.174s] -- Up-to-date: /home/mushfiqul/AIS_OBS_Project/ros2_ws/install/teb_msgs/share/teb_msgs/cmake/teb_msgs__rosidl_typesupport_introspection_cppExport-noconfig.cmake
[1.175s] -- Up-to-date: /home/mushfiqul/AIS_OBS_Project/ros2_ws/install/teb_msgs/share/teb_msgs/cmake/teb_msgs__rosidl_typesupport_cppExport.cmake
[1.176s] -- Up-to-date: /home/mushfiqul/AIS_OBS_Project/ros2_ws/install/teb_msgs/share/teb_msgs/cmake/teb_msgs__rosidl_typesupport_cppExport-noconfig.cmake
[1.176s] -- Up-to-date: /home/mushfiqul/AIS_OBS_Project/ros2_ws/install/teb_msgs/share/teb_msgs/cmake/export_teb_msgs__rosidl_generator_pyExport.cmake
[1.176s] -- Up-to-date: /home/mushfiqul/AIS_OBS_Project/ros2_ws/install/teb_msgs/share/teb_msgs/cmake/export_teb_msgs__rosidl_generator_pyExport-noconfig.cmake
[1.181s] Invoked command in '/home/mushfiqul/AIS_OBS_Project/ros2_ws/build/teb_msgs' returned '0': AMENT_PREFIX_PATH=/home/mushfiqul/AIS_OBS_Project/ros2_ws/install/costmap_converter_msgs:${AMENT_PREFIX_PATH} CMAKE_PREFIX_PATH=/home/mushfiqul/AIS_OBS_Project/ros2_ws/install/costmap_converter_msgs:/opt/ros/jazzy/opt/gz_sim_vendor:/opt/ros/jazzy/opt/gz_sensors_vendor:/opt/ros/jazzy/opt/gz_physics_vendor:/opt/ros/jazzy/opt/sdformat_vendor:/opt/ros/jazzy/opt/gz_gui_vendor:/opt/ros/jazzy/opt/gz_transport_vendor:/opt/ros/jazzy/opt/gz_rendering_vendor:/opt/ros/jazzy/opt/gz_plugin_vendor:/opt/ros/jazzy/opt/gz_fuel_tools_vendor:/opt/ros/jazzy/opt/gz_msgs_vendor:/opt/ros/jazzy/opt/gz_common_vendor:/opt/ros/jazzy/opt/gz_math_vendor:/opt/ros/jazzy/opt/gz_utils_vendor:/opt/ros/jazzy/opt/gz_tools_vendor:/opt/ros/jazzy/opt/gz_ogre_next_vendor:/opt/ros/jazzy/opt/gz_dartsim_vendor:/opt/ros/jazzy/opt/gz_cmake_vendor:/opt/ros/jazzy DEBUGINFOD_URLS=https://debuginfod.ubuntu.com LD_LIBRARY_PATH=/home/mushfiqul/AIS_OBS_Project/ros2_ws/install/costmap_converter_msgs/lib:${LD_LIBRARY_PATH} PYTHONPATH=/home/mushfiqul/AIS_OBS_Project/ros2_ws/install/costmap_converter_msgs/lib/python3.12/site-packages:${PYTHONPATH} /usr/bin/cmake --install /home/mushfiqul/AIS_OBS_Project/ros2_ws/build/teb_msgs
