[0.035s] Invoking command in '/home/mushfiqul/AIS_OBS_Project/ros2_ws/build/costmap_converter': AMENT_PREFIX_PATH=/home/mushfiqul/AIS_OBS_Project/ros2_ws/install/costmap_converter_msgs:${AMENT_PREFIX_PATH} CMAKE_PREFIX_PATH=/home/mushfiqul/AIS_OBS_Project/ros2_ws/install/costmap_converter_msgs:/opt/ros/jazzy/opt/gz_sim_vendor:/opt/ros/jazzy/opt/gz_sensors_vendor:/opt/ros/jazzy/opt/gz_physics_vendor:/opt/ros/jazzy/opt/sdformat_vendor:/opt/ros/jazzy/opt/gz_gui_vendor:/opt/ros/jazzy/opt/gz_transport_vendor:/opt/ros/jazzy/opt/gz_rendering_vendor:/opt/ros/jazzy/opt/gz_plugin_vendor:/opt/ros/jazzy/opt/gz_fuel_tools_vendor:/opt/ros/jazzy/opt/gz_msgs_vendor:/opt/ros/jazzy/opt/gz_common_vendor:/opt/ros/jazzy/opt/gz_math_vendor:/opt/ros/jazzy/opt/gz_utils_vendor:/opt/ros/jazzy/opt/gz_tools_vendor:/opt/ros/jazzy/opt/gz_ogre_next_vendor:/opt/ros/jazzy/opt/gz_dartsim_vendor:/opt/ros/jazzy/opt/gz_cmake_vendor:/opt/ros/jazzy DEBUGINFOD_URLS=https://debuginfod.ubuntu.com LD_LIBRARY_PATH=/home/mushfiqul/AIS_OBS_Project/ros2_ws/install/costmap_converter_msgs/lib:${LD_LIBRARY_PATH} PYTHONPATH=/home/mushfiqul/AIS_OBS_Project/ros2_ws/install/costmap_converter_msgs/lib/python3.12/site-packages:${PYTHONPATH} /usr/bin/cmake --build /home/mushfiqul/AIS_OBS_Project/ros2_ws/build/costmap_converter
[0.277s] [ 10%] Built target gtest_main
[0.375s] [ 21%] Built target gtest
[0.584s] [ 78%] Built target costmap_converter
[0.695s] [ 89%] Built target standalone_converter
[0.702s] [100%] Built target test_costmap_polygons
[0.731s] Invoked command in '/home/mushfiqul/AIS_OBS_Project/ros2_ws/build/costmap_converter' returned '0': AMENT_PREFIX_PATH=/home/mushfiqul/AIS_OBS_Project/ros2_ws/install/costmap_converter_msgs:${AMENT_PREFIX_PATH} CMAKE_PREFIX_PATH=/home/mushfiqul/AIS_OBS_Project/ros2_ws/install/costmap_converter_msgs:/opt/ros/jazzy/opt/gz_sim_vendor:/opt/ros/jazzy/opt/gz_sensors_vendor:/opt/ros/jazzy/opt/gz_physics_vendor:/opt/ros/jazzy/opt/sdformat_vendor:/opt/ros/jazzy/opt/gz_gui_vendor:/opt/ros/jazzy/opt/gz_transport_vendor:/opt/ros/jazzy/opt/gz_rendering_vendor:/opt/ros/jazzy/opt/gz_plugin_vendor:/opt/ros/jazzy/opt/gz_fuel_tools_vendor:/opt/ros/jazzy/opt/gz_msgs_vendor:/opt/ros/jazzy/opt/gz_common_vendor:/opt/ros/jazzy/opt/gz_math_vendor:/opt/ros/jazzy/opt/gz_utils_vendor:/opt/ros/jazzy/opt/gz_tools_vendor:/opt/ros/jazzy/opt/gz_ogre_next_vendor:/opt/ros/jazzy/opt/gz_dartsim_vendor:/opt/ros/jazzy/opt/gz_cmake_vendor:/opt/ros/jazzy DEBUGINFOD_URLS=https://debuginfod.ubuntu.com LD_LIBRARY_PATH=/home/mushfiqul/AIS_OBS_Project/ros2_ws/install/costmap_converter_msgs/lib:${LD_LIBRARY_PATH} PYTHONPATH=/home/mushfiqul/AIS_OBS_Project/ros2_ws/install/costmap_converter_msgs/lib/python3.12/site-packages:${PYTHONPATH} /usr/bin/cmake --build /home/mushfiqul/AIS_OBS_Project/ros2_ws/build/costmap_converter
[0.809s] Invoking command in '/home/mushfiqul/AIS_OBS_Project/ros2_ws/build/costmap_converter': AMENT_PREFIX_PATH=/home/mushfiqul/AIS_OBS_Project/ros2_ws/install/costmap_converter_msgs:${AMENT_PREFIX_PATH} CMAKE_PREFIX_PATH=/home/mushfiqul/AIS_OBS_Project/ros2_ws/install/costmap_converter_msgs:/opt/ros/jazzy/opt/gz_sim_vendor:/opt/ros/jazzy/opt/gz_sensors_vendor:/opt/ros/jazzy/opt/gz_physics_vendor:/opt/ros/jazzy/opt/sdformat_vendor:/opt/ros/jazzy/opt/gz_gui_vendor:/opt/ros/jazzy/opt/gz_transport_vendor:/opt/ros/jazzy/opt/gz_rendering_vendor:/opt/ros/jazzy/opt/gz_plugin_vendor:/opt/ros/jazzy/opt/gz_fuel_tools_vendor:/opt/ros/jazzy/opt/gz_msgs_vendor:/opt/ros/jazzy/opt/gz_common_vendor:/opt/ros/jazzy/opt/gz_math_vendor:/opt/ros/jazzy/opt/gz_utils_vendor:/opt/ros/jazzy/opt/gz_tools_vendor:/opt/ros/jazzy/opt/gz_ogre_next_vendor:/opt/ros/jazzy/opt/gz_dartsim_vendor:/opt/ros/jazzy/opt/gz_cmake_vendor:/opt/ros/jazzy DEBUGINFOD_URLS=https://debuginfod.ubuntu.com LD_LIBRARY_PATH=/home/mushfiqul/AIS_OBS_Project/ros2_ws/install/costmap_converter_msgs/lib:${LD_LIBRARY_PATH} PYTHONPATH=/home/mushfiqul/AIS_OBS_Project/ros2_ws/install/costmap_converter_msgs/lib/python3.12/site-packages:${PYTHONPATH} /usr/bin/cmake --install /home/mushfiqul/AIS_OBS_Project/ros2_ws/build/costmap_converter
[0.829s] -- Install configuration: "Release"
[0.831s] -- Execute custom install script
[0.831s] -- Up-to-date symlink: /home/mushfiqul/AIS_OBS_Project/ros2_ws/install/costmap_converter/lib/libcostmap_converter.so
[0.833s] -- Up-to-date symlink: /home/mushfiqul/AIS_OBS_Project/ros2_ws/install/costmap_converter/bin/standalone_converter
[0.834s] -- Up-to-date symlink: /home/mushfiqul/AIS_OBS_Project/ros2_ws/install/costmap_converter/include//costmap_converter/costmap_converter_interface.h
[0.834s] -- Up-to-date symlink: /home/mushfiqul/AIS_OBS_Project/ros2_ws/install/costmap_converter/include//costmap_converter/costmap_to_dynamic_obstacles/background_subtractor.h
[0.835s] -- Up-to-date symlink: /home/mushfiqul/AIS_OBS_Project/ros2_ws/install/costmap_converter/include//costmap_converter/costmap_to_dynamic_obstacles/blob_detector.h
[0.836s] -- Up-to-date symlink: /home/mushfiqul/AIS_OBS_Project/ros2_ws/install/costmap_converter/include//costmap_converter/costmap_to_dynamic_obstacles/costmap_to_dynamic_obstacles.h
[0.837s] -- Up-to-date symlink: /home/mushfiqul/AIS_OBS_Project/ros2_ws/install/costmap_converter/include//costmap_converter/costmap_to_dynamic_obstacles/multitarget_tracker/Ctracker.h
[0.837s] -- Up-to-date symlink: /home/mushfiqul/AIS_OBS_Project/ros2_ws/install/costmap_converter/include//costmap_converter/costmap_to_dynamic_obstacles/multitarget_tracker/HungarianAlg.h
[0.838s] -- Up-to-date symlink: /home/mushfiqul/AIS_OBS_Project/ros2_ws/install/costmap_converter/include//costmap_converter/costmap_to_dynamic_obstacles/multitarget_tracker/Kalman.h
[0.838s] -- Up-to-date symlink: /home/mushfiqul/AIS_OBS_Project/ros2_ws/install/costmap_converter/include//costmap_converter/costmap_to_dynamic_obstacles/multitarget_tracker/README.md
[0.838s] -- Up-to-date symlink: /home/mushfiqul/AIS_OBS_Project/ros2_ws/install/costmap_converter/include//costmap_converter/costmap_to_dynamic_obstacles/multitarget_tracker/defines.h
[0.839s] -- Up-to-date symlink: /home/mushfiqul/AIS_OBS_Project/ros2_ws/install/costmap_converter/include//costmap_converter/costmap_to_lines_convex_hull.h
[0.839s] -- Up-to-date symlink: /home/mushfiqul/AIS_OBS_Project/ros2_ws/install/costmap_converter/include//costmap_converter/costmap_to_lines_ransac.h
[0.839s] -- Up-to-date symlink: /home/mushfiqul/AIS_OBS_Project/ros2_ws/install/costmap_converter/include//costmap_converter/costmap_to_polygons.h
[0.840s] -- Up-to-date symlink: /home/mushfiqul/AIS_OBS_Project/ros2_ws/install/costmap_converter/include//costmap_converter/costmap_to_polygons_concave.h
[0.840s] -- Up-to-date symlink: /home/mushfiqul/AIS_OBS_Project/ros2_ws/install/costmap_converter/include//costmap_converter/misc.h
[0.841s] -- Up-to-date symlink: /home/mushfiqul/AIS_OBS_Project/ros2_ws/install/costmap_converter/share/costmap_converter/environment/library_path.sh
[0.842s] -- Up-to-date symlink: /home/mushfiqul/AIS_OBS_Project/ros2_ws/install/costmap_converter/share/costmap_converter/environment/library_path.dsv
[0.842s] -- Up-to-date symlink: /home/mushfiqul/AIS_OBS_Project/ros2_ws/install/costmap_converter/share/costmap_converter//costmap_converter_plugins.xml
[0.842s] -- Up-to-date symlink: /home/mushfiqul/AIS_OBS_Project/ros2_ws/install/costmap_converter/share/ament_index/resource_index/package_run_dependencies/costmap_converter
[0.843s] -- Up-to-date symlink: /home/mushfiqul/AIS_OBS_Project/ros2_ws/install/costmap_converter/share/ament_index/resource_index/parent_prefix_path/costmap_converter
[0.843s] -- Up-to-date symlink: /home/mushfiqul/AIS_OBS_Project/ros2_ws/install/costmap_converter/share/costmap_converter/environment/ament_prefix_path.sh
[0.844s] -- Up-to-date symlink: /home/mushfiqul/AIS_OBS_Project/ros2_ws/install/costmap_converter/share/costmap_converter/environment/ament_prefix_path.dsv
[0.844s] -- Up-to-date symlink: /home/mushfiqul/AIS_OBS_Project/ros2_ws/install/costmap_converter/share/costmap_converter/environment/path.sh
[0.844s] -- Up-to-date symlink: /home/mushfiqul/AIS_OBS_Project/ros2_ws/install/costmap_converter/share/costmap_converter/environment/path.dsv
[0.846s] -- Up-to-date symlink: /home/mushfiqul/AIS_OBS_Project/ros2_ws/install/costmap_converter/share/costmap_converter/local_setup.bash
[0.846s] -- Up-to-date symlink: /home/mushfiqul/AIS_OBS_Project/ros2_ws/install/costmap_converter/share/costmap_converter/local_setup.sh
[0.846s] -- Up-to-date symlink: /home/mushfiqul/AIS_OBS_Project/ros2_ws/install/costmap_converter/share/costmap_converter/local_setup.zsh
[0.846s] -- Up-to-date symlink: /home/mushfiqul/AIS_OBS_Project/ros2_ws/install/costmap_converter/share/costmap_converter/local_setup.dsv
[0.846s] -- Symlinking: /home/mushfiqul/AIS_OBS_Project/ros2_ws/install/costmap_converter/share/costmap_converter/package.dsv
[0.868s] -- Up-to-date symlink: /home/mushfiqul/AIS_OBS_Project/ros2_ws/install/costmap_converter/share/ament_index/resource_index/packages/costmap_converter
[0.869s] -- Up-to-date symlink: /home/mushfiqul/AIS_OBS_Project/ros2_ws/install/costmap_converter/share/ament_index/resource_index/costmap_converter__pluginlib__plugin/costmap_converter
[0.870s] -- Up-to-date symlink: /home/mushfiqul/AIS_OBS_Project/ros2_ws/install/costmap_converter/share/costmap_converter/cmake/ament_cmake_export_include_directories-extras.cmake
[0.870s] -- Up-to-date symlink: /home/mushfiqul/AIS_OBS_Project/ros2_ws/install/costmap_converter/share/costmap_converter/cmake/ament_cmake_export_libraries-extras.cmake
[0.870s] -- Up-to-date symlink: /home/mushfiqul/AIS_OBS_Project/ros2_ws/install/costmap_converter/share/costmap_converter/cmake/ament_cmake_export_dependencies-extras.cmake
[0.871s] -- Up-to-date symlink: /home/mushfiqul/AIS_OBS_Project/ros2_ws/install/costmap_converter/share/costmap_converter/cmake/costmap_converterConfig.cmake
[0.871s] -- Up-to-date symlink: /home/mushfiqul/AIS_OBS_Project/ros2_ws/install/costmap_converter/share/costmap_converter/cmake/costmap_converterConfig-version.cmake
[0.871s] -- Up-to-date symlink: /home/mushfiqul/AIS_OBS_Project/ros2_ws/install/costmap_converter/share/costmap_converter/package.xml
[0.875s] Invoked command in '/home/mushfiqul/AIS_OBS_Project/ros2_ws/build/costmap_converter' returned '0': AMENT_PREFIX_PATH=/home/mushfiqul/AIS_OBS_Project/ros2_ws/install/costmap_converter_msgs:${AMENT_PREFIX_PATH} CMAKE_PREFIX_PATH=/home/mushfiqul/AIS_OBS_Project/ros2_ws/install/costmap_converter_msgs:/opt/ros/jazzy/opt/gz_sim_vendor:/opt/ros/jazzy/opt/gz_sensors_vendor:/opt/ros/jazzy/opt/gz_physics_vendor:/opt/ros/jazzy/opt/sdformat_vendor:/opt/ros/jazzy/opt/gz_gui_vendor:/opt/ros/jazzy/opt/gz_transport_vendor:/opt/ros/jazzy/opt/gz_rendering_vendor:/opt/ros/jazzy/opt/gz_plugin_vendor:/opt/ros/jazzy/opt/gz_fuel_tools_vendor:/opt/ros/jazzy/opt/gz_msgs_vendor:/opt/ros/jazzy/opt/gz_common_vendor:/opt/ros/jazzy/opt/gz_math_vendor:/opt/ros/jazzy/opt/gz_utils_vendor:/opt/ros/jazzy/opt/gz_tools_vendor:/opt/ros/jazzy/opt/gz_ogre_next_vendor:/opt/ros/jazzy/opt/gz_dartsim_vendor:/opt/ros/jazzy/opt/gz_cmake_vendor:/opt/ros/jazzy DEBUGINFOD_URLS=https://debuginfod.ubuntu.com LD_LIBRARY_PATH=/home/mushfiqul/AIS_OBS_Project/ros2_ws/install/costmap_converter_msgs/lib:${LD_LIBRARY_PATH} PYTHONPATH=/home/mushfiqul/AIS_OBS_Project/ros2_ws/install/costmap_converter_msgs/lib/python3.12/site-packages:${PYTHONPATH} /usr/bin/cmake --install /home/mushfiqul/AIS_OBS_Project/ros2_ws/build/costmap_converter
